0
0
1406
0
0
4151
0
4379
4009
0
0
0
0
7534
5085
0
2002
0
0
11950
7953
0
26982
8389
0
0
7375
0
8194
10360
21303
9387
0
0
0
22356
15687
0
8562
27189
0
4592
0
0
25217
0
18743
15648
0
14944
0
0
19005
10044
23297
26066
0
0
36678
0
0
13273
0
25877
13933
0
21137
17519
28562
26506
20650
44592
0
31429
25369
0
0
8860
23782
18970
0
0
0
23799
31254
58567
36006
0
0
0
16907
0
97223
0
24828
26692
14731
0
55129
0
18653
0
0
0
16170
0
42639
0
0
24357
0
0
0
0
22927
0
34433
51827
0
0
0
0
0
0
0
0
86160
0
24260
0
7645
24806
28683
13401
0
15962
52963
66682
0
0
0
0
51088
0
0
0
15940
60230
0
17450
0
47011
14394
27385
25449
26362
99657
47267
95096
0
0
0
0
35636
58105
14064
100885
0
13597
41651
23787
37432
42565
0
32455
0
0
109422
13605
148091
0
0
0
0
0
24080
0
0
0
0
19597
0
112352
44062
74369
54367
0
0
49705
17257
57542
0
0
23553
80406
9466
0
79393
47152
0
0
17613
69803
0
67179
0
0
0
0
113949
0
40645
0
51154
0
55209
0
0
0
0
0
20736
0
3600
0
101321
0
74031
36455
0
16836
0
100469
55711
169350
103828
0
29341
92551
10839
78410
0
43222
46630
0
33914
0
28421
8043
61631
0
40650
0
29114
0
0
0
0
0
102110
27328
0
137277
54459
91752
36131
69747
94064
38404
50018
0
22101
0
54477
0
0
0
10156
0
0
6183
78665
146927
47782
0
0
0
0
30054
101392
88688
90217
17499
39608
31633
80343
0
166936
0
0
0
112854
0
99234
16235
33014
75111
0
106801
115927
77676
0
101563
24976
0
0
34246
54231
163960
65687
0
0
0
73690
0
136692
0
0
71669
0
39280
68156
56526
73023
12320
73458
0
0
61878
89399
92650
0
0
0
0
65781
0
0
0
0
41535
112347
115225
132018
0
210588
77156
213757
0
35194
0
0
70335
0
0
0
0
0
0
0
49070
43339
0
54095
0
109794
57339
0
14310
34612
0
0
0
106107
136682
93794
0
0
0
0
23959
174699
0
78830
94341
0
69476
0
129440
0
0
138569
0
0
134583
31441
0
0
0
183083
0
0
0
0
240520
0
82911
0
0
121111
169725
0
177876
0
40304
0
71959
35777
0
0
0
0
107059
9665
0
230572
0
36222
0
0
167587
92042
178148
0
105698
76312
129131
74754
0
239070
0
0
10925
0
0
0
27109
0
0
19598
0
0
0
98939
0
0
0
0
87011
165415
0
0
109221
0
77240
42940
115075
189961
31678
0
153733
246456
0
137281
173114
220791
0
0
58223
0
0
0
0
169474
0
0
0
0
0
0
0
123673
0
219012
87893
113108
0
0
0
0
0
104843
100982
79417
288863
0
86158
0
69794
0
0
0
331469
161539
0
48540
34939
0
0
0
101302
0
230364
0
0
242827
320420
152059
250136
0
0
0
142187
164263
0
0
0
0
141293
0
0
0
247460
127655
77611
0
0
0
0
0
281757
7538
0
0
188707
0
0
0
115966
193675
193967
123144
0
0
35098
246412
0
74857
0
186940
71680
245205
199348
55410
0
0
215090
174721
102098
0
144754
0
230244
0
183704
196510
427753
172980
0
0
0
0
0
0
0
77467
89116
0
0
96168
142587
77308
28282
203699
0
0
0
69441
0
449520
0
0
91044
194397
0
0
115769
0
0
0
109398
23420
0
107053
209227
157842
0
0
121047
0
0
114538
112675
0
0
169534
72153
367767
355407
0
0
137969
0
0
270104
210264
0
0
102427
112104
237884
0
252293
100644
0
79700
344324
0
0
0
0
369284
0
28168
0
320798
0
0
132854
0
127681
272744
216838
0
115413
0
46403
0
0
104680
0
0
0
61683
202049
0
0
234811
163214
0
0
0
0
223964
207657
0
210388
313887
0
0
69783
0
0
0
283189
0
0
0
308931
41077
456949
230900
0
72486
33964
0
0
0
335896
0
59910
252974
0
0
0
306807
151982
150458
0
0
29416
0
297078
47534
180014
0
59386
275452
0
0
295065
110508
0
327879
174168
318126
0
0
0
844630
0
0
70620
0
0
113812
0
0
58808
0
73389
0
280351
441098
310991
0
356541
0
0
0
308269
111727
162786
272901
84772
77322
103432
0
401141
0
0
91327
0
0
139628
176113
340459
318346
262682
166148
98038
0
231327
0
222149
0
0
147430
261369
0
324896
115014
356934
0
0
0
310963
0
0
136181
439127
59466
199708
139206
139133
223782
0
0
183809
99258
0
0
130318
0
297111
120939
0
55455
203214
134671
193913
0
187534
0
303870
132853
203825
140921
151039
0
182474
508459
500205
0
0
107675
364337
60663
0
236096
72480
0
0
0
0
0
133217
0
205723
358296
0
0
0
0
210566
86623
0
0
221379
0
64504
0
279683
226088
0
77151
0
428542
90037
75551
227202
0
0
183882
176975
0
0
0
548931
107259
142435
0
0
362197
27686
0
0
423226
0
0
0
81444
240114
0
160487
194596
0
0
0
83980
0
411281
0
0
0
0
0
0
273811
0
0
0
0
348659
530876
0
112725
0
81406
0
0
0
0
0
224264
179148
103714
155702
213872
0
0
0
0
0
0
98597
92528
0
0
139731
0
0
0
0
0
0
0
133084
0
0
192264
257384
72985
0
273809
393650
172084
0
223177
0
0
304671
0
241123
0
84623
227529
142049
0
