173058765301
49969748741
92839690464
80758886480
48863811795
97116188643
44109341072
25552252918
9835019039
77866665625
26341794578
69018872361
101900149846
103325083472
48007746726
10340933613
48876900693
72493521199
76353775043
113109594071
115342328079
89434820776
63921536850
572849572
163341148741
130506118961
124906807932
16969227620
83067653379
46929748813
76847877443
120213262223
52835120472
162199272771
93450295242
62308491524
49406566491
22325393039
170171004981
64235569499
108918516386
118410450856
70445278513
12114873880
39265694614
153378758202
133970626951
25732536453
142790107555
13934085830
88259150634
130962258360
85708449913
16896316604
86324842897
9059853988
93432226329
137896870739
60531223590
7882034997
9309023567
68115732414
81946978187
47658552273
20868296609
74799504886
81311759048
91923883197
82770962370
66983243048
24535763435
159622051596
3411960590
107703088042
168935503731
47038985466
31035202426
143226090133
5395039507
26315963436
146793242374
152880866597
37722568301
130189726673
66271264746
21592084090
47030811648
93143343504
59389660307
18396396009
14555581706
146087325005
142243414801
110654716430
165225670314
57417750210
7430684804
41153462938
53964595855
22643361750
60023544782
11348112416
128368254986
96810232908
115765059921
87242362450
52037091308
79436218484
68561514181
153357266715
13335960559
103121620141
30909200555
7752013150
18830309656
105515792549
914669406
59334065958
25439930355
79403084652
7167702052
132166681720
47333123031
75788652737
128417136056
6719342865
25857649213
21174711884
121445848390
86019934114
127816941857
65482814993
159035056186
2533767672
24737381613
75840162176
39395548629
157685360246
91247924839
143673927841
59566323464
80846246032
20257021502
51618818004
60190524633
60687902751
46929810751
3257811895
169501896765
29428116137
99918006993
77875955325
27174025506
116475984278
101177119607
55174730497
14251983610
4738759450
74472663057
71612192420
147709207483
58753949660
122667092911
27414222067
78584095470
72379094742
98817600512
21913228621
24367904464
48196904377
167438499249
68662655937
69335200713
30866508290
161651445153
21645965154
108110148570
156667233402
88021250775
77570729859
75005018165
79316449375
80685632808
117068585078
42958239337
54012428973
15575740515
119277871558
27689354656
132440291833
69742393109
60774462105
11401434041
41814465268
97319844781
33027575040
126265086281
125008710926
73599635967
5430775735
