3323
156793
2600
0
368205
602935
174395
1559
0
71329
314513
395360
72110
4398
291730
588718
459010
1405310
1008992
3410
1399707
2632
1735148
390
0
121
711684
2492005
23751
2771495
2176152
4511
694685
505312
1593600
0
860419
899698
288261
1293644
7561248
5583
0
0
1221596
1310206
647000
0
1914181
3126102
1105
1597
2134082
1233002
2152
1672582
2170185
0
2662130
0
451
42
660172
2719547
0
2498928
106
0
1202320
1606488
0
421321
2611103
1233660
21581
3013226
2226082
1873412
1942
0
107
733
0
1540167
0
804
2592233
772
5560967
7187
1991292
0
2168318
4652304
6270649
4513546
1692486
4340977
2888704
2531226
0
6150705
0
5225
769466
1417400
863997
3728741
515
16481
1979955
4837850
1921400
0
1924509
3367681
10776129
4894063
4389047
1796776
0
4082959
630
7285069
334
2866035
5449723
23419
2016464
3262248
2876
2140383
0
8743204
4443517
3082702
6105861
5010198
3794870
810
7234675
7757535
2012850
435344
5401939
0
5042488
0
4279747
2326189
0
1998687
309530
1656
6081937
7842683
1593941
5038353
16300
0
5573849
6718836
971
6444609
847107
2752545
5391946
8943025
2417459
0
4690074
0
1180
100
5985745
2258933
0
0
6349874
78
2822703
9999799
0
0
6892904
4381493
0
0
830
8288683
493
2967139
1344
2323
9550819
1266304
10169209
14318805
1116582
611
8732320
9963079
0
3924553
20
1866615
2186279
1424504
18212798
2969921
0
11538858
29297
15548348
14866286
0
5819182
4003662
5048421
20869949
7299425
1
10591984
0
7598019
28101053
5897690
10621784
0
8503350
4274476
8742165
20183698
6153016
8362475
797
897
5882254
3105663
11545380
27493515
4745586
26592429
0
10430687
669
15680678
0
14983276
0
4676964
8035042
0
107232568
96627
1985031
5588035
8227152
2669386
0
7144241
4876904
1228
4874691
3275404
15070881
0
15579597
6274511
0
10998163
0
0
0
16319954
6698000
617
11563662
1106
11170117
22247270
30528426
13549648
0
3261284
18335128
0
0
562
12158411
0
17833878
25419243
5169001
659
562
18359581
4212300
7359349
17756992
12734
5957777
29406677
3590537
7393
125
1624
12204449
2153341
2153
504355413
14474409
7345852
383
4934162
11382026
21270706
4162785
10405574
855723
0
947
22681116
6300982
0
2766531
9688244
2230
8488078
0
58918
22303064
7446844
4524686
1517
576
38065646
1463171
8771170
4539429
3745
12508440
0
2601566
20223606
1126
0
12859414
5695767
5036338
0
19667095
8950
4232
18066524
6967091
9791139
7647839
16997005
9588531
27316050
0
11094076
246
4424986
1839
29754281
0
23813003
8565415
0
11659803
29918825
93301407
119
15116876
283638
1293
28195971
2537
12138106
0
141183
11490492
9542172
1491
15440546
3469
25436094
33300935
0
19674783
16393914
6100766
0
2438
8804717
15980982
12237
17632424
0
19948309
1389
1517
12072460
2334
14447353
971
5225
5307017
1283
13064694
11502898
0
0
15950643
0
0
0
23092528
1497
45717706
13417352
18524869
28303392
39591252
0
20712003
0
7848895
3362
0
25558464
14520335
0
11484945
0
17499596
841
22055
14506800
4135
1508
0
12347
47735651
11737659
23631296
0
246
24767830
20703326
0
0
30153229
27843158
21374032
7035
1834
5611
41478938
5703834
0
12253
0
1647
0
4066
14790046
1914982
19928961
18171047
1532
45368879
0
14238300
67
1545
9038676
191523
25997326
25788465
15864955
19025887
4577516
6255793
43518551
196596868
10020224
757590
20762798
28078857
23377557
2147735
7849796
0
0
0
15060423
43118666
6861962
11520
189
15871016
10898101
1283
0
3636
25141907
0
0
21432111
1492
27398777
194655210
14054
18215440
19144394
25457283
0
0
0
0
4567
0
925
0
1997
31646582
2513
49852647
971
4886199
2868
35702603
13019890
3332617
6155800
1006
10630614
65402
15571239
0
15004759
121
6723029
22916529
35708450
30558216
26221800
20155966
26115833
48461
196
17943531
5788
2406946
0
9028361
26705720
29534396
4942747
39425875
18
2008006
17514099
22783970
1344
1762
2615
67524
17999989
0
2709
16827142
17746991
2738
0
29883704
23582924
26572315
39206035
1105
25496489
19058
42396
36986831
1494
7542734
27624505
18407497
49408605
8481387
0
0
3652860
30113256
13250076
8316605
0
0
38696488
3696729
4242
0
905
25759098
554
0
5144757
65454082
58869076
10521780
24120909
0
39890573
5737816
123816238
2233
3793
487
13478978
0
58593646
10828674
12993053
22782467
15107
20271
37682703
993
16295488
838
26617506
40801055
10546331
25267296
3379
62577790
60223
44591
18740383
4526542
39344180
23859595
15904678
26844664
12095018
34476787
694
51058108
0
0
0
709
13630764
8901
26983033
9563
1716
39869223
7926652
495
19400406
18609960
16721879
5225
121010934
32949231
27922150
52285118
360607
1742
0
15656126
28729343
18294888
42700167
0
6667
27004500
0
34759475
70886507
1194120
0
26629548
0
6234
37018436
25666235
3665
1819
0
36989621
11503652
12700959
56766
0
69536068
8880308
11082715
24040640
797
0
34447560
0
1290944
29954441
3703
10873202
76960914
874544
351
29558155
8487
3911614
38576113
460
0
0
0
11729057
4604
61381760
22072370
512
21187718
0
15921
15881188
889
44297284
8159
60578347
17403443
0
73391
18166631
484
10475455
15531950
10712
0
19507337
1110979
3580487
50946366
17450348
0
375
12580542
30322937
107372099
9907495
0
129747
19063003
8321169
13357
57528247
38870032
0
50566163
18168696
2761723
34489589
28496114
1205
4949009
36680625
29100879
30632607
7417
839
0
2242
3684
53293390
31267503
48808979
616
2535097
4660
1591
0
35729349
23738235
3057
44294291
29056116
20168563
27780
0
19813097
24497916
9518933
1104
83455012
7189437
62884767
25092969
21986798
0
13862783
36466736
60722250
20005
21664932
359
0
144010
28350438
7583
21501710
0
47383922
27652231
42064804
13894051
55196
1513
25184074
0
29562287
0
34496725
45397321
86719217
659
7493098
43914673
86878451
13706224
23272571
42240531
33377019
688
36843459
0
31780763
0
15329195
0
31314611
965
582
16501447
44654321
19186221
4918
38059265
11937742
26115011
3955238
141721674
14019817
17868559
53248009
31364431
32534498
8768
81652740
635
42587592
972360
12263315
400
41907525
933
53061978
26818836
131474102
0
0
0
50682493
63108458
0
54159215
28191705
29100718
11275597
4462202
44908113
10798832
0
18295237
530
29938149
11273454
30099498
63081167
0
60211
33906450
26199976
0
25958361
4331
13896586
338
1246
39733905
53043836
582
768
40751532
33947
34503781
355
19258295
0
43966330
0
0
53147257
0
0
0
11172425
0
15653918
1680
33542672
43749589
0
33579060
10670987
0
4399668
0
72019942
0
15544305
33482676
38486417
2034
65930378
0
583
35531626
3521092
40902
38747573
23518110
78466865
56441938
50640754
35280567
2001
855
20736688
107627478
0
0
32181399
64751537
18068922
23719852
0
30310412
29144241
76616268
44029283
37194967
2419
765924192
99690403
27295614
541895
37315
0
48284445
11805944
61487861
8829
12830
3510
38059884
