27134
13762
27526
47448
86488
49218
41780
0
85
0
25189
0
618
0
0
295567
155223
0
211036
11083
100764
0
0
145523
17397
7583
48037
149645
327996
0
38378
341733
2864
202390
669
158806
945
192104
1217
0
4087
109380
103752
174265
138158
15869
55716
670
1877
0
144428
144
18712
4033
0
447697
239558
366213
0
124281
262833
265097
1687
264383
23140
520299
100185
1102
45009
543104
278302
304
6945
0
563867
285823
551
0
403729
502
168933
119135
286866
469046
408729
407253
145039
16323
312486
6952
701584
375
314688
592364
458804
240896
922181
570089
2288
0
502190
1122998
247691
1357
0
402103
0
345189
762
3123
717235
392466
325213
373325
2288
184395
3789
532599
939732
319522
1737
174546
0
871708
622678
718298
0
1164381
717
298742
1115179
0
1648
0
207306
718833
762
822033
0
2478
2838
621395
0
1638
1142858
380022
733
0
0
921359
125637
5754
110368
393854
0
1271073
688367
830400
0
0
354671
1792922
775574
0
606992
6157
261210
2400
0
1241903
0
651314
410486
7700
921413
1227
533167
2179621
0
0
0
131981
619264
287800
0
1394350
305792
1323126
2881
3931
0
2056266
0
488
0
79343
0
1853875
877625
0
1721044
1053837
1553888
1015
0
0
0
732012
1453
2079514
1461516
1654743
11493
87307
1321648
0
2495902
716225
4152649
508416
0
194983
139
1697772
746
0
0
1393
1155940
715
0
7576
1336773
11
0
708992
537
1337683
0
0
645698
401607
1340586
598325
3931
419137
16795
1452
0
635355
522
604357
507081
913012
1887119
574132
8534
868
0
502683
1678013
0
3138
558230
261228
4202
0
4273
2039
251651
747377
832483
2448382
366
904998
730624
1860137
0
985281
0
247715
1926
828
0
0
1711172
0
7752
3846
0
0
530
1863330
481326
3271752
513869
691455
1842568
2974
560429
1483737
1030
0
0
60783
924663
5586
10095939
1688472
26436
215
2240066
0
0
0
21384
952
0
341578
1542573
31551
233
5826
98
0
3671502
1064633
0
48489
377
0
3077483
2620145
2562672
5443
463
428246
0
7800
2302395
1867069
3450
849
2646014
1688964
1668233
0
654045
2401542
1037898
1533395
461646
0
0
1906468
2478
3151805
943319
818090
0
1255912
2982037
1425185
811606
1264537
1291207
2161974
134662
549109
1023636
663145
2552046
1311
0
712371
6338
273157
3530171
1615
584523
81715
0
2362100
3180504
5595252
1312
1920515
21183
970
0
0
1697359
294777
1640003
3006119
48930
1588
3135106
431470
3787
0
1064071
0
3951932
3654
0
125930
836805
1042196
2723
2940922
54385
0
629806
602806
1196843
1388
23415
3788910
1949
1434758
567690
3459966
807113
1015
2986269
3821965
1599819
2490152
21477
4289894
2390917
2351267
4581812
2228
65506
0
439989
3156
1106926
1549920
0
1470
1348159
2660234
4308375
2203712
0
0
0
2405179
3517965
2741853
599653
0
4227474
397767
62216
6352674
0
1253994
590
3631595
624673
0
275010
10420
493
250
2532161
2509468
3252045
3361369
3093353
3731
3819
2993658
5039300
4858653
6129047
8497
68531
530
628101
2388750
1204038
501
1575186
531
1666125
122134
241069
837918
0
2826
3164697
0
0
617892
2391
85
4024354
2920181
2544713
4424849
511035
0
3279449
3885551
0
295
0
1235568
2173737
1175597
316816
374893
3106291
9725
2285136
2071180
825757
1488
2474
845
1752924
3489425
101
743
4861052
214967
2496731
1424778
0
0
7671
0
0
0
0
1743382
1173260
0
3099810
6172118
2400642
0
364288
0
2701938
1918417
4407016
5252186
5220
3654
4415984
24335
690
0
11387
3033616
186
0
2357
1883487
2091416
775967
1717998
28389
29637
1465251
4122420
6013714
0
4579993
2409682
4556024
2241206
1567167
1082040
59676
488
0
13170
3439182
2079
1501
2024352
0
5892
0
0
0
3484654
0
2499
1096799
7680115
2651
0
2146493
1261673
5194
6636977
0
798
0
1867909
762
1728662
2650254
3776
5892
970
4006
758283
7032974
147
5992134
310294
0
1767
2241153
820
986062
0
965
0
4331982
792
875316
2826
64878
516416
3246972
4106113
608164
225309
1020073
25729
2472544
0
2104398
3325728
7849
0
0
2092140
1221311
0
4340586
10983
304
1102
638011
0
0
16316
4665866
298
1670430
53623
1489990
525061
6709509
1558514
5512631
7367639
6616897
861884
7690
3546082
79
2527913
0
3856767
3380608
4174259
6561179
3176
26139
0
0
0
3049081
2941183
1800756
0
0
1190
2974544
1125217
3924798
4292176
3333900
15947
19
538
24
5061107
0
150534
3645432
4886
1074010
925
1070636
1199
4035
0
1785721
0
0
2211993
4699675
10804375
2990961
3113131
1639426
3320646
2331345
2679727
749
2994754
0
0
5196
2047103
42864
1957553
4483086
5074283
1610
1176582
2944404
877
619283
8998048
1887750
3187622
1757
5300023
609379
3034
21009
4810630
0
0
116284
2286
3727613
2266115
1038070
0
0
0
1359756
3863014
3219670
0
2666950
4147
295
4175808
5129
841519
0
0
5415669
17682
0
26327
674348
0
7121562
0
26979
1667
615803
3158502
0
868
11563799
0
5709030
18618
3380903
0
10392
21229
3560878
4222
3061082
4595843
820
43158
2610728
4691331
750
159
491673
3309700
7146
9210784
1584
75612
3195006
1780071
3237333
1536566
0
9556495
5012
29568
5100
13232
30
5006491
10821141
20877
2277214
0
2328613
4238551
0
7917
240048
0
63291
64297
0
120020
2360
677053
1256
3696575
4122669
31401
3392872
2121602
9261404
0
10987
0
7459717
6750284
8441556
3088308
12320679
2578
0
1088076
15378
6697431
965
1949
7608445
0
0
2336
3922
0
10373709
5606
0
3299058
4155235
4265380
19510
38949
4554722
4195403
6411614
932912
0
4057763
4800108
333
1316
6416
1022
8365
57345
0
1154723
667
792802
5946847
6484855
0
2126989
14292
940
322814
2874
0
6718684
4037384
3296
5352090
5839576
3589764
150898
5264972
10922233
0
0
2303722
2681858
0
5249988
6065
1314
30811
24773
1749
58020
29493
21320
4100237
7880814
0
631
1824490
3457966
21519
2457740
0
928
4910358
962
5114691
16408
1726
1268561
5220
6434215
2569054
0
1388
6430695
1733
9114
2490682
0
2561
4449993
5857598
56164
29201
9690
6189664
4422
3943908
21251
1890735
1950
0
517747
0
5672
0
810
8900015
5719313
6234095
5697185
436575
828
1489401
3372
4893
1627056
1796
3001812
12211353
4802111
4549299
6643905
4978066
1933711
0
1360830
5628414
6105093
3846887
678
10297325
0
4040002
9211636
506
1830442
12169760
5700995
5890370
