0
0
1
0
0
0
0
0
1
0
0
0
0
0
0
1
0
0
0
0
0
0
0
0
0
1
0
1
1
0
0
1
1
1
0
1
0
1
0
1
1
1
0
1
0
0
0
1
0
1
0
1
1
1
0
0
0
1
0
1
1
1
1
1
0
1
0
1
0
0
1
1
0
1
1
1
1
0
1
0
1
0
0
1
0
3
1
0
0
1
1
1
1
1
1
0
0
1
0
2
1
0
1
3
3
1
1
0
0
1
1
1
0
2
1
3
2
1
0
1
1
2
1
1
3
0
0
1
1
2
0
0
2
1
0
1
0
1
3
2
2
3
2
0
3
0
1
3
6
1
0
4
3
1
8
1
1
2
1
1
1
1
1
2
2
3
2
0
1
0
0
3
1
2
5
1
0
1
0
0
2
0
5
1
2
1
3
4
3
2
4
1
2
3
7
1
1
2
5
4
2
1
3
3
3
1
2
1
2
0
2
1
4
0
1
2
2
2
1
2
1
1
1
1
3
1
1
0
1
1
0
0
1
0
5
7
2
1
4
3
4
1
1
2
2
1
2
1
1
1
1
0
1
1
1
4
7
2
2
8
2
6
1
3
0
2
1
3
7
6
1
0
7
4
3
0
0
3
2
1
6
0
1
0
1
6
5
1
6
4
1
1
0
2
6
2
1
6
1
1
2
5
1
1
1
0
2
0
1
5
6
2
1
3
3
0
0
3
1
2
0
1
4
3
0
8
0
7
5
1
1
3
0
3
6
2
1
1
1
2
7
2
8
1
5
3
2
0
0
1
2
3
1
1
5
1
5
2
3
3
0
1
1
5
8
7
0
2
0
3
2
1
5
3
0
1
4
5
1
0
1
4
0
1
7
1
5
0
1
3
1
2
4
2
6
1
1
1
1
1
1
0
1
3
7
1
1
2
1
1
4
3
1
3
2
2
2
2
3
0
3
1
2
3
2
2
2
7
1
1
4
8
2
5
2
5
6
3
4
4
5
2
5
8
2
0
13
0
9
0
3
2
2
4
1
0
8
2
6
4
1
1
7
5
4
1
1
1
7
1
1
1
5
1
5
1
2
1
1
1
1
5
0
8
0
9
11
1
1
1
8
0
1
2
8
4
1
0
5
6
1
8
9
1
1
0
0
15
0
1
0
7
3
7
7
4
1
1
1
6
5
10
4
1
2
3
1
1
1
2
4
1
1
1
5
1
2
4
5
1
4
1
1
3
4
11
2
2
1
1
2
4
1
12
2
4
2
3
1
3
8
1
1
8
1
6
1
2
1
3
0
5
9
1
2
6
5
5
1
14
2
3
3
10
3
2
1
1
8
4
2
7
1
3
15
8
1
3
2
4
1
4
3
2
1
5
6
8
0
5
3
2
1
7
5
12
6
2
4
2
7
1
4
7
7
1
3
9
6
4
6
7
7
4
0
10
2
10
1
2
2
1
1
3
6
1
1
3
1
6
1
4
0
14
2
10
1
11
1
1
6
16
2
0
2
6
10
3
1
4
14
1
2
4
8
5
9
11
0
1
1
3
4
1
1
3
8
4
2
8
7
12
8
7
4
3
13
8
9
10
16
3
4
2
2
3
1
2
12
2
0
11
4
18
12
3
9
1
2
5
2
1
11
4
4
1
0
6
5
2
15
10
3
4
6
2
4
2
4
5
2
7
9
2
8
1
9
2
2
2
17
8
2
0
14
8
6
1
11
5
1
9
8
1
7
3
6
13
10
10
1
8
4
0
9
7
3
1
15
6
3
2
7
3
5
12
24
7
4
4
3
1
17
9
2
5
1
4
5
0
2
0
19
1
1
7
2
4
4
1
6
1
8
3
1
8
7
1
1
2
12
0
1
8
4
2
1
9
19
4
1
1
4
5
3
1
4
12
3
1
1
6
1
1
10
1
6
4
2
8
1
5
1
10
2
2
3
0
10
6
5
4
2
4
7
1
13
1
12
5
16
10
16
6
1
2
6
2
1
6
3
11
1
10
17
3
15
3
12
9
16
2
6
2
2
3
3
3
8
2
0
4
19
6
3
16
18
1
1
12
10
4
7
5
1
8
8
11
17
2
18
2
9
4
13
5
9
1
19
7
1
16
0
1
10
7
2
2
5
0
17
12
1
1
10
2
5
5
5
7
9
7
6
4
0
11
9
1
18
4
1
2
11
2
1
6
0
11
1
3
14
5
11
1
6
11
16
3
24
7
1
5
5
5
1
3
6
10
5
5
11
19
11
1
9
2
30
1
2
7
14
8
6
15
7
3
6
3
18
20
4
3
3
12
2
5
8
11
5
19
5
26
8
3
13
10
2
7
4
5
8
21
3
14
2
8
12
0
0
2
2
0
1
11
25
7
1
30
1
5
8
7
4
8
2
0
1
10
3
9
14
6
1
14
8
6
8
5
11
8
5
2
3
17
10
10
4
1
6
3
2
2
7
1
1
7
2
7
2
7
1
9
12
5
1
26
22
5
4
13
7
22
12
3
5
7
0
1
14
4
5
1
6
3
2
8
3
18
19
7
1
5
1
16
23
2
1
9
16
23
15
11
6
11
15
16
0
1
6
6
14
2
12
3
9
14
19
7
10
10
12
7
7
10
4
36
3
0
24
20
7
6
1
0
2
19
4
17
1
17
20
0
10
11
0
15
23
7
3
12
1
9
5
3
5
5
2
20
2
7
2
8
36
3
1
19
5
1
7
6
11
12
3
6
4
5
11
11
17
7
3
5
3
3
9
11
6
22
10
17
7
3
5
19
3
3
8
2
4
6
5
3
4
2
4
1
8
8
16
6
10
11
2
11
2
1
2
1
20
2
12
9
1
23
4
12
10
5
11
28
0
6
17
8
2
4
5
6
1
23
16
11
2
3
16
13
9
9
4
6
0
6
1
3
2
12
1
7
12
4
11
0
1
5
0
14
11
7
11
6
14
4
2
1
4
9
26
7
0
6
1
4
13
14
8
0
5
2
13
15
13
3
2
8
5
19
4
0
2
7
17
1
3
16
3
4
8
5
10
21
10
35
21
4
0
1
4
1
22
4
2
6
0
2
10
12
3
2
8
4
7
17
7
11
2
5
0
18
16
12
7
0
4
15
2
9
18
5
2
20
7
2
5
2
6
15
15
15
1
1
24
29
3
9
12
1
7
1
17
15
1
7
12
10
5
2
26
5
12
17
17
12
5
12
14
2
14
13
5
3
10
3
21
5
12
3
3
6
3
2
5
8
7
17
17
1
1
0
6
13
39
9
7
14
6
18
4
6
1
7
6
4
27
6
6
26
6
0
12
4
2
6
25
3
12
16
9
1
2
20
2
21
19
4
8
7
5
5
2
4
22
14
3
7
4
8
13
3
2
8
2
25
12
2
16
11
12
16
19
9
26
1
4
10
2
12
4
24
0
1
2
13
1
7
6
5
13
1
5
2
2
24
6
16
2
7
21
26
0
6
42
2
3
40
23
5
30
27
2
22
0
5
4
2
16
9
16
35
7
7
2
7
33
0
1
5
1
4
3
15
11
3
23
4
15
2
1
4
1
14
2
18
22
9
1
3
24
2
0
26
1
22
8
4
20
0
14
13
12
13
9
8
7
13
2
4
4
12
12
7
2
1
3
30
14
10
6
3
4
2
3
2
14
15
12
10
0
0
22
1
2
0
7
21
22
3
4
12
22
16
8
2
1
11
1
4
4
0
29
0
5
18
1
0
1
2
18
2
11
10
2
20
11
10
26
11
1
5
3
27
2
4
4
7
2
0
11
11
4
1
4
3
3
11
7
15
13
14
7
7
13
8
28
4
32
28
30
12
8
12
1
24
25
1
10
9
2
12
13
12
5
1
2
12
1
12
4
26
0
0
10
6
10
15
16
19
1
27
5
1
5
21
35
3
0
24
5
28
3
27
22
6
8
27
2
4
9
6
11
13
24
3
4
21
7
13
11
9
2
9
3
5
1
3
2
22
2
5
6
6
7
0
7
1
2
10
10
2
3
10
19
6
6
12
14
30
6
5
19
18
5
4
8
5
32
1
9
24
10
6
5
1
22
1
4
9
24
17
3
45
21
22
22
2
4
4
14
7
35
13
1
24
20
30
24
28
22
11
27
4
1
2
1
5
18
18
2
10
13
8
3
11
4
5
9
6
16
0
43
13
31
2
5
25
1
22
25
7
30
16
3
32
7
34
7
5
6
38
17
0
7
3
24
30
9
4
44
25
0
0
5
27
12
5
10
42
24
23
21
1
12
11
13
5
8
7
12
7
3
5
0
15
17
5
0
4
30
11
13
10
8
6
5
21
10
7
1
24
4
1
11
13
29
2
17
20
9
3
1
13
4
20
2
2
2
21
5
22
21
21
7
0
10
1
12
16
5
11
6
9
2
19
11
5
4
8
13
5
17
11
7
9
18
1
11
19
3
3
20
24
0
2
7
3
8
9
2
40
0
8
7
3
7
1
5
15
24
9
17
3
15
27
4
16
13
7
19
22
22
25
10
9
26
10
2
33
7
21
7
14
10
57
0
3
5
13
0
3
30
30
17
16
4
8
8
14
22
27
35
0
1
17
2
21
2
13
5
35
21
11
19
7
54
8
2
7
17
32
4
8
9
4
15
0
22
13
33
7
15
3
4
7
15
20
32
26
1
26
14
3
9
16
25
7
9
4
15
4
7
3
7
1
19
29
3
15
3
30
6
10
37
10
37
8
7
39
8
29
10
38
0
14
23
17
15
7
1
6
2
6
0
6
3
1
20
5
18
1
14
29
3
18
14
40
17
18
17
0
8
12
11
8
20
3
2
3
35
7
29
30
7
12
30
23
8
1
5
26
37
7
30
22
13
4
5
27
37
2
31
9
11
7
36
0
2
20
9
2
19
33
7
8
26
2
14
13
2
15
4
6
30
18
71
31
21
1
11
20
19
8
12
15
2
29
3
1
4
16
8
0
23
14
12
25
13
7
16
42
1
18
7
35
10
14
2
27
0
10
30
8
6
21
0
19
2
1
6
19
27
10
8
15
20
7
8
47
1
9
34
3
5
15
6
26
3
35
13
2
4
10
2
9
25
2
12
17
18
5
11
8
19
1
35
16
5
5
30
9
10
11
8
3
8
35
1
9
12
24
9
38
12
2
2
13
1
17
7
3
9
24
21
1
4
24
10
5
31
11
4
8
11
4
9
2
14
13
3
8
17
26
26
14
7
6
6
5
6
2
32
8
13
10
26
5
20
38
22
2
59
20
6
3
8
25
10
1
3
12
31
2
9
19
1
11
2
18
10
19
26
8
5
22
40
2
1
0
10
21
5
26
37
37
3
8
40
10
10
29
28
23
7
59
3
17
17
3
6
3
12
6
40
11
1
27
23
4
11
23
29
11
6
17
31
6
31
15
18
26
6
32
25
25
9
22
3
30
10
6
2
5
0
10
30
10
6
25
5
1
20
9
23
12
24
34
15
59
27
27
0
6
0
3
27
0
4
17
2
7
13
7
15
30
22
11
3
28
3
6
8
7
28
2
20
26
26
24
30
20
10
2
20
12
28
3
8
27
25
20
54
23
28
5
18
5
9
9
15
4
34
9
2
1
6
8
2
2
11
24
17
11
1
18
4
0
27
8
4
12
12
1
20
4
24
5
33
27
38
31
12
28
14
7
34
7
5
32
10
4
6
10
8
18
4
14
8
23
7
21
15
28
6
5
12
14
13
31
2
1
25
64
41
13
12
2
1
48
4
9
23
10
3
1
47
37
25
6
13
9
7
28
49
1
2
47
8
28
33
12
2
4
5
37
1
4
29
5
10
12
9
2
8
15
31
6
2
21
14
24
40
10
15
1
46
26
6
2
1
20
11
15
3
26
17
1
1
10
38
5
6
27
9
1
13
45
5
9
6
19
5
1
29
20
10
35
6
40
2
26
15
21
6
1
3
32
29
3
21
24
13
38
29
22
13
21
4
14
4
4
22
1
3
5
3
15
2
8
7
50
8
21
10
12
25
2
24
7
27
35
10
19
37
31
19
5
2
4
26
14
11
8
23
12
31
23
2
18
34
15
31
11
28
2
28
24
14
14
6
3
5
7
22
16
19
32
18
15
38
12
28
6
12
19
2
5
4
20
24
27
66
15
28
24
5
15
3
8
2
34
17
47
2
81
31
2
8
11
21
1
37
12
18
5
21
20
16
25
60
7
67
14
5
9
3
9
1
39
5
16
22
3
25
13
8
7
15
18
9
12
8
30
35
21
34
31
61
12
12
73
24
11
6
5
81
4
4
3
19
14
13
41
27
18
4
14
24
20
26
27
0
12
19
9
11
3
1
2
2
26
2
38
67
11
12
2
1
4
20
17
15
0
6
8
1
7
14
58
7
12
2
31
14
2
25
3
0
7
2
37
65
42
34
29
52
23
6
51
16
40
31
6
25
5
47
3
19
0
7
5
5
8
21
17
7
6
52
12
11
31
14
25
30
6
32
18
1
8
14
13
12
3
25
4
1
4
9
25
18
8
11
2
8
11
27
4
19
16
17
15
30
12
59
5
47
36
34
42
11
33
10
4
96
8
19
45
25
9
9
39
10
26
17
14
9
4
28
29
11
34
32
19
25
19
17
5
0
22
8
8
47
16
7
18
10
37
4
13
11
2
53
51
13
3
1
35
3
6
24
20
90
18
24
15
37
12
16
27
11
1
21
14
48
14
8
19
19
39
14
9
17
43
2
1
28
7
9
14
2
4
45
6
10
31
1
1
7
26
31
22
2
11
3
8
5
28
26
3
6
28
12
6
0
15
22
1
2
4
35
32
6
1
35
58
31
36
3
20
11
7
18
14
9
59
33
2
1
25
10
24
19
7
12
34
27
1
42
11
2
2
7
23
51
4
6
7
7
75
3
83
24
43
3
21
6
30
5
17
2
4
7
4
2
16
10
29
24
1
35
20
102
27
17
6
7
12
6
6
9
6
6
10
11
3
42
7
19
4
40
16
50
16
26
10
5
17
15
43
4
1
26
2
0
36
25
23
3
1
41
17
52
11
3
8
57
1
22
36
3
1
19
0
5
32
12
1
46
6
2
27
8
10
18
16
17
18
51
23
1
31
33
14
14
27
39
79
43
13
16
6
29
23
1
13
1
0
7
20
42
17
3
36
35
40
5
9
30
21
42
9
17
29
43
31
39
16
9
58
1
19
38
48
34
16
2
20
45
2
22
20
25
12
1
3
14
25
2
15
51
0
14
26
23
37
17
12
15
19
52
5
18
1
21
32
25
18
6
4
6
11
14
16
13
2
7
7
37
1
38
21
93
49
18
5
23
0
14
45
57
33
85
2
29
11
38
52
59
20
31
6
26
7
30
15
30
8
20
13
15
9
19
11
15
26
13
16
14
0
59
29
3
30
30
8
11
7
20
7
20
3
9
20
10
37
12
2
9
4
40
26
84
11
29
11
5
80
9
60
32
37
2
7
9
6
31
52
29
9
13
5
23
6
14
27
67
11
1
48
2
23
28
26
7
41
7
22
16
41
27
6
1
13
22
18
11
18
2
19
11
3
4
10
11
27
1
17
12
14
64
2
19
36
40
8
34
22
8
21
13
18
23
19
2
13
7
15
34
18
44
2
33
58
8
3
6
12
51
16
3
2
5
20
1
46
20
1
34
36
1
56
12
1
13
14
48
31
9
6
71
25
19
43
23
30
3
32
24
22
25
7
24
7
50
19
1
18
4
19
1
4
34
9
41
39
27
26
6
19
11
2
19
15
1
6
30
52
55
7
15
1
56
11
10
2
5
26
7
17
25
37
50
26
61
106
5
23
9
25
8
37
15
27
2
5
20
1
18
99
39
21
32
16
22
14
29
39
12
43
1
18
24
33
20
15
14
24
93
25
72
44
61
4
24
43
17
25
23
28
31
36
20
22
7
38
28
26
39
11
14
3
32
24
12
30
26
35
2
2
126
30
3
40
1
104
13
18
37
10
61
6
29
88
14
34
26
6
25
50
37
42
8
51
28
5
2
6
26
35
6
2
31
5
55
32
16
27
2
27
19
7
23
53
11
73
4
4
2
26
1
63
15
35
20
0
6
5
41
27
28
2
33
8
21
10
17
9
19
51
71
25
12
48
20
69
4
47
58
23
31
4
44
37
40
14
49
13
12
9
44
85
33
0
20
21
71
35
6
56
8
15
37
68
4
10
16
23
1
7
75
37
3
15
16
34
13
22
57
40
0
9
35
2
5
39
3
41
2
8
8
33
17
61
56
50
40
1
16
84
7
47
17
30
32
23
14
21
24
14
17
37
39
42
13
13
35
21
41
54
72
6
30
7
23
24
60
13
17
4
12
1
11
31
22
33
0
26
14
75
7
39
33
2
24
31
6
7
19
36
33
5
34
3
22
2
5
8
11
53
96
49
16
32
14
28
11
11
18
26
13
2
7
9
24
17
25
0
15
19
25
18
19
15
23
19
35
40
58
14
6
29
37
26
13
18
10
24
31
25
30
20
86
35
12
10
19
14
57
47
38
3
29
24
23
6
55
27
1
9
47
6
20
24
8
32
19
20
45
27
34
9
4
22
31
15
4
41
22
14
23
82
4
63
38
108
60
40
42
41
19
31
4
24
8
25
5
60
7
45
12
3
6
51
15
8
9
61
66
10
30
6
14
14
41
4
13
52
24
19
28
59
9
1
33
0
32
33
5
3
26
51
39
9
40
37
11
17
38
43
10
4
17
19
15
14
35
40
28
26
29
5
11
30
73
19
15
16
12
14
51
21
9
19
13
27
31
87
16
6
20
28
39
10
24
13
25
0
38
26
4
33
6
16
7
64
60
1
1
17
26
52
20
7
4
44
25
14
17
31
83
58
53
26
9
22
11
6
13
33
3
34
4
2
14
13
25
63
30
14
18
10
72
4
7
16
20
89
22
2
8
17
15
39
7
12
158
1
3
2
70
9
13
48
52
66
10
39
34
11
40
13
47
60
45
24
28
2
51
24
14
80
3
13
23
25
32
20
10
19
11
0
50
30
27
38
3
27
50
1
54
16
10
5
94
20
29
20
29
26
39
15
9
18
28
134
25
6
63
20
20
45
22
66
8
11
44
2
35
32
15
10
20
2
2
53
38
73
18
27
8
50
27
42
56
12
45
34
50
10
13
4
29
30
66
16
4
25
12
4
16
24
47
13
33
8
64
30
44
73
9
32
32
52
78
25
4
23
71
25
33
7
0
14
58
7
12
27
12
22
34
35
50
20
13
14
19
2
6
13
33
8
0
49
17
6
64
2
19
9
22
24
24
45
0
40
38
25
19
5
45
54
2
21
3
49
7
8
14
52
9
81
1
27
18
6
10
28
46
100
41
50
3
31
23
76
30
20
8
58
4
2
0
6
14
26
1
5
10
58
43
7
65
87
4
23
4
26
10
19
9
42
27
13
42
19
10
18
6
33
11
12
12
43
24
3
2
6
40
3
25
1
1
25
0
35
24
35
20
14
32
49
3
35
26
23
13
2
23
98
2
11
70
7
23
14
23
7
1
53
16
14
2
19
17
16
29
0
58
7
24
13
33
54
38
6
40
10
7
31
20
27
24
22
18
6
0
85
4
70
5
119
51
15
16
22
21
37
7
9
74
6
4
7
1
59
9
28
45
36
11
16
15
60
37
11
41
32
4
11
25
19
48
31
89
32
12
38
22
28
44
8
17
34
54
20
17
20
56
22
50
3
58
3
8
5
12
3
8
18
7
2
50
14
11
20
21
3
46
24
10
32
22
41
5
4
1
37
3
38
13
9
10
97
4
3
47
43
1
27
1
42
94
12
8
2
25
8
0
46
31
26
7
65
12
2
21
19
19
10
72
7
12
41
17
7
24
33
24
31
20
39
50
6
38
21
97
74
2
19
32
25
9
7
9
19
17
37
34
1
6
35
17
84
73
19
16
19
10
4
2
45
2
2
43
30
53
28
18
25
18
17
29
1
26
78
4
2
11
34
33
1
58
3
4
12
22
40
59
29
14
27
4
27
13
23
57
45
8
49
18
17
1
21
26
35
6
34
6
3
21
35
37
42
21
2
4
14
31
13
7
10
13
54
47
9
50
0
11
14
13
27
25
53
141
33
36
25
43
10
20
30
5
56
24
5
15
17
29
12
38
54
44
4
8
19
32
24
34
29
10
7
18
25
48
9
27
27
5
39
25
10
39
63
2
38
2
30
43
28
49
46
17
135
22
30
149
25
31
33
23
24
10
6
9
5
19
2
13
17
21
28
52
26
16
12
19
28
15
16
16
30
24
27
22
26
24
36
25
45
10
48
12
44
26
24
26
15
22
2
111
16
35
15
34
12
73
21
15
2
45
20
2
62
14
18
82
9
55
77
24
1
19
17
31
81
19
7
28
26
45
7
24
40
24
10
67
19
37
36
22
43
22
58
41
61
36
40
33
48
19
41
7
37
2
30
11
56
20
6
79
60
25
65
16
17
32
45
76
3
30
32
1
110
41
1
2
1
36
35
9
45
12
47
20
59
56
7
72
17
21
15
9
0
11
40
63
99
95
32
13
9
12
1
7
35
1
41
16
18
47
11
70
9
30
67
22
43
3
14
9
20
52
23
53
31
2
81
8
25
5
32
42
8
83
9
27
17
13
12
10
8
36
1
81
15
44
49
30
4
9
34
20
17
45
19
9
47
60
10
78
108
1
44
9
28
16
8
58
42
18
3
7
24
2
47
36
38
43
16
105
41
20
19
2
109
42
56
9
29
10
17
36
20
3
6
22
25
35
2
27
3
17
8
2
26
34
29
17
49
40
14
56
14
22
42
47
29
34
32
21
149
51
54
29
0
28
35
36
7
1
15
48
11
151
22
14
31
25
33
18
10
91
21
3
32
5
17
24
103
16
29
6
138
33
24
23
0
109
16
39
24
2
51
69
4
90
16
16
30
28
20
20
7
18
50
42
24
9
46
58
36
41
42
17
33
107
56
48
8
126
64
25
2
12
1
16
18
41
20
13
34
6
1
72
10
24
16
16
5
24
18
7
4
7
16
14
8
34
32
20
3
9
27
108
38
68
17
37
56
71
48
8
15
83
52
42
13
2
19
16
47
57
49
7
43
9
98
22
43
32
90
30
162
50
4
12
48
2
67
36
1
11
6
35
50
39
69
18
30
17
54
50
41
7
32
109
21
48
25
105
32
46
16
200
6
27
8
9
30
21
22
6
52
1
11
30
9
4
28
18
20
26
6
11
14
69
29
6
23
52
24
18
57
23
34
45
9
33
4
37
33
9
51
4
21
21
82
71
0
1
21
21
40
4
60
23
15
3
2
52
26
60
44
28
85
112
18
30
55
28
1
48
46
10
23
21
37
6
26
9
1
23
22
7
31
15
6
21
38
10
12
57
52
2
33
10
53
21
65
5
23
4
39
12
0
66
31
0
38
28
62
56
2
15
39
62
7
84
5
38
8
21
30
28
41
19
2
23
25
41
34
22
95
38
39
25
1
32
142
64
19
4
14
16
80
15
5
73
25
60
16
45
31
170
11
10
90
80
18
5
13
13
15
21
2
88
16
27
26
29
59
83
1
24
25
63
22
58
32
50
13
6
48
11
66
27
26
0
2
42
48
13
14
106
85
6
124
38
3
15
52
7
58
15
3
26
50
7
30
27
21
20
19
26
5
39
8
49
20
12
89
40
60
13
23
58
50
16
10
31
13
8
13
18
32
14
24
5
44
60
10
6
0
79
1
3
75
37
11
9
9
89
34
10
12
33
17
90
70
23
11
23
30
13
61
9
17
35
10
46
1
33
84
66
30
29
22
9
3
4
17
43
28
39
29
34
15
65
25
20
20
8
29
28
0
171
7
10
15
4
5
12
17
13
33
27
19
27
48
81
15
7
23
17
15
52
25
31
34
108
30
21
8
54
15
24
18
26
76
43
4
46
16
21
5
175
2
12
41
116
198
50
10
44
1
5
8
78
8
27
12
45
25
24
13
4
5
30
35
91
25
8
30
55
5
38
42
10
60
9
36
9
59
41
25
47
59
25
7
48
41
24
15
53
23
152
100
22
6
42
63
5
15
11
30
29
4
10
1
51
26
20
49
25
17
42
52
45
41
28
17
10
49
56
26
7
10
44
27
0
12
31
40
5
20
37
18
19
111
54
27
18
96
26
1
16
23
42
14
47
23
48
25
19
72
5
177
48
73
27
4
100
8
43
8
115
42
93
25
24
31
57
1
22
59
18
2
2
7
40
26
70
15
55
17
20
23
118
80
28
87
31
60
117
181
22
24
17
4
85
33
79
55
12
71
21
34
31
109
9
3
29
9
34
98
3
97
43
4
152
102
19
18
30
20
28
45
12
3
87
81
23
41
13
16
75
42
41
6
44
17
20
64
6
87
32
43
41
6
20
27
4
64
10
7
2
54
36
8
77
65
15
138
50
44
11
19
13
62
146
31
17
43
2
69
41
8
12
67
6
32
26
24
17
72
16
14
45
7
26
80
41
15
83
16
13
43
22
25
23
54
62
44
23
45
32
194
22
12
1
23
12
39
11
52
34
26
137
9
93
3
17
7
31
28
17
56
29
14
24
5
46
70
67
36
20
36
4
7
40
11
23
18
49
23
4
25
17
77
21
28
25
2
3
44
33
102
64
9
9
41
32
22
39
2
2
33
37
23
46
39
43
22
62
1
13
26
70
11
86
19
4
3
7
8
8
90
2
28
1
29
22
46
78
1
35
18
59
6
25
39
197
32
34
22
57
57
34
33
63
26
6
31
143
3
15
39
15
10
50
52
19
47
33
27
27
27
130
15
6
58
79
52
56
15
28
5
30
98
7
84
48
105
3
13
27
2
4
17
24
48
20
37
8
9
18
29
4
27
25
41
127
24
11
11
24
16
55
19
33
36
41
33
116
98
19
37
27
15
96
72
24
5
81
45
53
8
13
2
14
73
26
130
14
9
23
15
76
56
32
22
11
42
87
25
69
25
11
3
103
11
39
20
0
103
53
20
30
1
58
23
13
47
27
2
10
13
48
22
34
18
40
46
4
59
32
48
89
59
30
45
39
20
31
13
28
99
12
37
35
26
62
32
41
44
30
16
44
101
59
27
40
14
28
33
72
39
38
30
12
7
70
17
5
13
16
69
18
16
64
33
27
36
84
32
1
48
38
41
26
159
10
90
57
88
11
13
20
4
15
13
11
67
24
24
25
126
47
10
20
24
28
19
3
58
115
84
29
16
29
12
30
90
33
12
3
23
16
60
46
9
19
61
1
41
24
59
32
54
4
14
11
87
66
5
18
45
12
28
63
38
39
31
16
18
19
4
3
59
0
30
11
36
60
86
12
23
23
169
1
17
15
5
28
7
87
44
78
7
11
85
15
3
28
15
38
52
75
9
6
44
28
9
5
85
47
10
2
25
42
2
7
49
19
8
35
8
16
137
15
21
35
31
0
45
10
91
28
65
95
1
15
14
42
25
36
90
6
51
43
63
42
84
32
25
16
18
35
81
19
40
54
10
3
67
5
13
51
25
33
70
45
14
9
45
24
52
39
25
1
6
40
33
26
151
57
23
36
74
41
21
36
75
40
11
48
112
161
60
12
45
38
13
31
23
35
70
13
16
23
34
12
33
11
21
2
80
47
82
20
55
23
17
15
2
56
10
14
96
38
4
1
123
4
2
120
182
17
93
34
17
95
15
52
50
26
10
24
8
93
22
62
24
27
63
106
76
20
12
40
3
51
2
0
1
5
153
26
9
33
28
48
45
2
56
48
23
46
85
54
8
17
13
14
39
14
22
48
32
17
106
21
38
23
32
30
24
45
107
67
73
34
0
5
69
65
6
39
59
31
163
24
35
25
42
112
55
12
9
57
6
68
56
21
16
23
36
64
13
61
71
20
15
33
5
30
46
30
29
59
31
1
41
32
82
81
177
46
18
74
47
12
15
39
1
1
17
39
23
47
49
26
7
10
54
31
3
53
61
22
23
5
46
35
209
31
35
1
13
27
46
17
8
6
40
13
21
22
17
65
115
172
18
143
36
24
16
191
35
6
21
20
1
2
51
32
45
9
155
1
9
13
24
61
33
35
27
138
2
34
3
23
73
65
60
12
35
1
143
24
5
19
28
16
77
27
41
15
6
37
17
41
162
7
72
10
16
58
16
24
41
85
20
35
11
53
37
6
16
8
24
6
18
4
18
3
39
12
21
48
15
42
4
53
45
15
53
37
31
2
37
30
130
7
47
96
6
58
102
74
69
16
29
16
65
105
18
17
30
12
80
37
33
2
14
27
12
58
79
44
38
55
28
34
41
30
17
135
59
5
26
31
1
3
6
66
55
34
25
21
39
44
17
41
31
189
5
27
8
40
8
70
56
91
206
34
7
48
15
25
3
15
51
3
85
131
28
101
25
13
49
43
18
5
79
1
8
29
14
37
10
105
2
20
77
6
18
40
26
5
0
18
91
2
29
97
40
126
45
59
53
20
16
30
105
3
29
43
2
36
9
26
33
17
82
25
52
5
1
3
6
12
25
83
19
51
20
24
16
8
57
67
48
40
9
48
4
29
122
64
18
112
169
46
53
25
15
11
95
25
26
14
68
20
25
67
55
67
22
43
21
42
43
9
18
5
80
0
5
14
225
95
95
134
0
3
82
17
49
39
1
4
10
8
79
16
10
5
25
31
41
44
12
91
48
24
6
24
22
43
6
25
35
7
33
70
12
26
5
38
1
128
72
197
22
32
13
36
18
57
5
33
67
44
15
7
19
29
104
28
196
3
8
54
24
25
5
8
4
57
59
35
35
23
5
16
61
1
29
41
64
90
93
5
53
9
6
6
50
35
11
23
91
39
135
46
50
15
6
38
1
24
19
38
71
29
1
27
60
53
3
32
10
20
2
40
41
79
26
31
12
28
63
28
35
7
33
57
15
21
28
105
40
47
39
50
61
70
31
47
14
22
88
1
9
36
19
86
28
13
29
9
64
47
7
69
75
0
9
78
11
58
144
8
76
4
5
19
9
32
35
17
11
13
46
40
3
38
1
128
42
45
2
44
43
32
100
39
30
13
5
191
17
15
88
92
26
69
2
24
5
27
9
56
22
19
69
2
91
10
37
0
28
31
73
5
26
105
20
2
19
149
19
69
35
18
6
0
80
144
72
3
82
58
13
13
98
33
47
31
60
40
50
85
84
205
29
17
5
35
35
24
20
62
83
40
29
28
216
191
73
34
94
74
29
30
14
33
53
53
49
30
65
56
63
136
22
117
39
27
26
34
9
49
10
32
29
42
105
3
69
3
5
10
16
8
32
20
11
51
34
85
30
8
58
40
98
22
40
76
30
76
92
32
23
29
43
13
56
2
68
38
51
65
8
25
79
92
14
27
48
15
50
13
25
12
1
42
73
51
50
18
16
40
76
63
17
15
114
26
9
9
47
82
29
3
40
43
29
64
76
20
26
112
22
32
39
4
9
39
46
3
13
19
24
7
98
117
4
35
53
27
26
3
159
3
32
33
53
102
2
5
25
197
36
18
60
84
30
149
27
89
73
96
7
22
69
15
14
59
64
23
5
71
79
40
33
12
228
147
5
23
10
30
49
8
2
16
47
123
29
13
190
69
83
9
13
120
122
11
54
58
12
53
49
47
46
46
130
20
53
17
24
26
23
64
43
48
33
34
44
12
24
50
50
53
37
10
35
69
31
110
13
90
52
56
5
16
16
46
115
35
29
24
12
7
2
10
77
31
52
30
44
141
25
7
64
39
41
112
88
67
4
7
126
79
89
191
163
37
33
36
102
4
51
27
13
63
12
61
58
140
34
46
220
70
21
9
99
23
10
14
2
13
28
28
22
39
30
18
3
7
27
21
42
14
24
43
46
69
43
36
43
11
69
28
25
49
78
29
24
66
56
16
35
85
35
17
16
7
3
45
97
6
28
87
7
121
12
30
59
10
13
50
77
50
20
75
69
83
39
85
71
1
95
46
14
30
100
29
55
45
36
23
31
25
30
3
44
84
41
72
200
57
3
52
69
61
63
73
22
39
0
74
57
48
142
6
45
4
111
24
38
160
24
134
53
16
6
82
12
211
44
15
38
80
96
33
39
57
104
15
13
34
106
54
23
28
73
32
39
71
25
4
1
16
10
86
30
79
49
58
0
40
72
127
13
145
93
27
31
66
56
36
33
14
53
8
44
15
42
27
13
23
8
57
29
147
67
4
20
8
23
15
21
96
46
24
43
3
70
1
58
29
40
45
29
10
62
1
16
42
17
38
21
55
12
28
52
12
42
28
55
46
16
11
41
7
152
8
26
14
64
6
43
10
76
114
3
8
77
18
36
11
37
26
27
121
62
22
82
15
8
11
201
10
40
34
43
39
19
15
20
13
63
26
45
15
25
158
30
109
30
50
7
22
80
32
42
93
9
34
50
13
44
8
74
111
50
5
115
43
52
20
57
18
25
81
17
11
43
30
15
32
102
110
71
15
27
35
14
109
31
39
16
8
27
41
8
26
56
28
86
28
8
119
130
70
55
15
60
38
28
27
40
8
34
69
38
4
87
97
13
27
9
18
29
8
8
38
37
3
28
4
46
173
49
3
31
20
99
10
250
44
26
65
14
24
142
36
124
28
131
21
95
21
70
0
42
23
22
50
83
9
105
12
47
2
48
71
30
35
50
30
77
61
131
31
176
47
51
210
1
28
86
67
43
34
55
77
7
28
91
26
4
143
18
5
7
18
2
1
40
49
17
35
71
39
2
25
60
44
0
15
22
2
74
21
15
3
2
136
135
56
97
58
39
13
12
58
48
40
8
66
26
28
46
12
68
42
52
25
64
90
71
23
13
62
34
5
29
62
30
28
23
67
14
23
27
59
92
10
9
8
11
1
33
34
142
31
11
6
12
45
86
64
142
13
36
99
8
42
124
27
16
38
36
36
40
32
54
21
21
2
38
3
162
6
14
123
43
24
1
2
72
70
34
71
57
134
45
170
71
63
144
16
2
27
61
8
1
35
9
67
14
39
18
34
38
44
73
171
47
50
70
58
97
79
25
37
107
1
69
65
63
4
60
93
81
70
119
84
44
12
73
2
27
56
127
38
19
20
23
12
26
2
80
71
110
134
3
23
47
78
32
69
40
59
37
55
16
19
40
17
76
76
19
77
55
59
32
24
39
251
2
29
37
96
2
37
14
29
119
76
39
65
86
58
11
71
80
7
39
120
96
28
38
13
6
42
25
82
13
48
33
30
55
32
54
8
19
54
33
67
59
20
3
42
105
35
9
83
58
38
5
106
3
171
3
192
50
6
39
12
146
64
47
18
23
72
91
105
79
71
34
82
69
1
6
37
34
32
34
32
47
23
15
71
11
178
86
2
101
0
27
91
44
21
59
35
8
128
9
110
7
2
50
55
112
161
49
8
4
96
104
272
51
11
50
10
4
2
85
11
161
21
36
43
15
225
29
14
37
19
26
46
41
40
46
59
4
4
59
8
51
103
30
8
116
65
23
1
21
83
14
3
62
50
27
20
54
12
17
16
30
45
21
2
59
167
25
43
87
5
166
100
22
11
127
19
210
23
53
40
21
22
37
49
75
1
90
36
45
18
82
52
11
69
5
39
16
43
31
29
1
6
10
154
5
70
15
15
21
17
42
12
9
5
47
27
32
83
27
8
177
10
28
9
7
56
39
10
19
53
30
145
10
45
55
10
83
48
31
21
81
23
37
35
189
21
40
31
31
101
20
137
7
84
108
5
63
1
54
30
29
3
53
14
158
78
38
8
70
31
200
31
58
44
119
33
60
30
60
65
46
126
26
219
25
11
14
21
84
9
32
77
9
22
14
46
64
57
15
15
71
300
32
31
52
64
63
54
6
85
128
35
57
26
112
89
16
68
3
33
49
44
90
81
75
69
150
35
9
123
42
22
43
7
17
19
79
106
264
8
17
87
51
12
28
0
28
74
41
10
104
88
94
2
92
20
0
116
24
26
28
21
28
78
27
195
101
12
53
69
13
38
0
36
52
169
45
10
17
77
235
74
38
149
96
19
111
64
70
34
47
25
11
51
117
9
40
12
35
76
18
25
22
37
12
25
35
30
41
11
68
34
57
157
48
29
26
33
38
73
12
97
12
47
99
32
12
101
11
79
1
64
23
170
14
27
33
37
144
39
52
54
49
13
31
45
97
12
44
47
116
86
131
134
125
17
41
96
41
79
23
33
3
199
144
54
51
52
107
4
26
10
152
38
32
23
1
49
14
12
82
94
41
8
45
83
27
122
59
22
72
11
103
89
88
55
53
221
51
80
45
25
63
103
208
25
74
37
32
24
138
47
40
3
119
20
78
49
9
37
25
29
76
61
24
11
34
49
62
92
40
15
57
72
60
3
71
94
45
60
24
58
50
32
19
19
15
74
54
7
4
60
109
38
171
44
1
37
98
106
54
70
5
24
67
75
202
44
126
17
41
41
20
46
77
17
22
75
15
19
63
40
137
38
64
23
45
115
8
38
85
76
45
69
27
56
43
60
8
7
31
65
101
3
65
11
16
11
19
11
129
33
32
47
95
2
9
1
57
7
31
121
66
174
38
28
28
6
255
89
23
24
67
65
43
32
33
20
26
5
97
60
23
4
29
109
17
52
101
25
95
13
38
13
15
94
13
31
111
175
10
101
23
42
24
32
101
5
9
13
78
9
6
7
6
0
34
41
35
48
69
63
34
122
14
37
13
7
40
28
5
7
27
88
20
36
6
69
112
26
50
33
35
3
26
21
38
167
175
4
68
17
33
12
80
21
15
24
17
5
66
37
43
54
1
25
53
34
188
23
20
169
54
131
41
11
227
2
10
134
99
3
150
83
142
80
85
82
80
1
62
31
31
106
75
7
113
23
56
50
55
53
3
45
109
66
47
49
36
15
45
177
4
46
3
116
17
58
40
26
126
14
88
27
78
80
19
82
203
23
14
16
86
29
56
16
22
15
42
39
33
10
162
47
30
22
2
15
75
68
44
67
49
33
79
39
43
9
44
2
150
49
13
140
27
7
64
19
37
13
45
9
111
153
193
8
62
43
57
185
26
5
9
39
32
4
91
3
109
69
73
54
152
57
49
1
48
13
53
24
70
14
84
68
69
62
36
73
65
20
8
26
62
124
23
95
97
64
53
117
121
9
31
23
64
4
8
61
18
29
61
73
7
192
2
30
3
27
41
63
45
41
37
49
91
4
2
17
46
86
58
58
28
217
2
12
17
39
3
1
134
19
17
32
9
76
4
58
150
33
14
32
41
16
28
43
77
37
141
8
152
108
68
46
2
84
36
2
60
256
33
8
16
120
76
47
60
43
39
73
45
60
20
31
100
135
77
19
72
39
114
8
44
6
15
3
53
75
9
16
12
21
109
62
118
40
167
46
129
19
96
36
86
62
44
56
53
33
39
144
28
61
11
138
73
160
14
47
45
89
41
10
18
46
107
152
77
104
11
47
144
35
23
50
92
101
95
28
11
11
38
41
0
4
31
48
33
82
84
73
46
36
29
46
272
125
180
110
170
46
13
32
62
37
40
89
56
107
0
15
128
0
145
41
22
37
45
173
116
128
70
108
175
73
135
121
38
14
2
36
63
40
37
66
37
29
37
15
46
49
71
68
34
47
76
21
40
30
36
26
57
88
1
36
136
18
17
43
53
61
19
48
75
8
5
12
33
13
26
26
65
45
153
41
79
18
57
27
51
0
23
4
16
104
66
10
89
121
31
143
73
169
92
27
20
14
16
114
31
36
51
39
40
8
49
31
77
20
172
31
26
7
84
39
41
40
61
124
75
41
128
23
74
17
20
209
18
3
86
58
38
32
165
25
32
31
51
93
6
105
68
55
29
25
38
17
43
46
100
55
1
95
41
27
137
11
40
41
97
13
27
11
68
5
38
149
10
8
23
76
8
96
31
9
17
85
19
113
67
20
53
25
0
21
47
160
68
45
55
14
31
60
119
14
12
21
29
8
42
73
17
57
27
38
21
18
2
7
55
16
58
83
120
8
97
24
54
90
38
117
13
15
25
13
53
69
10
68
19
31
40
30
54
0
1
74
75
38
19
112
131
28
106
28
190
50
0
110
39
88
37
60
44
4
20
14
100
22
6
129
100
52
58
28
82
147
103
54
13
87
70
48
15
44
22
152
41
79
58
38
52
13
17
165
52
6
22
33
40
11
141
9
81
16
91
159
52
65
14
18
122
16
34
88
72
36
51
206
43
36
52
121
143
6
31
10
176
68
11
213
62
2
17
7
113
56
6
10
147
132
37
83
48
64
47
233
20
39
59
73
3
64
78
51
99
179
58
56
21
9
11
7
41
7
17
148
84
53
18
52
103
93
8
106
83
11
11
65
57
83
30
71
52
48
63
38
22
55
104
58
117
51
20
22
40
52
67
60
106
18
44
97
34
44
44
31
48
31
60
18
43
114
44
117
23
45
5
85
122
74
38
28
82
102
55
37
20
58
66
94
23
5
45
98
30
48
18
48
57
121
25
0
14
82
57
81
19
52
30
17
0
116
61
73
15
68
7
2
4
87
17
27
68
15
48
58
18
57
27
10
97
186
33
36
34
180
66
83
172
1
48
12
9
38
87
51
2
2
72
149
41
12
66
39
33
123
165
13
52
94
17
62
66
85
40
24
23
8
78
32
252
47
53
64
81
83
23
89
16
73
33
49
44
58
6
69
43
1
39
97
43
145
53
81
23
11
7
14
100
14
115
26
114
33
29
31
76
174
61
22
19
245
25
22
91
28
68
68
85
69
168
36
5
19
46
33
133
17
15
13
14
85
2
6
9
48
0
45
58
33
31
190
61
76
217
28
0
57
157
77
15
4
45
11
120
71
34
72
18
44
50
26
62
21
23
68
0
81
5
131
197
47
37
8
86
6
53
17
95
229
254
15
68
94
13
0
108
70
40
35
8
185
111
3
23
37
40
7
38
9
78
47
43
48
50
31
48
56
46
141
92
42
44
5
35
17
34
98
14
41
133
24
89
78
95
76
334
101
26
79
29
33
59
12
17
10
128
13
76
183
131
130
41
63
63
15
119
25
74
69
22
27
8
26
48
12
3
65
58
10
37
16
78
64
78
24
27
311
144
9
27
17
10
42
18
57
2
58
16
58
32
17
12
2
90
20
91
46
6
11
20
20
41
19
36
8
207
11
70
69
22
43
96
46
316
56
49
109
4
2
90
33
6
57
60
76
105
136
49
6
28
24
16
9
60
99
13
33
26
37
58
186
58
36
21
43
12
182
14
27
3
9
15
40
110
24
0
10
148
16
91
24
215
38
69
17
1
30
46
24
4
1
50
75
183
86
93
60
3
31
35
14
23
40
56
22
41
28
143
121
44
30
14
6
129
70
45
23
40
16
0
46
186
25
215
59
5
190
84
25
30
27
93
37
85
104
177
185
47
55
44
33
21
123
51
42
11
59
54
58
12
159
18
119
169
97
39
2
32
28
136
20
49
68
8
61
27
11
111
37
9
81
68
15
64
10
22
8
216
53
23
29
160
143
85
196
115
2
19
61
53
2
169
16
23
61
348
55
26
116
95
18
37
55
1
102
20
12
3
75
55
103
26
49
79
88
124
12
168
9
78
163
26
4
85
27
48
45
137
13
8
30
87
2
85
5
32
28
45
20
7
11
111
106
20
70
33
1
65
44
76
8
23
214
18
41
22
16
14
30
35
126
1
58
21
20
12
36
19
96
213
56
29
2
43
48
20
100
59
10
44
61
111
55
44
148
125
126
18
47
9
126
69
51
45
30
26
122
3
209
105
27
88
3
63
40
68
77
5
126
26
61
27
64
54
109
113
69
59
5
0
55
29
68
42
74
9
75
46
27
75
37
3
11
10
11
7
99
227
22
32
54
25
31
91
8
25
122
18
69
77
65
8
59
66
20
15
19
2
123
53
221
20
99
48
49
68
131
25
270
29
20
7
119
178
102
1
23
76
53
15
69
240
57
272
95
44
78
69
28
60
101
51
75
168
47
20
82
3
56
20
44
31
12
16
82
35
94
164
55
112
29
85
195
37
67
61
103
59
43
78
10
72
3
19
43
58
63
35
86
88
10
4
27
107
239
46
108
74
67
252
17
2
95
20
77
57
21
20
37
260
72
11
38
89
80
50
34
65
44
61
9
27
17
18
184
176
25
25
13
48
25
41
34
155
10
8
4
83
24
14
50
43
18
102
71
17
42
95
70
52
25
21
25
225
53
53
57
144
103
24
49
34
64
19
171
36
17
58
51
45
0
88
97
124
95
8
14
12
39
26
84
45
159
47
71
204
18
2
65
74
61
57
48
46
73
2
13
32
52
61
38
26
14
221
115
88
33
128
44
45
177
88
35
187
39
24
28
28
24
7
24
15
133
33
29
22
11
108
6
167
45
73
100
22
20
77
63
88
43
24
59
146
117
6
1
15
78
58
7
43
148
82
87
25
204
95
24
105
27
66
48
7
190
17
98
38
4
96
9
23
70
16
14
220
18
50
160
218
67
9
121
58
188
8
47
134
91
185
17
139
48
0
126
2
26
7
139
41
35
7
149
17
53
47
27
34
133
24
73
58
42
8
73
160
12
34
37
19
42
22
68
2
72
16
29
65
80
43
144
13
2
165
4
84
62
246
142
31
108
116
21
17
60
106
33
0
123
18
21
79
35
35
24
3
44
100
74
34
26
27
21
71
61
1
40
91
81
13
112
11
57
87
39
70
294
16
26
172
26
65
339
147
17
51
70
50
91
64
155
78
23
33
113
76
97
55
84
16
29
93
15
8
22
97
253
45
202
34
107
280
157
12
141
89
36
44
68
190
119
12
29
66
32
57
121
278
48
16
144
2
105
63
61
32
156
84
8
38
189
82
2
55
174
29
134
95
12
68
4
10
88
59
99
12
196
93
3
91
142
63
34
80
9
89
62
28
6
73
46
73
26
233
77
87
59
1
52
125
28
48
12
2
35
189
44
38
71
61
11
11
73
14
87
39
61
88
62
90
16
4
292
103
31
58
28
120
14
250
5
48
9
71
69
39
35
205
20
90
93
145
17
115
31
70
46
18
15
20
88
166
21
143
63
23
12
36
41
19
22
61
362
80
41
20
42
72
14
43
13
69
126
1
24
151
109
25
30
35
96
22
50
155
7
75
62
63
58
6
53
40
147
99
92
34
39
87
48
80
25
5
59
72
24
42
2
10
55
21
58
97
58
35
125
282
91
229
42
158
16
2
9
84
83
37
3
51
38
191
37
82
73
52
149
49
80
2
32
33
37
233
40
44
199
27
15
67
44
132
36
61
9
227
67
39
232
92
15
136
12
87
86
2
319
13
34
11
29
8
6
194
5
84
8
41
14
210
33
57
154
7
106
74
53
175
82
57
76
36
13
146
45
18
35
93
227
15
138
126
5
3
168
165
98
84
58
20
13
8
49
253
55
60
64
89
10
94
32
159
1
3
217
312
84
66
20
9
45
18
10
32
65
189
54
178
52
55
52
21
208
34
40
0
39
28
103
70
94
40
116
19
282
157
43
4
13
108
58
61
59
77
92
184
28
26
51
105
26
11
20
69
38
43
56
81
67
21
29
22
61
31
10
70
67
3
22
62
94
8
22
74
20
9
51
38
38
61
58
150
109
20
100
95
38
19
10
80
59
115
99
90
38
47
62
75
39
24
48
332
33
68
161
38
46
139
98
99
15
45
77
68
347
44
18
15
130
14
74
57
165
18
39
12
48
67
94
25
86
172
40
15
2
43
37
68
4
8
19
35
39
36
133
38
52
168
2
37
81
164
189
143
49
85
20
95
36
178
19
4
4
39
66
59
209
45
40
0
18
49
319
62
20
61
98
24
38
14
206
114
92
60
40
20
16
71
116
85
28
14
37
7
80
30
23
50
22
17
12
121
275
246
16
69
97
0
66
41
71
51
19
29
63
72
40
36
27
37
35
19
44
2
51
34
16
32
31
138
38
76
20
45
23
6
62
40
213
30
87
21
94
50
111
28
62
69
107
6
73
214
26
2
52
162
161
432
20
64
25
5
57
37
248
70
2
8
51
14
22
55
162
129
110
69
41
16
90
82
130
73
43
26
102
33
21
58
44
15
37
182
71
36
54
13
29
42
52
29
33
27
69
76
18
350
52
87
23
50
112
26
122
90
25
73
2
129
21
28
10
1
5
53
69
122
14
50
72
114
66
10
30
131
24
118
39
77
59
99
48
145
5
7
48
16
21
83
106
11
74
27
137
51
3
92
4
23
70
146
3
232
173
79
13
67
93
144
43
32
27
7
22
26
167
80
4
32
223
117
17
20
45
30
13
17
36
85
19
16
122
14
93
52
44
96
100
137
60
52
11
46
18
16
65
106
33
102
2
9
19
61
27
46
40
35
142
105
54
80
136
69
35
38
14
84
41
48
50
1
18
117
56
62
43
64
81
43
13
14
78
291
52
149
155
18
48
67
6
4
31
60
13
209
19
53
87
14
103
46
180
8
77
74
64
165
33
55
43
127
203
39
11
97
97
6
133
132
73
2
4
27
191
3
62
10
37
57
54
37
109
84
72
28
18
47
62
186
49
64
20
125
23
63
34
80
16
59
64
92
72
56
55
88
53
9
166
13
48
94
126
263
184
31
72
79
399
4
49
15
30
11
13
39
143
2
20
42
44
67
31
9
111
230
77
35
58
93
8
175
19
163
76
49
178
31
14
95
55
6
33
75
81
27
57
38
36
107
30
8
98
119
2
42
41
13
59
67
5
76
46
42
143
8
68
31
20
14
82
8
40
124
112
12
74
41
81
11
43
5
144
27
55
21
20
13
84
14
33
177
215
118
33
69
46
264
7
34
13
92
331
145
67
93
0
13
136
96
56
27
83
35
2
43
6
86
1
106
42
21
286
137
76
153
6
21
12
69
75
32
126
114
52
34
13
134
53
2
157
18
137
40
56
27
91
72
54
64
117
199
16
89
59
11
79
69
30
48
75
51
193
142
28
2
151
48
108
94
70
109
50
155
6
78
34
60
82
44
250
104
35
42
7
51
35
92
85
8
65
101
23
18
135
69
19
25
22
76
123
70
156
25
59
75
38
100
41
190
16
126
87
157
54
243
12
47
99
148
87
15
20
18
51
71
65
104
8
23
0
37
11
1
110
145
34
123
56
26
41
17
29
191
2
41
28
46
165
94
6
293
24
51
313
27
10
12
3
269
45
121
43
6
47
114
25
206
240
48
37
18
51
78
66
26
25
53
19
7
28
53
66
110
10
2
138
14
10
29
23
77
105
30
79
22
39
80
82
55
30
170
17
94
151
381
78
14
129
51
4
105
177
97
20
57
71
248
68
23
87
12
55
77
172
82
116
144
13
65
115
40
12
246
101
52
216
17
14
13
194
10
69
41
63
142
90
127
44
51
27
2
1
27
65
157
152
51
38
25
224
71
64
197
26
76
136
47
89
2
16
54
101
31
62
80
62
200
201
28
13
2
9
23
183
41
10
34
73
103
60
110
191
189
11
30
247
79
34
57
183
119
54
166
17
99
75
22
61
229
69
2
27
53
40
94
40
50
113
16
154
135
12
41
22
76
142
15
190
15
8
64
81
34
57
13
7
217
54
27
28
35
8
82
28
73
71
166
71
76
115
11
71
39
17
21
70
33
139
41
111
81
207
119
48
20
86
12
5
76
75
13
29
66
124
41
49
17
121
99
67
158
18
116
37
58
66
57
34
20
97
62
83
33
197
11
2
73
40
34
301
13
170
96
9
3
97
61
38
26
52
60
19
93
31
1
12
30
13
23
30
52
72
40
40
4
91
59
90
29
88
40
27
90
41
4
19
75
10
28
162
101
36
78
36
19
71
70
6
45
159
18
4
46
14
91
48
78
50
12
39
68
21
1
331
20
69
4
42
15
56
51
116
101
14
28
76
2
20
53
29
5
35
100
34
92
24
48
6
18
183
12
50
2
160
27
240
160
4
50
41
113
19
62
82
40
21
4
90
62
54
26
37
11
14
25
101
39
205
31
33
313
69
200
45
26
97
64
116
130
81
64
90
3
258
82
6
14
63
15
83
55
40
34
3
12
27
176
28
108
16
215
52
37
33
11
29
27
65
58
154
57
301
37
115
26
13
103
176
101
11
7
81
34
17
63
3
80
120
63
63
30
54
10
175
15
7
128
25
154
158
13
6
35
33
28
136
85
37
1
45
53
34
27
41
57
65
21
265
43
45
31
71
18
69
15
38
55
38
219
25
65
68
24
30
8
66
211
15
46
20
93
77
49
15
15
158
5
76
116
22
2
11
162
109
116
54
32
52
118
104
227
117
27
182
116
8
67
22
163
92
10
55
136
84
89
23
87
2
120
7
269
5
3
15
152
55
84
109
82
102
9
37
106
45
14
2
39
39
86
62
101
147
122
50
18
111
121
20
24
125
34
122
40
75
51
33
87
54
133
34
1
70
18
10
41
52
61
29
187
17
65
95
109
38
50
88
142
53
105
76
57
5
5
45
5
48
102
103
191
34
105
79
70
30
21
52
91
68
10
40
35
12
35
81
43
15
29
3
326
113
37
9
37
83
158
12
18
34
27
52
46
22
36
42
188
192
75
88
28
26
17
20
42
82
63
172
53
76
55
45
20
131
48
29
61
116
62
113
189
36
37
18
0
110
29
4
61
36
121
86
148
85
89
10
87
51
44
11
25
57
39
29
30
59
30
245
64
24
207
97
90
82
53
81
39
53
83
48
72
21
69
81
24
45
26
142
48
256
263
50
29
141
65
170
96
193
32
30
81
95
69
129
29
31
11
33
40
61
6
131
164
155
48
91
43
92
27
124
224
396
103
32
54
79
149
5
254
60
117
131
137
83
96
8
60
56
66
33
26
38
108
55
97
30
132
39
51
25
48
99
44
26
51
56
185
111
16
80
483
20
31
54
2
22
72
41
60
61
22
34
51
111
61
176
42
198
87
32
22
162
283
32
204
128
78
117
80
39
138
40
44
164
52
24
136
174
160
34
125
288
34
86
130
105
16
153
235
68
23
83
34
47
37
126
4
70
19
269
8
48
35
46
46
1
23
156
77
38
15
107
78
33
96
48
57
38
115
38
0
46
318
11
1
95
197
74
34
63
13
62
86
28
18
66
34
73
35
131
19
30
30
81
53
88
20
126
27
39
34
80
38
128
28
43
23
56
58
72
16
73
146
42
64
40
97
61
31
18
88
69
116
140
23
26
43
46
178
85
13
18
51
17
100
116
13
23
90
26
51
6
233
31
72
179
75
20
58
149
25
122
35
17
5
35
42
73
13
25
126
42
17
42
31
7
124
64
57
42
83
49
103
142
28
10
188
23
26
15
248
33
27
141
41
99
3
113
27
89
19
69
62
2
92
36
32
129
236
43
123
18
183
44
39
126
143
178
35
38
32
100
57
345
9
35
25
16
22
25
43
15
21
17
14
54
73
67
44
128
53
102
49
51
93
79
178
158
190
87
18
47
240
75
78
42
84
24
42
17
18
29
126
19
19
133
30
53
35
252
38
19
27
39
103
43
35
80
1
139
19
66
22
193
72
9
40
79
65
6
118
43
133
98
105
78
23
162
13
92
21
133
57
31
194
21
99
31
32
34
7
246
17
67
183
25
165
31
7
6
57
18
2
26
106
51
185
51
60
87
52
87
194
6
54
12
21
134
23
31
149
58
16
32
69
27
0
5
17
38
144
45
69
212
106
52
15
34
100
2
106
7
27
49
109
31
70
201
417
110
15
101
58
157
40
25
46
68
52
49
8
15
97
240
57
10
38
49
31
28
103
100
113
102
2
196
98
259
153
66
61
33
59
147
22
21
2
55
333
59
230
107
234
99
16
148
25
5
9
45
25
122
92
54
46
134
61
4
104
42
146
123
205
149
13
31
235
1
1
50
19
27
141
18
71
26
57
202
38
48
41
199
34
102
274
68
157
147
106
28
236
101
21
84
76
23
114
41
7
28
26
16
41
82
165
77
49
159
230
88
121
14
78
185
52
31
57
109
0
118
55
171
105
59
64
39
29
190
107
109
126
200
73
16
38
47
208
52
70
114
117
97
134
137
6
27
120
224
119
175
165
303
34
31
10
23
67
30
199
32
185
57
90
94
107
27
34
161
215
48
53
76
101
22
103
246
30
46
65
81
202
27
19
117
36
7
20
74
49
4
19
82
55
13
164
30
3
39
199
4
102
103
43
42
113
38
63
92
8
10
91
28
188
106
63
62
24
29
157
186
24
165
276
64
14
14
58
58
69
39
96
95
22
37
84
4
101
4
102
97
178
34
74
163
103
21
66
240
34
258
54
2
5
53
41
1
85
57
29
91
14
41
60
36
87
34
117
13
76
341
7
40
141
41
33
97
21
49
81
14
33
177
151
74
62
228
27
63
54
74
2
97
90
140
265
84
11
118
35
73
69
90
45
38
116
277
3
81
199
66
54
214
51
66
52
44
62
119
1
103
35
203
55
39
45
134
65
48
137
179
55
26
44
187
26
44
66
23
8
1
54
213
57
128
199
26
482
64
67
139
185
84
75
147
46
71
6
62
23
28
12
61
27
11
77
34
29
69
26
65
41
31
49
103
11
69
9
57
72
85
15
53
61
195
61
5
37
26
38
113
136
16
308
23
58
28
37
13
193
13
145
94
31
25
29
180
21
29
111
107
31
10
276
268
55
33
151
18
7
1
116
90
72
56
46
183
8
16
440
217
203
212
16
12
3
12
48
137
39
298
87
65
29
81
21
5
46
30
155
27
44
211
2
56
41
46
144
2
194
86
29
137
12
15
33
162
59
38
100
23
149
165
19
1
30
162
53
68
33
177
58
80
20
40
73
12
231
21
84
169
56
50
10
68
41
34
82
5
93
95
174
57
22
16
67
24
210
61
281
66
60
84
88
55
76
35
3
89
40
39
74
110
174
16
40
45
73
6
95
26
255
40
194
7
6
134
14
256
11
44
70
99
20
14
25
110
51
314
55
44
296
240
9
65
60
42
49
67
69
74
332
65
88
21
63
331
4
233
19
74
150
233
69
13
10
19
165
5
18
21
29
146
90
66
40
38
13
35
35
65
31
3
51
93
55
210
91
73
108
96
15
15
73
40
35
11
15
31
22
267
198
29
304
29
60
24
52
35
31
55
1
14
54
88
20
50
43
70
23
56
213
8
110
142
6
57
130
34
82
89
32
118
47
331
110
339
284
18
73
44
138
40
59
231
1
32
28
11
22
20
36
77
55
429
79
43
117
26
77
79
69
121
7
95
200
80
30
66
12
205
25
45
13
11
62
35
51
142
40
67
102
3
38
64
145
92
34
51
79
126
12
126
152
373
48
127
78
14
14
108
35
38
40
31
294
36
230
23
96
80
12
70
145
125
92
0
57
98
8
28
78
157
24
158
31
50
66
297
20
98
87
51
56
54
82
172
165
55
59
113
37
32
14
178
113
90
25
19
3
49
13
79
100
27
196
10
59
138
42
191
77
61
6
21
41
87
101
389
79
17
24
20
50
44
40
31
332
40
55
59
128
43
37
23
163
28
41
7
72
136
55
77
47
65
93
137
31
27
42
92
112
45
20
102
80
90
167
76
69
82
9
327
198
38
30
58
20
54
23
32
89
12
19
410
9
24
1
50
41
38
45
49
119
163
50
115
70
88
102
160
43
174
50
9
99
145
25
27
146
33
17
40
29
31
16
235
37
25
246
29
45
196
62
49
129
76
91
42
5
15
258
170
53
150
20
397
56
39
56
33
244
55
54
209
71
135
49
44
16
39
30
137
61
289
142
156
10
160
110
22
109
86
93
285
145
12
33
16
53
100
95
64
9
222
61
81
33
43
271
70
19
88
72
74
11
72
10
18
257
127
72
264
463
39
67
100
110
95
96
36
19
61
54
116
30
36
5
189
5
17
14
176
48
4
86
28
162
65
254
53
123
43
83
17
23
97
21
21
153
2
80
92
62
66
50
13
19
233
42
54
107
155
153
19
105
0
5
135
34
182
17
73
137
21
42
52
185
10
147
285
200
141
32
2
11
158
211
13
18
42
28
69
48
68
80
9
188
20
59
41
23
11
26
15
88
162
28
34
37
102
28
46
8
28
40
7
95
67
40
13
42
242
57
21
22
44
72
162
123
51
143
108
29
32
5
136
8
15
14
39
58
57
154
202
65
48
18
96
43
37
30
234
27
81
194
39
73
221
18
44
236
83
304
56
92
204
191
89
146
39
36
82
254
208
7
23
21
3
35
73
118
53
201
121
154
127
43
42
35
24
69
37
22
148
14
157
245
96
88
66
22
82
134
132
127
116
70
154
130
62
105
165
97
69
53
192
5
51
123
99
44
66
78
40
176
179
78
93
37
41
30
168
2
2
38
194
34
155
62
22
107
138
206
34
85
73
132
8
100
131
55
26
100
344
90
273
47
116
105
4
41
123
71
5
73
274
106
25
228
9
25
235
81
16
183
11
262
34
76
61
114
121
5
60
12
42
222
97
41
14
18
65
150
194
83
71
6
57
89
9
115
81
26
145
20
55
10
24
110
61
51
151
2
131
138
59
62
108
2
35
45
8
161
41
43
1
254
332
58
94
26
27
119
97
28
106
34
14
42
22
97
47
164
111
17
39
26
305
24
51
33
10
30
24
74
69
50
13
36
333
65
85
45
94
46
49
69
36
48
7
58
352
5
275
55
35
227
17
104
85
93
178
25
236
57
116
47
77
46
46
12
33
59
4
21
107
70
28
172
67
245
83
0
143
43
99
5
185
212
104
159
112
115
67
28
95
29
206
22
32
98
15
160
38
229
11
71
12
46
390
10
136
83
39
15
106
449
132
59
28
21
197
79
16
105
256
12
97
91
22
57
171
19
41
110
96
88
14
76
88
38
234
9
54
72
96
70
182
25
54
159
170
92
84
54
42
70
69
122
163
42
23
110
19
96
54
62
76
92
86
10
36
25
12
23
243
102
129
29
6
221
169
7
175
1
151
190
77
23
44
69
22
42
43
27
46
129
53
2
147
6
120
15
111
85
11
97
12
51
69
94
295
65
116
30
130
22
60
172
139
189
45
34
71
62
51
148
67
142
53
27
37
7
122
5
24
268
198
136
59
30
87
212
38
30
81
69
107
145
43
3
69
99
126
5
81
23
120
87
313
74
204
82
8
166
11
203
142
20
73
203
29
200
44
49
48
23
94
52
42
218
58
126
193
141
51
88
0
75
40
32
29
43
53
25
59
155
36
37
102
251
218
16
182
124
92
7
156
40
68
17
90
35
55
136
106
41
50
9
156
74
241
84
17
165
11
62
9
190
86
126
62
100
46
98
431
43
38
304
93
114
212
41
21
84
31
7
33
47
31
73
35
54
49
18
210
90
201
93
58
7
39
43
113
35
72
23
85
195
98
25
33
151
22
40
222
1
13
57
145
71
60
71
67
74
12
69
134
92
50
71
31
47
76
23
56
40
212
41
16
29
77
132
12
115
170
111
65
71
80
79
83
83
130
129
65
21
28
7
86
0
137
87
44
188
1
121
15
266
226
31
92
128
41
158
71
126
70
43
166
78
79
206
29
2
51
36
20
62
125
107
173
45
37
45
66
15
102
82
14
96
204
22
11
11
24
96
51
42
17
198
112
22
22
81
99
158
21
99
55
3
0
94
52
15
15
38
15
22
376
38
81
21
65
75
131
45
78
48
115
41
72
208
184
15
138
12
187
37
170
33
238
7
235
4
173
206
132
142
3
5
85
72
175
88
17
12
13
64
93
54
3
231
15
110
83
96
60
15
45
2
265
154
38
30
25
23
109
14
217
40
94
67
48
7
17
109
53
71
155
52
218
417
7
29
197
13
42
365
128
147
129
52
51
310
71
104
391
29
242
74
269
208
31
56
446
36
204
142
15
145
49
127
190
117
76
27
90
55
81
140
149
47
91
26
36
8
110
41
26
39
195
33
210
89
23
77
181
11
41
51
2
9
82
1
61
136
50
123
271
32
76
37
9
28
28
274
29
36
76
35
148
9
43
181
283
99
49
104
182
21
489
102
3
138
174
53
138
267
24
221
123
142
141
80
7
184
63
13
119
8
75
10
184
56
214
24
4
239
14
110
124
22
16
2
81
121
114
7
65
39
3
34
42
17
34
15
86
5
11
86
10
147
2
44
212
249
156
38
105
63
6
62
59
4
46
46
5
67
38
13
96
18
147
313
90
88
9
61
121
3
36
48
106
64
52
101
55
52
64
191
58
93
36
65
69
14
7
41
373
52
28
1
2
92
158
55
66
157
19
176
351
11
74
30
18
23
57
82
37
227
34
21
108
416
125
54
0
45
108
16
74
84
44
181
220
34
1
45
33
256
80
8
9
43
157
2
85
339
30
2
104
182
55
68
76
39
17
101
44
307
25
48
7
436
66
25
19
2
475
33
53
235
51
130
88
217
5
75
152
120
82
115
11
35
17
14
73
70
4
142
46
16
38
23
12
116
14
16
433
114
69
41
49
23
271
94
107
155
22
62
6
77
295
6
4
91
105
26
11
12
139
27
74
32
80
3
60
127
264
96
54
30
58
155
40
265
14
58
227
215
65
71
2
174
85
20
56
110
12
45
217
87
142
27
23
72
7
39
173
46
27
15
52
53
92
31
16
112
79
183
5
35
93
3
61
68
172
19
2
3
96
87
34
10
101
33
52
116
301
0
22
5
103
109
28
23
47
59
54
86
43
71
164
34
164
73
335
41
35
96
68
51
208
166
9
30
182
19
23
19
23
45
82
72
48
59
244
131
188
102
84
39
331
115
136
64
26
177
166
28
10
50
162
108
101
110
45
81
82
56
96
101
29
172
18
103
59
55
29
230
38
68
24
33
97
27
30
37
169
144
21
118
116
18
38
168
38
75
142
117
121
147
29
12
4
6
11
19
221
44
53
72
79
15
208
138
42
237
213
34
48
354
78
13
117
34
118
177
17
173
88
197
77
37
39
4
241
145
44
233
145
65
9
55
31
207
200
116
137
25
53
73
107
94
17
9
3
3
68
15
8
84
179
265
18
51
29
4
133
33
223
399
89
130
215
105
36
73
24
168
19
122
43
351
48
194
20
16
70
209
10
76
30
77
114
356
62
15
33
79
261
4
9
25
114
46
142
25
49
6
44
62
233
29
47
110
374
61
327
294
118
86
161
73
21
4
11
201
102
64
180
2
99
343
27
18
110
90
103
22
80
176
0
45
1
6
79
70
69
7
51
39
5
110
277
48
14
28
52
61
60
62
16
1
79
55
221
54
74
65
114
122
74
61
1
59
11
139
178
83
35
141
36
290
111
65
101
25
13
156
14
216
138
47
55
200
94
113
45
261
84
96
186
162
118
59
56
317
5
59
26
96
4
76
149
389
241
60
125
248
67
112
129
26
30
26
0
19
92
167
38
149
18
89
68
46
87
210
17
154
48
17
167
72
16
20
223
198
14
59
2
112
72
244
131
124
123
305
344
164
160
80
52
35
53
71
46
111
126
122
4
71
120
68
213
33
493
49
77
29
126
16
50
28
64
166
213
106
43
24
56
104
75
158
6
20
212
204
24
28
176
103
191
165
67
97
35
32
266
299
4
252
23
47
55
23
107
32
5
202
118
15
55
24
155
78
78
5
32
82
230
58
170
47
39
175
81
80
88
55
148
33
36
37
438
70
69
7
20
262
135
66
33
271
3
107
33
226
69
198
15
87
178
37
53
89
91
61
84
191
53
2
9
123
36
90
5
212
47
406
77
13
62
187
106
11
64
147
33
68
53
111
76
4
211
83
61
163
17
2
108
30
231
59
47
45
211
34
329
31
28
68
277
211
147
210
143
359
36
206
72
215
177
44
2
49
90
24
98
78
115
91
48
125
200
119
174
17
79
146
47
40
244
10
98
40
12
2
86
168
135
85
43
6
71
60
46
109
65
207
30
22
12
84
93
229
50
218
127
120
22
152
0
51
33
163
52
120
66
23
47
84
17
30
154
94
35
162
73
11
12
24
248
44
104
66
11
35
297
157
198
192
23
169
60
47
4
37
27
28
40
37
179
11
87
20
396
67
31
107
2
105
159
84
84
10
132
72
130
25
222
117
12
35
71
226
46
3
38
72
280
40
4
59
137
55
35
6
76
70
38
121
53
49
44
52
75
61
365
96
145
100
20
215
19
30
136
85
125
31
48
104
49
76
19
71
51
88
61
124
79
161
4
67
4
82
153
61
142
46
84
174
37
79
24
146
57
25
9
3
204
205
14
170
273
160
112
22
40
348
146
34
61
97
17
122
28
218
30
310
89
451
266
57
0
178
191
139
57
23
119
3
161
169
168
37
89
167
286
81
43
131
113
5
2
48
158
84
424
195
85
2
38
3
80
162
108
90
19
79
37
132
78
42
190
38
169
66
135
118
64
17
137
83
225
111
95
97
86
37
121
128
107
31
33
41
152
16
343
75
10
48
87
64
122
135
75
45
123
186
52
2
240
45
1
91
42
225
1
54
40
21
84
36
51
116
47
25
194
13
39
131
207
124
49
113
136
43
81
110
134
84
40
6
28
27
14
158
59
93
272
83
159
21
40
43
642
61
55
26
73
16
3
461
79
143
86
3
79
180
93
28
119
65
28
242
27
32
115
68
111
96
73
92
50
112
45
110
95
8
301
163
70
51
181
33
235
146
26
39
3
41
63
205
14
54
188
357
92
86
15
53
146
34
48
61
90
180
8
93
57
33
24
199
4
470
184
4
118
84
93
98
77
233
133
64
10
70
133
175
125
26
76
54
71
77
126
1
84
9
41
38
89
64
59
6
241
141
164
122
34
263
7
58
119
283
40
272
17
131
19
13
29
85
183
69
107
513
74
3
36
81
23
48
351
102
176
80
9
68
67
94
143
96
89
61
48
17
155
56
87
36
6
76
115
60
46
273
223
184
168
15
99
21
100
45
104
116
15
157
98
33
168
162
46
71
20
79
55
20
50
129
120
253
84
79
77
142
56
70
115
67
63
119
169
330
56
194
9
71
59
137
112
542
177
345
98
54
93
62
20
32
82
133
85
43
178
106
14
134
73
229
128
17
333
75
23
35
26
69
109
17
5
173
12
59
92
86
75
34
74
53
23
44
42
347
74
95
371
18
33
201
52
51
177
27
29
45
140
76
66
19
27
365
68
54
72
3
55
19
77
30
109
97
33
3
2
49
112
200
82
38
144
53
145
22
139
262
82
22
105
58
88
19
439
61
31
38
2
65
322
162
44
35
120
271
12
39
45
64
5
118
43
2
64
12
129
6
139
123
77
175
241
54
37
20
258
40
93
41
331
82
70
201
16
195
31
88
154
88
148
24
5
229
61
5
237
13
58
16
162
233
19
83
95
146
116
282
134
23
30
216
133
8
54
3
358
249
86
97
114
45
66
24
24
18
163
139
153
62
10
165
74
47
113
127
37
137
68
41
326
159
75
24
5
7
193
24
91
141
140
1
334
208
24
1
99
4
181
146
112
39
41
185
99
44
53
51
270
269
60
130
120
22
23
96
156
456
35
13
15
142
42
3
3
58
90
81
65
37
6
78
34
53
98
23
251
136
3
201
126
185
60
60
16
30
38
21
3
22
11
58
73
36
348
128
2
28
7
82
125
173
84
107
4
58
43
212
199
94
77
33
155
227
34
23
55
54
95
54
51
64
146
184
2
232
152
101
61
145
12
11
43
110
39
104
7
122
17
2
150
0
257
3
85
293
2
2
5
11
43
108
174
69
74
179
77
9
189
138
33
9
59
73
317
23
412
32
129
94
20
114
41
13
184
87
41
103
221
204
153
136
15
105
130
302
141
42
180
154
194
103
42
48
23
152
276
180
17
88
31
74
43
34
164
85
3
1
51
3
10
14
90
11
171
112
20
109
13
16
15
79
41
26
56
95
17
57
203
65
189
23
78
75
515
252
75
169
71
4
7
63
58
317
6
162
353
8
4
135
126
64
20
29
85
20
54
65
98
49
23
141
0
79
187
16
88
18
88
28
28
36
105
246
0
6
234
58
123
97
85
48
31
129
41
71
19
8
20
58
144
52
116
18
88
42
153
174
148
26
195
58
102
48
187
51
75
236
95
289
11
28
111
133
160
410
102
166
105
206
2
67
55
13
28
252
279
24
176
190
29
71
28
26
152
82
48
0
235
36
22
132
44
251
348
33
55
291
203
112
44
120
7
5
46
38
1
106
111
83
5
268
199
28
214
243
10
247
331
196
136
21
235
67
52
1
217
47
111
174
16
13
87
23
85
37
21
24
58
53
203
242
92
29
53
239
98
7
89
4
129
84
40
7
43
224
8
20
272
145
248
521
154
90
225
135
5
97
4
144
33
155
77
25
202
444
120
185
107
146
80
72
24
54
156
95
126
87
84
210
175
82
217
12
108
44
26
168
39
79
147
220
34
19
194
90
41
133
18
40
61
56
55
17
8
250
439
40
111
268
28
78
83
181
150
103
78
81
129
7
356
71
90
98
103
122
58
28
2
27
28
530
461
298
38
53
128
40
45
29
157
155
285
268
5
106
13
5
117
16
62
150
44
183
63
93
48
128
61
52
36
234
127
68
272
171
108
55
113
18
13
130
122
211
322
160
67
59
170
221
50
5
198
120
204
134
198
27
77
36
113
111
102
12
36
252
171
53
74
231
37
58
20
119
73
150
66
34
95
16
79
169
183
15
21
143
79
53
12
80
2
57
192
21
20
32
3
129
108
23
141
9
35
21
18
63
64
33
62
240
33
210
40
72
12
32
76
151
134
143
282
57
88
190
16
5
10
315
153
163
84
103
46
393
2
55
447
376
213
76
207
42
79
183
57
48
94
104
235
48
68
102
5
38
133
43
70
41
317
81
31
109
104
28
19
70
9
85
53
18
66
6
81
47
184
109
203
9
41
41
229
30
192
132
341
116
293
167
33
89
76
81
8
37
53
67
139
1
96
26
41
101
241
84
92
47
5
240
1
3
193
60
122
125
11
53
46
14
130
117
90
32
445
172
78
168
55
38
454
92
74
59
209
168
161
45
15
93
292
113
87
65
28
123
154
59
115
242
54
2
153
43
64
220
218
25
83
190
99
30
358
479
27
50
61
20
197
136
6
71
95
7
69
49
112
48
204
51
55
15
241
24
219
11
54
154
191
11
196
30
199
148
10
150
201
99
183
158
28
0
5
293
6
42
77
287
254
32
144
104
467
64
47
141
449
16
28
344
96
53
14
62
567
167
6
38
43
64
33
294
121
45
110
35
60
57
80
27
81
10
36
37
225
378
8
1
96
70
151
97
17
32
168
108
2
66
11
176
46
96
30
374
18
124
17
76
54
112
100
32
110
334
78
108
122
267
46
108
154
15
128
113
69
114
3
63
14
8
37
101
29
240
144
271
39
184
170
21
21
148
273
161
19
31
160
201
100
125
67
304
56
140
27
459
57
37
193
70
202
88
7
35
149
174
121
114
122
1
25
158
15
105
32
234
115
20
157
195
7
313
18
34
59
47
133
66
23
142
122
307
74
48
135
142
2
53
407
189
143
172
123
70
38
312
49
1
5
42
21
116
24
207
223
56
52
36
23
259
25
85
20
56
140
27
34
70
1
16
61
72
40
132
33
241
136
125
43
163
136
194
124
16
337
176
143
11
141
48
22
2
17
26
43
70
24
32
43
72
12
63
162
131
119
60
36
53
34
146
9
72
271
60
42
8
7
58
38
16
189
18
155
141
60
37
13
135
118
90
68
98
125
286
21
101
21
150
18
390
43
42
289
58
7
153
39
76
13
121
62
133
216
190
93
73
38
91
18
204
57
31
32
64
204
51
75
50
56
73
33
14
5
72
19
136
366
93
90
114
52
85
2
37
83
227
35
12
0
71
6
29
171
251
54
121
50
55
203
104
8
44
8
302
6
170
233
117
32
233
67
58
169
195
185
38
55
332
23
128
67
8
340
169
46
94
175
122
29
56
96
123
95
114
178
45
38
57
43
69
215
7
61
37
139
63
181
88
378
78
314
6
5
138
141
33
193
2
61
0
34
276
281
59
98
78
21
43
183
35
28
72
15
458
13
165
171
22
62
7
152
30
70
130
78
138
169
56
73
65
16
87
132
166
7
254
34
253
111
107
67
52
166
53
12
49
319
89
203
4
170
60
150
16
105
265
28
39
27
108
94
148
36
113
4
115
337
96
80
17
5
303
12
138
72
155
122
123
32
106
267
557
36
191
109
46
6
47
81
12
35
28
49
4
86
197
182
12
145
20
60
150
41
26
459
183
7
0
276
129
80
140
141
153
74
76
76
191
68
21
108
64
384
462
0
72
223
160
27
113
20
15
58
76
52
71
46
63
195
38
143
152
198
387
30
22
44
150
183
11
22
94
131
32
47
68
62
30
171
153
436
111
32
240
3
174
147
90
24
95
144
67
311
168
53
4
103
54
244
82
22
1
16
266
16
268
26
67
46
57
27
21
369
26
119
61
15
64
163
22
115
40
27
67
271
10
487
55
65
11
38
63
193
299
19
31
118
253
295
60
77
120
24
177
12
96
26
213
156
37
40
235
50
29
238
129
227
46
9
18
82
98
96
3
15
115
183
222
72
232
44
315
113
64
318
133
120
24
93
163
19
114
26
77
334
33
60
103
220
76
232
70
85
97
15
57
29
132
15
64
42
92
68
97
51
137
150
606
73
59
23
62
197
206
113
113
376
128
177
21
323
29
3
53
414
151
212
265
95
59
20
74
1
170
72
6
19
99
128
112
75
89
31
112
103
78
213
339
177
35
43
25
116
111
118
22
254
132
55
20
45
410
76
178
3
81
52
81
15
6
81
11
25
47
196
12
87
156
318
49
80
28
170
408
356
157
55
111
10
258
52
41
91
168
100
95
26
181
86
235
126
36
68
124
137
71
93
5
151
10
57
180
46
71
28
167
59
128
69
34
243
123
165
17
48
43
274
63
4
16
186
155
291
12
101
479
86
48
47
31
67
53
303
135
33
53
440
146
111
134
124
149
47
28
51
55
130
49
89
116
99
171
80
192
14
135
227
80
77
200
29
61
167
360
117
82
8
40
83
162
9
133
49
148
31
17
179
203
6
28
7
211
21
284
60
144
71
539
239
2
51
133
333
101
40
5
226
21
31
42
300
118
116
151
11
135
218
43
286
123
229
56
98
99
152
545
36
32
35
223
303
47
61
94
21
30
142
84
70
60
57
67
60
187
48
75
204
100
96
219
198
109
157
86
93
272
190
42
186
488
182
155
15
125
12
109
15
45
254
68
2
79
93
17
70
268
210
217
3
56
14
172
204
25
176
3
91
64
130
216
76
242
85
323
70
28
36
160
127
290
89
99
96
6
109
76
131
143
271
182
52
46
144
12
144
108
51
129
205
98
261
11
92
93
288
530
216
45
8
17
82
76
48
19
42
50
98
201
227
110
26
16
12
108
145
100
57
168
64
232
6
52
33
558
33
29
115
14
125
20
72
15
158
34
23
99
21
118
90
143
80
133
325
43
221
75
10
63
50
81
97
12
210
234
58
64
30
47
106
12
75
53
18
142
41
152
77
15
36
65
87
3
156
138
143
390
294
140
28
184
17
308
68
47
0
2
202
264
167
13
140
47
47
138
67
108
111
83
212
157
23
4
64
142
89
63
50
36
52
20
41
133
22
137
53
66
77
346
337
42
320
23
130
34
1
116
120
105
156
31
22
356
2
7
41
201
85
18
41
196
25
33
73
21
40
25
102
242
141
164
100
131
218
14
39
132
5
4
171
84
88
2
41
46
140
25
99
7
6
9
40
248
52
74
106
2
177
202
46
247
127
11
38
63
142
143
1
82
270
4
41
46
10
232
82
23
180
85
388
164
47
87
247
205
87
90
220
94
150
18
12
31
224
206
144
115
204
31
300
224
37
274
12
65
160
220
2
199
64
47
253
120
53
173
36
111
18
58
22
157
31
152
19
114
161
450
163
126
37
2
463
159
59
94
49
6
80
20
117
130
27
185
409
138
37
33
93
176
271
289
29
23
3
230
92
136
241
160
10
226
19
43
38
62
253
249
222
103
140
231
88
12
3
152
4
30
245
75
233
60
8
5
71
190
209
71
72
88
179
135
166
53
64
30
112
242
37
137
161
96
139
337
112
13
154
28
376
113
128
7
2
197
120
135
41
28
11
9
162
4
161
37
179
136
238
84
218
113
409
30
60
37
63
265
239
251
77
33
85
57
2
65
165
153
124
49
87
172
32
37
192
18
138
186
90
39
41
38
134
115
6
215
569
76
2
75
237
116
22
438
34
83
149
239
77
223
22
237
46
80
448
14
77
274
52
94
37
62
25
53
367
53
34
135
62
175
6
26
12
116
40
24
96
258
296
90
72
33
316
63
9
159
36
122
54
23
15
14
175
166
161
27
18
84
5
49
81
249
116
44
279
83
19
122
243
70
33
30
23
99
94
225
77
22
47
105
301
34
207
48
190
63
223
78
5
117
257
154
41
4
168
13
135
90
27
58
78
135
83
41
134
75
125
107
70
34
325
297
29
150
3
288
130
50
124
68
118
81
31
394
36
114
206
125
222
26
158
35
60
212
49
131
51
86
209
96
67
63
48
92
7
377
33
54
160
15
24
111
4
35
0
99
68
428
45
11
245
310
12
71
48
7
51
173
14
74
12
130
156
128
107
63
330
100
124
37
73
102
61
0
280
98
95
181
17
8
137
89
134
74
75
179
104
178
89
122
4
48
3
64
90
43
136
43
32
73
126
47
167
10
213
49
203
40
421
112
31
32
124
171
16
94
27
108
190
280
19
18
36
23
179
1
267
224
21
54
210
319
12
124
41
64
54
130
27
51
260
523
2
12
19
138
98
137
3
95
82
109
29
217
7
19
2
271
169
211
115
18
94
60
99
114
20
146
30
189
117
42
68
81
87
188
246
40
58
235
57
9
164
43
83
67
95
1
89
45
134
101
43
127
106
44
101
37
23
180
78
18
146
132
102
164
65
372
163
25
52
71
144
97
116
46
15
129
270
11
72
150
10
50
6
124
60
168
35
230
117
257
148
70
286
41
159
35
144
11
87
238
47
2
92
209
47
117
28
479
47
59
77
270
265
126
262
153
77
209
154
19
51
73
2
183
81
148
18
74
33
33
5
225
26
241
162
62
251
52
92
80
164
43
385
22
36
215
358
68
33
1
31
118
108
85
72
35
181
155
18
190
27
111
263
68
117
37
105
209
54
292
296
39
88
249
28
61
271
7
47
84
107
104
56
4
178
369
268
79
140
126
129
148
94
166
66
34
8
188
134
40
80
7
43
122
134
67
92
249
195
9
2
110
92
78
190
107
625
57
64
24
116
18
33
28
89
205
155
62
748
24
93
48
67
104
208
40
9
66
66
179
84
0
34
189
2
85
5
110
91
163
86
314
72
144
161
164
28
32
98
120
13
3
10
199
54
63
38
47
3
139
123
49
110
42
458
63
140
87
81
42
93
28
9
79
164
41
197
382
247
124
87
133
32
24
184
247
199
527
142
78
58
24
77
128
192
29
312
58
265
267
107
81
77
21
92
77
79
2
87
257
121
184
73
100
235
35
194
0
113
385
266
71
184
70
23
16
519
229
221
174
60
36
23
50
141
41
29
25
10
16
272
2
13
95
97
26
299
115
14
10
150
108
105
171
167
82
135
14
468
130
5
313
9
51
215
129
51
384
132
77
92
19
43
33
159
66
136
10
89
69
308
100
240
331
379
119
64
103
75
3
131
165
8
80
232
1
279
148
3
54
299
242
226
221
128
4
77
186
1
54
57
195
170
12
212
110
2
72
5
12
45
138
155
195
146
13
161
4
41
94
212
4
52
10
64
86
40
189
21
225
401
118
97
394
124
75
171
63
13
68
72
110
74
115
24
109
36
431
44
5
159
209
122
58
104
241
81
24
224
88
89
63
164
62
47
45
25
214
51
151
84
67
90
47
266
1
145
142
87
138
47
97
195
173
80
613
74
71
62
4
20
100
106
200
3
151
381
150
50
34
290
59
18
47
86
89
20
205
178
248
39
318
255
348
113
28
21
105
84
142
231
151
8
30
217
47
297
17
48
56
175
209
341
19
22
56
38
35
89
10
23
56
27
87
27
113
83
121
181
196
21
124
131
187
131
98
42
70
128
58
146
48
9
94
53
32
159
201
156
52
90
84
105
231
71
149
230
160
124
56
24
3
200
24
82
144
252
132
236
13
8
47
190
14
286
95
266
120
56
5
1
99
29
0
41
130
148
41
61
41
38
431
42
71
246
59
142
326
74
48
378
351
111
49
6
159
40
196
279
215
92
53
31
416
114
54
0
153
163
154
85
94
490
173
17
42
125
73
3
128
144
268
550
1
392
39
64
20
102
144
115
31
43
36
126
127
224
16
411
132
30
104
103
106
164
21
219
18
275
131
58
123
9
15
271
20
10
106
87
29
98
116
115
85
294
440
31
191
11
38
421
405
239
119
86
120
116
82
144
24
100
60
125
172
98
185
38
342
252
186
81
78
335
97
32
2
27
68
55
22
57
43
323
291
79
31
141
69
40
236
32
19
109
52
20
67
35
74
114
117
241
103
70
517
157
98
95
55
62
80
44
320
203
472
142
3
130
21
199
381
103
309
30
23
158
58
118
71
117
11
399
5
47
28
274
177
91
204
124
35
4
345
60
30
106
50
86
437
332
79
107
373
54
94
18
120
154
3
144
67
138
17
33
238
13
75
82
104
55
48
8
14
15
360
110
9
42
126
210
199
21
36
56
17
28
605
111
162
259
17
205
199
21
459
52
97
35
100
98
108
234
96
295
33
77
97
19
93
51
129
340
601
126
73
204
209
56
47
46
133
103
56
72
64
60
80
247
335
361
174
9
6
117
54
105
470
170
215
62
7
74
376
175
164
191
95
125
86
65
70
104
131
56
310
156
136
110
191
97
522
133
307
174
171
2
28
126
42
122
56
297
143
104
119
170
159
7
133
58
469
183
174
95
93
285
102
74
21
36
31
142
14
120
79
101
57
84
128
73
116
16
53
85
14
37
141
8
529
41
69
44
312
83
129
238
108
5
83
65
95
28
86
92
21
67
70
150
17
36
173
189
206
50
53
319
69
216
45
109
20
255
39
226
209
191
229
211
58
7
124
150
92
64
109
47
13
46
126
95
55
166
38
202
219
104
129
157
42
264
98
120
55
79
58
26
58
6
77
48
89
189
22
178
73
186
140
9
166
184
39
132
22
82
79
41
362
76
21
205
25
28
67
41
13
92
5
281
164
18
11
25
59
16
108
325
147
54
19
55
215
385
121
51
28
33
151
102
358
27
47
30
71
65
168
172
22
191
19
37
0
228
55
29
2
99
155
44
71
196
178
202
106
538
213
74
181
114
156
382
47
65
45
101
361
234
13
76
121
80
14
96
576
95
68
502
113
173
50
120
203
32
37
9
57
39
128
170
305
51
239
181
89
36
97
159
71
492
56
189
231
15
426
316
108
251
122
32
253
142
115
9
100
58
97
240
428
110
542
98
143
196
24
49
116
2
121
67
717
79
525
204
23
39
15
109
52
368
141
216
29
17
34
208
8
124
30
421
38
17
60
34
131
23
25
337
7
128
24
38
34
113
79
241
103
43
324
28
2
26
81
383
25
106
430
315
53
164
100
52
91
230
646
263
85
228
101
3
19
139
67
12
57
187
37
102
213
29
295
150
14
51
182
264
32
127
264
21
337
76
144
28
129
39
249
35
77
102
126
169
87
61
161
8
52
175
269
75
203
185
350
170
37
200
114
182
72
296
496
43
44
110
353
3
14
32
212
183
47
110
196
153
55
132
101
173
134
127
147
346
395
64
78
19
15
82
52
66
154
290
210
34
138
264
70
5
83
21
159
75
20
108
18
28
328
87
49
164
106
140
55
283
140
119
205
107
14
68
179
115
14
71
41
128
501
453
561
54
64
112
173
11
291
1
156
230
114
17
16
174
47
372
207
124
118
168
167
25
220
13
507
55
4
62
362
15
247
96
106
485
208
636
59
3
45
281
66
101
92
137
76
222
68
45
467
108
0
16
26
190
35
16
232
310
29
82
92
159
124
62
134
49
81
81
205
119
106
42
77
2
89
405
127
77
20
118
112
161
12
76
61
49
64
31
113
96
138
220
149
100
262
145
143
437
241
53
123
241
41
32
3
126
183
385
116
51
38
132
137
63
253
42
88
38
182
40
91
154
72
62
160
18
125
27
135
102
56
212
48
193
15
21
100
6
45
124
53
160
133
23
126
152
53
79
31
200
69
62
128
99
225
185
307
40
420
164
22
110
44
40
356
198
52
48
80
17
107
241
112
104
61
166
100
167
159
382
152
23
223
80
64
22
19
9
138
157
200
64
59
21
111
117
71
129
3
203
288
197
247
89
42
123
33
68
62
42
119
165
136
156
391
111
63
459
2
23
100
36
110
41
168
166
45
350
40
534
47
82
176
212
6
58
179
12
129
487
25
45
66
75
156
162
85
11
158
7
157
391
79
3
26
131
250
170
205
104
16
18
2
38
71
41
177
354
1
215
47
223
53
288
214
66
23
284
229
6
5
50
172
5
44
121
11
15
234
141
72
153
157
122
102
204
50
152
145
7
2
48
165
71
26
36
161
73
146
175
53
205
199
129
408
235
120
24
51
243
41
99
66
259
150
56
494
3
8
114
16
112
43
53
61
236
65
175
26
77
44
57
116
2
6
65
41
133
24
114
126
195
55
467
100
61
48
102
7
19
256
75
141
36
488
138
13
64
107
83
111
98
13
29
145
106
11
38
2
334
97
252
211
153
72
174
169
122
194
42
16
328
13
0
123
37
148
35
168
2
17
59
93
37
138
19
121
115
116
75
234
558
63
86
106
266
65
139
68
119
170
312
157
374
63
167
173
154
4
18
233
42
12
129
231
105
58
1
63
35
110
250
60
385
96
296
22
336
54
54
71
114
98
160
55
291
30
67
21
146
65
68
168
18
230
52
59
59
151
255
194
314
29
51
117
65
368
320
46
244
181
99
69
217
59
10
72
53
16
0
5
283
307
5
215
99
121
127
146
88
71
29
111
212
495
20
279
116
339
190
83
25
343
108
37
73
736
45
103
58
58
97
12
52
32
202
221
189
43
161
16
154
180
21
189
17
266
34
120
14
91
90
87
122
448
44
7
22
114
46
127
53
54
446
84
34
130
398
46
28
298
246
74
95
26
59
85
135
68
87
99
31
36
20
67
263
278
116
34
197
470
174
59
17
54
144
182
63
64
31
63
43
62
29
8
114
50
130
78
23
26
113
107
163
65
85
43
246
143
271
103
88
1
228
184
383
113
125
127
613
156
56
44
124
149
40
128
10
149
161
59
181
58
71
66
37
8
386
66
237
279
408
19
158
434
119
11
173
16
285
83
24
5
60
162
21
36
46
199
302
9
45
13
193
152
130
152
82
77
34
1
161
114
41
52
128
167
27
53
362
357
87
86
62
37
137
39
124
8
189
35
178
223
182
63
234
272
464
29
40
197
129
352
100
72
10
56
110
10
33
68
24
8
30
137
253
42
21
165
181
42
181
23
95
155
117
152
185
102
131
57
170
43
26
132
73
396
62
36
57
22
5
110
62
95
39
265
104
65
211
27
83
93
225
302
40
168
158
29
165
8
448
244
3
8
42
78
26
19
202
119
127
38
12
28
47
12
230
287
221
49
86
30
96
103
219
57
153
69
328
86
130
47
35
104
77
74
93
179
79
22
201
51
17
22
102
197
173
47
87
41
482
244
519
2
340
12
89
130
101
124
2
360
119
15
26
47
138
226
238
277
338
185
439
61
8
103
58
180
115
108
27
56
46
243
103
333
63
196
187
107
173
80
151
2
155
171
90
43
248
15
47
30
565
56
323
126
4
62
26
27
121
169
152
34
36
494
274
13
229
22
57
177
93
78
239
155
54
384
151
18
18
77
254
93
22
46
43
68
34
339
29
55
104
56
55
151
38
563
95
92
117
21
335
113
4
75
155
89
1
93
26
451
3
206
122
32
123
98
210
77
88
86
14
209
65
3
160
189
17
83
58
17
96
31
164
51
72
139
62
50
40
2
8
281
176
60
3
87
435
248
94
17
139
147
35
25
259
152
19
73
354
26
63
106
135
60
54
208
174
99
14
72
491
238
47
53
102
96
47
21
13
19
5
72
93
646
62
53
344
52
94
41
289
24
69
66
246
37
87
265
191
136
303
360
67
288
67
20
283
33
309
55
86
187
218
72
112
16
46
3
225
61
224
95
6
154
283
118
143
34
52
97
37
106
81
361
215
265
10
175
198
29
56
6
19
109
10
318
118
145
189
338
75
159
107
39
175
55
172
56
262
26
103
82
282
9
151
260
256
55
193
241
284
179
15
225
8
219
30
201
243
9
65
145
259
224
84
185
136
76
122
113
78
294
42
60
264
10
82
52
191
156
95
105
56
50
60
262
201
275
15
71
75
95
4
44
94
47
61
21
6
186
46
232
15
280
78
341
54
50
180
59
102
49
140
110
20
55
216
11
27
105
145
59
65
67
253
16
463
46
48
129
289
41
106
17
227
45
3
52
72
22
57
36
308
74
206
229
174
39
175
36
43
165
81
20
84
101
42
37
247
0
12
151
88
517
137
203
15
33
246
18
44
80
108
386
60
120
126
140
248
66
89
53
36
77
298
9
99
8
37
14
33
12
176
160
208
190
424
59
11
76
149
207
145
88
78
114
66
168
145
175
196
112
50
246
38
57
40
5
49
26
5
512
5
191
148
41
19
55
56
214
41
281
24
120
139
156
106
29
35
143
48
3
103
205
29
27
20
121
38
439
162
226
138
267
113
72
37
144
748
138
103
23
59
184
314
80
9
83
78
54
158
37
136
4
172
11
87
89
164
333
69
2
67
113
17
548
105
97
251
55
148
37
347
159
90
107
145
84
69
74
66
507
83
43
149
6
25
231
47
42
64
71
215
106
228
99
30
426
226
43
170
249
198
227
77
116
123
57
1
189
49
166
15
8
87
92
6
22
31
66
136
107
115
60
135
345
216
128
363
116
106
249
147
247
49
159
116
84
71
167
60
25
433
106
48
76
50
149
251
123
66
212
15
331
111
113
364
308
24
278
29
213
366
139
14
40
100
34
260
69
171
145
280
8
293
145
32
535
78
101
57
192
16
255
67
16
138
113
277
308
429
103
1
66
77
13
436
214
146
84
159
85
57
166
11
304
30
35
168
14
12
77
75
10
28
64
80
162
332
249
198
149
40
10
1
16
23
12
194
52
74
114
23
35
133
213
86
238
303
54
10
130
75
115
145
29
330
516
38
5
148
3
34
445
35
214
58
199
43
63
176
75
79
374
143
273
45
322
115
133
88
362
73
24
248
24
18
181
110
100
134
205
135
146
129
0
36
37
356
85
33
499
75
24
181
3
156
445
57
33
72
72
242
44
456
152
220
17
297
130
109
55
2
103
163
93
209
36
26
213
237
396
190
155
7
43
95
33
13
15
107
107
223
261
176
114
151
272
102
23
27
166
350
53
16
163
42
108
176
98
5
268
447
255
104
210
174
34
211
41
637
322
306
164
15
423
49
74
222
130
317
108
122
122
140
224
126
8
40
172
58
15
166
22
112
5
142
75
36
89
159
190
85
89
15
81
210
4
199
152
112
33
1
60
135
252
67
125
61
101
58
35
157
142
62
125
196
16
61
149
132
110
145
13
45
138
34
21
112
13
19
178
88
195
52
84
31
30
535
209
141
59
116
336
204
181
58
75
69
239
22
277
169
135
99
117
72
70
96
24
86
685
93
194
239
125
16
61
211
559
24
207
13
136
115
7
77
154
212
22
195
193
148
151
116
178
126
358
199
288
53
64
0
60
163
71
123
17
4
139
21
223
34
508
405
186
234
18
138
47
129
58
210
17
140
126
193
3
16
152
185
158
264
46
263
70
28
234
208
11
42
165
313
168
53
0
98
178
190
14
347
53
113
43
4
4
9
429
304
468
54
89
54
210
37
7
534
212
17
272
75
14
68
58
61
55
271
68
323
105
30
30
72
106
318
140
113
179
76
0
48
14
16
181
13
123
275
67
124
183
155
50
39
233
5
123
636
169
116
75
126
38
74
46
214
47
60
93
199
72
34
74
165
308
180
24
4
187
15
84
61
14
384
93
52
227
36
58
111
169
203
76
79
204
267
27
232
43
120
4
228
291
42
307
128
43
11
238
167
43
209
269
37
142
40
66
657
117
338
328
47
85
367
172
106
91
58
63
110
49
272
50
55
14
153
42
23
112
158
69
274
27
87
107
189
134
69
5
120
188
183
59
203
114
134
173
20
100
156
222
405
348
220
63
68
38
55
43
311
71
162
35
48
54
687
93
61
121
79
101
100
133
193
75
144
729
8
15
53
183
11
28
3
78
31
203
187
101
8
296
63
65
142
175
53
139
160
21
39
19
138
92
193
299
313
63
76
253
40
423
568
369
6
103
77
223
218
126
122
10
306
34
522
224
46
197
273
84
87
145
121
99
96
28
189
405
478
28
58
6
86
242
96
321
22
134
369
10
106
51
149
10
262
190
30
309
83
49
104
47
75
102
198
165
164
307
417
105
414
325
1
683
29
65
388
197
198
35
6
53
138
24
93
98
360
234
178
74
147
129
71
174
705
62
50
43
7
247
75
251
142
197
509
173
179
30
78
97
68
31
140
50
43
67
361
76
57
15
114
240
673
12
52
35
58
59
90
62
261
2
35
39
102
66
334
9
194
10
85
133
408
339
86
44
132
380
52
14
105
501
19
92
58
149
236
7
164
14
42
198
201
55
9
278
398
192
151
146
106
77
100
295
24
91
233
77
491
129
120
144
1
202
112
99
66
17
83
146
321
57
49
161
158
271
82
240
109
14
211
244
76
43
315
54
147
10
15
59
237
85
234
77
168
22
8
253
27
43
106
100
82
20
231
4
58
40
10
97
229
159
145
75
169
2
148
84
58
180
32
127
21
5
73
99
301
319
47
274
71
247
138
94
194
41
183
29
280
94
134
100
165
204
246
341
207
32
216
52
131
195
411
223
23
70
53
7
212
19
275
231
172
213
253
228
31
152
34
60
45
219
474
81
65
5
47
222
131
217
36
474
387
189
91
66
234
727
127
21
126
374
676
199
101
100
337
122
182
516
151
292
4
67
77
118
457
10
70
33
61
133
63
417
39
43
139
51
105
10
59
268
28
20
541
3
140
90
283
177
295
40
175
69
124
90
49
81
102
184
100
25
158
51
234
50
52
97
212
30
83
356
15
53
224
102
119
121
682
421
500
26
34
2
279
79
8
242
4
13
65
219
31
109
378
318
204
74
377
167
136
8
109
85
35
183
274
86
37
42
28
32
110
167
434
43
100
41
31
162
112
153
238
59
160
207
51
193
173
138
205
137
65
54
320
244
4
372
41
298
228
63
4
3
24
265
126
40
84
99
309
25
134
82
239
200
555
5
55
23
4
7
185
79
8
73
344
116
69
158
75
210
396
199
83
125
263
37
6
26
61
76
291
149
170
40
80
30
469
97
18
104
40
470
430
27
75
369
7
73
115
262
14
490
113
89
180
161
40
117
461
19
33
556
49
33
61
31
237
116
274
151
547
175
563
164
46
34
168
71
166
266
20
3
41
22
225
145
24
81
169
133
78
244
5
95
56
246
166
184
47
130
205
147
247
180
392
231
74
55
186
14
14
14
2
177
7
146
54
326
10
90
180
130
44
385
135
113
210
26
186
78
91
174
58
82
53
71
3
138
31
132
43
33
68
167
228
90
68
105
320
54
63
49
235
197
88
96
32
384
52
139
127
45
244
45
107
158
218
272
141
109
386
57
39
71
338
162
371
369
88
79
284
39
81
298
7
67
69
278
149
27
417
244
26
228
398
197
34
195
6
139
103
68
661
194
0
21
147
139
166
60
170
262
18
357
64
415
447
113
117
54
85
25
51
182
201
72
34
120
241
232
25
260
125
1
113
228
21
45
47
13
629
150
107
20
134
82
366
139
109
4
149
280
62
80
48
353
14
317
277
202
89
34
141
182
39
22
133
203
154
139
264
3
14
99
73
242
40
37
409
58
37
135
27
193
83
199
40
76
98
56
86
22
182
187
4
97
551
329
151
152
237
87
38
90
28
319
42
132
246
99
97
347
2
120
26
343
6
99
40
31
4
193
187
86
173
10
146
24
75
132
114
108
66
36
170
131
170
82
101
167
71
308
467
31
27
223
76
67
60
118
131
12
56
26
85
158
132
377
193
26
206
9
6
77
10
50
241
226
54
92
166
518
154
66
30
89
58
212
241
122
54
316
309
17
39
310
29
33
17
47
49
60
215
40
76
18
37
117
24
252
240
130
43
38
1
30
31
226
233
108
199
89
234
73
143
275
149
42
555
214
223
607
179
32
54
41
48
120
169
23
301
37
140
193
98
195
172
31
389
76
74
96
360
60
24
54
385
146
376
26
44
6
97
164
27
305
111
207
17
352
112
31
324
326
240
133
151
80
127
188
605
13
104
182
220
21
15
81
322
151
42
18
198
78
169
593
208
102
127
133
70
78
41
81
15
68
35
180
138
72
62
116
145
64
27
27
62
9
316
412
28
70
46
244
321
8
6
136
106
34
295
134
120
17
74
246
36
104
89
35
159
91
11
124
3
98
2
550
146
47
8
98
70
74
78
1
55
163
642
99
87
11
205
159
188
93
70
196
252
217
112
371
71
250
172
217
433
46
3
179
30
11
319
157
176
60
23
143
32
237
91
402
103
83
154
62
552
335
115
669
52
17
59
190
61
246
301
79
130
144
140
59
128
112
41
60
143
74
12
139
144
128
459
56
106
341
46
156
204
116
60
19
190
25
122
56
93
21
136
822
163
58
95
115
4
19
9
52
218
308
2
45
49
64
359
20
19
12
267
7
152
292
56
19
55
35
242
26
10
52
344
107
173
113
104
128
29
63
183
2
118
42
4
197
101
87
205
6
53
45
53
192
432
210
574
5
567
463
117
43
228
6
411
186
118
148
27
238
12
53
48
117
3
337
181
170
306
54
15
53
179
250
106
4
133
135
33
19
312
86
30
86
121
41
8
52
15
41
207
111
136
252
369
33
421
78
27
123
98
26
5
349
30
103
79
11
43
130
152
286
24
105
5
1
70
8
202
306
67
13
161
218
5
223
45
473
68
598
79
11
177
34
75
271
52
102
72
148
288
136
48
270
26
173
27
124
113
41
167
17
18
175
141
309
47
415
610
29
147
45
36
95
34
81
127
48
11
104
67
83
82
67
11
35
28
61
311
114
162
108
81
37
320
333
208
15
33
45
4
346
254
113
126
114
66
44
126
198
92
490
213
96
10
55
378
37
48
64
98
109
171
3
142
226
55
273
79
364
134
124
9
166
520
221
43
59
171
129
81
74
32
3
24
64
255
371
71
100
226
641
158
68
496
9
68
120
314
205
21
46
329
75
110
125
59
42
12
434
350
312
44
32
19
12
206
108
102
236
36
83
78
19
27
123
214
29
147
443
64
114
52
10
383
99
190
319
42
115
165
65
150
235
188
94
28
305
132
411
104
18
470
139
193
74
16
185
182
346
96
198
26
104
183
14
32
91
160
118
600
32
407
46
443
543
54
62
120
103
130
71
220
27
183
11
142
101
5
180
95
290
429
37
218
376
245
1
68
325
70
310
24
57
502
188
119
93
30
84
46
68
333
100
25
93
150
48
286
271
50
145
42
177
69
323
92
41
82
36
286
153
172
29
58
80
59
134
51
2
126
69
37
31
50
129
169
78
370
126
10
273
335
19
39
63
474
259
128
225
42
16
40
302
289
131
76
4
76
226
390
307
33
26
87
9
52
90
12
73
128
61
12
4
129
23
57
260
323
154
126
130
111
181
67
48
322
163
82
78
298
558
93
329
112
146
16
174
145
200
90
96
275
93
299
278
124
238
431
221
41
162
13
353
62
147
9
38
335
192
4
304
212
167
60
46
30
4
146
457
29
236
143
285
1
140
50
174
46
189
77
137
119
5
98
58
79
128
156
358
62
71
194
195
128
177
212
128
41
118
246
164
99
500
101
295
103
67
87
72
275
45
54
144
103
139
297
43
128
209
40
140
364
129
42
21
144
3
24
137
10
86
78
48
118
16
67
245
177
174
2
128
149
28
11
142
139
32
42
182
60
188
382
26
66
164
358
150
71
216
485
7
45
194
152
367
152
6
80
1
168
439
469
277
36
13
17
134
822
57
7
115
43
112
2
120
7
52
145
151
69
368
76
355
331
217
52
16
344
238
143
51
46
73
351
182
26
204
187
421
133
45
12
19
270
89
57
44
103
61
133
110
17
329
85
0
20
36
135
85
28
180
19
28
304
241
36
573
31
29
126
40
463
61
149
88
71
321
336
128
55
157
283
44
136
251
248
269
43
191
53
462
99
179
64
312
79
261
40
24
3
110
75
8
14
213
32
18
86
168
33
93
24
75
107
39
9
77
1
106
61
156
114
94
170
27
347
15
144
291
107
422
354
280
131
37
65
440
25
76
345
320
109
131
69
68
202
98
4
39
27
114
376
25
77
33
14
201
34
26
211
5
31
32
45
57
1002
474
253
429
114
137
6
378
86
289
3
82
55
126
4
160
237
121
89
26
130
135
489
191
5
183
163
321
44
163
170
279
156
99
195
12
213
591
199
67
211
23
92
659
195
26
91
252
235
230
35
154
152
364
234
25
66
125
3
84
31
397
83
568
169
168
71
359
406
107
33
144
47
15
524
63
299
9
125
46
48
24
19
69
340
90
49
383
15
95
56
275
69
336
621
95
170
78
289
349
287
129
401
102
58
119
43
316
147
74
231
248
57
91
333
35
331
77
48
92
393
19
95
151
17
3
140
60
163
354
454
93
48
355
334
405
213
7
117
58
371
76
81
48
52
45
48
114
124
185
248
297
51
40
245
26
138
53
71
275
36
32
294
91
16
246
33
107
200
100
25
25
76
120
243
10
196
44
289
219
145
255
68
14
159
138
70
59
47
170
43
245
91
76
118
660
47
134
195
136
9
123
190
112
179
70
429
169
133
355
138
35
278
343
186
351
76
43
532
121
95
93
55
116
53
58
91
400
176
162
72
112
45
372
124
103
83
63
114
133
0
72
24
185
98
287
18
26
221
146
100
26
154
13
55
54
78
59
78
85
43
415
404
153
18
248
147
107
598
148
343
293
230
62
125
3
111
113
68
320
113
188
734
50
138
14
447
436
45
155
67
344
136
17
44
134
69
159
0
76
212
140
34
123
31
63
163
83
74
552
166
59
10
484
128
77
69
167
45
69
103
687
104
26
85
114
5
300
337
303
166
52
130
208
339
39
147
45
139
282
147
82
102
238
75
208
134
18
80
113
328
19
98
341
173
388
105
68
47
110
65
4
133
65
300
344
173
253
221
73
64
185
68
261
53
87
182
320
125
400
311
101
212
338
329
111
313
78
191
106
50
1
236
171
100
95
260
161
131
173
130
159
70
116
54
607
271
102
295
357
145
60
229
72
234
97
119
37
106
0
182
247
37
268
188
168
271
391
18
9
321
5
203
20
156
316
189
87
197
59
73
31
311
42
68
52
31
153
141
382
10
38
8
23
187
11
80
274
85
67
18
146
147
307
800
274
61
134
135
35
155
89
52
107
158
81
207
61
110
189
16
92
83
203
32
143
67
106
131
155
224
54
68
616
216
82
50
53
204
108
155
5
145
519
99
69
131
89
71
43
93
8
27
78
127
220
377
364
48
159
173
113
49
60
208
26
95
7
52
133
94
164
37
79
151
81
40
207
120
153
67
13
406
44
94
49
125
112
107
6
119
47
22
32
495
371
9
260
271
39
40
67
429
165
127
72
50
72
340
64
199
119
66
412
19
79
150
218
3
6
265
46
117
218
26
223
114
70
18
37
157
81
124
633
158
45
32
7
130
132
86
21
2
83
234
139
128
236
264
138
360
290
2
187
215
39
489
204
202
194
3
439
172
636
1
548
174
93
98
112
59
323
126
63
205
46
46
208
151
175
56
16
331
167
400
575
170
109
60
185
8
189
104
141
49
288
36
5
19
358
134
14
42
487
13
110
248
52
57
2
319
126
37
100
42
10
570
390
90
321
202
388
416
203
249
121
34
1
28
64
424
3
112
11
57
126
300
55
68
390
2
26
824
15
136
206
59
54
42
84
84
22
56
341
48
105
215
153
144
175
372
72
28
44
63
306
107
95
328
282
20
185
230
3
235
251
59
71
208
380
162
32
564
182
295
4
110
140
124
139
32
74
113
107
156
45
154
111
301
66
212
223
20
262
195
9
78
125
177
223
3
85
49
207
174
145
311
148
53
197
54
79
114
77
65
70
235
520
8
34
147
233
18
509
103
6
313
33
133
58
30
315
15
761
13
73
173
16
416
61
496
346
31
134
150
260
298
208
52
37
288
36
34
132
65
86
47
109
6
64
130
585
137
225
85
404
79
199
211
237
45
63
105
131
157
191
75
25
53
73
78
70
6
168
46
204
136
115
3
103
53
177
165
287
46
341
64
103
290
18
121
40
303
41
41
65
349
72
94
6
110
326
529
12
178
155
596
21
69
327
305
40
144
226
11
190
160
66
23
138
62
119
9
33
101
142
132
18
4
8
45
82
73
243
22
85
87
39
148
18
223
137
56
113
5
24
553
198
191
78
117
52
327
30
232
126
2
60
21
211
155
146
8
317
493
41
182
57
64
135
160
89
412
235
57
24
62
350
21
336
245
53
137
30
69
91
79
167
258
31
194
52
86
94
108
10
507
28
58
34
143
92
315
316
57
159
50
416
236
58
5
531
13
313
69
32
213
125
13
8
331
128
97
154
111
179
211
33
151
133
41
99
76
152
17
149
322
70
143
90
26
22
157
147
51
118
260
124
138
89
30
127
239
366
71
128
138
54
90
91
60
28
44
83
359
157
227
231
38
246
144
250
5
88
194
31
24
166
466
123
177
12
60
708
26
399
193
6
113
558
28
99
45
66
48
433
159
56
175
428
66
395
399
387
76
12
61
98
217
57
418
66
5
30
104
354
258
72
428
206
27
389
8
184
229
44
217
241
50
100
146
190
35
62
304
33
46
172
40
5
32
48
21
216
201
68
332
51
246
26
20
92
178
160
165
58
150
35
350
144
44
274
56
89
81
194
59
224
117
12
4
42
255
66
33
118
5
286
136
3
4
262
135
19
118
525
82
176
33
211
461
90
21
263
714
220
5
62
173
36
80
146
55
272
198
67
72
162
205
27
16
172
141
233
22
94
2
67
283
106
99
57
9
8
709
124
72
75
216
104
160
329
244
356
42
204
71
258
373
244
38
52
278
22
206
181
52
185
33
116
8
468
30
182
5
69
38
106
50
123
17
177
92
147
274
152
140
226
145
93
118
67
42
70
233
158
210
150
509
16
33
125
246
203
175
51
314
142
81
263
239
197
86
246
102
285
207
306
145
89
96
155
457
119
76
72
140
300
79
138
348
1146
479
121
73
72
250
41
2
40
187
112
34
63
237
242
150
735
76
315
118
26
94
70
87
100
118
220
124
311
232
2
57
681
110
200
145
593
6
170
755
59
32
139
224
94
201
16
84
114
551
177
48
55
292
340
30
133
28
87
569
95
117
93
100
272
567
145
126
87
6
13
58
105
11
266
30
13
176
39
201
24
227
65
226
273
239
242
155
142
41
227
160
131
369
49
211
211
263
109
87
18
45
33
48
11
27
192
9
51
88
96
53
469
80
334
141
161
15
8
2
49
50
69
156
50
18
291
9
9
156
311
66
12
73
5
54
406
124
125
57
59
48
18
140
363
220
12
138
69
34
219
168
69
229
155
3
75
188
246
96
30
126
218
521
515
79
24
427
213
171
172
70
102
9
114
70
134
187
73
60
116
383
41
153
72
51
29
179
72
476
141
114
196
235
169
282
215
110
179
60
15
27
96
114
204
2
70
117
16
183
298
157
312
441
275
79
61
45
59
16
216
68
44
351
36
246
25
193
188
13
50
35
281
7
125
18
115
263
66
159
24
25
106
200
169
78
155
71
76
244
147
310
200
36
289
85
297
261
86
34
42
162
15
289
436
126
494
602
98
6
5
401
51
715
67
151
27
285
38
51
139
120
4
59
76
310
109
24
3
76
294
271
255
206
166
47
124
3
196
7
202
115
319
96
329
100
4
378
16
67
126
28
299
57
107
93
78
60
431
16
101
111
68
11
33
34
80
28
24
130
80
35
173
83
65
104
168
60
195
43
680
76
163
412
211
289
76
176
127
39
54
42
124
266
21
220
22
297
142
276
68
190
53
13
215
86
26
4
21
133
66
153
22
56
111
16
78
36
107
159
99
156
55
10
85
2
93
254
11
66
411
199
192
63
199
483
33
48
25
75
153
2
239
8
182
360
186
416
237
6
130
19
413
611
30
304
191
91
225
263
50
130
174
99
123
55
118
77
118
47
163
16
22
95
84
117
12
41
291
244
