0
0
0
0
0
0
0
0
0
0
0
0
0
0
0
0
0
0
0
0
0
0
0
0
0
0
0
0
0
0
0
0
0
1
0
0
0
0
1
0
0
0
0
0
0
0
0
0
0
1
0
1
1
1
1
0
0
0
1
0
0
0
0
0
0
1
0
0
0
0
0
0
0
0
0
0
0
0
0
0
0
0
0
2
1
2
1
0
0
0
0
0
0
1
0
3
0
0
2
1
1
0
0
0
1
2
0
3
0
0
0
1
0
0
0
2
1
0
1
0
0
0
0
2
4
3
0
2
0
2
0
0
0
1
0
0
2
0
1
1
2
0
0
0
0
0
0
2
0
1
0
0
1
2
0
0
3
0
0
2
3
2
1
0
1
0
1
4
1
1
1
0
0
0
0
4
2
0
2
3
4
1
1
1
1
0
5
1
0
2
1
1
5
0
0
1
4
1
2
0
0
1
2
0
1
2
1
2
0
4
1
1
6
7
0
7
5
3
1
0
2
4
1
3
1
7
0
0
3
4
3
4
5
1
0
0
1
2
1
2
3
5
1
7
1
1
2
3
3
5
5
0
1
3
5
1
2
5
3
4
9
1
5
5
1
1
1
4
0
4
3
1
8
0
1
0
5
4
1
5
7
1
4
5
1
3
5
1
5
0
1
2
4
5
5
10
0
1
3
1
12
2
1
4
8
8
12
2
1
5
6
2
0
2
5
8
7
2
5
1
1
2
6
0
2
1
1
8
1
9
9
1
1
8
7
3
2
2
6
3
1
7
9
7
9
2
6
2
0
5
9
2
7
10
3
0
8
0
11
1
4
1
3
10
2
3
3
4
2
2
1
1
4
3
4
13
0
11
4
3
0
9
5
0
8
1
0
0
3
9
3
13
4
8
1
9
10
2
12
3
1
0
7
9
5
7
1
3
10
3
13
0
3
5
13
5
1
15
12
7
1
0
7
13
10
15
1
3
1
8
10
5
9
0
0
5
1
5
0
5
10
9
6
6
12
0
17
1
11
13
2
9
3
7
5
8
0
11
10
4
2
21
17
1
7
0
9
12
1
2
13
13
13
0
14
7
4
8
12
6
2
8
2
2
2
9
1
16
8
8
0
3
16
15
19
13
18
4
11
0
2
4
5
11
10
1
16
0
5
15
12
4
15
0
2
7
7
9
8
15
2
17
7
14
2
3
1
17
14
15
16
17
16
8
2
6
12
7
0
0
18
10
16
4
0
5
0
2
18
6
11
2
2
0
9
9
10
15
6
5
11
2
20
0
16
20
4
4
14
2
8
0
12
0
6
18
2
17
14
14
2
1
8
3
17
2
4
2
20
8
22
3
20
8
14
2
7
0
2
9
0
8
6
16
11
1
6
0
10
0
7
10
5
8
7
0
21
20
2
14
10
18
19
2
4
22
5
14
12
8
25
0
4
14
11
7
0
4
5
6
14
1
25
17
16
0
3
23
12
20
12
2
0
14
1
15
1
13
25
1
19
16
15
4
14
9
6
19
9
27
2
1
4
1
26
12
1
16
1
0
2
11
20
2
26
26
1
10
2
3
14
8
9
24
2
2
16
8
9
8
2
8
26
31
19
16
2
29
22
23
7
33
1
23
5
3
2
22
24
23
9
2
4
21
9
5
8
2
5
14
4
2
29
2
18
26
15
7
19
3
16
9
3
11
3
21
12
6
0
2
15
17
8
18
28
11
12
37
32
22
2
0
17
15
1
3
2
9
12
18
1
23
8
8
4
31
27
23
15
22
1
21
17
5
14
32
29
2
3
2
8
12
35
1
8
0
6
6
7
0
7
7
2
10
7
31
18
7
22
12
2
10
21
10
2
13
34
11
11
0
6
13
5
10
1
6
12
30
1
16
6
12
2
16
6
15
15
5
28
16
32
0
18
0
11
5
11
16
2
2
15
2
5
12
1
14
3
2
18
24
19
17
6
0
8
16
16
10
27
16
0
5
8
2
4
16
35
12
0
2
0
40
16
25
2
0
1
11
1
5
19
9
6
9
21
9
25
14
6
1
1
3
30
3
9
39
7
27
34
11
28
33
1
11
31
13
2
26
2
30
29
16
0
35
2
1
20
0
5
0
27
13
14
13
32
29
42
20
11
18
12
0
20
9
21
1
3
15
0
31
0
39
4
44
13
0
19
22
6
29
23
45
2
17
12
17
41
6
1
0
0
6
12
1
18
39
1
30
31
33
5
8
0
37
2
14
6
20
14
18
5
3
15
0
31
1
0
7
35
0
19
0
32
40
8
15
3
6
21
2
1
35
14
2
8
11
4
16
30
27
4
3
0
38
8
38
1
15
9
10
6
1
27
26
16
5
3
20
16
3
35
34
1
38
46
35
6
14
19
32
4
45
24
3
16
51
27
5
20
5
5
6
3
53
22
3
16
35
0
25
7
20
51
8
41
41
0
26
2
41
44
2
1
19
7
6
42
37
27
38
21
27
3
49
29
15
31
4
25
2
15
4
37
9
1
31
6
23
4
4
18
37
36
0
0
28
23
16
10
5
6
11
4
8
1
18
9
15
43
32
5
22
1
2
2
38
16
44
5
18
22
4
30
1
12
2
2
26
22
19
0
0
0
5
21
7
5
13
49
46
34
15
6
4
2
12
2
24
20
25
54
42
24
17
18
23
2
47
55
32
19
23
20
15
1
22
15
16
39
4
29
4
20
15
35
1
0
6
20
39
2
22
5
0
39
27
39
36
6
10
26
4
7
1
0
8
18
6
1
16
33
36
0
27
3
33
43
19
0
6
34
10
5
59
33
5
30
2
41
22
8
60
34
22
55
4
16
37
27
36
1
46
7
32
10
22
28
28
19
24
4
23
2
23
2
18
0
1
1
62
8
34
17
33
33
29
3
11
42
34
13
11
10
6
25
2
22
60
57
12
11
0
24
47
8
5
24
12
4
27
0
47
6
9
20
14
21
27
3
19
46
17
51
49
22
48
39
0
24
1
2
35
42
1
5
19
3
53
21
7
1
34
55
6
0
51
66
56
34
22
33
12
58
26
26
0
28
29
1
38
5
13
4
0
8
33
42
29
8
20
1
62
34
43
48
57
28
21
28
39
33
25
16
25
17
41
5
63
42
35
11
21
30
11
15
68
0
2
36
43
15
41
4
11
21
9
17
57
16
18
26
21
60
43
37
4
1
36
10
18
29
42
6
0
11
16
53
33
12
30
1
24
42
1
18
9
21
3
48
65
17
1
32
67
10
18
5
3
34
26
63
47
28
50
23
8
33
65
69
1
26
17
26
28
38
10
26
33
67
48
13
32
51
53
6
12
0
21
33
14
48
5
31
17
0
41
5
18
36
5
15
51
2
15
69
69
60
47
9
42
47
59
30
7
11
7
28
73
11
16
43
40
21
19
16
58
27
26
58
68
52
36
35
2
11
7
9
1
60
28
3
72
15
43
36
45
8
35
4
37
27
41
13
37
6
23
69
30
24
4
10
6
8
13
28
11
42
32
46
73
3
58
8
7
0
66
13
0
30
77
37
64
6
15
51
68
58
66
24
25
18
49
56
15
85
61
80
58
11
30
53
41
22
19
38
40
9
40
11
80
65
71
65
41
1
74
18
12
15
37
40
33
57
61
8
11
43
3
61
36
46
30
58
48
52
15
15
26
51
68
3
37
39
40
47
23
43
57
40
15
56
1
78
40
23
3
40
1
41
66
65
27
6
21
0
4
4
36
4
12
33
5
53
25
42
8
39
48
37
64
32
55
1
31
40
41
1
21
44
3
32
18
74
1
30
37
27
49
12
61
44
27
34
21
57
73
35
3
35
46
0
40
34
19
12
38
11
42
16
57
47
53
48
35
53
41
36
17
4
49
66
55
72
54
36
13
12
36
43
42
4
16
0
69
1
5
22
5
23
0
8
2
26
22
73
83
41
37
49
24
95
56
47
30
5
30
77
39
71
26
14
6
22
79
92
49
29
18
79
52
41
37
15
40
63
14
12
85
21
26
42
32
2
24
1
64
79
44
2
42
27
70
10
39
51
84
40
13
35
13
3
39
46
25
67
56
47
67
18
53
25
15
5
36
5
2
66
56
74
5
0
66
20
8
11
33
1
42
80
39
56
19
48
1
12
59
52
86
13
9
32
7
14
97
2
50
34
24
17
32
3
7
36
24
31
34
18
25
9
4
85
43
23
3
31
20
68
30
8
12
47
23
51
21
14
22
49
41
30
58
28
14
7
1
19
14
6
43
9
30
70
1
93
75
15
15
35
89
3
3
88
75
2
31
13
3
63
64
18
23
79
16
56
2
5
53
73
25
38
26
85
15
2
5
3
15
50
18
10
37
10
25
49
95
9
45
44
24
9
7
19
23
5
35
0
74
1
22
2
56
0
2
50
9
95
37
0
54
49
51
30
48
3
57
11
45
42
15
28
101
72
56
4
5
95
71
62
58
35
104
57
78
5
77
13
60
4
50
54
70
40
34
1
69
53
12
3
104
10
41
1
47
67
78
75
4
22
36
17
93
50
5
64
14
60
4
3
4
84
68
39
10
87
30
11
17
25
27
57
4
20
18
0
65
15
9
44
13
1
104
30
2
11
17
22
49
17
51
32
35
58
3
87
2
4
60
41
0
29
84
4
1
10
36
50
36
73
16
65
32
7
27
37
39
79
2
40
1
2
9
21
50
43
59
51
38
0
1
66
14
9
56
83
36
12
25
11
31
79
42
2
66
108
70
0
69
43
43
10
112
75
47
31
13
2
35
73
16
73
48
71
14
41
2
56
54
17
74
89
1
90
27
22
69
32
5
29
73
25
99
115
72
16
16
68
18
20
13
0
14
53
15
39
17
65
47
44
17
9
45
32
26
6
4
9
31
110
76
97
4
92
54
40
33
55
7
57
23
72
3
51
50
36
10
72
2
58
3
0
0
50
47
93
70
1
47
92
5
102
52
8
50
63
71
40
44
46
30
6
53
34
67
8
45
42
1
68
9
23
50
67
26
59
32
41
78
16
47
102
1
8
38
71
6
64
19
67
5
45
97
53
53
79
87
21
13
59
51
46
34
78
17
25
54
52
76
36
37
9
12
18
8
16
45
22
5
8
5
1
11
17
55
114
111
2
61
50
31
28
64
37
75
4
36
106
111
55
31
78
8
40
8
22
57
83
6
98
17
23
1
74
9
33
17
20
13
91
78
89
3
76
16
13
76
66
72
34
69
71
1
43
47
14
23
58
18
120
83
50
40
71
73
101
57
5
53
62
42
24
44
12
49
76
7
13
9
3
21
4
34
8
4
6
1
15
38
84
5
103
56
66
55
101
62
108
3
25
99
31
66
57
31
1
96
24
57
105
68
77
14
19
0
36
33
8
39
16
64
50
15
16
5
0
44
47
60
11
10
21
3
34
2
1
55
30
66
39
35
5
2
10
23
21
2
4
32
20
99
74
56
17
0
26
16
44
5
7
110
120
67
37
5
34
5
15
16
11
25
14
53
4
35
20
103
108
2
106
35
73
31
60
45
7
72
77
106
120
74
69
30
12
75
22
16
64
38
3
3
25
78
74
114
48
5
43
60
15
77
56
3
24
69
27
65
134
24
81
19
62
35
39
60
58
10
38
3
77
8
32
20
1
54
2
6
34
43
38
17
76
81
103
13
18
33
19
124
10
51
12
52
113
23
114
110
74
7
49
6
75
94
15
87
33
21
10
17
23
8
10
58
55
139
95
23
7
37
15
107
44
94
26
83
21
40
39
80
6
83
38
59
13
51
103
16
83
61
17
43
114
56
28
13
0
25
137
9
8
18
40
44
77
93
90
114
69
125
1
76
115
1
35
83
41
101
79
8
12
57
1
140
53
54
39
88
30
135
45
30
34
145
59
4
49
85
8
37
10
85
12
11
12
1
2
91
75
102
55
66
50
53
32
1
75
33
1
23
6
49
40
4
17
86
10
133
11
25
34
114
98
46
37
17
41
3
40
81
74
25
61
11
14
91
22
135
101
14
79
28
88
12
80
36
72
18
88
28
95
12
30
122
52
28
72
22
5
41
122
77
137
55
2
11
115
26
58
17
11
128
6
5
4
75
60
0
98
39
53
68
109
44
48
109
93
121
10
74
11
38
1
30
6
45
110
26
16
106
107
72
105
5
5
51
60
20
136
106
4
2
17
17
46
67
12
58
76
143
61
61
66
10
1
142
3
29
134
3
69
81
36
70
88
0
0
71
90
98
19
73
0
33
134
33
76
13
37
26
18
36
15
44
11
1
13
40
44
42
59
119
140
65
27
0
32
138
39
32
28
136
48
91
82
59
136
114
41
47
61
52
132
37
134
100
27
70
15
41
141
105
13
42
11
18
31
70
59
92
21
55
98
30
36
30
105
63
4
72
8
21
44
37
21
16
61
8
6
64
74
37
78
54
95
91
84
13
48
19
66
9
10
71
92
0
139
9
84
8
24
106
24
141
20
55
43
33
34
112
67
53
13
6
107
47
19
93
126
9
113
58
39
61
75
113
76
112
6
30
5
115
92
8
62
132
17
78
37
54
156
44
9
58
18
13
15
136
24
16
69
109
126
102
36
41
84
74
86
60
12
24
30
43
4
44
48
67
63
86
116
49
52
34
7
43
18
10
89
20
50
93
30
62
9
40
116
85
45
5
4
116
81
74
101
10
13
125
80
49
54
13
45
46
81
47
90
47
1
19
6
47
58
0
12
26
41
61
84
119
68
92
45
3
43
100
98
41
111
4
128
42
55
44
30
92
91
56
22
77
48
18
50
80
81
46
124
32
73
63
13
8
8
56
23
84
25
50
20
32
14
95
34
96
59
78
99
88
30
89
29
5
13
7
28
98
7
102
81
6
0
9
99
21
136
161
41
61
2
50
16
0
2
118
36
77
56
115
19
43
116
0
6
100
19
85
46
68
0
108
3
3
73
8
79
69
10
87
40
2
51
42
14
51
8
1
44
21
8
96
113
4
37
42
70
20
129
0
9
100
0
86
71
65
25
83
164
91
40
25
51
39
140
107
8
7
125
160
11
149
45
30
96
73
16
109
84
141
58
112
72
18
48
48
95
34
5
146
161
83
41
42
13
39
4
89
156
32
58
16
97
180
98
15
70
10
95
0
58
133
41
65
14
69
120
7
20
25
3
28
51
121
129
0
67
170
20
91
8
105
23
77
51
52
28
2
143
47
162
47
159
21
22
106
58
55
21
94
86
26
44
57
49
161
87
48
20
57
19
111
74
71
72
139
21
51
30
34
4
27
70
84
46
160
20
7
97
41
138
54
23
79
124
23
65
21
14
81
27
34
166
20
110
25
99
15
72
2
23
87
96
34
83
23
7
66
22
5
126
62
1
77
115
105
137
156
160
13
26
119
106
44
17
68
83
170
14
130
33
149
15
4
91
9
49
17
147
11
8
112
18
38
33
18
1
50
78
7
41
53
192
9
45
22
129
93
36
63
98
10
24
31
85
132
51
84
90
59
80
49
152
54
136
172
97
160
60
29
6
98
57
136
66
9
6
143
151
24
2
45
3
9
6
107
33
42
17
37
4
177
89
91
10
104
25
26
6
11
88
45
78
55
27
74
187
9
74
135
40
42
115
87
4
87
32
85
1
78
168
15
30
165
11
9
70
21
170
69
20
153
192
8
77
54
1
93
104
30
80
159
163
2
100
19
51
54
19
151
124
120
13
5
62
23
69
77
117
3
82
143
33
29
104
122
150
78
46
129
5
110
85
6
100
143
44
61
88
22
2
94
73
29
25
101
27
103
11
79
108
157
115
50
6
7
78
117
81
42
7
112
144
121
30
53
77
5
9
68
173
3
22
109
86
102
12
34
82
10
13
6
73
48
42
160
71
55
1
73
14
132
39
134
168
49
40
6
137
64
51
110
65
19
93
17
66
115
169
15
87
134
102
3
112
41
112
64
1
68
4
20
153
40
89
98
105
123
107
63
1
44
7
117
31
41
69
4
22
69
45
165
202
130
127
51
138
46
9
69
109
17
67
35
66
0
104
54
107
10
70
110
77
184
120
56
132
23
13
12
61
56
5
58
115
61
7
29
7
8
21
181
132
22
140
48
137
144
3
151
0
28
80
20
54
52
41
85
2
65
79
70
20
47
174
142
62
49
139
105
117
78
170
57
90
9
1
23
115
62
18
20
55
30
144
15
107
29
1
4
174
26
17
24
51
21
127
24
82
12
11
100
99
28
6
57
92
39
74
68
123
43
126
88
56
90
147
10
18
175
31
111
131
57
32
43
142
14
75
55
104
48
115
70
124
7
28
46
14
33
45
1
158
40
85
61
189
79
10
44
131
191
111
118
19
32
121
68
24
0
12
49
99
155
176
86
60
120
2
142
18
152
27
137
53
42
25
139
41
74
174
44
209
101
9
164
145
19
4
37
113
48
10
92
141
10
26
112
23
143
4
152
58
50
63
90
72
133
5
95
148
7
20
42
40
117
164
196
19
40
100
14
56
14
26
5
30
16
59
134
26
52
12
84
117
19
70
124
7
86
9
36
159
85
113
133
107
108
113
94
194
126
20
159
14
102
12
9
80
99
24
51
81
17
114
4
102
25
8
49
39
56
1
25
79
37
172
5
64
175
74
160
55
19
171
104
97
125
102
151
129
61
68
55
75
30
46
10
8
42
99
10
78
206
153
34
92
17
113
0
54
19
183
133
122
36
172
96
191
148
103
177
113
76
5
54
131
52
49
105
110
10
45
98
125
118
101
94
167
137
45
51
162
36
21
155
138
75
120
7
171
37
100
111
63
13
68
65
85
186
137
149
37
104
24
3
134
17
50
49
69
47
63
90
79
136
92
76
60
5
59
64
41
107
77
99
99
37
79
134
114
7
4
108
55
122
90
85
125
100
29
170
7
24
61
76
57
148
38
33
28
86
130
204
104
39
11
105
64
181
42
3
155
52
56
149
51
77
55
24
13
97
56
136
66
23
51
0
9
53
153
1
2
46
171
160
16
65
40
24
55
30
3
184
2
157
92
177
105
104
80
36
159
5
65
66
14
197
6
65
123
62
6
211
34
98
103
120
225
3
20
16
0
64
74
81
4
60
134
210
59
121
33
6
96
11
74
12
86
20
180
58
65
119
73
163
70
194
212
197
64
197
148
113
120
60
82
219
198
153
57
109
29
104
130
133
69
77
0
219
1
26
130
68
17
97
133
137
105
91
5
105
2
3
10
62
135
108
142
97
10
12
35
118
174
3
113
73
75
141
6
9
14
13
177
9
0
8
193
9
115
188
21
53
129
198
81
4
13
36
3
118
118
124
3
1
94
69
15
239
109
185
122
70
119
3
109
159
123
152
112
117
8
7
60
34
6
22
84
29
70
132
14
120
120
150
38
3
1
109
82
174
76
42
128
30
90
65
154
25
30
41
49
158
93
20
26
33
58
99
75
153
51
121
105
88
167
47
90
12
76
113
26
23
108
20
138
86
3
126
5
58
73
79
126
73
5
69
1
37
50
150
65
26
191
32
36
91
83
4
137
11
137
138
217
63
76
167
79
65
53
69
94
10
89
44
170
20
37
72
8
181
136
24
183
57
216
26
38
22
18
177
102
47
194
120
216
42
80
71
11
2
50
95
130
203
35
37
47
49
17
130
158
28
109
0
132
136
30
101
66
119
44
76
223
214
10
84
21
132
76
12
85
9
88
179
54
93
46
58
144
22
5
48
133
74
140
79
145
53
67
92
43
31
10
31
10
15
168
126
201
36
12
30
130
9
136
36
9
57
48
32
185
20
177
76
153
149
73
133
34
189
197
113
53
39
24
131
208
4
116
121
2
27
4
10
16
18
30
38
59
26
97
0
41
35
121
2
54
70
19
238
101
31
224
205
40
66
30
195
178
122
47
45
90
48
9
49
82
57
51
219
31
31
94
43
1
76
50
177
63
27
152
9
13
96
134
134
12
4
68
151
27
60
38
129
195
226
71
86
70
66
3
151
3
127
105
187
30
59
176
219
23
201
110
56
3
20
146
35
122
2
91
13
67
41
36
10
22
54
26
175
33
90
4
36
63
135
158
181
41
58
68
18
29
123
67
50
6
2
72
147
72
28
151
220
19
138
121
39
17
224
126
167
16
1
107
160
18
160
21
100
20
66
96
136
84
99
9
1
3
37
93
25
185
61
24
187
185
100
135
12
4
75
129
69
7
101
204
263
133
74
67
128
40
151
111
190
4
115
81
79
11
0
1
12
17
137
45
127
9
103
157
5
88
138
236
86
103
34
195
86
1
81
38
26
23
79
158
168
8
31
246
68
260
171
147
12
182
122
141
199
1
51
19
197
118
3
32
79
77
192
61
180
33
27
23
28
19
227
38
22
1
97
86
48
189
56
159
16
1
62
131
70
88
115
13
6
112
88
7
62
252
247
18
63
46
48
51
115
50
177
96
81
73
116
135
161
27
171
257
172
49
227
21
110
104
26
40
232
11
118
19
53
267
193
38
46
101
77
39
72
154
34
161
10
235
19
9
82
35
31
40
161
226
0
69
123
21
74
39
86
83
77
166
241
73
195
271
64
48
142
4
109
93
140
159
68
35
194
112
120
8
70
226
137
183
184
165
81
43
9
31
81
167
157
34
79
13
156
175
123
45
67
87
52
12
79
53
221
87
39
163
45
261
234
44
67
13
15
53
71
224
54
139
80
14
22
37
38
152
23
21
174
60
172
160
203
87
103
7
61
105
10
149
35
132
186
57
12
51
37
34
6
24
243
115
140
101
0
44
57
29
140
17
262
125
46
126
191
122
163
163
46
25
85
100
173
22
93
20
166
19
64
96
36
46
16
137
81
36
195
272
21
62
56
24
0
36
92
8
8
102
30
105
124
4
3
75
10
177
78
160
19
165
0
116
62
154
9
126
90
82
234
177
0
89
199
172
63
10
45
102
133
284
40
5
199
11
91
48
182
8
41
116
9
42
9
283
202
131
76
40
122
169
46
145
53
49
231
36
237
117
92
54
72
132
67
144
277
125
4
64
222
159
1
0
224
23
274
29
37
16
126
4
1
188
41
125
86
30
273
153
158
83
98
89
39
82
9
74
54
157
95
136
118
84
20
237
132
256
20
0
11
36
262
14
70
0
248
73
142
117
54
1
3
11
150
130
56
171
50
38
4
198
49
28
154
32
53
47
87
21
169
189
36
68
239
32
63
19
5
100
117
23
122
7
32
194
49
73
140
86
37
170
7
41
29
7
11
282
13
9
26
33
0
10
40
39
164
223
186
152
41
13
178
13
165
47
231
66
22
58
137
269
82
35
230
266
169
231
44
37
45
85
94
89
78
159
216
52
176
10
115
59
3
147
257
138
80
92
21
167
69
260
232
87
34
63
69
259
65
9
47
2
34
49
13
37
191
116
68
57
160
12
13
35
86
169
50
68
29
101
76
160
164
247
3
40
82
121
89
18
24
7
5
2
79
121
107
208
131
41
83
164
139
95
92
209
121
70
79
238
6
33
82
133
157
171
121
223
112
57
201
113
3
45
32
34
230
15
148
66
161
4
143
122
8
60
187
25
246
105
2
173
55
154
249
119
20
43
80
75
74
68
2
113
189
39
54
248
116
269
28
62
86
50
122
15
31
237
25
229
20
102
22
205
72
86
235
48
77
216
17
32
240
97
186
8
66
276
17
107
11
122
137
67
3
41
255
19
119
43
173
174
123
65
12
73
270
108
58
38
37
222
88
56
15
56
58
174
193
166
8
94
207
178
56
32
131
24
123
66
208
149
153
76
40
121
236
14
7
12
71
44
184
107
305
75
42
22
45
10
119
141
31
133
215
162
87
147
188
249
59
0
34
19
134
14
37
56
13
14
3
128
22
240
162
46
89
173
2
144
76
21
165
67
119
246
121
8
69
13
177
128
25
31
127
61
61
76
56
157
165
301
8
80
292
40
296
78
108
177
97
56
63
108
63
58
13
232
224
61
78
218
95
92
29
75
24
195
136
30
17
212
94
34
276
23
113
10
109
42
46
179
316
178
8
48
138
95
176
6
172
74
58
81
183
7
127
308
38
50
6
187
71
175
34
82
28
83
0
53
15
134
20
10
256
164
47
122
159
1
215
63
188
52
54
279
53
118
140
165
2
171
46
41
93
175
2
62
162
33
8
47
171
226
91
237
95
45
7
42
271
134
68
77
146
215
29
27
181
2
174
117
27
101
104
206
273
162
17
9
3
111
2
264
226
281
115
315
145
35
138
64
279
228
11
119
7
181
87
153
216
201
188
23
104
16
159
230
114
0
2
273
111
52
12
204
2
121
316
42
46
125
22
147
125
102
2
87
207
90
41
184
161
38
167
28
84
16
40
26
46
1
101
265
100
130
91
118
169
151
102
129
172
42
40
222
52
177
20
69
215
198
0
34
146
9
105
77
33
186
279
1
262
124
64
45
220
109
48
208
225
304
72
44
284
45
160
107
125
316
178
194
134
193
97
51
109
1
1
218
85
45
40
20
240
171
121
223
113
4
8
219
27
92
242
79
4
0
262
14
101
14
207
68
269
42
88
268
74
66
332
97
77
71
13
165
203
175
255
71
172
42
20
7
75
2
70
27
83
78
219
171
42
96
132
255
141
248
200
1
24
282
311
5
36
10
109
150
80
38
65
81
157
59
16
276
44
101
217
142
140
2
40
52
125
140
178
263
19
209
6
251
70
172
42
58
44
1
67
34
117
23
82
215
112
105
266
114
137
195
208
30
19
121
139
63
58
9
57
71
112
73
11
185
66
5
17
45
9
4
301
24
25
31
48
69
306
293
1
59
132
2
117
44
165
11
33
51
78
65
329
8
77
85
60
261
8
191
100
0
59
4
33
95
92
81
300
21
20
42
84
98
149
23
5
194
37
157
64
17
222
9
27
133
59
218
37
98
139
30
242
7
39
201
62
203
1
19
3
327
102
287
40
7
269
8
117
103
80
60
65
79
298
19
119
44
189
54
140
149
123
15
165
253
124
78
101
130
71
49
46
203
52
48
134
284
195
64
12
12
56
22
127
235
85
113
99
58
200
129
67
22
248
172
150
11
27
235
34
153
173
71
126
78
25
133
182
76
184
25
52
20
65
4
188
123
132
6
269
170
129
143
306
3
166
273
20
243
14
243
104
8
171
146
0
46
111
4
197
110
97
24
136
38
130
69
329
29
58
28
102
128
3
194
58
156
91
289
66
35
212
217
103
31
79
317
236
91
2
13
164
117
34
66
129
107
48
34
223
95
276
128
116
13
3
175
210
41
41
41
1
78
120
40
191
10
66
88
136
151
114
38
54
33
59
57
35
9
238
155
174
188
145
8
44
214
11
119
15
33
64
11
57
121
28
114
158
106
40
22
165
74
15
12
162
188
345
138
87
147
136
48
282
24
180
21
221
111
84
97
91
299
12
18
27
158
168
26
12
184
152
32
97
170
108
26
101
220
344
5
9
39
6
115
179
5
11
45
30
162
81
248
216
173
234
175
9
88
11
52
10
56
21
207
107
72
288
138
18
183
78
122
151
44
226
108
10
43
184
255
34
248
273
202
97
112
89
102
90
179
145
61
23
29
32
311
66
190
260
13
176
273
13
64
145
20
83
345
28
63
266
72
231
62
265
193
198
52
7
263
3
149
112
295
195
46
90
22
163
251
8
150
258
80
330
30
19
6
37
104
138
107
89
249
278
82
12
4
4
46
101
81
237
184
220
11
77
55
128
90
43
86
73
36
92
205
38
37
41
236
333
172
220
297
43
237
126
123
190
26
243
47
156
141
30
59
68
20
178
23
43
30
16
158
147
257
140
185
2
81
62
255
233
260
155
29
254
36
268
308
213
94
86
199
223
72
243
59
15
84
241
165
285
85
243
235
1
236
272
227
280
46
121
152
170
113
174
44
259
77
151
45
73
85
0
247
43
183
89
187
48
68
61
225
6
103
241
139
1
31
72
126
206
208
176
231
152
167
233
235
59
5
70
33
70
69
226
235
97
20
28
201
99
243
65
90
64
196
161
150
104
176
51
32
39
60
9
344
33
130
49
123
175
230
271
173
46
71
23
233
132
337
14
312
282
135
56
260
297
52
194
40
112
6
209
38
300
5
150
133
150
119
159
119
120
220
9
294
291
141
2
142
267
168
72
173
189
18
37
141
123
10
234
50
29
3
197
130
223
134
244
46
108
85
2
144
49
1
81
131
203
33
1
70
67
6
4
112
50
67
13
41
98
163
42
76
136
139
58
47
190
175
268
26
17
105
78
30
132
100
3
103
14
28
108
43
160
4
64
148
6
204
115
4
21
97
121
151
93
3
64
214
153
39
42
258
236
106
52
39
35
21
156
121
107
60
259
21
273
187
103
216
298
68
211
29
82
142
58
10
108
322
83
40
0
166
41
21
93
258
284
18
14
98
244
112
5
332
2
228
18
64
93
19
202
123
12
109
113
191
18
42
63
126
136
82
259
190
163
161
41
349
91
246
53
43
40
3
13
250
233
24
113
0
27
7
131
2
109
317
10
84
111
8
48
5
93
58
131
79
25
110
228
153
60
38
96
37
48
46
31
139
52
6
80
48
74
28
234
46
40
29
195
61
51
10
14
53
79
136
58
74
0
197
30
4
80
45
227
196
329
90
333
83
60
21
27
197
21
297
1
22
14
164
120
23
56
79
91
21
29
370
19
143
125
102
155
24
158
232
140
10
361
12
68
50
1
45
131
65
302
91
191
262
296
48
61
130
72
11
298
26
14
112
180
6
74
376
215
82
183
103
133
178
10
49
187
164
153
189
305
4
213
95
248
24
241
67
372
3
49
4
71
10
117
28
83
12
97
308
335
37
275
206
73
37
131
224
258
14
18
33
262
32
21
5
62
41
143
3
77
10
63
7
33
116
293
246
293
175
138
94
263
14
21
55
338
154
19
186
88
150
171
21
15
4
7
105
112
18
24
100
107
53
46
293
238
214
171
48
97
48
103
222
31
130
50
138
246
22
183
85
19
13
188
367
47
353
163
23
4
37
184
155
118
143
36
21
180
76
130
21
167
14
5
166
73
112
127
18
4
75
173
9
206
17
96
66
2
123
100
18
62
57
140
18
215
82
335
39
1
29
54
169
93
150
248
202
202
12
90
142
129
100
303
344
15
145
60
213
224
41
323
15
3
112
270
300
290
162
0
39
83
119
359
57
30
2
224
123
46
127
341
171
152
275
220
97
117
83
0
195
24
150
109
274
76
197
60
46
188
5
21
33
43
321
1
262
143
41
144
178
106
188
251
32
136
208
20
59
132
195
189
17
79
7
28
39
242
169
211
185
350
82
34
43
130
257
130
262
75
17
17
5
61
140
42
23
66
186
93
22
121
100
21
3
306
15
77
332
380
121
94
216
55
30
67
54
230
289
312
203
2
184
361
102
103
58
194
265
154
318
235
185
131
373
205
2
231
1
130
137
60
183
125
150
55
184
341
312
0
3
25
200
112
28
167
22
213
61
111
118
260
53
8
47
3
260
7
19
336
39
260
71
14
60
29
83
181
0
276
40
136
24
32
161
84
151
23
289
118
90
81
26
2
199
5
5
218
255
148
292
33
43
234
239
276
24
313
250
161
52
88
73
52
26
131
150
178
34
81
118
183
140
292
97
43
293
143
24
387
33
6
135
292
207
146
42
11
99
292
10
75
9
92
11
38
125
99
0
90
11
87
16
208
38
167
19
206
79
104
45
19
0
288
35
2
2
43
18
219
38
135
122
82
200
32
151
127
159
22
82
251
187
127
96
286
102
33
229
170
210
22
85
134
216
153
264
1
211
205
120
43
177
247
99
55
130
60
112
216
13
199
19
10
181
44
230
28
106
10
36
51
84
252
2
170
111
230
396
47
6
208
240
39
30
224
209
148
99
94
124
161
237
266
269
39
23
37
347
6
192
13
61
103
230
21
281
51
60
27
212
47
42
302
121
106
129
70
88
22
116
101
109
58
135
18
42
3
104
113
193
220
251
26
398
18
73
122
185
106
108
6
260
84
107
41
118
195
4
92
112
264
165
318
30
282
94
319
58
52
43
31
50
189
255
59
70
115
27
290
28
13
123
142
150
85
8
365
276
44
150
68
102
233
30
39
240
58
105
26
120
53
49
42
93
185
280
225
203
124
93
55
79
17
273
49
61
169
10
146
32
81
25
0
1
214
193
222
96
104
79
82
16
7
14
79
66
35
77
152
157
208
26
59
120
261
10
94
45
33
363
206
233
38
283
279
118
224
219
170
14
161
187
76
324
91
300
40
294
28
26
99
259
17
332
49
76
135
9
223
14
323
14
70
107
223
219
318
169
136
8
9
359
3
93
244
66
304
207
265
262
217
125
251
59
194
296
5
208
167
56
250
65
270
4
136
23
69
119
116
186
17
122
308
170
93
49
14
13
41
40
291
82
294
334
147
260
53
90
92
87
8
46
217
373
56
266
365
203
216
90
369
28
126
69
211
166
36
37
280
35
40
243
259
93
161
36
9
202
29
356
223
253
261
100
344
229
60
399
180
12
27
1
81
368
256
14
112
1
18
34
67
240
5
37
226
98
81
209
189
141
3
112
74
87
304
358
28
126
104
187
120
149
149
278
91
31
44
9
0
272
306
26
293
11
90
301
133
18
229
15
166
370
66
28
412
234
351
4
4
347
256
209
21
394
27
204
190
172
27
77
114
160
1
86
157
14
47
115
21
294
0
279
98
263
121
44
133
415
53
70
256
369
276
128
69
152
265
14
142
422
135
76
349
116
320
37
240
160
305
187
228
165
260
149
170
86
161
6
15
27
34
42
94
31
227
129
24
116
10
102
240
135
6
134
53
19
22
257
204
223
103
226
44
53
12
184
47
332
68
24
189
64
50
24
14
2
256
192
241
239
43
187
305
144
73
234
220
5
3
32
116
273
219
28
8
13
146
254
54
400
45
354
342
89
50
363
339
184
153
185
294
58
246
156
245
15
25
382
220
170
1
210
57
191
78
181
165
0
263
428
298
25
48
296
27
183
337
164
308
340
125
28
62
152
76
104
33
200
125
91
21
6
2
204
272
155
192
247
208
36
136
67
187
47
9
350
51
56
13
84
96
28
249
91
17
12
178
223
31
275
3
7
20
91
201
21
38
84
12
39
12
171
65
68
201
65
251
159
197
6
41
339
11
21
174
86
209
34
26
282
257
46
72
6
300
253
32
27
32
218
155
229
5
176
184
167
5
144
10
213
367
214
16
177
146
197
35
256
200
48
154
238
86
144
11
127
53
5
7
36
5
27
346
27
37
2
6
14
48
84
7
265
125
196
319
12
47
159
183
20
92
83
297
4
4
346
110
39
175
342
59
114
358
103
307
169
99
364
324
262
200
58
25
201
108
290
422
34
356
288
13
41
240
51
61
152
93
115
69
225
98
32
236
246
38
130
158
17
112
33
35
263
12
89
4
49
199
170
12
13
1
0
8
50
79
31
106
15
236
343
1
2
85
221
220
113
255
146
134
185
330
87
270
72
271
46
279
10
147
274
136
73
188
141
308
386
253
220
110
125
210
64
400
419
55
38
372
52
16
8
99
152
387
1
260
174
5
82
40
2
289
346
3
144
104
310
17
242
176
24
88
45
49
110
63
196
36
23
8
398
62
133
40
183
235
31
12
298
188
86
148
102
48
14
348
361
144
86
6
303
306
10
26
343
219
367
4
118
358
169
34
43
225
214
261
190
344
103
106
407
291
58
350
19
14
28
1
198
170
413
128
47
69
272
147
182
179
1
90
84
28
200
262
28
22
13
144
105
175
338
132
102
297
157
371
13
34
179
115
260
338
194
25
14
20
112
22
393
0
3
28
348
204
12
14
225
257
188
40
235
143
32
224
249
59
352
140
449
0
122
252
15
49
6
235
398
24
4
39
377
242
31
171
111
305
12
55
30
147
43
192
277
17
7
37
206
71
112
62
23
179
308
273
209
3
65
317
2
47
301
228
45
90
276
177
73
353
56
135
53
163
149
184
73
7
307
16
47
155
7
276
20
359
190
159
215
123
56
100
284
54
42
227
193
90
234
1
7
283
12
220
338
302
180
3
131
28
361
391
313
8
340
87
75
225
26
4
31
1
64
186
219
103
46
300
216
30
218
124
363
115
145
37
265
109
43
0
320
40
82
254
74
22
31
101
95
3
399
382
62
344
5
25
215
52
6
78
99
106
7
217
91
80
312
97
340
178
68
192
165
20
14
299
188
51
331
66
205
337
173
16
24
23
19
441
122
121
97
132
125
285
329
39
224
216
63
156
38
30
419
26
388
67
248
94
60
5
86
81
293
315
31
232
176
105
212
165
311
402
95
296
208
128
133
93
247
448
157
81
126
70
215
14
164
48
322
24
311
43
258
285
55
58
301
88
348
134
52
25
11
126
264
150
360
187
8
202
28
35
168
35
48
303
312
406
137
157
172
212
393
153
123
245
51
377
116
175
17
289
60
218
32
97
57
90
179
36
434
66
139
325
101
284
228
303
224
57
143
392
52
396
188
113
374
310
6
263
60
174
230
400
349
157
392
64
4
52
216
9
230
59
7
74
101
382
55
358
103
47
133
58
293
6
253
119
6
397
41
60
310
274
158
6
48
14
1
190
384
249
362
48
328
270
332
342
94
176
39
164
270
13
247
393
160
148
5
128
99
22
3
235
23
294
42
3
203
24
280
132
43
187
50
125
206
107
279
242
229
214
32
116
95
29
188
5
109
313
338
216
394
269
1
222
288
69
33
96
244
271
183
5
116
400
130
143
17
382
95
95
328
12
48
195
183
142
1
36
404
210
48
58
156
227
326
67
2
241
90
295
33
224
82
13
52
153
45
1
203
94
179
248
21
148
4
337
137
418
37
457
83
63
84
49
35
17
232
243
109
167
71
93
47
14
130
191
232
276
51
269
102
155
55
263
146
307
26
29
72
111
92
397
73
174
343
137
262
24
0
91
269
55
27
11
356
66
47
466
113
106
29
83
97
28
2
395
178
272
17
295
181
314
126
23
120
234
62
7
334
116
193
6
73
312
84
227
324
23
35
198
279
63
163
38
85
112
188
63
345
20
419
291
9
189
4
174
27
1
14
25
160
252
21
29
72
27
92
183
59
98
14
8
7
20
45
78
147
280
393
187
118
197
151
119
108
190
20
152
430
43
240
0
142
360
53
132
137
32
262
32
227
28
57
395
87
31
32
60
204
61
14
10
5
153
4
162
37
3
79
142
261
13
241
48
2
59
79
300
40
89
187
59
121
80
81
24
39
97
267
51
32
66
397
15
128
108
84
124
284
124
77
14
186
255
242
310
91
361
245
11
26
30
91
92
284
5
9
313
78
412
47
407
38
479
41
189
9
7
22
31
189
53
89
368
4
7
304
377
365
263
155
114
399
240
153
3
373
36
408
0
64
0
29
168
217
21
62
102
136
329
235
146
318
32
90
19
123
415
107
4
277
247
177
207
24
148
84
312
174
101
4
414
80
256
271
47
52
53
28
224
281
66
56
25
303
297
79
14
86
0
5
115
127
139
38
298
353
48
7
218
19
162
389
143
105
25
81
430
426
338
41
123
3
213
109
96
211
265
15
392
243
359
49
220
152
295
9
39
268
87
32
208
163
166
365
143
144
206
393
2
283
251
175
316
73
306
378
295
4
302
232
355
142
153
142
374
35
36
19
159
158
276
41
271
38
179
132
114
52
41
209
70
31
65
218
202
57
494
202
62
222
33
242
5
59
56
1
30
174
37
84
51
411
129
37
402
464
210
350
3
218
56
252
4
381
375
11
53
24
3
117
115
396
338
315
218
338
305
30
157
436
69
16
76
54
34
27
152
470
244
12
5
15
22
99
412
63
16
256
209
133
255
346
120
150
18
19
65
80
166
15
253
35
156
83
132
31
255
65
95
6
124
149
183
43
13
86
413
59
14
109
36
183
173
317
160
6
446
37
276
22
14
3
36
248
252
407
157
458
405
2
7
263
138
256
135
90
219
73
91
236
266
149
368
3
111
228
124
389
352
58
84
137
198
91
1
60
215
13
255
291
37
244
221
15
6
61
57
2
261
284
10
268
263
314
3
1
461
64
2
13
165
55
54
229
86
55
13
233
252
146
354
171
378
80
158
317
8
153
265
413
111
13
81
58
123
335
375
83
452
254
432
55
52
491
198
205
316
2
207
75
3
128
204
94
20
216
163
272
239
374
41
101
438
192
92
77
155
238
218
9
240
202
108
322
209
91
379
137
82
81
133
40
145
209
7
172
14
135
330
6
136
17
29
245
305
294
131
84
180
11
26
231
204
0
55
289
76
239
69
108
176
78
115
266
290
408
365
145
0
211
373
86
185
279
194
4
70
249
48
15
78
123
46
36
24
110
177
390
352
215
16
122
157
362
272
369
376
167
37
14
221
213
108
123
17
17
89
133
133
22
85
338
66
148
387
52
108
110
37
284
172
8
384
418
137
57
81
82
13
6
44
331
110
2
169
405
177
116
87
192
158
327
287
324
194
336
56
339
108
39
17
68
205
184
123
52
19
38
12
387
357
35
97
293
69
34
414
51
115
27
160
292
389
184
46
58
360
6
133
79
250
19
51
39
99
75
11
368
81
407
353
214
68
232
308
106
408
171
273
213
100
321
15
318
170
264
190
54
165
13
70
84
258
158
74
68
6
392
289
217
67
188
116
101
120
251
97
10
42
104
28
95
357
40
129
14
58
497
81
203
503
98
173
461
140
111
139
36
153
465
111
477
158
176
395
126
14
345
225
192
382
16
220
0
82
13
207
167
139
281
68
51
74
519
184
70
134
116
294
490
28
242
113
50
149
22
75
50
43
401
263
164
426
137
353
307
157
108
1
29
129
155
314
262
189
479
269
18
472
69
297
133
76
83
158
5
78
302
105
118
375
116
87
120
450
236
192
267
255
65
75
243
216
118
112
23
337
377
282
405
1
4
58
61
113
127
178
269
40
292
200
6
230
39
256
7
155
4
254
445
39
172
331
115
22
85
479
2
28
267
63
392
26
22
65
8
188
286
83
216
140
268
215
305
14
45
104
313
3
251
455
113
84
299
80
128
61
26
15
35
58
174
161
20
95
157
293
100
265
289
4
10
191
101
101
76
124
253
128
422
87
62
68
356
366
179
386
169
325
6
312
210
65
451
325
50
187
164
230
67
237
369
342
62
45
62
206
185
192
177
11
236
51
71
267
102
23
7
196
93
457
146
182
90
98
163
308
215
92
5
98
351
26
77
88
99
369
10
63
136
65
242
154
489
209
382
81
18
478
119
304
330
443
319
285
426
54
32
5
233
40
26
363
287
400
373
242
128
308
76
195
40
102
129
51
418
225
45
7
199
179
227
204
24
303
142
95
136
120
55
41
149
89
321
381
338
41
284
1
47
137
253
329
150
250
3
403
178
42
325
86
282
513
349
145
367
269
111
36
30
470
168
516
275
203
119
23
42
24
291
202
52
260
9
168
139
315
196
141
335
133
49
30
276
216
328
68
12
175
20
527
115
76
158
331
227
424
258
157
135
65
256
243
464
4
90
21
154
238
23
434
138
42
3
373
74
265
183
172
139
11
32
20
14
3
69
17
313
132
387
18
55
212
234
152
450
83
24
103
111
282
60
25
76
435
79
299
234
210
4
216
389
60
192
215
273
121
134
121
420
252
248
422
259
218
10
172
91
404
288
221
299
420
315
275
41
396
78
433
466
301
77
74
29
152
395
309
439
221
392
18
45
19
392
44
132
214
98
4
420
258
1
409
155
86
430
221
102
312
417
466
65
245
4
35
22
237
36
61
9
40
51
206
49
389
123
124
138
389
358
117
68
221
226
247
52
460
151
54
252
417
22
17
93
125
7
526
113
27
47
118
364
55
391
132
160
342
100
184
1
119
114
127
318
63
15
315
123
83
169
479
108
197
17
255
237
78
271
269
77
81
13
133
138
16
227
1
49
14
93
26
8
65
115
15
69
204
48
11
19
16
119
145
80
60
390
129
452
76
284
133
483
136
332
393
222
187
57
152
61
369
106
89
232
234
31
436
355
44
90
42
24
364
284
186
302
51
236
0
189
208
160
467
132
104
69
429
185
178
147
47
58
29
15
453
37
362
183
58
93
62
254
3
91
46
383
53
38
406
228
80
154
27
307
274
391
309
34
112
262
1
60
379
278
20
448
301
125
223
235
86
209
66
70
496
135
216
253
269
369
62
364
165
326
439
193
156
70
271
218
98
271
300
128
256
200
262
80
200
54
41
69
203
281
19
245
81
288
435
273
140
12
349
0
184
204
418
401
363
33
183
68
470
58
71
71
246
299
170
33
59
83
90
357
301
435
248
43
146
453
444
156
204
298
152
271
70
65
14
192
426
179
188
209
43
66
62
186
183
11
15
65
71
159
267
89
85
253
100
198
13
469
18
72
0
414
163
27
25
322
108
285
0
389
66
110
180
145
148
417
64
41
316
35
170
272
0
219
292
307
172
313
359
33
192
3
119
354
312
5
79
411
338
545
431
95
114
50
21
22
332
416
43
500
186
165
5
13
369
57
206
5
193
308
494
27
317
107
362
135
149
35
147
514
376
415
44
403
54
289
134
219
116
300
236
84
303
174
65
305
7
64
403
350
116
227
29
31
152
315
19
105
182
11
6
2
175
404
367
4
3
245
126
75
79
146
6
79
195
29
548
41
78
1
315
121
270
548
1
317
119
112
78
146
163
251
454
281
500
71
79
394
124
36
185
386
0
191
90
14
168
463
211
17
337
75
34
115
100
440
74
367
184
91
120
3
31
34
247
314
485
233
307
169
137
192
39
59
122
85
165
265
395
506
68
340
173
7
287
423
218
227
182
150
204
314
11
105
413
139
62
103
407
54
115
19
394
455
210
540
57
234
71
37
18
24
0
425
514
311
177
353
388
147
129
87
394
7
420
355
1
62
354
415
11
194
246
66
384
187
12
77
120
16
66
61
9
335
18
37
82
50
43
464
41
55
485
15
4
114
54
123
95
112
271
67
112
301
2
10
225
89
219
287
384
66
30
423
79
94
224
461
129
54
128
262
472
152
392
442
467
383
513
84
3
124
336
14
232
0
179
28
56
384
376
84
11
233
335
3
93
153
137
50
127
84
3
494
290
130
243
199
171
66
48
493
32
244
141
195
129
23
241
110
396
399
257
95
68
165
22
71
99
69
300
38
40
2
357
226
126
2
155
115
68
72
121
154
143
118
31
346
90
205
165
298
6
255
60
63
48
211
263
286
372
169
161
237
483
350
131
118
246
280
50
296
156
132
472
58
139
338
9
7
23
247
141
43
480
33
166
83
212
349
153
106
420
62
29
383
169
104
58
56
297
94
397
46
37
43
11
242
44
53
8
161
196
419
167
125
228
187
211
170
401
12
78
458
402
97
288
96
411
498
7
26
140
74
135
137
68
157
422
80
168
327
66
252
38
249
3
25
72
42
272
306
209
74
20
237
45
39
4
382
8
386
106
193
402
27
133
6
154
208
194
303
96
364
145
5
66
198
446
238
173
41
45
419
37
313
393
262
218
167
39
50
47
142
78
78
18
169
16
61
8
82
164
116
87
109
238
116
472
489
259
245
346
45
472
336
7
247
84
406
255
130
364
397
5
397
8
303
22
42
54
206
462
21
32
15
4
145
45
107
226
21
488
414
282
38
61
231
220
246
76
8
212
52
234
508
37
574
47
379
319
48
227
405
57
324
440
338
194
469
49
136
119
60
491
197
14
2
3
247
250
393
151
405
139
253
190
4
434
13
314
75
158
1
432
258
153
49
153
253
7
380
4
378
51
10
357
301
82
116
6
273
163
453
448
28
460
71
451
520
167
486
189
373
400
227
29
17
120
1
392
59
1
183
316
175
69
127
42
179
127
408
56
340
52
527
258
309
312
4
268
214
260
137
93
506
30
7
45
361
544
254
366
232
6
304
45
8
17
242
223
190
77
103
132
27
536
123
387
98
394
77
458
76
86
221
421
424
184
373
93
38
18
63
263
359
150
13
142
205
414
436
185
43
116
388
16
231
207
110
197
118
5
26
50
240
18
10
455
240
274
233
426
400
154
182
416
168
381
276
262
172
221
110
121
218
173
230
130
307
8
179
320
68
53
194
315
68
156
155
2
30
486
29
160
401
33
429
61
216
85
422
212
578
408
307
311
198
198
277
93
243
258
347
1
83
271
288
46
465
360
262
164
68
179
213
171
41
15
169
293
523
293
11
76
104
202
226
196
46
505
241
299
279
232
246
186
43
267
400
63
78
59
197
329
92
407
239
79
5
164
43
27
423
378
415
306
537
328
511
31
66
144
59
368
282
366
8
141
236
205
45
94
425
265
38
114
320
42
55
0
10
14
365
0
129
213
22
41
92
14
78
91
561
430
487
589
593
204
375
342
185
91
152
9
6
202
160
423
61
241
231
375
359
335
52
303
160
52
19
29
527
357
545
77
45
186
85
47
558
329
55
149
232
152
236
449
155
346
486
367
110
9
211
34
307
335
406
149
247
583
276
191
34
20
137
441
349
213
71
242
143
269
210
43
181
171
181
383
201
118
282
268
162
580
188
204
537
56
43
8
366
98
150
59
431
53
19
264
199
484
1
433
26
307
165
225
471
2
147
235
294
159
46
296
8
211
67
211
58
250
162
573
209
69
79
331
78
107
56
7
122
155
81
75
321
11
162
416
280
211
296
107
65
29
270
186
478
311
131
140
362
213
37
1
337
16
228
350
99
323
5
37
197
254
202
261
216
63
304
218
81
24
305
41
242
541
288
11
99
6
69
152
268
184
125
337
594
386
18
387
226
258
279
59
525
318
137
357
235
335
70
160
165
73
357
230
124
25
195
62
262
1
56
225
70
122
94
251
500
223
74
323
187
41
520
47
2
422
141
349
2
8
377
388
446
306
8
523
129
468
409
414
47
17
270
95
262
431
24
19
188
37
5
184
16
458
475
83
126
537
59
7
32
278
181
251
394
71
147
42
53
374
142
131
308
174
31
179
255
48
388
89
382
159
510
43
201
169
214
231
533
18
132
1
14
40
208
63
8
9
407
595
491
188
48
277
16
14
67
119
121
98
57
32
219
84
176
77
24
416
399
303
88
274
202
256
275
259
441
263
132
46
11
204
4
405
213
8
108
5
378
538
330
127
98
18
367
108
260
209
126
539
2
45
70
314
77
217
609
459
161
438
21
266
152
8
58
343
36
287
7
230
37
255
183
209
23
435
173
120
44
224
171
211
45
110
444
256
15
38
101
254
104
7
546
8
60
278
182
94
102
131
400
274
98
263
4
69
40
158
290
200
277
322
79
55
1
450
364
1
8
59
117
120
390
299
98
4
189
468
1
213
112
243
212
222
154
389
158
331
171
110
86
221
456
133
435
469
38
431
33
174
2
433
403
536
248
17
14
208
329
72
154
465
3
539
174
138
166
480
198
195
207
69
80
191
381
158
563
115
121
137
7
35
6
142
207
63
62
19
307
29
203
149
590
9
80
379
29
68
28
213
206
461
40
510
14
314
119
267
9
353
152
148
20
140
53
33
384
19
400
214
422
29
477
433
43
83
35
568
146
184
411
39
33
301
172
79
418
332
381
59
60
438
22
270
338
435
188
96
110
18
483
492
137
166
24
27
5
232
339
347
21
118
9
343
491
634
18
246
453
91
169
286
192
109
159
113
66
246
256
55
87
309
326
103
11
73
493
211
30
476
165
82
109
140
44
119
256
388
153
554
550
415
17
133
40
450
223
310
73
121
264
3
126
248
222
56
188
76
2
83
192
254
100
184
263
454
70
59
19
209
32
247
54
102
44
5
330
545
11
71
375
162
78
269
23
93
36
84
61
42
81
132
378
46
2
429
109
135
275
328
203
295
135
433
91
102
84
202
99
132
517
386
270
30
18
282
415
153
390
285
160
468
524
210
438
222
310
224
80
304
389
35
186
491
156
74
359
170
92
291
172
80
211
64
12
575
68
270
200
160
47
78
24
288
16
67
166
64
524
188
293
129
66
338
147
85
472
402
8
73
273
172
170
69
173
41
206
531
384
72
34
217
133
108
12
28
127
58
247
148
26
30
33
91
285
148
203
8
354
16
234
328
104
330
566
21
23
94
498
281
13
222
288
194
51
141
299
520
318
26
249
370
134
94
84
27
177
81
415
97
132
140
155
5
117
80
113
495
255
241
379
356
205
24
30
132
55
6
73
180
99
92
317
474
355
100
53
246
195
375
11
45
388
92
24
504
104
523
14
39
23
296
208
64
266
47
172
55
138
298
156
29
0
620
167
313
10
400
365
392
24
95
82
143
237
436
121
346
116
165
229
219
1
27
90
108
128
35
181
57
199
26
56
239
243
124
116
15
68
572
10
99
266
52
106
96
37
121
284
8
128
19
60
65
30
32
379
55
48
433
148
377
45
6
171
564
187
40
73
398
11
67
402
0
173
81
29
130
40
9
401
113
71
624
11
12
131
336
9
44
140
403
339
559
10
75
111
111
119
282
77
27
60
230
198
32
311
138
441
275
194
471
78
93
623
356
121
125
21
336
499
460
422
197
307
64
410
66
17
98
110
367
440
51
351
344
42
450
27
23
361
18
176
426
71
181
17
9
444
87
128
266
247
265
466
87
170
139
568
84
141
49
358
565
5
149
23
19
100
323
94
100
52
4
235
137
165
31
466
135
398
337
50
204
101
206
324
536
117
54
116
628
442
186
1
39
411
62
171
304
482
364
97
19
269
20
126
336
175
87
163
468
571
169
353
484
197
58
299
75
254
80
361
152
10
204
353
381
15
144
53
395
41
52
434
29
5
238
438
2
6
280
71
19
76
144
144
32
615
523
362
10
412
622
378
248
467
23
508
59
137
495
77
225
26
270
343
210
2
45
416
13
511
293
15
291
17
245
243
172
175
205
62
526
56
304
112
3
205
243
377
447
83
664
374
131
309
384
22
423
103
14
273
4
22
63
350
318
13
303
226
323
165
367
502
47
217
184
187
139
629
253
105
641
334
216
457
106
517
277
23
0
306
210
308
45
467
209
633
643
304
346
69
261
150
120
7
157
346
33
130
461
606
195
138
114
32
349
367
520
60
445
58
8
181
150
314
210
423
435
121
275
74
525
206
120
16
213
349
379
68
40
466
0
177
10
52
59
295
120
158
572
231
199
502
14
25
367
503
71
27
33
494
26
278
0
238
589
113
533
452
230
108
555
187
318
521
84
184
23
123
581
530
151
123
296
224
100
549
414
267
182
128
285
346
98
431
370
30
14
138
148
347
225
32
87
237
1
512
598
541
194
136
160
152
206
365
47
192
99
20
9
9
191
70
298
209
56
402
86
73
159
39
155
351
416
601
276
136
233
132
450
270
201
522
479
243
210
46
51
88
476
43
391
279
51
426
237
390
106
341
188
71
97
165
1
472
7
132
29
203
35
163
609
212
367
280
276
494
242
352
208
446
11
132
494
159
126
95
188
464
330
300
21
271
16
123
354
186
100
529
489
493
507
92
137
78
192
321
438
88
17
565
83
19
535
81
153
248
388
23
311
114
36
275
221
139
349
61
56
205
601
289
381
50
165
82
90
222
12
435
384
251
55
486
102
159
530
241
556
54
68
544
10
221
92
14
150
4
386
296
371
493
9
384
577
10
9
478
25
570
169
91
344
148
498
170
5
175
209
316
203
118
194
107
566
370
449
269
68
168
163
72
14
397
1
231
353
36
466
310
232
15
358
673
85
53
23
242
381
393
93
347
113
26
125
83
173
75
88
14
31
396
63
130
369
17
186
309
291
47
200
77
322
236
195
445
115
58
96
170
125
230
78
325
83
426
226
66
84
251
40
240
18
242
204
461
58
547
175
33
30
0
260
341
250
46
134
54
146
195
175
660
606
239
429
201
533
29
8
14
108
8
379
104
330
104
105
101
382
315
364
34
38
33
185
615
8
82
292
149
307
479
96
622
399
289
636
474
9
214
96
594
43
93
94
156
309
56
377
181
539
46
92
44
306
241
119
259
3
218
101
259
226
368
94
519
47
493
70
22
463
2
505
167
31
563
35
389
3
667
71
200
100
588
12
52
432
318
9
290
483
305
99
449
115
661
39
300
75
183
90
547
171
9
611
76
520
83
375
366
183
53
342
543
402
231
159
4
675
147
349
9
376
113
90
19
221
149
210
193
184
181
530
317
497
614
195
78
303
417
246
198
330
610
6
205
59
43
247
71
487
18
85
364
149
21
12
16
401
355
223
276
535
44
553
160
390
18
8
66
104
89
415
70
365
627
12
229
167
80
387
124
237
431
409
608
151
9
89
9
240
390
305
60
111
123
74
68
97
43
60
455
5
6
3
152
76
461
220
450
264
175
191
58
81
180
387
1
235
5
197
240
124
3
141
290
7
6
127
369
79
26
399
93
236
392
29
423
62
325
421
314
198
104
7
495
275
224
14
443
65
116
52
197
539
0
74
264
101
512
36
163
404
23
358
413
98
418
19
17
339
62
452
194
71
154
218
49
536
47
277
70
98
16
173
218
384
12
136
19
70
365
479
153
77
118
193
30
40
342
646
76
562
149
663
236
129
552
48
41
696
434
153
108
355
208
376
66
25
32
67
225
217
223
40
386
12
87
163
476
131
94
102
217
73
13
45
156
169
131
288
379
625
41
681
86
91
16
21
50
275
397
18
34
131
12
25
218
13
97
181
157
263
105
498
416
58
119
136
4
21
162
662
74
29
93
213
42
129
39
241
12
301
93
278
252
35
123
335
234
136
548
117
264
171
147
25
82
342
241
363
35
237
21
235
506
210
113
573
85
29
613
222
277
119
44
160
273
73
293
371
95
170
75
186
282
42
73
469
214
135
453
152
223
66
465
585
19
2
166
246
50
97
364
1
29
3
82
36
19
634
170
144
67
388
240
68
243
98
460
3
380
191
11
256
156
129
668
45
269
133
470
231
683
213
464
156
28
29
35
47
24
691
599
555
123
477
327
16
64
15
264
129
619
17
103
1
285
366
579
90
188
420
24
44
495
112
263
416
462
36
130
377
90
276
180
99
72
474
86
585
37
60
242
160
56
34
447
262
664
51
20
408
6
609
44
146
440
290
358
53
97
550
38
316
84
10
226
17
639
521
68
389
115
300
114
17
108
87
430
239
276
22
707
372
433
36
339
173
203
144
88
40
273
47
97
94
605
499
216
56
74
611
572
75
23
35
219
608
249
415
127
338
225
67
29
122
384
26
75
46
157
155
461
75
75
146
48
107
716
225
381
138
303
20
21
284
201
279
98
2
512
299
326
36
226
254
229
13
55
239
195
380
468
212
689
140
122
35
210
367
302
347
164
230
570
85
126
153
97
124
43
614
325
106
226
152
70
406
20
683
174
24
304
139
242
37
391
9
156
0
7
583
704
67
229
242
231
573
176
290
115
265
305
397
4
484
41
44
447
120
314
49
432
566
339
389
516
105
128
333
370
21
401
26
314
386
239
360
212
668
425
329
319
11
715
202
107
434
61
450
276
343
64
102
222
537
263
10
213
132
216
297
191
344
450
5
226
97
301
26
27
148
220
475
63
459
171
91
42
203
131
304
61
27
21
181
305
554
291
512
149
37
478
5
155
212
79
17
235
108
266
17
179
379
136
123
453
176
143
6
488
615
31
306
258
5
484
340
426
225
90
8
709
161
19
420
191
11
168
3
2
11
23
422
286
102
233
230
356
611
369
54
297
246
176
272
22
2
44
234
450
15
338
46
109
430
181
395
367
32
71
209
117
1
309
537
318
604
330
79
57
226
92
164
202
141
434
530
7
15
399
479
527
219
266
309
6
450
243
628
483
22
581
128
60
213
44
579
188
591
477
356
238
98
155
56
92
12
345
99
194
440
126
45
12
571
95
281
236
52
71
437
303
88
196
228
12
198
172
313
206
607
55
550
364
594
425
38
286
727
6
83
255
505
6
212
474
307
88
295
134
12
125
269
199
132
240
119
42
346
453
171
455
285
473
365
68
108
297
280
185
236
70
573
279
117
428
316
46
529
24
52
289
358
473
368
103
497
143
5
196
320
69
15
222
101
378
135
22
89
98
96
44
208
40
25
35
135
50
32
129
372
368
701
434
34
393
492
2
131
617
15
229
436
2
90
429
274
98
19
51
2
124
75
435
216
304
527
4
239
73
10
160
348
569
116
403
188
257
7
106
294
52
262
76
156
43
371
360
465
18
369
576
284
49
73
104
6
16
137
278
23
68
111
302
498
54
35
127
410
644
184
531
262
309
234
657
389
125
567
312
101
44
467
82
251
46
101
466
11
189
638
747
444
4
406
57
503
8
3
255
610
10
430
4
29
126
281
121
506
191
27
134
516
97
187
150
39
386
322
47
24
127
714
403
132
137
31
85
54
176
167
226
120
118
569
380
198
697
497
43
520
1
687
57
146
162
385
312
535
140
328
191
4
600
277
449
16
587
22
280
16
294
295
29
690
137
333
139
288
396
664
91
652
95
427
343
570
145
225
280
145
299
76
3
43
484
505
9
175
9
308
178
85
421
3
44
459
176
643
29
131
338
566
362
682
419
95
406
293
17
412
457
123
118
142
65
33
300
65
84
386
30
15
279
17
526
2
40
85
600
522
54
283
53
22
425
33
603
13
368
20
48
50
312
60
100
309
50
457
460
350
31
5
108
142
246
537
364
241
50
85
740
648
254
505
169
60
702
18
335
145
21
127
531
488
558
168
4
78
212
348
353
514
33
327
179
6
268
578
55
2
6
12
488
451
274
243
146
374
107
217
138
372
238
24
607
362
632
38
336
316
716
126
49
162
43
726
322
40
115
483
165
593
244
289
0
666
326
193
22
267
292
397
72
215
110
529
389
345
89
450
392
427
628
468
274
462
404
40
598
201
111
113
655
603
336
120
51
11
316
166
480
6
22
225
245
212
458
167
364
355
360
394
8
20
294
303
290
261
179
655
196
366
29
119
138
601
199
74
214
312
345
354
374
218
188
42
460
262
573
591
537
260
647
173
95
660
259
539
104
318
369
139
373
24
227
6
247
413
310
19
230
104
69
343
79
361
309
89
13
98
253
352
260
626
35
561
57
579
17
84
429
144
173
65
126
349
156
77
578
343
42
275
133
183
89
322
298
700
1
26
290
269
520
233
20
167
106
109
178
172
9
227
14
571
98
528
193
82
500
359
11
72
15
74
166
102
194
284
649
329
493
478
61
386
429
335
83
238
246
319
366
154
208
56
46
155
225
20
622
479
221
220
13
23
541
173
358
15
527
71
447
148
310
283
96
136
394
330
236
98
173
249
2
77
208
236
344
202
174
282
689
463
340
66
102
7
470
135
482
209
137
25
9
408
245
53
304
285
72
285
514
258
50
415
134
155
359
476
13
346
118
239
77
521
575
62
553
50
146
568
101
52
110
321
318
65
491
53
470
99
185
244
215
424
500
25
95
335
674
769
347
559
221
164
284
19
134
279
243
229
54
625
438
402
456
214
17
345
411
670
367
8
10
18
392
765
47
2
96
740
178
673
323
592
305
62
1
8
226
74
573
91
191
216
58
324
649
725
84
151
574
16
19
287
20
30
620
273
468
28
416
194
51
102
344
691
75
206
554
151
598
285
109
121
61
524
43
42
32
166
29
61
288
756
380
176
96
34
80
23
310
122
265
41
15
269
17
259
485
16
501
128
103
91
9
462
343
350
319
5
176
128
288
144
268
107
122
12
244
183
3
186
102
104
277
558
546
206
285
24
16
30
64
467
219
303
28
8
95
446
215
755
384
352
325
366
242
271
532
745
410
35
479
345
731
160
256
579
562
19
307
62
303
73
419
125
110
33
541
41
541
421
106
5
501
4
165
255
80
563
451
90
596
514
365
283
377
147
668
290
35
119
301
271
155
539
182
87
111
573
564
40
62
63
265
428
216
297
65
39
123
205
21
783
351
288
460
246
514
2
264
107
65
517
364
405
482
478
121
83
65
420
717
108
6
257
438
154
80
114
512
166
86
156
115
581
194
335
253
109
248
51
227
361
96
502
353
150
515
259
560
234
278
214
343
22
572
508
191
6
140
674
19
355
12
73
375
96
289
74
190
423
20
371
446
25
52
17
349
506
301
254
62
109
744
240
3
12
14
74
257
408
167
88
172
71
186
430
381
178
421
59
329
145
29
395
79
129
288
28
520
509
165
323
113
4
713
360
108
727
132
41
98
590
654
482
48
328
2
116
371
622
67
7
537
116
566
703
211
118
119
255
24
81
52
296
52
8
420
12
88
433
342
721
608
137
179
0
462
424
210
121
162
245
560
13
558
158
658
439
10
210
372
290
187
22
92
222
28
46
38
9
217
42
219
127
165
503
16
1
9
12
9
62
349
527
58
335
560
301
64
60
120
240
130
182
239
726
479
113
167
195
49
238
561
552
613
178
123
23
399
635
292
81
252
22
355
100
372
79
144
97
118
93
534
37
148
15
59
192
367
297
160
671
4
338
425
42
507
447
195
538
161
216
20
82
1
419
169
143
275
109
8
332
267
556
508
278
672
161
153
347
228
232
616
409
268
32
38
95
746
491
60
184
680
531
254
370
13
0
252
9
373
584
695
304
658
239
192
779
17
444
39
63
351
672
203
229
241
455
106
39
123
207
674
597
592
52
168
576
214
659
74
33
416
248
88
14
40
95
4
120
6
328
454
9
306
262
382
63
614
103
496
117
678
171
524
34
406
733
762
368
341
286
514
15
263
237
549
35
464
96
347
250
358
319
11
329
0
253
341
398
65
56
17
163
2
433
360
485
73
4
91
266
371
160
593
672
312
9
45
216
296
255
248
12
215
769
138
643
76
0
338
629
130
267
732
4
104
248
261
69
348
131
10
500
14
224
475
293
19
1
187
460
426
256
73
62
72
691
186
72
1
342
364
45
86
261
577
155
558
369
127
149
19
18
289
177
601
85
66
169
202
408
595
347
412
78
739
462
32
306
29
460
87
258
248
569
70
121
9
548
732
366
271
465
104
159
231
25
183
150
413
457
334
731
316
75
690
22
82
18
730
399
43
450
656
390
602
774
119
127
159
276
574
716
173
28
102
384
563
54
97
104
75
594
204
503
149
16
76
496
200
293
152
74
231
559
56
188
451
719
73
22
2
591
48
274
511
371
221
42
540
526
243
18
207
273
211
348
161
92
80
28
172
48
296
280
172
86
413
137
162
289
515
596
79
33
174
328
171
445
106
206
68
414
0
7
326
258
7
260
481
49
558
481
54
9
5
103
165
18
54
317
90
117
6
337
121
71
472
49
176
679
3
75
229
504
24
674
13
27
55
65
184
177
104
531
8
2
493
662
38
542
749
421
28
13
377
2
267
122
417
244
119
114
102
47
451
371
269
231
458
28
194
416
570
87
20
686
215
354
605
93
151
669
67
22
295
413
253
93
292
452
196
375
418
111
245
806
39
242
152
132
638
509
9
519
39
64
130
22
120
475
15
308
71
553
474
159
712
404
658
348
159
43
579
257
49
143
161
235
526
61
572
1
88
183
641
162
43
5
67
337
38
56
7
528
105
184
219
12
506
19
505
47
179
80
64
137
101
67
146
37
237
17
146
715
227
745
439
10
520
328
358
374
756
57
120
393
65
138
28
119
100
519
146
17
102
88
152
345
531
104
146
183
20
92
650
451
16
503
17
132
2
31
655
25
413
399
461
535
5
354
391
348
822
118
303
329
91
386
356
141
317
138
529
162
248
549
176
410
73
426
731
173
202
254
59
21
475
661
24
25
372
100
505
504
266
170
661
477
225
113
262
354
166
382
8
259
67
145
101
32
59
112
489
111
91
206
91
7
806
111
473
96
26
499
14
509
346
169
80
234
458
356
38
344
42
350
14
141
632
24
27
378
50
30
695
539
208
55
61
11
39
359
148
306
591
90
6
564
42
318
238
577
5
451
707
261
190
33
282
18
279
1
814
450
266
12
105
450
272
317
262
8
175
221
54
166
248
608
271
355
21
130
407
676
640
28
67
18
690
153
52
618
369
5
38
250
762
156
170
675
695
207
98
493
403
164
484
252
29
585
145
27
62
41
12
187
403
302
11
349
173
499
53
44
100
94
30
136
87
435
82
174
255
163
16
689
165
31
242
56
174
165
29
35
131
135
184
372
133
385
752
531
556
7
113
134
301
127
85
360
228
150
22
49
27
14
92
558
457
446
771
122
196
318
388
91
625
203
460
134
271
2
142
507
408
376
258
703
234
251
16
284
49
294
61
259
35
45
45
677
279
131
114
435
66
69
171
33
29
29
80
36
105
130
179
55
92
478
230
361
82
419
152
269
85
160
15
736
492
532
16
104
153
47
90
364
110
65
74
362
363
642
33
394
96
7
372
156
147
562
97
377
242
147
33
4
90
252
503
2
77
138
183
317
320
222
570
15
289
224
104
258
311
14
86
631
346
120
147
470
25
331
379
245
363
13
343
808
242
381
433
8
449
44
337
348
501
495
127
169
261
525
32
644
491
519
480
419
162
323
372
25
115
843
517
528
23
31
563
146
96
298
44
839
63
605
318
539
384
286
442
318
513
281
325
2
289
385
222
120
504
50
150
650
507
624
104
519
14
259
626
24
129
115
14
268
218
135
428
213
586
353
265
403
145
453
88
470
429
575
362
56
69
560
326
554
704
5
144
92
76
713
324
74
35
71
31
58
134
158
714
385
423
529
73
235
377
116
590
312
549
518
429
106
132
654
54
456
25
98
13
346
61
304
38
376
799
10
257
310
477
116
46
438
422
101
275
711
66
515
454
669
82
167
579
503
692
189
102
2
277
87
522
127
448
224
219
116
485
90
104
118
729
635
704
571
128
614
245
844
257
241
20
767
361
249
696
498
617
112
72
218
289
105
256
528
143
36
480
572
128
331
378
209
639
136
87
68
89
449
301
76
438
74
260
610
699
93
243
216
367
176
150
379
56
507
566
589
326
445
211
77
519
302
72
382
356
385
341
144
207
35
172
200
49
117
663
720
279
531
158
193
239
33
557
17
129
429
208
486
28
143
314
506
94
52
9
287
197
318
457
54
133
204
7
642
305
100
100
675
282
181
614
108
87
102
330
132
1
379
21
56
215
339
251
28
27
161
484
168
309
608
482
15
135
778
224
17
176
434
678
7
244
21
245
263
177
57
440
583
401
498
298
752
533
3
4
497
748
43
171
18
438
205
46
285
706
775
167
136
164
209
176
108
600
239
163
276
382
382
553
543
6
223
157
115
43
470
14
611
17
90
202
243
378
318
104
627
382
205
59
57
10
187
107
7
163
230
232
742
187
152
426
13
54
422
148
664
259
820
25
49
829
46
524
17
332
617
402
624
71
78
83
547
61
136
13
114
29
279
603
386
398
4
52
53
36
856
1
261
738
439
247
80
224
807
413
93
32
192
69
131
179
345
10
771
231
29
622
591
351
325
252
73
87
293
407
245
145
206
372
14
222
679
235
380
205
103
3
67
54
93
45
167
96
239
77
440
786
788
368
255
781
517
523
362
655
476
91
759
311
220
410
4
75
68
27
77
41
109
818
247
391
128
80
612
287
57
497
414
744
13
35
310
95
33
21
56
523
3
443
467
359
173
678
141
389
88
153
398
679
222
204
12
487
79
117
521
3
339
1
273
83
351
364
328
199
472
23
365
625
54
150
325
600
367
847
3
34
19
59
18
387
493
695
262
464
115
147
27
39
99
430
209
565
286
109
31
465
184
339
482
51
177
234
15
514
818
138
382
394
165
25
601
181
270
113
769
469
232
193
39
32
660
523
153
814
150
222
403
44
633
252
65
640
369
162
120
322
247
128
8
217
141
125
289
172
454
4
233
2
215
716
434
590
152
85
125
21
241
275
378
138
79
444
193
161
347
271
89
4
758
16
258
18
154
174
179
311
460
77
103
70
8
95
707
163
86
126
676
303
587
428
653
15
114
15
515
622
8
30
109
356
128
739
13
38
99
10
386
301
21
875
638
299
208
131
559
438
186
73
649
291
337
481
6
103
145
260
204
452
404
99
109
121
31
508
211
77
295
52
239
206
124
35
225
27
219
145
177
97
614
261
470
467
753
503
258
450
141
194
7
5
35
110
20
321
543
38
313
8
450
523
47
18
351
728
356
327
147
15
329
120
63
17
18
40
172
13
234
591
74
111
706
60
337
316
716
466
495
23
46
96
99
735
53
409
352
166
154
124
689
737
695
107
579
117
68
191
50
355
47
61
461
836
534
0
388
364
775
18
502
14
264
227
341
274
44
91
648
25
126
294
57
217
448
24
472
331
228
283
53
151
204
17
685
117
226
748
373
215
5
207
482
175
837
144
538
411
657
113
595
15
410
786
434
55
15
107
65
12
223
31
9
55
37
86
71
123
143
744
561
770
225
185
640
77
39
67
33
410
84
377
146
410
491
284
283
638
332
820
253
344
68
125
6
201
759
311
439
109
55
493
40
214
377
811
26
372
325
99
509
44
417
142
306
138
28
160
7
14
504
147
121
399
138
486
447
14
71
68
288
133
169
21
202
335
26
21
89
124
502
103
272
512
160
89
7
21
43
388
53
708
23
277
416
564
358
450
527
555
625
422
684
469
200
142
505
29
164
497
49
379
29
136
130
487
281
94
25
422
304
670
61
9
251
259
129
409
200
181
45
5
579
109
380
400
404
169
503
175
675
69
305
291
143
672
697
45
374
763
233
394
231
3
486
366
673
172
782
76
133
186
681
33
476
30
554
675
408
363
47
45
588
335
466
414
39
249
11
547
383
124
137
10
92
564
245
107
873
207
547
252
285
407
62
82
81
76
108
257
524
390
487
2
270
437
12
37
267
453
21
257
218
98
334
71
2
780
20
14
18
222
194
97
218
170
13
5
226
0
278
109
339
618
780
24
247
296
27
245
83
68
413
5
49
270
100
528
78
45
142
431
388
67
329
812
202
116
476
622
81
159
22
67
347
283
26
52
89
384
840
30
55
116
271
99
206
187
29
445
106
239
1
551
4
12
92
119
535
267
183
651
289
503
325
117
532
190
116
238
646
270
337
104
275
120
71
101
279
88
123
625
319
10
202
152
686
25
82
17
42
137
609
370
66
342
333
299
564
116
239
312
28
630
274
18
603
218
249
456
174
545
446
591
121
189
54
351
608
121
503
47
2
22
704
347
370
377
287
703
522
526
872
276
309
80
78
661
185
232
218
195
356
201
269
752
826
451
435
134
357
799
91
111
440
111
102
243
209
665
173
363
310
258
525
172
68
385
57
9
22
169
394
297
682
234
179
143
227
768
54
180
508
81
260
28
249
226
4
51
44
400
218
383
170
245
480
863
296
878
691
718
541
412
804
25
54
94
396
27
198
845
422
720
223
2
104
582
97
433
837
315
272
25
405
638
103
207
115
320
309
680
666
68
320
446
155
545
121
239
188
399
3
525
182
465
2
216
44
726
68
564
348
212
479
747
500
31
725
38
44
632
553
235
154
644
74
104
378
366
185
537
195
233
25
236
716
677
221
269
29
283
254
491
495
190
205
164
129
215
198
149
97
138
205
634
118
60
207
140
417
444
584
24
51
85
55
199
114
120
436
875
666
252
554
558
321
551
923
932
691
564
123
684
383
10
97
564
562
40
470
123
267
67
371
19
257
63
66
9
538
215
15
639
528
138
19
264
213
754
43
608
42
136
12
371
496
202
164
328
278
217
120
164
210
47
641
150
230
18
174
675
90
74
479
185
90
149
393
589
171
70
3
44
97
19
53
278
258
182
355
48
90
50
418
101
58
75
638
517
281
6
558
538
288
136
56
227
41
135
166
13
179
326
466
790
18
392
7
10
249
367
194
306
435
240
290
540
97
114
9
127
176
518
3
438
27
760
136
214
80
173
99
102
17
68
109
397
314
696
549
6
647
741
563
212
96
502
102
680
752
269
50
490
7
388
474
5
430
43
468
765
12
543
76
280
2
1
665
516
23
9
295
256
326
41
864
322
308
440
99
339
611
178
277
111
181
724
364
203
21
113
14
276
288
10
364
699
94
524
346
228
305
597
776
104
123
72
767
742
284
101
240
0
482
533
404
2
352
389
410
596
117
266
557
127
293
165
212
196
36
9
747
459
119
256
60
466
369
280
20
576
324
328
196
76
320
250
370
216
586
237
725
330
120
89
634
128
281
251
566
433
356
143
530
889
422
24
147
403
672
345
381
11
213
184
137
19
120
896
273
9
110
107
899
409
120
228
516
68
99
75
30
206
437
804
114
11
23
690
46
466
150
160
20
281
325
166
246
160
245
223
27
483
126
14
40
84
203
154
354
274
277
799
318
130
95
30
729
491
100
326
867
133
434
167
455
38
515
882
390
490
9
112
14
80
708
37
412
313
768
172
841
443
339
788
828
815
739
184
664
663
163
746
395
640
113
241
403
175
423
2
348
221
233
389
201
47
279
11
507
84
313
109
73
200
498
173
728
262
47
353
87
326
55
584
287
535
429
713
17
813
420
80
548
716
158
157
318
101
706
697
272
581
181
775
8
11
234
126
231
36
68
506
609
474
417
359
288
640
552
415
753
395
676
570
504
414
61
98
267
61
670
352
98
488
252
33
33
702
88
126
40
262
491
531
382
277
317
226
581
265
41
162
860
406
43
38
14
149
53
59
677
251
425
108
173
639
85
440
26
379
183
447
488
20
137
187
489
493
2
258
686
623
26
53
265
195
128
164
35
123
584
9
201
41
177
607
261
138
254
429
141
384
466
450
362
409
603
91
97
782
100
368
132
309
652
107
60
410
383
47
201
183
23
38
34
405
3
274
734
545
375
141
94
459
651
5
237
69
15
549
434
61
33
5
83
321
80
556
104
364
485
542
129
849
682
730
318
242
622
160
454
875
764
235
133
13
164
139
247
648
928
181
530
230
93
467
61
134
448
32
198
882
37
567
571
526
678
616
105
165
119
243
445
66
30
292
55
155
230
293
92
622
153
374
661
399
694
47
52
313
566
297
522
537
612
418
37
781
510
24
12
945
105
52
36
207
96
711
598
79
531
608
367
718
12
2
142
865
500
281
71
509
291
40
261
113
162
227
281
74
31
705
493
470
1
538
63
97
87
302
604
254
230
360
11
26
106
248
35
872
340
43
124
312
188
355
204
2
263
554
208
277
70
436
531
251
456
448
210
135
15
176
28
773
224
418
188
906
67
436
109
772
35
314
337
217
465
217
209
420
239
739
161
329
36
305
77
15
517
62
75
303
137
196
656
409
638
82
8
101
386
609
150
533
487
197
85
70
112
20
119
400
596
64
627
685
63
620
120
68
620
518
283
54
381
416
84
23
284
460
327
576
229
94
101
514
1
368
45
273
107
490
558
295
18
253
102
611
673
608
635
551
755
123
226
913
366
799
839
192
580
238
205
537
548
107
656
518
152
374
356
33
150
2
784
179
279
584
8
157
447
378
200
11
159
472
365
141
150
902
737
49
6
67
265
226
733
112
442
12
26
310
26
632
0
6
270
89
348
233
715
237
10
663
76
363
7
138
349
4
776
382
5
91
167
234
586
752
964
57
156
285
83
17
558
281
194
116
457
35
147
471
549
529
220
556
497
133
12
662
488
97
89
46
464
57
662
400
172
110
276
95
85
56
743
260
92
152
371
190
343
295
488
31
649
237
130
536
205
415
119
109
215
284
155
415
250
88
414
87
472
642
605
9
520
671
628
225
180
112
544
16
170
390
195
324
132
10
508
117
33
143
166
364
155
684
843
56
131
634
290
846
37
87
330
909
26
469
148
540
464
74
896
161
340
44
630
232
32
749
155
275
2
615
623
83
374
911
369
4
216
127
299
207
133
283
737
263
405
198
492
303
874
320
642
646
109
621
62
104
383
31
783
96
95
707
186
20
120
409
179
12
160
324
70
635
49
866
102
175
449
300
468
551
102
162
272
402
23
522
290
110
806
486
23
492
384
338
688
608
425
34
458
1
506
278
159
156
257
372
121
283
118
205
278
11
78
115
46
132
455
618
897
443
493
10
358
253
371
394
254
265
355
297
283
517
288
529
606
741
235
405
186
38
140
546
101
7
304
388
228
147
319
184
126
152
946
913
264
60
212
458
564
237
36
296
40
117
158
239
77
728
643
373
769
9
313
511
85
52
515
0
108
288
345
550
792
112
686
195
157
442
258
14
154
744
429
376
93
430
500
67
657
72
781
583
431
82
45
99
24
380
128
83
58
897
85
136
215
8
782
568
71
324
298
328
260
146
342
505
7
280
64
473
256
321
920
120
296
853
822
418
86
387
30
253
50
7
85
330
210
53
314
924
265
198
932
239
158
106
468
50
58
357
92
56
452
209
576
81
359
10
440
80
140
329
748
126
167
6
396
484
429
644
115
765
87
25
71
13
159
363
364
699
114
25
512
17
144
63
592
837
382
335
149
38
432
382
36
8
528
558
162
360
13
164
461
721
369
159
476
927
164
693
360
121
517
633
115
749
919
663
78
66
69
386
26
28
248
312
109
132
77
798
107
230
180
133
363
294
168
161
180
708
21
235
873
431
218
548
85
82
15
274
415
59
0
40
321
123
457
184
115
355
60
54
515
8
460
569
479
22
442
641
132
506
69
882
225
543
130
519
3
833
112
249
524
296
415
100
184
115
495
88
134
114
434
151
64
332
748
301
74
143
200
229
49
173
206
495
111
48
155
279
173
10
611
5
232
255
472
174
765
763
14
181
340
418
458
188
722
514
25
181
61
123
431
77
149
355
6
129
13
818
290
712
711
145
231
892
933
61
344
5
694
69
277
560
376
491
223
446
812
801
208
148
19
966
57
618
215
5
50
585
608
120
127
34
81
114
140
111
369
971
29
312
874
809
201
284
109
271
94
108
72
648
883
30
11
25
153
233
445
49
360
291
299
953
121
351
87
504
887
279
120
141
585
132
46
125
139
43
708
260
558
566
627
72
751
518
34
383
101
840
68
112
568
80
181
72
709
388
749
66
141
31
388
212
150
473
157
288
293
3
70
747
492
91
312
187
552
263
93
206
242
208
102
127
602
96
462
268
111
680
17
70
331
334
189
105
404
213
6
9
294
164
136
6
489
300
635
518
69
9
9
11
136
83
25
72
195
21
289
280
310
975
331
220
306
185
12
10
76
26
653
166
34
727
908
48
31
41
66
132
162
241
648
609
371
2
172
83
51
102
513
389
69
625
288
690
216
473
302
37
203
169
999
380
219
265
34
125
322
637
429
21
720
93
138
300
87
220
99
234
247
985
677
411
327
103
79
160
166
25
308
231
501
732
46
336
88
382
886
168
473
376
696
426
44
813
447
605
73
380
244
103
82
201
662
325
42
547
50
603
7
842
977
494
209
694
290
20
696
5
804
17
564
968
156
267
293
403
188
695
662
841
190
81
154
361
673
2
279
166
1
628
767
10
685
692
313
13
190
493
26
731
159
42
127
84
818
53
754
842
323
670
488
15
6
683
656
592
126
162
562
16
159
200
916
805
859
303
274
21
588
250
212
881
150
21
582
475
453
441
319
678
506
79
229
284
119
686
529
104
2
810
911
720
79
733
212
31
472
520
537
26
616
51
744
721
272
710
147
567
679
10
640
595
239
21
654
71
863
20
482
349
29
248
204
153
753
183
329
122
806
8
67
128
20
760
153
179
32
62
506
197
200
9
446
137
238
134
595
83
128
30
96
252
835
148
124
91
172
477
437
458
105
30
217
111
306
77
80
751
295
36
103
379
286
698
8
198
28
469
154
368
411
712
253
120
808
2
261
486
65
373
7
643
261
99
306
334
683
58
39
292
318
730
304
274
318
157
42
105
231
817
301
475
127
189
242
532
23
708
489
501
586
554
915
39
287
150
186
41
334
628
426
245
448
6
513
13
505
87
130
904
773
106
182
281
811
133
23
40
290
209
157
440
399
204
957
269
120
279
195
69
64
12
5
465
71
841
219
12
88
698
599
80
46
85
450
58
185
790
14
200
237
265
974
249
144
60
675
71
483
224
82
176
2
599
309
486
432
48
469
87
50
9
141
380
391
142
157
349
36
584
664
331
665
2
120
742
578
954
491
166
286
975
818
33
100
45
401
347
11
696
639
709
504
142
162
292
624
249
123
164
66
84
910
159
100
76
123
468
763
182
257
348
512
927
9
229
128
101
378
136
310
66
153
15
828
98
136
716
273
105
651
311
519
496
383
700
334
44
701
1003
209
0
162
7
269
237
139
816
336
279
649
728
255
20
686
248
14
189
63
294
748
118
290
125
572
489
286
949
618
517
21
40
565
53
120
4
325
247
55
55
391
83
738
512
931
581
10
364
240
58
122
93
259
811
988
99
619
7
266
323
757
39
6
121
76
167
32
431
189
116
153
148
373
523
182
925
2
549
443
2
738
29
459
433
789
194
736
243
200
6
614
801
550
475
800
2
779
67
118
547
822
181
929
100
318
152
508
213
167
394
493
79
636
161
357
134
209
38
228
654
183
180
234
116
679
4
102
972
409
181
10
94
258
230
901
250
63
214
526
331
143
238
657
188
105
60
696
11
181
288
282
9
585
212
131
102
120
410
36
203
643
260
5
96
61
748
970
536
548
247
271
69
294
4
494
227
569
563
98
894
752
123
29
51
568
40
696
158
482
929
2
228
50
617
607
275
863
232
305
921
383
43
503
872
15
353
309
179
67
602
365
58
173
158
228
489
105
275
268
721
85
31
625
834
136
550
58
16
37
838
30
760
95
230
113
95
53
182
7
64
394
96
727
286
797
193
460
209
6
204
844
403
162
858
783
471
154
948
871
44
665
444
122
597
42
769
621
283
240
50
75
371
47
564
75
818
897
598
183
114
879
17
369
458
374
468
289
119
106
744
862
472
299
227
190
128
62
421
87
821
786
168
8
301
120
665
287
305
177
375
6
27
90
36
391
734
421
92
52
67
213
379
951
678
487
629
228
665
67
629
659
701
147
463
36
328
603
618
263
101
200
201
368
930
844
18
581
603
398
423
199
4
7
356
166
319
615
334
27
807
593
648
411
368
763
646
974
906
144
394
911
35
647
144
567
399
499
63
69
41
217
531
448
18
63
195
174
62
73
399
435
691
170
749
879
98
162
12
58
430
957
557
13
450
555
772
8
270
325
223
411
320
964
248
109
127
222
516
776
278
287
151
832
75
812
589
44
852
613
255
682
84
33
319
193
174
693
676
514
542
193
168
754
255
227
155
174
712
9
670
34
703
336
121
822
307
20
284
493
515
307
69
480
869
1015
467
24
531
9
628
3
364
147
903
443
189
128
428
6
905
883
37
307
6
117
486
775
273
452
186
294
364
286
62
645
95
112
250
486
108
90
250
37
616
60
8
424
334
479
339
50
159
806
302
19
30
500
6
742
455
174
87
320
163
11
3
179
45
15
143
327
26
165
797
472
708
245
405
211
243
5
165
67
624
199
970
410
218
94
467
195
1020
221
142
102
166
393
377
536
65
38
585
385
379
277
82
476
152
918
21
153
334
159
498
832
732
616
1029
596
431
779
237
504
111
514
73
66
218
402
49
953
66
331
99
14
58
100
59
231
482
636
572
482
50
1
128
675
768
20
876
675
704
742
633
176
98
8
194
334
774
154
199
25
950
366
249
514
686
205
631
17
42
337
970
870
457
653
495
1020
40
53
673
864
214
32
570
926
491
443
6
78
484
202
138
168
57
471
28
367
6
317
498
406
104
137
11
95
64
145
298
507
272
423
78
106
286
475
246
225
426
28
285
473
94
657
127
565
450
430
66
117
41
292
336
128
971
515
939
19
325
117
598
210
784
280
115
543
293
419
463
136
185
712
652
2
132
13
407
188
25
206
1028
210
823
258
259
116
336
224
508
355
13
327
203
487
674
704
137
799
79
33
585
4
486
404
263
4
96
283
21
246
64
251
497
684
307
722
280
152
672
7
245
62
506
12
518
149
227
805
46
648
109
702
92
735
571
294
84
651
893
616
224
191
47
46
422
88
453
145
773
138
411
53
94
42
572
310
579
81
368
464
285
67
585
508
22
707
267
378
941
450
21
356
105
510
151
468
427
49
260
72
624
446
838
70
624
422
641
54
270
7
239
42
129
514
4
173
517
75
971
931
748
617
269
994
16
369
654
588
9
189
780
87
114
272
866
169
504
993
799
896
151
169
82
77
202
1012
103
109
278
397
685
557
911
11
8
969
593
509
89
417
993
239
99
149
926
537
222
18
30
409
558
770
93
588
86
303
168
1006
157
682
507
306
742
48
954
371
388
36
29
822
814
171
280
602
711
754
425
666
417
53
84
877
288
295
465
272
310
339
506
522
89
577
346
160
568
401
40
244
212
25
64
466
164
505
2
70
92
55
445
360
285
529
687
734
904
378
424
212
320
667
43
536
279
61
149
788
518
170
658
360
714
56
565
574
933
360
108
150
53
313
593
419
390
79
115
234
985
132
124
593
230
926
1067
26
264
192
41
1
211
55
340
191
299
530
986
389
943
637
514
230
809
513
44
588
294
335
12
52
74
340
248
453
14
15
566
84
883
173
174
76
23
350
122
939
167
701
791
295
166
636
605
334
494
428
93
166
500
611
130
304
229
322
924
319
17
61
197
536
567
368
353
51
751
533
326
98
636
391
584
308
2
23
746
35
328
1058
594
26
222
367
565
283
180
12
282
410
460
29
617
233
192
15
119
719
45
24
77
377
615
100
63
57
267
392
255
891
512
24
417
109
817
1
167
81
96
19
509
420
84
283
269
210
1054
251
205
233
50
993
576
50
681
1
321
91
156
284
123
146
600
21
23
104
93
640
437
112
31
375
180
613
686
1036
460
186
521
111
166
448
450
188
890
487
659
315
433
518
38
404
33
541
219
775
353
522
34
361
126
144
82
515
207
291
502
42
759
276
9
489
467
276
707
924
91
102
212
3
26
10
86
9
550
17
765
409
118
906
1030
1026
153
66
297
478
13
918
819
910
682
155
390
470
587
34
933
586
656
713
4
255
956
182
13
499
491
65
14
212
900
460
169
105
251
451
849
632
168
501
845
121
209
106
842
342
637
492
546
35
59
567
347
513
114
54
525
235
302
200
602
4
1064
626
55
101
588
151
166
117
564
34
333
681
264
624
1082
119
790
556
595
330
0
840
840
77
24
61
72
277
649
1042
513
697
191
462
69
552
228
567
84
369
163
871
646
447
42
175
194
1022
1018
48
187
859
656
62
695
390
416
489
131
97
78
10
443
78
494
785
345
76
906
319
67
394
331
776
85
561
86
305
38
338
15
185
420
571
5
392
522
6
301
33
703
150
153
506
26
145
432
11
369
344
49
8
330
369
9
374
166
423
57
1
10
618
399
144
883
32
190
128
739
236
262
382
714
94
481
26
778
33
114
807
402
232
60
163
857
958
242
77
956
1034
157
604
373
21
507
45
388
153
708
3
27
225
955
50
603
93
87
2
798
434
26
180
753
0
82
46
148
360
9
59
140
6
641
231
224
343
374
47
140
5
506
286
3
7
919
418
635
13
573
53
38
136
60
926
480
691
109
351
283
177
449
340
108
618
506
350
1
439
576
873
7
529
144
3
258
261
142
6
528
502
331
19
29
432
205
341
537
448
325
654
82
1065
830
850
271
444
648
34
491
1022
288
129
252
47
16
140
751
58
1092
10
73
73
10
226
30
704
2
68
512
595
637
361
61
142
12
18
232
322
226
414
71
479
204
815
18
410
438
473
718
333
988
445
161
449
827
82
79
119
443
840
497
456
742
889
762
257
102
335
35
48
440
595
8
315
581
31
2
699
73
167
6
77
49
65
422
724
427
362
201
577
890
70
73
435
64
15
501
777
515
622
396
410
189
149
79
963
246
107
386
239
270
201
501
423
5
268
103
548
392
824
676
63
1077
498
859
603
36
527
1101
883
121
539
498
205
9
90
125
708
0
289
570
5
483
421
3
259
721
660
17
899
20
967
55
28
426
124
169
395
5
272
214
26
56
36
389
927
141
483
361
22
35
60
103
516
36
267
314
700
33
34
57
838
97
221
329
4
645
110
490
270
60
266
1119
225
127
85
470
213
45
105
425
511
107
273
53
213
629
663
944
735
303
233
161
562
194
25
13
55
326
30
881
135
587
27
982
119
846
553
491
152
196
317
25
411
340
458
56
89
546
42
25
686
504
60
126
37
591
419
124
220
28
725
655
108
169
433
27
19
336
55
79
482
444
477
93
243
123
186
762
541
540
922
105
771
220
796
969
453
14
851
0
79
314
153
13
848
85
839
898
28
762
64
94
376
387
281
417
96
78
680
1040
292
540
12
52
858
336
20
612
501
66
623
276
233
299
816
27
796
720
686
59
758
701
399
351
547
88
1108
240
22
187
688
78
1109
7
540
295
612
593
198
888
103
897
510
123
1009
118
562
195
207
936
289
195
561
206
366
187
458
791
103
930
276
118
262
23
957
97
318
426
695
990
510
136
495
522
492
218
23
817
637
34
222
77
21
834
791
781
538
687
26
318
4
628
312
674
802
660
116
321
122
162
254
122
108
263
325
419
217
713
149
150
456
38
385
133
797
167
5
262
147
159
61
197
219
269
275
24
299
944
617
174
955
1093
137
149
15
32
62
865
231
100
388
278
360
337
484
335
0
308
8
121
238
214
131
108
182
721
225
899
141
754
14
708
126
930
18
225
32
485
881
84
1067
310
115
951
178
62
233
625
1036
13
94
394
427
153
176
270
482
1
506
95
163
143
830
855
536
515
40
495
872
104
186
369
75
22
15
155
598
50
413
502
68
372
117
850
195
93
123
650
105
551
282
459
213
1092
102
505
381
72
161
555
206
46
206
421
716
501
37
646
333
31
185
506
8
21
87
626
880
428
229
941
38
48
172
980
513
99
347
425
539
395
561
490
653
615
575
126
798
625
17
30
654
49
374
162
195
31
202
80
97
794
486
274
431
143
322
1040
348
301
283
188
362
183
401
183
954
453
755
772
371
726
211
690
663
31
151
512
98
175
160
461
13
981
159
136
275
451
622
370
51
2
383
33
17
295
714
222
230
8
386
467
527
881
325
54
397
77
127
74
91
36
401
1071
15
373
39
37
65
166
923
174
182
8
341
41
869
26
512
49
182
392
333
933
880
150
518
561
16
138
280
86
676
177
862
154
291
283
367
498
121
923
360
826
683
987
525
193
443
49
17
591
469
85
74
460
42
221
364
233
43
175
96
355
74
366
573
94
68
204
52
639
41
104
52
79
655
913
826
19
961
454
108
268
710
19
428
155
286
599
516
854
114
207
98
107
506
305
43
201
276
38
592
421
207
571
124
127
256
614
458
264
130
384
549
746
882
1130
301
76
36
787
23
17
115
263
107
722
661
563
344
179
654
1
21
7
336
245
40
244
1049
449
447
828
894
811
211
96
533
137
46
459
485
695
1042
27
230
616
506
88
253
138
166
1031
287
2
853
155
84
458
372
12
25
2
923
690
134
18
372
270
388
528
197
342
85
391
830
456
39
415
123
90
693
364
33
742
828
23
716
574
40
719
527
83
51
246
17
29
240
1
1124
222
70
70
1041
484
162
84
299
839
754
849
237
233
348
81
462
811
560
19
12
7
184
950
521
898
776
361
196
19
289
129
109
408
104
416
461
168
152
205
196
532
71
320
3
738
98
605
695
119
5
200
8
929
36
894
428
470
489
701
712
776
145
338
268
576
656
819
1005
193
216
471
366
379
252
851
167
380
313
18
43
949
522
899
767
768
381
84
1104
364
888
694
11
221
244
43
987
1118
398
901
96
171
623
22
414
170
58
588
44
20
963
558
381
105
223
49
812
499
933
699
646
102
973
350
533
457
26
10
131
403
413
869
140
142
857
586
405
1015
26
368
538
351
863
1095
252
571
17
47
172
30
337
26
913
430
266
91
999
295
146
155
136
464
98
132
249
105
315
157
670
654
689
152
459
76
307
939
593
112
560
509
156
46
547
404
296
576
920
46
539
132
154
986
169
150
260
48
734
589
724
51
524
864
503
516
105
435
213
726
677
28
33
481
153
258
28
160
1023
79
725
209
398
14
611
331
269
173
347
55
400
17
2
170
58
40
601
227
239
1130
463
422
556
401
403
302
1027
518
812
257
21
498
339
228
255
436
879
470
399
14
1049
429
368
199
631
205
265
90
446
5
685
201
115
47
368
57
166
234
3
63
386
116
527
961
254
20
217
854
25
763
213
1108
115
179
9
781
19
781
108
507
2
366
454
23
69
987
81
1131
729
796
542
137
391
49
556
21
680
12
193
250
216
518
890
16
519
189
191
210
78
85
246
45
115
76
886
71
131
135
887
214
857
323
130
350
136
42
163
156
138
425
815
307
290
882
406
294
103
741
293
25
806
71
80
227
125
550
762
544
14
154
92
767
91
232
207
355
270
488
310
1158
482
212
932
312
763
39
542
712
206
704
727
0
51
495
37
24
523
684
727
808
655
1079
814
259
406
1143
18
1173
194
374
2
115
646
97
635
207
690
193
101
503
297
669
367
400
544
241
111
112
172
35
541
40
726
220
19
123
1134
767
704
475
174
424
480
13
74
253
132
649
838
322
266
57
329
23
263
304
39
570
5
44
415
256
250
286
19
118
315
874
889
432
109
54
714
6
903
325
11
334
31
141
166
211
166
435
420
562
262
54
942
27
220
699
82
447
576
316
450
403
12
252
557
326
434
36
601
41
1116
780
353
208
124
374
46
248
0
320
402
619
11
122
711
739
246
784
472
607
238
1109
307
445
12
488
27
455
189
883
797
414
725
528
715
196
858
475
79
178
176
651
173
358
213
559
2
335
888
377
230
5
467
32
10
91
221
960
326
308
129
440
36
641
632
34
786
517
710
33
256
36
125
687
606
4
343
191
10
374
696
917
291
221
46
792
763
74
563
878
1060
952
513
323
233
300
657
7
184
367
525
370
16
389
122
117
146
97
8
402
20
58
112
36
850
110
684
296
48
283
96
695
220
364
888
84
43
183
192
470
192
900
1049
2
969
347
331
472
493
37
43
383
541
674
405
100
110
1033
163
730
85
846
18
43
397
651
25
94
14
563
58
2
903
165
140
19
454
202
462
113
356
520
609
438
593
180
343
587
312
178
496
836
886
862
1021
391
362
277
927
134
119
39
369
1024
573
5
110
206
489
244
177
327
1029
239
22
425
145
56
974
58
12
78
559
234
762
112
63
294
326
312
408
27
616
1160
27
340
29
717
107
5
395
31
1147
102
113
650
656
32
75
111
17
395
291
859
905
189
20
778
115
160
595
8
488
432
220
49
1044
70
612
111
344
335
665
906
372
72
10
143
49
593
517
408
595
623
204
1001
25
20
192
168
186
230
97
912
21
166
947
1017
463
75
392
685
795
792
491
73
439
579
123
536
51
213
218
1011
277
569
400
283
40
227
147
72
44
431
234
273
377
366
378
98
284
56
436
7
196
969
84
10
139
288
914
138
793
348
272
52
129
296
82
111
55
803
18
56
83
125
492
857
1003
932
423
514
243
90
313
29
438
768
185
957
670
917
538
615
572
464
182
263
297
833
219
846
425
788
492
179
325
100
148
154
483
10
141
38
175
116
177
130
28
154
186
25
404
274
61
141
54
280
344
1015
25
392
245
51
545
168
118
67
317
191
9
276
776
28
2
33
368
928
68
823
322
788
815
79
382
176
775
142
124
907
262
24
356
129
197
450
288
14
755
309
169
566
181
1041
660
1000
351
53
225
85
768
463
235
402
578
542
218
933
690
213
151
1005
219
386
762
10
13
17
744
294
98
631
366
30
330
7
439
189
156
67
238
11
224
532
202
221
40
32
507
495
237
433
695
518
23
16
630
3
150
46
177
25
130
676
139
95
66
311
777
21
396
194
179
291
484
303
28
36
300
339
74
210
50
29
843
766
130
201
155
514
2
457
324
632
919
840
493
883
11
34
1105
213
176
269
388
226
1044
109
693
378
191
1034
904
313
272
1154
1195
522
462
424
218
614
31
251
784
33
848
142
811
249
717
123
79
12
479
110
40
447
206
452
160
148
850
12
246
124
184
965
762
577
1013
620
768
246
886
693
459
1172
843
233
874
694
407
91
1106
50
78
812
0
59
60
894
276
819
752
373
347
435
1123
28
422
459
644
0
31
63
18
908
4
310
483
579
42
562
132
99
344
70
45
2
427
1146
217
455
705
519
142
285
347
571
46
195
658
27
481
32
4
380
1033
247
53
224
69
457
616
168
357
545
499
479
535
626
521
1067
399
45
396
410
10
154
39
544
392
204
20
336
172
288
23
28
298
15
357
474
1023
437
48
179
106
31
113
553
1169
0
394
407
67
751
194
862
126
393
0
618
252
752
627
419
215
625
303
125
4
44
455
312
0
177
981
113
957
57
373
480
644
661
254
895
29
842
108
781
386
279
190
334
318
777
3
202
297
153
558
29
421
11
449
414
146
21
683
54
243
447
509
285
41
163
467
243
47
292
849
34
1034
155
187
677
545
266
291
286
51
785
272
23
152
409
190
221
250
692
143
754
462
548
60
111
154
5
616
1064
109
51
285
140
7
120
669
103
182
133
1009
83
27
42
321
426
656
227
303
222
1047
83
9
242
98
310
101
184
132
348
566
661
836
220
568
741
1153
712
79
684
499
118
384
102
376
673
249
514
60
24
487
339
955
35
244
135
315
593
902
449
98
621
321
756
46
396
258
210
510
46
96
288
110
283
373
442
627
9
107
518
17
979
147
607
308
810
274
405
101
592
30
555
890
247
198
555
231
986
1047
1173
890
277
148
378
595
573
811
368
388
941
221
693
144
485
51
755
872
630
272
713
672
34
397
982
206
46
1017
184
380
108
517
154
640
555
619
213
25
528
778
59
2
51
1047
739
208
15
20
1029
324
371
128
659
293
9
1026
268
33
595
37
153
274
240
260
63
1027
592
59
268
607
1027
90
148
531
428
1172
50
3
38
721
102
407
273
270
1050
205
119
58
201
875
18
503
712
825
30
107
574
102
801
631
567
113
41
544
18
471
549
523
341
188
250
297
1181
586
912
810
481
125
840
659
813
250
912
734
752
149
238
102
289
177
239
321
689
403
967
185
367
457
672
799
276
706
98
82
292
158
355
901
575
915
265
42
986
547
189
43
102
373
702
772
64
239
349
461
34
348
444
259
192
57
22
56
240
312
12
509
900
86
2
35
13
158
25
72
86
514
170
409
231
1073
229
125
299
1034
282
270
752
332
965
234
347
130
381
244
1214
13
540
129
298
615
305
826
902
26
25
1093
529
1168
272
386
46
338
10
1142
14
170
597
607
291
162
897
455
25
24
592
556
1001
1053
228
47
370
769
167
376
430
48
85
503
596
239
99
510
511
40
74
797
971
158
587
780
50
64
259
502
767
165
11
645
480
257
864
454
562
123
940
124
48
911
561
543
544
228
279
550
229
458
912
81
722
212
739
131
410
592
110
23
188
874
445
483
402
949
543
248
862
436
696
376
814
25
754
616
81
550
516
77
160
42
675
504
410
297
368
198
140
301
199
236
465
163
333
145
15
114
408
519
423
232
127
104
435
628
769
44
250
8
4
205
898
210
669
309
123
560
104
691
294
225
345
16
10
2
277
420
3
178
804
891
373
1143
410
447
528
659
613
45
173
412
545
1129
340
18
349
180
31
928
228
366
779
366
347
129
394
35
102
426
814
164
478
41
167
557
3
715
454
8
447
1033
642
1032
503
591
84
863
271
387
16
401
187
81
90
672
15
257
530
788
33
633
183
887
925
382
744
478
581
192
707
504
152
613
1145
30
127
462
449
114
561
464
476
1029
793
21
556
466
659
100
471
827
1185
54
424
421
605
291
207
97
204
1187
80
445
41
286
926
276
669
788
97
78
37
29
4
468
239
493
1164
714
642
52
352
543
388
581
375
67
7
269
98
428
895
895
4
400
480
640
523
639
203
594
143
162
143
670
134
23
621
384
94
17
182
7
225
338
227
367
769
583
354
184
78
66
185
16
337
186
153
89
3
226
37
416
3
433
132
647
187
13
185
133
906
448
345
612
721
603
10
50
24
632
977
861
23
65
24
229
202
453
230
930
1053
611
871
124
432
35
920
48
721
341
144
8
542
352
119
1099
57
728
36
704
860
17
2
929
427
325
1
153
1169
19
51
29
152
20
469
1012
54
27
52
464
93
204
227
774
323
38
876
130
1110
114
360
410
227
12
413
697
749
89
198
338
417
942
236
927
536
520
35
337
123
366
347
100
211
42
288
27
724
489
245
271
252
253
713
532
313
887
291
210
1033
326
431
16
254
315
1120
444
560
119
53
764
386
303
235
129
340
67
262
193
289
120
9
130
1095
372
77
130
1241
19
26
527
4
808
185
637
285
257
173
62
152
365
651
349
388
347
402
283
438
132
674
369
509
204
99
1193
177
47
743
175
760
1092
779
948
27
953
504
279
13
36
462
54
912
62
330
188
249
64
726
632
165
26
595
598
7
636
322
40
388
877
432
722
32
489
455
484
630
331
473
481
1055
506
410
690
111
82
921
454
34
207
439
846
37
1074
550
41
365
693
28
370
559
510
29
283
16
66
657
743
111
38
519
1043
154
576
162
894
790
875
35
127
274
427
59
149
476
554
100
551
68
61
517
208
60
345
883
89
1026
214
91
982
204
584
39
799
42
34
253
357
100
68
149
807
4
44
150
5
65
928
448
239
100
200
620
252
401
533
37
173
80
623
159
22
329
1083
283
9
709
660
19
619
472
31
913
440
409
444
411
39
764
788
1105
889
1276
198
329
357
529
123
860
447
22
636
426
842
307
596
639
441
995
98
149
119
26
795
53
176
313
567
438
240
835
629
72
71
474
198
792
768
1040
63
511
50
785
1142
222
57
255
677
7
394
415
96
276
873
637
451
657
383
231
751
452
552
130
52
66
751
15
225
0
207
707
574
109
275
557
21
840
974
31
124
767
705
267
276
22
573
85
238
48
1092
562
17
88
451
254
9
47
3
784
610
672
800
305
387
475
336
420
1157
106
492
958
13
820
428
96
27
9
29
58
404
70
52
1060
552
125
1077
961
33
91
363
292
757
673
1166
41
366
813
535
882
191
1039
198
126
184
735
323
12
426
372
865
1116
822
100
291
175
0
345
1019
369
6
24
89
242
708
24
288
62
1040
611
642
29
125
135
204
334
395
135
80
430
932
763
494
78
943
540
130
400
1120
493
11
991
2
1
106
829
770
35
77
27
476
158
114
187
296
326
142
988
291
613
967
249
502
108
711
74
105
5
203
829
1119
181
174
821
573
248
204
155
230
477
1007
411
8
1013
14
707
260
200
858
13
845
557
388
109
36
20
302
808
824
47
956
88
170
441
380
55
299
837
626
522
679
804
1119
167
442
326
421
953
105
313
90
280
54
44
330
316
260
566
1027
442
457
1130
53
165
116
375
46
287
192
1143
649
1058
430
220
618
144
452
702
471
189
319
604
419
43
433
109
89
1128
271
722
124
778
128
919
186
396
1273
441
236
1018
224
313
1171
148
254
1141
296
457
444
716
1137
533
456
490
571
280
311
68
282
268
329
569
4
1289
690
515
217
1204
337
1047
754
9
325
962
281
471
528
7
952
3
578
315
366
9
1172
30
190
113
7
136
302
813
894
62
80
401
245
147
92
263
279
915
157
93
635
1211
11
541
349
908
1024
1013
403
21
764
309
1
779
651
18
662
930
553
1171
7
380
1089
193
128
289
124
32
652
33
65
365
432
200
998
621
132
787
786
258
987
868
135
396
307
803
553
846
574
177
897
299
151
889
455
120
472
324
7
9
37
570
115
405
533
288
453
683
35
191
47
351
452
901
4
567
152
197
1057
58
558
51
1138
350
33
795
539
908
710
41
305
316
225
352
116
148
416
186
114
205
189
601
11
204
377
686
374
41
1219
294
7
262
0
636
98
269
234
284
822
161
396
171
266
12
49
39
479
3
5
633
159
277
111
370
145
840
197
192
209
378
122
269
389
177
1269
16
824
272
784
180
246
83
628
305
267
266
254
553
406
543
303
13
230
64
137
244
73
19
8
738
191
226
71
992
951
41
343
542
386
556
144
465
386
291
679
494
674
292
209
240
856
470
385
557
14
959
829
227
1119
239
309
136
293
197
24
676
63
324
139
635
633
713
731
365
990
37
526
293
54
835
657
39
633
785
315
742
176
487
14
262
745
524
224
631
937
605
699
562
840
769
873
416
785
424
45
717
101
390
912
177
126
718
79
17
333
178
52
3
409
256
1019
691
209
976
181
1037
3
713
1187
117
9
136
537
529
984
278
371
497
600
939
572
375
197
350
123
102
85
198
1029
648
239
599
275
145
286
216
318
13
1205
37
330
134
716
1186
263
4
456
19
1006
547
185
262
1273
83
55
414
8
878
80
599
23
405
107
159
513
113
285
9
861
146
109
754
405
543
414
474
55
109
268
208
419
491
1039
492
97
138
519
400
231
931
124
485
214
278
238
639
595
852
3
649
40
265
305
19
193
696
702
14
260
644
0
642
82
284
14
687
442
30
468
96
8
73
161
1197
776
179
153
1014
194
1026
1161
393
12
160
335
682
16
110
394
338
332
84
15
876
573
582
247
633
253
64
44
125
133
675
227
76
305
35
652
29
84
878
32
726
1200
535
179
105
430
494
9
293
591
4
367
646
744
47
135
429
186
377
635
1161
1260
421
3
788
1182
177
1188
791
37
4
586
1301
97
669
1032
448
787
113
600
422
124
344
37
107
336
120
255
4
959
367
435
252
900
2
66
144
1154
1124
45
14
230
137
528
277
322
1080
172
77
825
714
145
1029
704
40
354
174
6
271
14
271
769
761
119
359
380
932
653
273
477
290
92
260
159
323
41
155
429
423
30
268
610
66
624
1015
602
14
189
118
242
168
751
322
75
746
188
143
616
219
84
33
196
635
308
13
78
166
174
811
348
52
740
505
229
160
374
264
81
115
383
249
1266
401
25
595
4
278
462
688
830
499
60
806
874
677
149
7
67
285
102
426
873
704
270
278
629
950
634
227
774
977
1006
922
23
450
774
530
294
373
776
232
696
80
130
371
342
1181
104
627
25
318
298
570
414
379
245
25
428
186
33
25
100
276
940
1116
89
41
377
59
465
13
1300
339
576
158
767
184
644
550
40
55
87
107
479
803
11
682
119
51
588
210
1108
409
298
480
557
18
478
1
131
667
1023
818
200
121
149
56
113
83
197
614
149
68
116
37
9
265
6
338
308
804
443
275
393
191
736
448
244
694
337
185
95
292
67
792
394
6
285
387
467
651
441
82
48
768
32
1190
75
11
511
621
597
294
879
631
89
800
90
484
755
272
672
409
76
162
410
223
575
923
367
1112
1013
623
533
2
10
456
124
117
740
23
438
408
211
799
420
663
475
558
235
126
224
1010
152
567
130
23
136
89
381
1
453
549
475
378
142
30
492
35
196
557
761
46
1147
703
27
370
199
601
131
286
8
362
307
861
7
31
614
788
633
477
23
96
112
207
349
655
394
360
848
341
184
304
728
555
118
260
997
771
24
551
958
427
64
695
741
11
1074
31
53
950
588
61
22
1103
77
520
781
93
718
287
268
264
115
926
318
239
295
707
8
537
913
14
6
693
717
984
19
35
839
557
873
7
579
187
293
395
390
40
57
165
313
943
681
85
157
547
341
235
338
85
636
1052
811
63
782
54
47
94
67
315
306
441
696
479
171
71
187
12
298
203
459
208
253
22
142
220
350
547
384
242
32
220
134
75
223
576
247
936
559
121
1193
308
605
306
58
276
561
302
223
929
150
635
1156
771
105
44
426
436
340
417
56
57
61
764
50
429
120
813
160
556
797
662
109
151
501
727
52
1288
885
715
920
477
160
647
0
467
754
124
119
1162
25
733
129
35
579
327
659
95
1240
102
134
50
52
45
301
239
306
193
