0
0
0
0
0
0
0
0
0
0
0
0
0
0
0
0
0
0
0
0
0
0
0
0
0
0
0
0
0
0
0
0
0
0
0
0
0
0
0
0
0
0
1
0
0
0
1
0
0
0
0
0
2
0
1
1
0
0
2
2
0
2
0
0
1
0
0
0
3
3
1
3
0
0
2
0
0
0
1
0
0
0
0
0
2
0
3
0
1
0
1
0
0
1
0
0
1
0
1
2
0
1
1
0
0
0
0
3
1
4
2
0
2
0
1
1
2
1
0
1
1
5
0
0
5
0
1
0
2
3
5
3
3
2
0
3
1
2
3
0
0
3
1
0
0
3
5
1
2
2
3
1
2
1
2
1
3
1
2
3
1
1
3
5
2
1
2
2
2
0
1
9
0
1
3
1
3
6
6
0
1
0
5
0
3
3
1
0
1
2
3
6
6
2
1
3
2
2
3
2
2
2
0
2
4
2
4
3
3
2
1
3
1
4
4
6
4
3
2
2
3
10
1
8
2
5
6
2
10
7
0
3
3
3
2
1
2
0
3
4
2
1
4
3
1
3
2
5
6
6
1
1
2
0
7
3
1
2
10
1
6
1
1
6
1
2
0
2
0
2
4
2
0
3
2
3
2
0
3
7
3
5
2
2
2
2
1
6
6
3
0
0
0
4
6
4
5
2
6
3
3
1
4
5
1
5
3
1
2
6
5
3
7
0
5
2
9
6
5
2
4
4
6
10
3
2
4
2
2
8
9
2
2
0
1
3
4
7
7
7
8
3
0
7
3
4
1
4
7
5
7
5
2
3
7
5
9
3
7
7
2
1
2
0
7
3
1
0
8
5
4
5
12
1
6
7
6
5
6
4
2
3
1
11
6
4
5
3
0
1
3
3
0
6
7
4
4
3
8
5
0
2
2
4
4
2
4
3
3
8
1
4
4
6
3
8
5
2
5
7
1
13
9
3
0
5
1
2
6
0
5
1
1
5
1
3
3
0
4
7
4
3
7
8
5
1
6
7
5
1
2
7
9
5
8
6
8
16
17
5
1
7
3
5
8
2
0
1
1
5
7
1
6
7
4
8
9
5
3
2
3
0
2
0
8
2
4
2
2
1
11
6
7
4
7
1
10
4
6
0
4
6
5
3
3
19
4
9
18
6
2
6
5
6
0
1
2
10
5
0
19
2
2
2
5
4
3
14
6
11
2
10
3
4
17
5
5
3
5
5
14
4
4
8
2
4
9
4
1
15
8
13
2
0
12
0
5
2
3
0
4
8
4
2
12
8
14
13
5
4
10
19
6
7
2
4
5
6
4
3
4
14
9
12
6
1
4
6
13
5
6
5
4
3
8
1
4
1
8
4
1
9
15
4
12
1
7
5
2
13
9
0
4
3
5
14
2
3
5
7
2
11
3
5
7
10
1
6
8
8
2
12
16
3
1
5
9
4
3
9
0
8
2
6
3
4
1
10
10
17
16
9
4
13
5
1
3
2
4
0
7
14
9
1
11
12
11
11
2
11
4
3
9
4
7
4
11
0
6
2
5
13
6
1
4
9
3
4
7
10
2
11
7
7
15
6
14
7
5
13
7
10
10
10
19
8
9
8
2
5
5
6
7
6
10
8
7
9
4
6
8
5
6
2
8
6
2
3
10
15
2
8
5
12
3
6
4
12
0
15
3
9
8
10
10
1
8
6
2
7
2
0
8
3
23
8
1
10
8
10
9
20
4
11
6
8
3
2
1
3
8
16
8
9
10
4
4
10
6
5
4
14
5
9
1
11
6
10
3
5
4
3
12
4
8
9
4
16
2
6
13
11
3
6
15
20
11
6
3
2
8
10
11
0
6
4
16
7
9
14
10
4
8
7
9
2
13
14
13
2
3
5
17
6
8
5
4
9
5
3
3
7
7
4
4
9
4
6
8
0
1
6
10
15
0
14
10
0
6
2
19
7
7
11
9
1
4
3
4
7
20
9
7
15
6
27
3
4
0
15
9
10
5
7
12
7
15
24
9
11
9
15
0
6
2
9
18
16
16
8
5
9
5
2
6
1
21
26
13
4
7
12
16
6
0
0
9
7
10
13
9
11
1
9
8
6
8
14
10
22
12
7
8
3
7
8
11
10
3
8
14
4
4
4
21
10
10
16
11
4
21
3
25
3
21
0
10
6
2
7
10
20
18
11
9
1
1
17
2
12
0
5
11
1
18
8
27
21
20
1
6
22
7
11
2
2
9
6
3
12
7
7
7
7
7
12
5
1
6
6
2
14
1
15
17
5
6
5
9
7
17
17
2
6
14
7
3
10
8
4
6
2
27
15
7
14
8
5
5
18
6
5
13
5
3
12
1
9
24
0
4
2
11
13
4
5
9
8
10
5
11
10
3
5
14
3
14
8
13
3
23
1
4
11
8
2
23
13
19
16
7
11
4
17
5
12
13
14
12
5
2
16
12
3
19
0
4
7
6
38
36
21
7
17
5
4
8
16
4
4
2
17
1
1
7
10
18
11
11
22
17
7
12
1
20
19
13
4
18
21
2
0
8
11
6
20
5
6
18
11
3
21
15
5
2
9
23
11
11
31
0
6
20
12
3
1
9
2
1
0
4
6
1
3
14
18
21
21
15
11
23
21
4
9
8
10
2
13
9
26
7
5
7
2
11
4
24
9
5
18
12
4
26
13
8
16
9
14
27
12
14
18
4
47
5
5
13
11
4
3
2
12
24
19
3
3
11
16
4
11
21
25
9
12
5
8
11
17
5
2
7
10
11
4
11
13
7
6
0
5
0
14
8
5
36
32
2
3
14
2
1
7
22
1
2
5
4
15
14
19
2
5
2
4
14
4
29
31
5
1
13
7
2
5
38
7
20
8
40
15
21
9
18
5
4
13
0
6
6
8
1
7
2
0
39
1
16
8
9
21
8
18
0
7
0
15
5
1
21
1
1
17
3
6
12
11
13
0
15
12
27
47
1
12
5
22
2
17
11
1
22
23
9
15
16
8
1
7
3
20
10
8
12
5
8
19
21
7
8
9
11
14
19
13
18
32
1
34
17
4
12
14
12
45
16
9
1
16
39
5
7
19
19
25
10
20
15
28
1
5
18
12
8
4
0
12
30
8
13
6
56
1
11
24
8
20
9
5
28
2
2
33
3
15
4
6
2
11
22
4
14
21
10
11
27
9
8
7
54
15
26
24
13
16
27
4
8
5
3
9
1
15
39
1
18
27
26
0
8
15
6
9
44
3
13
34
24
20
31
42
20
11
10
3
5
21
20
7
2
11
13
3
18
15
3
20
11
19
14
21
21
4
8
19
6
10
9
4
8
8
34
3
22
4
29
6
20
1
31
5
29
13
3
8
3
3
13
29
7
24
10
8
35
4
20
33
32
6
22
22
4
8
13
7
6
8
19
6
24
0
4
1
35
14
1
18
7
19
34
18
9
30
0
8
11
26
5
3
2
6
32
36
2
6
4
5
19
4
3
14
21
35
8
24
32
12
12
11
5
15
51
26
13
4
3
8
7
14
6
5
8
13
4
43
6
9
9
23
39
33
5
1
13
15
25
0
11
4
21
41
14
46
7
53
6
22
9
15
19
27
8
10
31
53
7
35
11
42
3
12
10
7
1
25
24
17
9
16
23
9
1
15
18
34
5
3
41
31
15
10
0
47
17
1
7
37
2
14
13
14
9
0
16
25
9
23
21
14
38
20
19
25
4
35
26
11
9
9
8
10
0
11
6
19
34
9
8
13
3
34
26
12
31
10
18
26
29
14
19
24
18
12
13
21
14
30
4
10
39
8
16
23
34
34
3
27
28
5
25
16
18
9
36
5
7
19
9
1
12
12
26
7
24
23
19
28
4
14
24
2
6
26
16
9
11
5
1
17
23
6
12
23
19
39
23
11
22
14
5
2
8
69
16
17
1
3
2
27
24
43
7
31
7
21
1
22
6
32
36
4
15
6
4
24
17
12
15
9
1
8
11
9
17
9
3
12
15
14
12
4
8
13
22
13
7
31
22
25
5
29
1
20
19
36
7
18
13
15
9
3
6
11
30
66
35
1
9
0
42
8
12
30
26
38
1
15
27
14
37
4
25
54
14
40
15
12
7
13
15
27
13
10
12
14
16
10
50
5
6
10
22
18
3
18
7
4
29
8
5
1
9
55
19
4
21
9
23
4
41
17
14
19
6
12
11
19
30
9
25
2
4
9
6
3
37
3
10
20
11
9
16
12
13
3
18
10
9
10
38
3
15
5
31
0
8
18
14
9
32
35
48
16
3
11
16
50
4
6
26
32
15
3
6
38
8
11
6
20
21
20
4
17
25
25
10
9
11
35
24
9
45
25
11
13
8
14
43
28
5
30
16
36
3
14
51
19
4
34
12
10
34
41
54
11
9
9
15
1
10
9
7
31
30
10
7
27
15
20
16
46
29
36
27
32
7
16
25
5
23
25
29
27
2
26
31
0
16
27
6
46
12
18
10
13
9
23
7
18
14
16
34
21
6
16
24
2
5
35
9
48
17
19
12
10
2
5
25
17
2
31
11
9
6
22
2
49
10
37
29
23
5
13
29
12
10
18
45
27
56
11
48
19
16
9
27
3
14
26
1
34
35
25
14
11
29
27
6
26
48
14
9
33
23
20
3
37
6
14
55
13
20
6
11
61
25
13
0
5
11
5
23
18
62
2
34
16
8
34
10
39
7
14
36
4
45
9
10
30
12
33
29
14
6
24
21
12
22
15
38
12
2
23
1
10
44
1
16
15
29
49
22
7
13
31
3
46
8
5
25
12
12
3
4
15
40
11
9
9
1
11
52
7
15
13
25
14
26
56
29
5
12
5
17
10
67
51
8
18
5
26
11
5
4
17
30
36
17
19
35
10
21
11
22
6
27
34
30
12
40
29
4
14
12
5
21
47
12
5
44
34
7
4
19
5
13
13
8
19
18
28
20
23
17
48
12
5
13
10
30
47
25
19
18
2
27
3
16
43
10
16
4
4
0
23
26
12
18
7
22
9
44
4
12
57
38
28
4
8
23
22
24
12
10
13
18
17
27
32
21
24
9
11
1
7
4
15
20
14
8
24
42
37
4
29
26
22
27
26
4
75
34
8
65
48
13
15
2
6
12
41
17
33
14
18
8
36
22
40
19
4
34
24
32
8
37
9
18
41
3
11
2
4
39
58
47
7
2
26
3
23
15
3
6
11
8
25
62
23
4
24
14
2
21
30
25
15
16
9
22
40
19
22
10
32
5
29
1
8
18
20
79
57
4
47
9
18
45
15
30
31
28
11
9
16
8
44
45
5
15
12
33
49
46
16
65
20
54
21
16
33
35
46
51
4
7
23
31
10
12
48
15
19
18
1
17
8
8
38
9
34
16
24
14
8
9
33
13
35
35
0
10
0
5
18
7
15
50
41
9
24
36
3
29
49
8
19
20
15
46
26
35
25
11
9
24
40
6
17
14
37
11
27
43
25
24
41
13
35
12
28
16
36
22
4
11
5
3
11
13
31
16
30
52
52
2
8
1
76
24
19
36
22
25
32
49
15
10
34
13
9
12
29
38
21
14
8
13
23
3
18
30
1
13
6
17
23
13
32
15
27
54
24
26
31
56
63
25
16
4
34
101
25
14
26
52
13
27
15
28
26
60
10
35
15
15
24
36
5
31
35
74
11
25
0
3
10
43
43
22
10
10
31
13
22
9
33
5
39
38
1
60
9
25
53
5
43
3
43
6
6
50
13
18
5
15
54
3
18
19
26
33
31
49
5
13
47
13
18
19
7
68
24
31
42
5
3
24
21
16
19
34
8
15
48
8
46
5
42
20
5
16
17
26
27
26
2
33
3
7
55
15
18
3
24
10
14
17
50
39
0
30
31
29
5
31
6
11
50
5
50
15
50
47
40
17
41
22
19
24
5
27
28
13
5
19
15
13
66
15
26
43
52
1
15
26
20
12
48
28
16
37
5
47
33
49
4
13
66
54
79
24
24
28
6
19
31
40
31
65
32
33
73
74
10
3
44
2
39
24
19
22
7
10
12
42
15
69
13
3
22
12
16
91
16
57
4
10
11
10
0
27
21
14
27
1
27
9
16
12
18
0
25
9
13
15
3
2
11
61
24
36
45
23
38
72
13
0
25
27
19
6
49
29
59
31
8
44
6
12
18
22
9
16
18
4
8
51
0
1
13
2
24
55
4
29
12
21
31
14
11
68
11
0
4
36
20
61
20
8
37
57
11
17
22
17
16
45
86
28
79
17
11
11
86
5
48
51
16
32
27
40
39
3
39
54
2
1
8
25
7
76
53
13
8
0
3
47
9
30
30
34
7
38
42
38
25
21
31
25
73
67
35
15
1
41
37
29
18
28
10
68
12
23
35
13
46
30
91
25
32
10
3
56
65
0
27
8
28
13
9
23
61
11
37
10
21
64
6
28
39
4
48
11
4
28
55
13
40
28
11
8
9
6
11
75
38
18
30
14
55
43
25
18
29
30
15
45
9
12
4
34
18
22
43
135
14
13
2
21
10
22
8
16
26
11
17
46
44
53
4
35
5
11
16
17
56
4
67
8
48
20
36
26
35
18
25
21
7
24
71
1
37
24
43
67
21
70
52
8
118
13
19
44
11
31
11
37
95
14
20
18
26
19
18
65
55
79
24
19
39
105
34
32
13
24
8
11
85
57
24
62
40
3
33
13
105
13
36
37
30
38
10
87
18
69
46
7
4
14
44
29
23
47
13
12
54
42
80
65
31
3
11
20
30
14
17
34
24
17
44
28
13
25
8
23
40
78
6
20
4
62
35
9
15
28
15
3
5
2
69
0
25
32
70
72
1
5
0
31
65
15
30
24
39
20
6
33
35
39
12
17
37
6
11
13
63
5
27
33
52
12
20
21
30
61
37
57
21
18
21
38
49
17
65
28
1
22
34
50
13
10
78
17
3
31
69
36
4
33
19
57
28
28
20
44
16
31
49
24
11
4
47
11
16
31
63
4
0
12
33
35
117
46
36
37
56
43
17
31
2
52
34
22
70
17
31
23
23
34
15
7
45
37
52
15
33
26
9
13
64
7
6
30
112
22
10
43
21
44
31
50
14
50
70
34
24
50
4
10
39
13
19
91
10
18
34
22
12
28
64
37
38
5
30
8
27
4
20
19
53
27
43
31
23
22
50
42
70
9
12
32
25
10
51
14
20
10
39
33
20
98
13
110
22
7
39
63
35
67
120
8
10
43
26
35
1
32
46
7
17
75
42
63
75
15
46
24
67
16
7
9
41
22
13
19
4
40
25
21
0
3
11
8
7
72
44
19
82
26
30
54
2
65
9
23
10
55
11
27
21
9
27
29
42
24
32
32
17
59
2
8
10
19
39
42
33
75
5
23
57
6
68
15
34
6
53
15
8
17
10
28
26
34
124
32
38
7
8
115
31
12
11
44
7
20
1
14
44
3
13
35
26
31
101
43
56
40
12
43
45
78
65
19
1
13
110
36
18
14
28
34
27
82
14
8
53
76
38
63
16
7
11
10
25
30
61
27
4
83
103
43
34
62
25
91
26
60
55
4
42
12
8
57
31
39
41
11
4
8
16
17
8
57
14
57
34
6
15
54
14
37
32
22
28
28
6
50
37
8
94
49
11
10
57
65
7
19
18
13
79
6
12
69
8
4
7
22
43
46
1
48
38
24
33
51
80
20
9
74
75
60
79
20
25
74
30
40
25
94
7
50
11
35
31
0
34
4
50
33
2
5
106
28
11
42
4
12
53
78
10
17
3
35
58
47
50
7
112
36
22
36
41
60
14
45
90
41
46
1
12
13
13
31
38
61
58
27
69
86
4
36
63
10
30
23
4
6
37
0
15
16
6
29
28
75
71
6
7
28
42
35
32
50
8
14
1
99
43
0
54
38
2
65
11
9
62
112
34
24
8
10
26
42
11
93
5
34
14
4
44
67
39
21
29
63
24
57
5
76
30
74
52
45
5
64
8
4
26
4
3
62
14
63
59
44
42
30
3
80
19
4
60
60
32
3
2
47
39
36
42
39
124
37
50
50
10
32
36
10
4
11
22
23
88
54
4
24
24
28
9
58
55
47
40
76
21
25
22
122
50
11
22
23
28
53
91
54
43
42
2
8
7
61
24
28
49
7
78
54
23
69
52
88
59
11
7
8
2
50
31
2
27
31
11
38
18
6
69
14
12
10
25
49
19
32
82
77
9
17
22
30
10
22
17
26
18
14
70
52
10
4
20
13
30
21
40
39
53
32
8
38
17
15
73
7
9
22
23
38
1
47
37
29
42
45
3
14
30
57
41
0
11
34
4
4
96
18
16
57
24
72
20
36
13
29
93
15
10
22
5
43
50
24
62
16
15
86
43
50
57
78
40
7
39
37
19
30
16
64
45
24
53
21
50
3
7
15
117
24
11
54
33
25
14
54
98
42
86
8
40
52
80
10
56
7
15
16
78
26
84
12
16
3
47
2
54
16
59
52
152
16
24
4
51
14
125
10
5
9
31
33
9
43
51
62
5
18
25
32
31
84
15
32
66
63
44
35
52
3
13
9
35
3
0
63
85
80
31
67
14
44
24
94
26
9
58
51
30
49
51
32
52
3
65
80
42
17
105
4
57
105
13
7
92
34
73
11
14
37
31
96
0
67
1
70
4
65
49
16
87
10
60
28
46
70
59
50
25
88
10
4
73
14
57
24
6
7
26
24
85
6
16
32
73
48
8
51
39
28
29
46
26
6
41
56
77
22
59
0
58
56
44
15
24
71
46
27
119
20
65
61
21
13
36
32
15
17
2
77
75
48
52
8
64
59
51
14
55
20
30
63
10
17
22
23
83
4
24
16
36
14
35
10
82
6
9
7
47
88
153
19
150
4
3
59
41
20
65
56
43
108
64
63
26
8
44
4
8
21
73
33
89
10
54
0
70
22
63
35
31
56
82
14
76
49
106
1
80
41
27
28
3
46
34
56
116
18
33
18
30
6
58
47
28
34
15
102
71
13
76
15
0
3
45
4
85
21
155
60
40
27
8
30
73
11
68
32
10
5
1
50
104
23
10
5
57
49
26
67
63
50
21
65
76
8
27
20
24
11
23
0
25
45
47
14
90
44
14
24
42
33
62
70
63
23
22
1
34
4
25
66
40
2
32
42
88
46
6
60
20
37
10
66
48
76
51
38
76
63
5
21
3
53
24
49
59
7
10
41
46
54
14
102
0
29
7
87
81
17
6
49
59
7
3
22
21
48
60
28
14
117
30
14
24
1
36
12
20
12
65
83
31
7
3
58
42
23
67
32
72
40
48
60
47
13
12
67
54
27
68
11
3
26
151
42
45
33
33
98
51
31
91
23
7
157
9
49
22
149
54
12
38
2
2
56
47
51
35
120
20
76
40
31
137
22
32
0
4
115
15
20
85
9
32
86
65
28
85
25
11
2
10
23
22
71
46
14
113
26
41
3
51
46
50
72
35
29
23
78
14
19
139
1
40
27
40
32
42
16
35
30
3
27
41
120
13
9
42
12
35
110
37
2
36
64
71
11
33
3
55
71
46
6
2
16
26
110
14
41
24
41
8
61
15
6
23
52
15
11
47
7
86
27
36
20
28
38
38
39
21
33
10
38
58
61
61
17
70
61
18
45
5
112
55
22
122
36
14
33
1
51
47
5
108
107
35
30
10
67
22
7
35
51
64
19
19
17
98
14
11
20
11
8
65
77
38
41
134
28
5
4
130
44
65
33
0
16
112
49
13
3
49
58
18
70
46
22
123
71
16
49
53
37
18
6
30
35
13
70
14
77
76
35
10
2
7
37
27
45
160
30
57
18
5
52
22
35
0
5
53
143
35
6
98
71
47
5
16
17
12
66
0
7
70
16
11
103
50
11
107
50
33
63
44
55
49
21
11
4
22
3
19
58
7
9
69
201
49
179
26
27
6
27
7
69
41
22
83
9
108
40
42
44
53
26
44
53
45
87
55
60
82
98
51
47
74
20
3
55
14
28
43
54
23
10
87
1
46
95
90
19
21
91
55
84
16
18
6
96
10
41
138
100
37
36
49
21
16
69
98
69
51
24
14
12
30
51
23
49
61
103
58
6
28
3
147
88
7
49
55
31
22
187
5
4
82
117
7
10
70
112
25
49
1
70
10
44
4
66
48
37
60
32
46
6
45
65
63
32
7
92
64
9
55
55
33
18
35
29
58
3
39
65
46
86
76
63
7
71
105
57
30
10
143
41
36
1
2
55
54
26
36
1
44
50
24
2
9
69
44
7
12
26
24
69
9
8
64
36
11
33
4
8
52
4
85
18
20
43
92
16
31
47
46
22
14
46
35
4
66
73
54
54
63
50
1
138
10
63
38
114
78
85
11
2
9
8
44
39
13
5
58
14
64
7
60
74
45
93
11
51
77
63
12
13
16
20
78
131
111
72
87
22
24
45
65
14
22
29
6
104
123
124
50
11
16
39
51
120
63
16
53
134
63
46
23
21
43
71
1
23
0
55
42
7
55
63
73
22
33
152
22
28
8
1
13
4
20
32
48
10
76
0
94
39
28
17
29
51
3
9
22
52
57
80
47
55
30
15
47
17
10
41
23
40
45
6
31
4
45
10
11
22
87
59
34
82
21
2
78
17
48
53
107
3
91
49
9
35
0
32
32
48
9
4
31
1
7
45
36
200
9
60
10
1
84
49
54
55
41
67
58
22
8
40
83
20
42
4
47
35
18
2
61
6
123
6
55
38
8
91
7
57
7
83
14
58
35
49
21
1
95
61
38
110
11
27
85
68
5
53
26
9
155
5
115
64
4
54
24
59
9
114
40
132
29
100
40
46
17
38
11
17
6
26
60
43
41
77
70
17
34
7
108
6
5
113
114
114
43
52
8
13
75
17
30
2
15
89
14
22
87
36
97
70
20
5
10
96
56
19
15
69
78
58
40
8
36
27
2
26
19
60
8
44
20
80
78
70
16
31
14
19
98
56
38
34
21
46
17
3
7
71
19
57
106
56
44
21
130
1
37
10
68
23
26
55
46
23
102
12
117
29
18
10
2
39
36
12
22
40
23
46
75
26
15
22
4
57
74
38
22
1
43
60
5
28
26
51
51
96
83
77
54
19
39
58
18
85
23
88
11
53
59
111
1
76
96
108
31
4
47
68
93
0
77
93
59
56
13
12
28
13
85
14
76
45
62
39
48
62
76
68
75
0
77
68
17
53
18
71
60
75
89
20
2
62
91
47
12
63
33
102
55
39
12
3
20
23
26
24
58
33
100
83
62
13
35
141
44
27
119
15
30
66
32
15
14
4
10
15
24
28
84
16
25
17
43
63
62
19
53
9
67
30
67
97
25
14
61
22
17
46
32
69
51
2
26
69
101
48
95
46
38
50
55
46
63
112
31
27
11
103
72
23
12
30
29
3
108
65
73
35
30
7
35
66
58
24
25
28
2
1
32
33
13
70
68
62
46
72
68
80
39
198
3
3
50
20
74
8
22
11
2
32
8
26
101
139
121
18
59
124
47
120
78
75
31
83
82
5
60
10
62
59
37
71
58
41
47
36
35
57
44
2
0
129
54
60
82
28
2
13
98
33
2
51
122
114
44
57
58
55
10
81
22
31
56
31
97
36
3
6
79
7
12
67
66
14
73
57
10
54
17
0
5
11
32
10
41
34
79
0
38
133
54
72
36
7
54
5
31
9
0
51
39
12
86
0
233
76
86
32
0
14
79
89
65
108
92
33
34
26
33
65
73
24
101
36
10
29
53
120
163
50
28
8
20
73
12
63
60
42
46
81
33
69
56
15
8
8
68
13
67
37
21
41
32
62
25
35
84
2
31
55
57
89
4
162
98
79
39
41
10
20
114
61
2
14
57
17
13
40
64
32
7
49
41
28
67
55
34
7
13
109
27
26
4
10
36
10
36
80
104
122
19
5
98
139
18
129
9
42
3
11
12
52
71
50
36
46
2
85
8
18
49
38
92
97
39
39
9
52
76
11
85
83
0
65
17
14
30
67
11
46
53
17
45
92
26
16
68
59
70
39
72
24
12
74
45
72
57
115
93
42
69
96
100
71
7
100
85
30
11
79
22
16
29
70
29
80
58
41
1
71
119
69
36
92
4
15
73
68
77
57
17
15
37
19
71
25
67
44
56
54
19
13
88
51
61
46
32
54
15
80
3
35
20
40
15
4
12
25
62
1
40
66
104
139
157
16
69
7
128
56
58
32
95
6
14
0
104
64
11
17
23
114
35
65
73
18
50
115
34
5
74
16
101
4
50
80
87
22
16
16
15
78
52
6
0
60
111
38
10
3
115
59
90
22
37
41
5
12
29
21
11
32
31
9
9
13
72
173
23
50
50
95
89
41
55
86
16
129
111
8
53
121
103
20
39
102
81
16
86
50
88
3
33
100
113
131
44
33
90
69
34
53
43
9
63
43
15
45
41
45
108
110
10
64
6
16
4
77
62
70
50
95
60
73
12
183
89
7
68
21
3
25
24
21
4
46
4
63
2
39
33
76
46
0
20
19
122
50
104
17
47
20
96
64
91
29
15
59
12
1
69
91
61
32
88
63
30
42
39
116
24
148
75
179
62
8
20
51
174
2
65
40
97
72
91
67
42
51
134
45
75
11
92
23
27
15
2
81
36
50
56
14
35
72
4
133
10
97
88
44
40
65
25
16
112
124
57
5
47
19
19
20
22
17
50
19
0
63
68
46
13
21
171
16
25
31
1
23
69
108
150
28
61
13
13
50
25
102
28
89
70
26
17
107
83
70
79
19
106
4
64
54
27
77
1
15
56
8
128
24
119
149
36
3
50
9
19
94
27
38
117
67
45
23
59
22
78
24
47
112
45
46
32
25
94
7
129
2
13
20
77
63
17
6
19
74
60
55
71
0
97
89
173
16
79
32
48
55
88
26
2
90
99
21
23
31
111
83
60
55
169
11
30
73
3
42
8
74
47
53
56
7
2
103
84
29
91
107
30
117
30
83
30
15
110
108
6
125
34
41
42
35
14
52
138
69
54
83
63
25
132
40
77
64
38
208
36
33
24
102
67
46
41
27
23
27
121
47
81
75
93
39
22
161
62
73
20
113
60
105
65
76
50
12
122
198
32
15
20
169
173
8
37
10
20
124
14
144
84
4
8
80
87
164
16
24
29
17
73
50
146
3
72
122
35
14
63
173
68
16
26
100
75
15
58
20
55
53
27
30
188
143
79
15
31
2
120
112
12
141
68
6
52
98
87
57
16
5
15
53
16
166
37
88
51
30
61
25
24
106
34
43
62
43
8
68
27
0
59
57
20
83
19
14
78
97
59
99
74
79
65
20
20
101
16
18
42
19
9
116
36
88
16
19
50
152
41
34
24
38
52
44
32
93
32
60
17
26
83
54
58
140
82
42
15
29
48
132
174
79
2
120
4
13
97
54
167
26
27
7
48
26
137
140
43
78
42
42
54
54
108
92
1
17
19
65
128
34
25
77
20
71
48
63
42
17
97
48
60
28
58
12
50
58
44
29
91
20
19
58
54
28
102
138
46
9
33
198
62
28
66
11
93
43
19
122
3
76
78
31
10
85
103
71
25
1
48
78
62
106
9
84
153
55
22
24
53
39
114
106
4
37
81
168
118
234
158
0
25
45
36
80
43
11
72
28
50
15
105
35
192
89
13
11
144
94
23
88
16
71
35
19
86
98
100
56
138
64
29
17
56
143
11
90
164
37
89
3
89
10
7
66
98
25
110
20
71
22
113
36
84
126
31
37
54
35
36
12
10
55
48
5
24
16
131
101
59
50
49
132
16
59
23
34
169
80
101
24
78
104
49
16
14
141
34
66
60
42
105
36
25
21
20
44
59
18
16
74
5
7
0
141
25
90
29
60
87
73
26
59
48
0
94
159
132
211
39
41
168
11
72
117
40
32
102
99
71
29
114
164
26
33
25
30
82
96
64
16
44
95
65
41
72
150
10
67
49
29
3
190
168
106
83
76
25
69
84
51
1
72
118
61
48
61
24
180
17
55
16
63
162
280
117
24
22
45
63
21
108
13
34
117
41
67
59
147
90
4
45
163
21
22
40
54
61
46
40
14
3
98
34
27
50
87
32
90
63
94
12
7
39
79
19
111
27
48
80
9
81
7
55
25
8
33
75
95
0
14
72
4
25
58
32
112
23
36
55
198
15
32
4
8
4
127
60
228
15
89
28
18
128
54
32
45
32
79
64
70
58
177
50
70
31
3
11
30
218
40
8
38
64
6
42
39
19
6
102
89
71
161
68
23
24
7
13
15
56
13
10
101
78
90
52
27
75
48
55
74
32
96
22
54
120
39
31
99
53
19
119
28
70
43
129
10
17
23
64
52
44
61
41
47
34
11
55
84
51
6
70
89
9
48
114
31
12
70
20
42
74
73
30
29
5
29
46
19
90
16
16
31
144
11
195
89
14
70
48
67
8
35
23
72
96
127
3
71
11
13
95
174
80
87
64
57
36
103
21
31
19
102
107
90
67
23
15
30
79
76
35
128
25
111
50
90
145
40
10
47
84
49
19
22
54
69
28
23
60
51
6
1
230
37
102
50
0
104
43
31
101
22
46
22
69
51
66
47
35
162
77
79
56
58
101
106
50
82
10
140
133
98
48
68
76
0
4
49
38
16
7
149
98
0
67
169
35
93
104
24
146
14
80
14
44
15
32
54
46
42
29
10
12
29
12
21
17
1
112
39
100
88
95
51
41
124
64
49
139
24
35
89
40
36
75
102
42
46
80
26
45
179
68
66
27
39
99
61
56
159
38
42
1
62
33
71
2
57
43
77
18
79
55
31
73
54
126
56
54
9
204
103
62
76
10
125
29
75
72
102
18
54
63
70
60
20
25
52
109
51
44
38
20
42
77
168
23
25
31
183
31
36
73
72
146
25
8
17
41
62
19
9
98
30
45
32
29
7
40
49
2
13
11
94
3
65
22
48
112
62
20
16
31
61
163
72
145
105
107
21
63
56
61
7
57
9
40
29
12
60
34
73
48
1
87
23
61
26
103
74
136
8
110
20
16
163
34
32
14
51
5
1
41
46
70
40
39
104
122
104
10
8
10
3
73
100
4
77
65
34
117
90
19
12
124
37
42
50
92
110
145
35
22
33
75
40
126
122
98
32
116
8
27
153
57
98
134
154
100
0
23
58
66
20
55
38
43
82
28
8
112
15
5
36
76
18
128
12
190
139
78
132
50
7
69
168
75
57
54
14
16
151
79
96
3
40
28
29
165
5
47
76
5
26
3
93
144
87
50
15
123
31
87
119
71
75
63
69
74
42
26
22
66
64
20
34
12
76
115
26
18
28
139
56
44
87
26
128
9
119
31
27
8
9
43
15
86
178
48
83
114
26
38
19
72
54
72
121
80
69
80
48
93
22
0
54
118
91
45
91
12
20
16
18
53
7
52
55
72
123
166
58
18
71
77
156
14
31
86
3
55
26
30
79
8
4
42
56
9
50
62
101
96
18
49
1
64
42
46
106
112
45
6
41
134
87
146
80
26
83
198
0
30
30
23
115
53
51
10
104
48
91
17
138
19
73
57
2
20
145
65
110
87
17
15
86
13
27
6
101
70
45
78
97
18
44
60
155
35
119
12
18
78
11
100
50
44
20
53
21
42
31
118
57
28
57
29
114
19
38
45
8
7
107
32
40
15
103
87
56
10
88
2
57
101
125
219
10
77
104
42
19
29
124
108
88
57
46
46
97
194
59
95
67
25
2
232
67
106
80
47
87
105
42
2
105
30
66
93
113
116
83
3
2
70
24
130
79
49
0
140
51
135
57
54
156
46
86
2
40
70
128
37
107
8
106
34
148
146
153
135
4
120
67
13
15
170
151
61
78
7
23
65
34
15
75
82
144
134
39
181
33
12
68
66
0
29
148
124
1
58
99
54
38
106
103
94
142
88
28
62
9
21
10
27
39
21
106
8
216
40
116
163
76
60
2
180
47
146
15
55
154
85
159
221
68
93
57
152
85
88
88
19
8
44
73
29
82
83
21
198
25
38
31
97
129
0
51
0
140
153
34
53
60
83
130
44
21
56
73
71
65
109
130
71
30
109
66
36
39
105
15
46
32
15
87
7
24
49
29
63
9
75
61
54
30
73
65
7
216
26
82
10
88
121
0
94
4
73
34
91
86
37
169
12
137
98
21
24
41
200
5
87
22
72
17
105
9
77
3
58
126
111
14
64
28
191
50
5
57
132
75
70
21
25
2
30
60
68
44
60
78
14
55
36
118
106
140
23
185
11
142
16
93
16
67
42
89
137
95
42
129
27
73
98
101
68
83
65
92
126
41
41
82
45
67
70
134
74
29
26
68
38
54
32
64
150
142
43
213
46
82
36
19
149
129
53
96
40
38
102
110
26
23
12
352
29
214
115
30
69
34
102
95
41
35
25
84
43
79
4
10
56
108
93
159
105
61
46
64
37
170
24
25
166
66
142
133
67
22
122
183
18
101
70
44
115
82
98
23
66
117
15
173
21
130
19
68
54
28
28
32
68
3
55
19
27
229
21
7
123
66
28
3
65
87
26
88
86
53
7
30
18
29
56
3
66
141
51
58
100
38
24
27
23
82
78
46
87
33
67
80
82
77
29
68
0
155
38
27
7
66
112
162
41
60
74
24
35
11
15
85
128
50
23
4
27
129
118
68
86
34
47
50
58
67
39
145
19
65
64
96
52
134
78
29
179
0
29
18
17
1
19
76
85
142
25
86
61
1
71
49
35
15
76
139
106
0
11
148
38
95
32
63
158
226
31
17
133
19
48
18
160
46
39
194
147
12
55
53
29
31
3
172
64
8
25
55
18
33
5
123
69
25
25
80
30
33
19
9
37
34
12
152
85
279
94
33
201
157
183
93
42
51
93
121
111
87
78
11
142
5
19
94
38
139
46
22
132
187
85
146
52
67
28
115
17
114
91
37
79
28
71
62
53
25
3
15
131
24
119
74
68
22
17
116
74
158
0
45
19
6
85
121
21
111
54
78
69
165
13
69
72
142
22
61
33
72
110
99
84
240
19
53
40
18
63
80
141
26
147
17
11
108
45
19
9
34
23
52
184
24
32
87
49
87
92
257
104
54
67
70
42
138
40
100
79
73
76
10
33
10
76
134
75
31
45
62
88
5
9
85
187
111
51
81
102
112
47
46
65
128
89
51
90
76
86
89
47
23
40
67
33
18
245
96
6
180
82
28
69
80
71
202
16
60
63
31
2
98
159
46
151
3
10
79
139
125
78
121
209
38
215
138
17
141
36
67
110
153
55
30
42
80
32
52
76
50
31
80
112
12
18
18
112
68
8
92
45
136
90
56
101
123
55
33
7
99
33
49
83
6
18
29
288
46
43
57
121
5
57
143
44
50
34
57
80
17
65
39
52
75
43
92
56
40
115
44
60
25
3
69
68
4
134
20
201
0
56
137
76
110
145
157
45
25
27
36
20
49
7
61
93
124
72
136
188
32
60
61
28
174
127
10
22
23
114
87
38
137
92
31
79
41
19
59
39
238
145
132
74
25
58
93
132
194
25
160
26
36
114
72
415
100
257
39
30
112
6
120
22
37
5
66
18
60
20
29
10
23
35
18
37
1
46
105
25
157
55
12
112
198
58
21
12
23
19
126
52
108
10
44
98
99
44
41
89
62
25
150
98
129
93
158
168
105
53
130
88
10
107
140
21
65
30
24
45
35
7
86
13
44
3
27
145
122
99
63
117
24
75
91
22
77
22
185
93
61
3
81
162
25
105
3
37
71
80
160
83
126
121
23
47
20
224
34
135
173
29
47
30
131
75
127
5
34
235
3
36
90
64
86
44
82
1
188
150
107
115
39
12
183
29
52
157
9
17
45
75
22
224
77
26
95
39
110
91
12
49
301
66
93
38
102
32
28
46
10
58
100
68
17
23
36
14
16
185
106
109
58
99
73
128
22
65
41
1
32
195
62
87
245
121
64
118
147
219
55
96
191
22
50
44
6
54
19
110
171
14
20
220
74
6
73
76
3
163
2
155
142
158
1
143
85
102
45
132
130
85
85
47
16
37
195
13
80
73
36
28
53
75
42
20
128
20
160
25
116
61
36
145
67
8
12
108
24
218
32
62
43
188
94
52
38
57
151
110
169
70
33
179
95
232
38
52
11
44
71
113
85
174
36
171
29
65
93
76
38
114
8
96
50
77
30
61
40
83
206
2
65
6
157
48
28
53
56
24
40
100
103
136
118
10
168
153
95
10
35
47
105
16
58
4
67
129
45
112
47
164
25
15
15
167
9
5
75
43
45
117
50
111
181
89
33
128
18
127
57
10
116
92
4
0
16
91
62
45
38
73
198
29
39
5
29
220
109
63
149
120
60
45
128
6
137
61
55
62
77
148
69
81
126
36
47
42
5
86
28
123
121
148
132
26
221
42
15
144
59
31
33
35
129
58
85
107
59
21
16
59
28
31
15
44
44
92
49
88
33
76
123
77
49
29
207
41
42
41
24
76
9
87
55
66
39
115
31
45
45
3
52
187
100
57
170
75
191
125
69
263
5
95
158
25
39
15
81
206
149
80
88
68
39
56
76
132
38
231
83
36
76
69
58
52
12
4
117
98
45
19
34
115
30
25
10
13
234
18
11
129
97
63
67
35
105
5
117
111
78
19
84
122
47
22
66
79
10
166
60
39
95
79
43
205
55
91
10
111
40
80
24
37
91
23
13
65
67
106
4
71
81
23
13
184
57
4
15
153
60
43
141
129
66
36
186
26
15
3
99
44
108
14
170
237
1
73
175
130
24
4
18
3
169
191
0
85
104
14
1
18
273
51
100
71
53
60
16
91
140
42
25
38
5
28
6
315
55
18
36
95
106
75
77
91
19
157
76
23
22
48
150
102
62
37
127
91
83
48
26
96
61
193
94
35
17
71
169
257
128
36
2
89
68
7
50
133
30
187
172
81
12
179
160
62
49
105
33
61
31
89
44
115
132
92
46
138
40
75
75
71
167
28
50
53
52
29
140
70
56
25
71
172
23
98
24
70
11
201
19
28
60
68
89
82
69
72
43
131
36
130
46
195
8
19
51
29
139
27
33
215
35
37
93
53
18
150
139
100
30
42
12
80
95
15
109
193
17
139
29
111
97
25
101
30
119
44
101
18
165
23
132
52
31
73
125
53
28
75
118
15
221
47
85
43
107
37
51
138
118
147
215
179
114
240
158
60
136
59
24
1
185
192
88
174
104
97
2
33
96
113
10
54
109
152
30
101
87
101
127
71
83
120
17
55
33
148
28
9
76
28
2
1
87
17
171
79
29
95
100
6
80
76
153
66
188
64
137
28
25
96
41
17
20
92
56
62
4
43
200
113
160
79
78
245
80
31
169
29
21
53
168
41
106
18
64
4
165
71
123
2
49
5
70
187
76
67
40
69
3
244
0
60
124
2
129
149
18
3
7
37
92
183
172
120
193
36
115
37
28
71
249
140
53
13
3
30
24
35
166
75
197
57
76
214
147
72
3
75
68
276
57
236
141
164
46
44
17
163
63
14
105
88
125
42
9
129
133
40
37
127
41
126
38
158
158
101
41
103
87
37
118
78
48
66
110
28
99
54
60
75
92
13
99
11
107
20
11
151
174
2
20
91
179
106
212
106
62
227
140
148
146
19
17
87
26
155
53
212
3
40
56
69
76
132
89
110
93
61
238
37
37
133
37
222
30
5
70
110
98
19
15
44
26
159
11
145
60
140
71
161
110
33
6
114
20
32
162
197
138
76
1
27
11
58
36
15
184
63
108
97
95
35
176
80
83
0
122
115
35
23
1
102
26
171
135
249
12
126
9
31
24
50
97
181
29
69
133
75
133
52
154
75
56
40
98
66
173
270
125
47
29
87
56
213
102
151
83
97
91
153
16
223
44
107
99
27
48
78
32
125
17
110
37
71
210
12
131
99
20
38
26
23
117
23
24
9
83
75
51
145
10
104
121
40
33
107
63
106
121
110
44
82
122
2
120
264
99
270
75
29
83
51
17
282
213
155
72
50
29
194
30
121
70
26
179
76
85
97
193
4
63
59
32
48
87
55
133
26
35
12
125
26
186
19
147
135
37
168
9
8
5
98
119
34
2
29
6
89
104
76
41
181
74
114
138
96
132
181
98
237
102
115
272
6
118
180
50
40
96
99
150
38
68
84
98
44
110
41
148
143
107
30
18
82
136
158
89
122
104
43
33
124
68
207
98
132
77
246
75
42
42
49
72
27
48
16
127
20
50
127
189
53
83
214
269
32
60
24
70
0
135
199
166
159
7
99
111
34
121
127
168
209
48
119
61
135
29
5
119
184
63
10
20
4
7
0
46
27
133
37
21
138
137
124
78
30
15
95
25
98
66
95
107
26
326
10
40
33
38
65
40
47
158
46
155
27
11
167
46
232
3
158
21
9
56
95
97
201
69
110
228
305
309
209
46
150
2
23
114
170
64
404
50
31
140
22
222
29
39
98
6
38
58
132
52
49
122
31
29
36
105
186
90
97
58
52
24
32
82
182
129
93
139
112
213
274
15
37
143
120
89
13
140
66
92
42
15
1
97
44
79
99
31
62
68
3
185
41
3
211
75
88
39
78
180
52
32
10
254
18
25
73
99
30
129
42
8
12
126
13
6
22
34
108
114
204
59
147
1
47
86
111
8
91
54
71
24
47
12
32
107
99
70
54
97
21
58
1
184
157
90
128
84
89
60
14
97
249
54
73
38
88
42
51
17
135
32
58
22
119
64
125
11
94
38
179
181
51
105
25
102
67
95
51
254
117
135
52
11
2
147
25
46
45
166
160
130
38
66
79
64
72
46
0
280
61
122
193
60
49
53
56
135
129
36
30
17
30
9
99
32
74
162
122
28
33
172
159
52
116
41
92
42
87
5
132
147
68
243
333
139
32
15
74
125
181
66
31
18
1
96
30
16
2
20
85
59
37
90
51
63
140
11
62
88
65
128
143
287
90
109
84
19
277
33
85
180
92
49
0
156
61
103
139
8
96
87
218
151
136
144
159
45
83
12
22
88
148
71
30
90
197
26
139
162
124
33
1
223
32
143
189
20
55
132
124
73
70
65
157
63
93
207
47
77
91
91
50
91
61
24
171
5
6
24
93
106
88
166
0
94
87
149
117
1
48
126
79
11
64
30
62
105
131
60
58
41
57
94
91
23
67
76
78
66
44
32
38
41
148
77
6
52
12
168
94
84
108
40
1
301
151
14
67
0
108
22
160
3
63
28
11
65
7
129
12
188
170
5
25
63
187
109
93
93
155
50
53
107
137
56
2
55
172
71
85
73
79
6
65
72
94
99
96
0
203
135
41
132
46
134
1
14
109
128
24
63
125
70
151
113
15
35
42
66
201
100
185
37
42
43
219
158
48
38
87
281
26
10
27
58
8
32
24
221
203
14
14
44
215
44
131
164
33
38
26
79
0
76
134
79
143
1
62
99
137
22
19
29
62
15
302
39
7
1
115
80
50
0
152
59
129
241
71
84
81
270
146
125
117
34
44
3
80
43
147
132
214
122
108
110
3
46
33
91
165
72
37
37
44
94
32
139
237
211
81
177
320
11
55
161
157
87
30
93
61
26
21
79
91
29
88
71
33
99
76
42
114
51
108
58
24
34
192
43
137
28
44
59
65
43
82
49
17
33
92
38
84
223
115
66
166
99
36
26
49
245
91
36
63
74
145
239
52
182
282
30
35
56
54
66
50
20
89
311
86
109
73
175
217
26
12
2
82
128
42
123
11
92
8
319
157
110
31
3
95
127
163
154
24
112
186
252
62
15
263
16
2
54
51
64
33
67
159
76
138
109
204
76
14
138
141
30
210
113
209
79
34
1
169
106
44
98
57
50
108
84
141
135
59
52
65
131
143
15
210
83
7
148
80
19
9
132
47
96
37
145
92
20
54
12
205
71
206
248
204
152
177
125
191
204
154
120
112
239
147
99
11
20
46
64
28
124
9
88
265
35
26
57
0
63
166
35
34
3
41
15
19
104
6
9
136
61
13
184
85
122
17
23
216
82
123
135
118
151
40
9
27
0
172
42
195
76
12
42
36
28
81
29
107
287
1
17
125
44
54
160
145
51
144
80
160
68
151
82
146
68
58
69
84
85
40
175
2
15
145
70
77
126
47
94
183
163
38
241
43
20
74
86
147
100
102
22
37
102
91
0
35
25
132
15
112
307
32
27
65
64
34
137
162
104
25
74
122
27
90
10
6
9
207
192
9
65
140
54
17
230
127
38
68
21
78
0
62
41
50
169
41
23
4
89
137
59
101
33
188
0
247
82
35
67
114
50
70
5
263
91
87
18
64
0
53
42
119
41
1
15
71
54
6
140
11
52
216
103
102
65
110
14
37
126
92
10
105
50
155
57
93
19
190
24
125
208
18
36
130
101
58
128
21
130
30
76
43
114
60
15
109
89
7
219
128
102
65
26
171
156
109
36
59
153
53
85
184
301
164
4
31
97
20
158
156
159
68
104
33
53
250
76
126
244
30
70
83
76
47
197
89
14
86
75
112
39
47
84
149
1
39
121
7
137
46
70
41
39
68
122
61
107
191
88
71
65
35
34
111
27
205
182
249
31
80
125
36
69
22
26
151
53
33
27
94
34
74
54
218
199
56
109
85
215
70
115
57
34
66
4
89
161
128
209
124
12
44
96
31
202
14
218
18
219
102
88
56
246
43
43
122
112
0
168
107
119
216
13
26
87
133
180
2
114
172
45
8
35
78
10
54
66
101
22
36
33
182
29
166
80
161
52
36
95
132
262
81
102
2
176
46
130
84
172
258
55
98
10
100
116
127
196
108
44
146
151
146
40
16
186
49
48
26
44
8
37
14
41
109
28
13
13
234
35
32
237
55
49
77
111
14
41
129
129
8
37
37
121
71
3
246
71
49
43
44
27
116
95
105
55
78
55
258
113
72
149
111
93
28
150
37
209
23
21
71
173
190
100
21
216
1
138
26
71
74
10
58
202
29
129
84
29
165
107
217
29
196
23
99
34
187
48
185
180
36
53
90
40
162
118
221
29
38
164
64
25
54
106
81
45
111
8
125
271
116
227
6
27
206
134
39
6
445
103
168
59
97
8
42
87
37
19
188
195
74
107
141
77
149
16
254
148
137
135
50
28
99
45
38
89
40
173
12
178
79
77
60
30
182
42
108
214
67
129
116
37
63
18
131
14
32
44
28
63
200
82
95
169
121
6
63
121
151
8
337
149
7
27
143
37
104
161
51
9
61
97
87
170
28
80
255
58
10
100
76
195
46
60
119
312
172
82
48
206
130
150
188
78
171
21
237
29
115
142
20
19
193
188
3
129
176
150
90
19
26
135
64
47
91
48
57
100
15
228
68
49
167
14
14
66
248
12
137
197
47
9
214
97
137
58
66
285
1
180
181
18
50
17
112
92
23
113
147
7
132
60
199
44
58
131
5
154
45
153
87
35
50
122
213
92
136
55
0
123
114
184
261
65
77
8
229
53
78
31
32
65
226
26
304
149
154
43
132
169
101
86
9
115
47
13
264
17
35
11
30
43
41
166
3
114
62
24
111
95
142
107
128
192
174
104
235
55
32
13
120
70
10
87
285
84
151
90
17
64
84
38
24
34
6
31
4
211
15
24
141
120
153
208
12
103
71
2
96
45
213
58
87
26
115
24
90
15
77
145
66
34
245
47
11
14
150
167
76
189
251
247
100
117
88
57
14
253
212
284
108
58
41
23
43
14
113
127
155
44
102
23
50
253
67
35
56
78
144
30
2
338
76
160
68
187
80
14
0
179
1
138
67
34
83
88
93
145
72
85
140
15
106
194
223
153
3
78
176
68
55
163
54
37
109
64
158
27
110
78
58
75
6
44
104
160
48
20
8
40
26
135
3
50
18
206
42
20
41
0
92
102
70
21
94
208
49
57
217
196
115
113
57
105
85
42
40
125
243
156
38
22
132
132
107
60
33
297
80
157
218
110
59
254
154
145
117
136
13
115
3
171
115
60
64
195
67
69
93
14
241
157
182
295
118
47
81
58
131
46
105
159
19
66
32
23
37
83
227
43
181
43
180
34
34
291
186
66
11
88
23
285
15
40
0
15
295
179
141
90
75
21
171
19
41
95
59
204
97
274
147
179
90
144
152
108
53
63
143
74
49
272
230
70
4
86
243
64
1
198
80
86
129
145
151
52
49
134
153
206
8
106
146
156
108
33
24
41
100
297
99
84
142
343
144
127
12
110
316
63
244
35
34
145
77
45
180
79
13
100
208
70
48
82
154
46
221
43
23
59
123
120
316
76
167
34
89
49
3
5
46
16
19
137
7
99
25
6
68
128
146
103
212
78
66
171
33
32
41
154
44
36
106
286
122
20
97
40
169
81
126
119
55
3
8
42
170
180
19
77
48
7
106
168
90
229
5
189
172
58
1
262
9
18
30
116
293
121
54
76
68
45
329
6
246
10
93
5
126
142
88
234
170
105
189
234
259
5
100
79
71
32
84
26
62
14
160
76
112
8
100
43
213
195
58
132
157
83
76
20
151
57
144
248
77
177
28
96
31
153
5
181
39
109
90
126
163
227
114
12
74
127
29
14
117
135
13
225
232
93
175
6
42
7
99
12
106
293
75
18
272
328
95
112
210
51
100
243
82
14
87
63
227
149
32
120
110
173
111
76
284
113
24
9
148
152
73
172
11
242
313
41
40
50
42
10
73
132
77
74
61
130
166
73
34
121
300
163
177
107
8
233
111
103
4
75
119
95
210
160
13
93
125
127
100
148
302
52
123
23
223
179
36
52
57
47
45
24
219
327
123
175
310
65
198
67
141
46
33
32
83
43
224
33
70
30
62
103
78
107
234
323
128
145
50
94
330
402
135
368
112
73
117
101
110
70
188
149
38
54
249
165
232
118
47
116
169
27
46
217
224
251
69
56
117
23
23
59
195
168
212
18
151
39
36
75
105
122
27
13
278
137
46
90
55
46
125
28
38
127
111
52
248
288
99
56
131
52
61
126
68
74
114
231
68
85
409
101
196
75
77
10
148
185
11
90
63
142
143
157
66
91
129
103
63
142
224
106
204
104
63
0
42
178
101
181
271
211
61
22
95
22
10
220
129
174
79
110
53
29
107
30
48
168
110
228
62
60
172
142
102
216
13
402
154
98
129
97
170
42
76
193
58
178
105
56
141
102
67
274
201
170
82
196
156
113
40
95
25
7
102
73
140
207
56
40
9
123
30
227
36
172
235
199
80
186
97
161
3
73
79
29
128
17
36
100
53
78
75
167
22
165
141
75
89
270
223
18
37
9
184
74
26
145
53
40
83
30
144
155
150
60
116
0
15
176
198
144
155
38
91
73
117
25
48
125
105
123
106
130
1
96
219
39
5
369
33
203
7
225
40
95
43
86
43
175
233
27
13
32
106
45
142
122
157
152
227
157
66
128
55
35
61
7
58
123
107
93
33
93
26
239
8
114
21
76
39
193
120
148
27
302
126
35
31
18
39
122
69
139
5
172
77
87
140
35
15
24
16
50
113
66
162
170
52
190
211
140
66
113
233
80
43
49
19
29
114
279
156
143
9
122
60
8
199
18
30
21
70
77
199
43
143
222
52
141
51
11
45
80
17
36
100
233
245
33
196
157
185
15
72
18
37
170
46
78
325
65
59
175
18
125
87
15
200
125
107
329
13
13
72
49
188
139
124
229
45
81
71
34
162
90
96
132
108
33
305
69
127
75
191
86
44
22
196
146
63
158
188
90
98
82
74
95
43
358
148
37
65
36
104
145
7
160
221
61
346
105
21
162
53
53
86
45
111
23
200
111
245
59
99
157
73
44
28
58
261
10
82
127
174
57
57
47
287
230
184
55
119
62
8
119
101
86
128
128
16
92
40
144
79
8
96
140
120
72
70
129
122
24
196
236
18
18
76
166
153
39
107
79
47
230
263
9
242
61
31
56
71
12
152
28
232
87
33
48
53
27
28
0
138
134
95
99
60
282
65
68
95
281
40
101
93
119
67
194
37
20
119
78
28
96
126
181
40
122
92
345
23
9
40
41
163
102
351
234
123
87
182
196
56
93
118
64
252
114
1
200
91
116
31
15
170
114
40
276
63
154
24
96
84
196
114
36
121
25
204
42
103
31
7
83
214
109
111
129
152
279
144
210
255
155
48
91
84
193
197
130
44
173
108
16
3
124
199
178
2
89
92
49
316
215
161
85
28
15
200
156
39
32
20
155
3
11
39
148
164
81
135
92
355
53
41
26
109
27
65
24
151
130
124
105
77
417
265
55
231
121
240
296
83
183
228
19
69
89
61
123
127
127
91
15
78
120
243
152
2
57
63
59
169
66
73
155
196
53
36
231
98
19
99
314
143
48
191
164
5
18
208
132
62
195
190
57
9
90
161
135
116
222
24
111
62
132
176
269
57
6
42
4
88
57
117
314
38
74
87
178
131
147
4
99
73
48
34
11
75
61
28
40
97
0
127
49
139
4
140
170
79
7
39
20
143
24
291
19
43
168
205
131
161
216
81
250
12
82
68
115
199
44
0
76
191
38
230
278
12
91
49
28
191
107
233
115
73
39
166
22
289
146
38
107
219
167
27
61
53
109
93
272
140
54
259
254
104
76
70
92
133
45
92
130
37
260
169
74
61
78
11
104
119
63
152
58
214
144
183
99
80
89
204
16
63
215
43
209
146
102
132
76
38
130
15
282
339
171
130
16
151
89
46
172
121
129
85
83
11
119
382
13
13
14
10
405
73
145
0
48
324
3
122
161
41
164
147
145
53
163
9
34
17
209
111
144
122
83
279
296
158
227
6
69
192
201
182
166
313
340
172
88
0
53
137
72
141
159
160
159
154
185
19
84
13
160
147
29
82
120
53
146
148
83
187
151
192
50
50
98
181
224
254
112
218
56
116
214
44
156
61
196
132
147
6
21
28
5
174
25
11
107
55
87
115
84
92
320
97
101
282
283
71
53
82
32
89
196
58
136
1
192
174
32
12
92
224
84
114
41
15
202
64
10
25
111
96
102
2
105
165
170
251
0
121
136
122
130
106
40
19
66
162
192
154
23
30
109
82
107
25
203
74
374
105
353
182
209
58
164
107
123
31
138
19
58
5
290
136
302
106
219
25
8
342
52
259
357
55
146
140
72
55
109
9
138
25
262
395
81
106
56
103
54
236
3
56
47
152
114
23
59
45
88
63
236
29
147
162
127
194
160
175
161
132
73
136
146
83
275
3
139
107
106
74
44
272
98
53
182
32
195
64
8
178
205
279
187
7
178
68
58
140
31
9
76
137
10
25
165
82
24
169
47
234
29
30
70
114
136
127
75
95
95
175
164
110
147
90
4
72
226
230
175
165
303
231
47
215
169
188
88
52
7
126
151
45
26
127
12
47
70
21
143
3
291
107
50
70
111
293
171
111
106
347
166
146
47
30
80
23
358
60
104
22
92
204
15
37
123
114
84
43
205
88
106
99
34
74
147
159
145
122
47
127
6
3
26
133
220
156
275
132
54
374
50
20
25
8
29
7
165
15
312
193
41
244
103
47
228
51
117
283
224
5
50
401
107
313
249
2
71
64
58
163
238
34
307
1
191
19
230
57
86
95
48
57
33
361
15
155
124
133
63
68
6
2
47
3
278
117
283
143
236
337
56
41
115
141
207
26
91
11
44
40
85
201
260
93
285
30
0
106
28
256
73
229
214
140
200
2
55
54
43
33
300
164
181
177
59
22
100
78
264
103
91
12
30
124
34
154
79
17
58
229
101
29
343
133
47
156
41
55
220
93
337
67
3
11
168
207
19
164
246
124
159
87
78
42
60
141
219
265
21
21
54
196
87
26
293
165
170
69
285
90
119
128
54
214
5
109
37
35
37
33
19
42
156
286
86
0
172
15
95
119
277
117
102
42
195
17
122
41
153
47
37
197
223
55
86
318
319
77
25
150
28
48
30
57
67
51
214
211
162
251
147
169
166
167
229
186
7
47
119
33
139
231
191
69
24
120
131
120
249
54
375
148
43
11
155
196
37
54
175
62
40
7
34
19
44
297
74
75
281
225
162
196
252
189
292
40
262
190
120
42
240
112
2
327
184
136
51
270
47
248
11
47
94
147
187
82
259
138
145
57
28
0
177
42
213
23
284
150
169
371
241
96
74
163
63
64
150
122
52
113
294
288
151
266
151
133
24
8
118
41
113
80
8
47
199
409
197
54
181
71
127
37
149
141
223
157
63
235
114
66
5
53
93
277
2
13
46
61
252
45
39
154
276
107
125
268
117
7
15
297
36
45
269
248
301
244
95
245
133
39
9
116
24
56
63
61
122
108
205
117
44
127
129
367
34
140
87
302
145
37
2
0
25
138
137
80
216
135
66
190
351
20
127
89
75
101
4
193
44
144
260
43
112
224
43
17
167
41
86
132
270
95
295
92
215
130
94
250
77
153
127
40
19
123
26
63
185
55
119
71
74
85
15
87
94
61
137
21
33
142
84
171
17
74
68
33
38
41
52
2
42
112
167
231
139
58
183
295
36
250
300
40
114
135
55
68
90
82
139
257
148
58
84
77
79
75
40
179
165
141
94
22
5
123
134
10
358
117
263
35
55
16
83
1
30
296
78
184
153
29
42
1
21
7
164
0
14
137
86
76
116
168
104
214
13
199
91
202
109
10
106
85
23
66
119
56
130
140
49
202
36
176
44
4
195
52
129
34
40
103
183
164
32
23
91
320
176
75
104
2
188
55
21
135
24
37
190
182
144
5
125
165
15
232
131
177
114
60
95
144
162
284
150
139
240
91
113
68
181
192
248
153
10
72
264
57
327
3
80
299
337
335
90
187
35
20
161
98
267
134
77
153
39
5
197
125
188
107
119
136
12
35
22
58
17
290
295
92
117
12
300
66
52
117
326
151
60
290
23
92
131
105
171
174
115
1
238
254
177
108
136
150
155
321
8
109
116
134
39
257
14
60
162
324
219
259
113
156
128
97
185
8
406
289
41
309
186
76
238
4
66
185
208
107
135
218
24
487
66
76
23
111
14
86
54
89
115
212
2
364
123
170
210
211
4
105
160
312
247
68
128
216
200
34
74
78
176
20
189
431
69
170
139
1
56
88
98
189
19
300
20
271
15
11
204
20
135
230
103
151
212
1
72
65
221
37
183
210
36
309
294
157
11
105
87
83
117
140
284
75
157
231
21
164
50
27
81
73
146
4
0
11
241
27
73
406
5
76
114
111
227
245
77
160
335
170
19
63
110
127
44
90
59
112
112
44
74
185
269
125
127
133
307
1
265
108
68
70
21
12
120
65
440
78
395
3
121
14
37
42
239
129
143
239
120
83
94
5
283
184
124
123
44
103
304
102
35
129
151
141
137
78
185
42
50
29
66
52
14
103
38
346
117
10
12
40
108
35
62
166
74
171
168
147
68
113
190
69
100
38
46
64
211
228
46
392
4
95
91
49
192
105
87
97
141
165
130
32
130
299
1
77
99
111
36
253
50
143
203
16
38
184
97
111
209
232
26
228
51
195
155
158
112
113
122
25
320
102
324
29
32
129
27
214
73
405
96
229
96
128
207
103
21
97
170
257
55
220
168
175
157
49
111
112
93
305
15
153
62
35
370
86
159
61
51
210
21
162
61
57
64
124
96
73
177
152
128
158
208
79
0
250
144
92
45
106
442
1
130
157
80
149
166
24
120
157
64
44
314
247
220
9
309
122
205
44
177
28
72
173
155
264
9
61
100
120
106
325
155
40
6
56
122
102
107
19
12
21
139
193
145
66
236
61
134
73
226
242
88
239
109
314
310
34
224
268
221
26
24
291
132
156
163
22
182
67
287
182
124
70
17
21
40
210
36
93
81
67
94
77
33
7
120
154
160
77
184
217
239
110
66
98
150
23
209
64
10
139
120
56
207
113
121
169
253
111
88
37
73
94
76
103
136
154
279
138
145
106
36
180
8
170
39
109
8
245
230
13
157
44
45
260
41
162
5
16
327
41
230
263
102
133
32
42
1
22
227
269
274
61
183
54
23
298
179
149
95
173
240
192
84
293
8
138
37
32
142
215
164
61
67
137
167
59
293
106
52
125
79
81
202
247
101
91
242
23
71
131
21
268
154
110
100
45
181
404
97
108
230
99
16
230
54
212
77
72
24
196
31
106
242
137
20
102
16
266
278
233
159
150
102
26
135
172
220
165
117
3
37
22
75
176
257
259
56
178
205
353
159
167
321
76
159
55
48
130
227
349
9
169
75
170
230
99
82
202
107
6
118
187
126
167
18
5
46
49
217
46
214
55
195
28
50
178
68
103
182
68
29
0
45
133
8
34
249
229
37
198
239
167
21
86
125
1
152
188
52
79
131
33
47
48
146
142
198
44
109
15
38
100
3
18
211
173
32
0
242
197
135
306
320
99
339
27
238
5
92
107
276
108
35
304
140
110
337
11
119
141
55
25
8
52
105
102
14
70
291
120
86
18
151
160
184
100
71
52
156
187
190
43
4
134
16
46
237
11
222
44
197
73
59
271
242
145
41
203
2
50
164
100
134
74
187
228
328
69
80
116
193
46
366
23
120
125
382
42
91
208
311
31
51
43
90
285
19
150
163
12
399
243
53
107
200
66
9
126
15
80
29
54
108
1
35
121
164
94
191
140
462
71
220
74
185
43
340
130
14
57
41
107
64
145
68
61
26
264
177
13
302
35
89
56
76
207
176
22
333
225
206
186
79
150
50
225
148
133
165
8
167
329
18
228
108
5
196
60
295
107
233
465
175
65
317
173
354
14
309
302
91
165
41
46
10
137
86
64
23
85
72
47
382
71
85
284
71
139
165
333
25
125
283
48
399
375
232
207
204
147
155
329
155
64
28
231
156
218
0
200
68
288
3
39
47
49
29
28
517
65
74
190
367
36
260
182
144
45
183
71
122
7
293
120
204
169
172
89
109
154
25
225
19
50
127
117
108
48
83
261
20
43
56
34
274
14
264
54
122
1
69
218
168
226
132
305
58
272
99
63
201
23
97
61
26
293
242
35
42
155
61
193
117
255
156
168
234
282
44
246
138
21
169
106
123
17
245
101
152
131
136
107
42
372
166
52
108
211
368
127
131
105
457
136
68
16
45
74
145
343
107
636
2
284
223
209
177
30
282
439
105
111
65
70
97
141
44
183
48
76
70
51
334
93
226
254
39
75
185
324
215
89
91
95
7
59
312
273
332
182
47
196
248
36
50
493
4
187
195
155
165
27
123
32
92
185
8
78
263
97
282
25
26
8
150
163
203
361
39
85
72
114
78
248
217
51
15
85
92
296
112
36
141
248
208
142
139
1
241
52
98
61
98
54
87
83
61
107
59
163
207
66
63
18
230
80
47
240
91
12
228
48
53
151
164
159
99
62
213
195
192
100
118
19
9
107
79
138
151
22
5
128
71
275
68
112
212
54
23
32
51
44
41
181
184
388
169
25
8
149
70
78
36
434
135
341
123
169
50
115
19
98
24
31
212
135
0
88
151
331
64
129
81
77
206
83
22
87
186
228
33
68
232
203
154
132
335
10
76
131
70
103
34
315
98
51
80
51
103
6
204
50
27
273
31
243
133
257
69
0
9
232
304
7
55
19
140
40
170
32
179
172
12
298
61
3
75
144
136
181
206
230
146
13
174
62
80
100
82
274
161
207
179
80
91
78
250
65
83
108
24
7
50
124
275
45
119
153
64
106
62
65
237
136
4
17
21
77
175
50
70
149
73
95
271
125
81
354
200
63
98
8
22
78
21
152
49
145
27
91
124
243
103
50
136
66
271
96
332
84
199
91
218
96
284
0
39
18
327
60
108
12
103
111
86
21
163
173
301
54
85
98
209
104
129
30
111
46
7
69
129
142
186
252
95
65
50
219
273
312
167
148
165
106
55
109
87
187
175
353
167
282
153
78
40
63
97
63
264
117
116
21
27
55
110
441
205
28
124
178
263
171
259
32
4
195
38
179
235
103
188
30
302
33
68
550
150
1
190
240
157
87
246
68
201
67
128
59
239
394
214
21
23
122
85
9
64
200
45
8
38
141
171
112
140
120
144
338
73
107
245
177
110
70
73
144
15
149
128
158
35
37
62
171
16
21
99
163
111
104
71
143
130
51
264
84
76
28
79
45
120
174
179
39
160
47
51
123
82
89
190
42
132
82
233
178
286
271
268
174
96
256
306
47
61
292
1
82
3
51
118
26
64
186
105
198
182
13
22
330
61
137
69
160
236
13
143
273
51
62
150
157
113
19
72
300
182
100
232
524
292
68
266
27
254
195
203
357
58
30
85
90
40
130
309
79
169
292
290
100
64
36
47
35
118
136
0
52
263
122
14
15
163
172
253
94
201
27
161
22
3
163
46
72
95
73
16
213
112
21
40
47
154
99
340
334
48
41
38
126
72
75
296
268
6
121
96
91
73
174
276
51
65
83
0
81
200
54
431
39
207
143
328
81
154
54
195
126
175
178
83
68
144
209
283
39
76
222
69
60
31
133
328
31
35
165
52
4
305
370
112
184
69
173
110
108
25
98
307
63
10
260
46
36
264
119
70
74
138
227
1
54
1
191
290
222
130
304
32
138
153
121
66
15
37
188
76
75
47
187
110
10
229
45
223
104
231
179
81
30
60
106
363
176
135
109
360
44
273
78
245
194
117
74
232
158
70
38
125
95
211
59
207
183
122
66
78
339
60
162
168
351
13
59
105
35
122
39
110
398
23
115
126
248
70
82
218
22
55
103
13
101
212
216
73
238
121
195
25
45
295
78
104
7
281
13
21
174
140
281
411
48
173
28
159
69
178
0
36
262
51
144
7
116
97
297
152
61
383
60
50
102
154
66
158
318
64
87
351
90
196
64
157
118
59
36
73
157
137
129
23
13
95
193
90
25
132
18
158
28
90
106
54
182
53
200
186
83
71
178
233
210
240
29
292
359
50
94
99
165
41
297
9
204
220
35
66
66
443
198
141
219
77
98
104
81
148
307
54
178
260
279
170
367
119
167
25
286
31
224
22
317
144
340
262
46
167
135
355
304
94
55
184
281
214
21
84
117
154
108
214
13
127
206
58
81
213
23
109
16
138
393
145
319
160
32
91
214
25
349
30
166
200
34
114
55
114
190
74
64
4
338
114
119
372
255
131
102
287
265
168
24
194
251
5
360
171
39
113
72
339
277
249
261
137
135
250
22
68
25
222
97
233
61
132
189
361
35
391
95
191
25
106
224
175
32
670
164
77
45
157
9
310
149
77
17
159
244
37
243
207
62
76
164
138
126
45
239
71
76
15
44
333
108
41
33
3
65
89
87
311
40
123
55
150
141
76
131
175
181
429
241
167
104
269
4
209
88
116
64
89
110
255
60
52
39
159
235
215
359
64
462
26
271
46
41
352
66
272
6
402
159
97
100
62
112
100
69
40
201
71
23
172
76
18
33
209
191
79
80
367
393
170
252
240
89
113
198
34
18
80
64
298
157
161
41
29
301
138
64
15
46
249
150
7
61
232
21
238
90
104
61
162
199
25
184
73
361
66
164
179
118
30
250
22
135
40
235
136
160
505
69
67
93
150
139
99
32
139
237
260
249
213
356
107
399
210
97
357
362
217
287
415
1
26
174
143
133
142
64
33
89
84
138
273
281
32
47
81
239
86
201
182
44
36
94
397
157
8
264
173
138
235
233
317
62
386
56
144
96
359
42
85
254
476
151
101
157
137
161
23
54
113
7
71
44
28
222
164
10
83
90
323
132
300
42
208
172
70
104
173
214
44
249
200
134
145
132
148
113
106
90
102
133
64
91
14
199
173
13
239
232
74
137
96
249
297
115
336
49
43
59
237
54
67
139
246
112
374
33
32
283
142
219
162
329
1
182
208
46
149
157
94
184
109
76
117
158
33
146
147
229
97
549
8
163
69
328
16
37
215
201
70
188
34
57
115
136
107
36
209
23
239
148
207
118
196
121
316
30
155
54
101
16
59
319
71
100
189
188
210
320
28
146
47
154
131
55
138
6
294
22
389
87
481
155
187
1
74
12
413
74
363
503
106
211
11
243
27
12
204
290
119
99
318
429
51
69
65
172
33
305
126
4
373
166
97
197
546
419
87
133
52
73
55
254
416
260
137
127
67
74
29
24
145
125
57
159
93
92
132
300
300
63
331
134
112
213
57
83
148
371
75
96
157
78
61
24
70
316
232
312
368
148
176
12
220
141
239
90
320
44
158
30
227
148
43
97
76
121
332
360
61
115
229
109
203
196
43
35
8
260
216
117
100
262
154
226
66
276
138
226
120
152
88
112
175
96
95
218
133
221
95
195
121
133
335
71
73
192
93
306
43
472
143
211
67
94
23
158
160
12
160
239
376
66
185
1
76
41
75
133
65
35
56
193
75
91
135
297
207
72
23
136
346
309
156
26
144
165
206
121
86
466
24
50
0
132
123
46
107
94
187
281
37
84
245
236
102
126
246
41
280
91
138
62
233
227
24
54
37
245
202
160
51
9
137
308
5
325
31
81
592
420
71
45
301
38
34
155
82
15
27
11
112
254
272
11
20
207
211
514
69
74
173
110
17
233
105
8
211
130
109
207
141
69
254
215
96
33
118
82
289
44
105
255
64
14
25
37
177
264
172
131
112
239
138
23
2
153
24
192
106
69
126
52
107
98
76
223
47
236
5
398
328
287
158
193
79
134
189
107
4
215
58
177
212
21
512
32
99
455
451
332
110
28
96
145
117
53
44
162
118
282
158
56
157
163
362
25
377
9
5
148
82
16
210
189
81
123
119
88
154
293
143
170
167
0
65
285
216
112
267
202
218
31
268
134
86
205
48
80
155
42
90
349
16
122
159
64
225
18
155
135
332
122
162
88
169
9
98
96
157
51
152
227
131
144
126
47
211
64
203
117
298
416
205
156
16
270
32
386
316
235
221
312
266
51
285
66
92
107
444
157
137
99
65
0
410
198
175
141
139
228
208
59
588
270
253
240
180
152
133
115
269
85
79
22
92
168
201
416
253
53
208
174
450
244
37
188
12
102
160
57
159
106
60
249
24
423
51
43
317
162
7
179
45
102
171
26
9
130
100
96
250
0
134
257
39
410
195
187
216
46
101
69
127
175
32
225
240
30
35
87
153
21
97
32
156
305
113
251
12
5
33
388
322
109
173
232
187
56
130
76
162
122
236
5
83
114
113
183
202
300
314
56
180
37
86
302
103
56
87
100
147
334
202
352
81
40
232
70
29
68
163
82
87
186
108
169
81
15
520
85
225
27
26
129
202
58
270
166
6
127
31
101
150
246
61
282
194
65
97
73
155
144
367
153
204
106
146
238
214
55
177
139
2
93
219
9
312
261
23
317
95
264
91
195
27
71
208
41
108
94
196
89
214
29
157
252
51
169
79
199
222
409
311
77
132
261
470
283
178
92
31
207
260
202
18
256
89
189
258
281
109
300
49
163
9
170
185
186
190
62
303
107
291
34
57
175
255
211
82
89
72
236
692
77
33
19
257
19
94
515
303
112
118
125
129
223
122
2
306
128
159
101
68
290
2
38
223
222
80
307
84
60
81
131
32
43
284
122
182
51
35
69
38
104
242
24
7
74
74
152
42
58
165
102
241
187
152
5
1
199
86
6
176
268
94
3
561
110
70
106
138
283
171
139
160
53
43
73
205
264
53
148
106
28
161
374
75
210
29
45
69
217
111
150
52
216
404
174
204
203
412
26
323
73
149
141
363
163
65
129
130
361
92
374
148
319
248
225
78
187
193
167
222
328
195
218
222
72
186
151
15
28
94
242
244
226
450
141
254
85
160
96
151
49
5
103
92
81
207
86
106
79
452
50
50
132
19
232
143
213
50
179
150
129
55
152
137
313
195
12
71
41
83
340
97
499
64
161
108
38
69
232
40
156
312
267
30
99
39
194
211
4
139
338
37
136
406
52
115
125
49
39
163
21
49
411
122
235
78
130
15
271
110
48
146
58
64
157
50
232
120
58
242
14
224
219
267
131
102
47
232
265
90
79
302
96
304
175
121
35
203
79
121
245
82
131
173
449
135
358
78
180
243
114
155
112
35
59
181
109
168
38
221
57
205
125
84
0
47
357
143
26
34
87
251
108
221
89
197
90
78
364
173
159
30
71
187
82
70
36
169
152
37
276
154
169
142
33
136
189
97
156
32
38
104
68
223
279
327
23
354
92
43
168
148
89
4
96
514
135
36
123
0
124
173
169
102
143
226
548
166
359
88
74
28
49
326
161
86
303
14
3
406
151
28
60
19
35
13
274
60
19
13
10
91
243
207
160
87
215
27
383
238
176
25
45
202
50
300
138
207
375
63
53
104
189
66
128
376
85
184
369
49
143
46
107
192
163
357
228
230
32
198
62
286
116
291
419
5
66
6
44
131
173
24
155
342
61
191
283
147
29
164
231
365
65
435
129
16
272
226
152
219
8
506
361
79
42
234
397
151
97
180
113
150
0
12
14
117
10
97
181
228
86
90
94
97
259
7
191
48
104
40
243
56
231
240
164
253
87
170
171
3
97
326
378
252
10
0
147
25
246
13
34
50
61
74
100
201
103
218
65
33
10
256
103
120
226
194
314
120
4
99
25
151
102
38
87
86
160
267
0
176
272
86
83
209
48
116
147
10
100
19
239
172
156
238
96
53
78
175
358
399
43
7
251
88
129
93
115
110
186
320
149
77
133
378
79
85
231
19
87
46
519
95
194
41
109
118
301
45
123
137
321
64
274
8
8
332
41
254
241
74
116
300
141
236
9
159
81
136
0
60
182
8
113
92
240
271
362
4
274
62
186
29
54
183
134
186
173
38
175
298
40
84
40
140
163
163
249
28
94
5
25
38
44
39
449
150
51
161
43
168
213
82
49
112
91
77
85
39
223
45
340
17
44
272
250
177
156
149
265
383
422
210
106
95
217
73
248
72
77
64
144
163
74
185
26
61
74
7
258
34
127
144
191
300
267
406
160
128
146
43
317
0
147
128
163
194
255
166
83
194
22
217
48
298
106
113
138
309
279
222
161
145
159
202
329
38
98
207
48
53
156
173
121
470
43
223
60
5
142
184
23
1
155
193
37
153
33
244
143
330
416
190
198
170
7
295
21
5
156
69
76
229
94
78
94
184
137
204
286
258
191
281
18
650
72
111
206
70
71
187
82
39
203
476
111
279
335
282
37
19
18
133
60
19
163
135
183
195
83
29
168
52
130
175
163
111
252
135
111
135
97
240
177
200
172
35
174
366
56
57
83
38
105
175
86
89
49
86
120
49
32
163
288
137
62
368
189
214
144
92
244
104
160
181
217
76
284
13
434
153
199
344
163
117
141
166
367
113
116
45
29
262
401
232
224
98
536
203
28
15
8
322
107
13
200
25
221
107
88
125
183
178
158
21
100
140
201
44
464
219
138
265
17
429
271
86
211
31
129
95
178
350
208
185
18
48
502
68
9
298
178
97
1
228
233
29
103
50
488
103
58
9
95
99
272
202
532
344
29
261
168
56
205
5
245
186
39
59
71
55
142
99
312
304
121
271
164
102
481
24
171
222
299
146
18
156
144
32
14
16
56
311
314
170
235
247
181
0
192
212
311
245
84
103
46
194
26
432
43
270
180
74
343
72
252
63
192
131
240
229
138
359
76
0
27
165
122
40
51
147
184
16
115
249
226
174
159
282
204
161
39
1
372
18
72
212
233
94
51
204
173
236
153
108
60
92
246
96
201
41
98
556
122
7
103
404
208
207
200
127
247
76
293
277
39
114
39
513
187
282
67
89
351
234
149
120
411
52
139
202
329
56
184
345
126
18
27
622
57
86
335
76
625
381
81
13
91
72
299
128
311
167
286
274
180
79
396
267
94
85
173
112
35
125
20
98
31
87
81
246
72
503
231
150
300
108
0
145
256
235
175
76
22
222
118
185
282
37
40
155
66
84
399
70
136
281
35
143
141
273
210
15
191
114
160
155
175
190
50
196
204
73
471
40
6
14
289
47
1
71
24
205
126
46
33
312
74
262
206
100
75
282
43
89
283
46
46
76
86
93
12
274
76
352
311
332
144
271
141
102
222
83
113
321
138
170
122
8
324
247
294
232
328
152
100
42
134
218
242
428
403
121
279
190
103
135
261
90
53
31
284
52
148
193
60
6
161
59
208
167
46
307
209
58
63
175
151
238
54
234
366
340
144
12
269
89
71
105
220
196
60
157
250
68
299
39
58
193
123
124
143
107
334
65
178
180
334
102
341
307
130
329
60
4
372
60
179
34
312
48
284
156
90
156
160
68
93
343
111
104
300
15
104
335
60
93
72
24
40
88
56
472
287
99
169
260
49
6
151
146
288
117
85
39
109
80
355
462
52
204
31
212
189
61
445
84
21
33
54
123
233
9
2
113
143
262
163
89
271
38
186
123
255
67
29
82
74
33
155
211
70
44
192
3
192
251
224
285
136
113
136
122
219
97
62
270
232
67
6
0
60
205
19
274
589
360
73
288
370
340
180
49
4
138
393
116
77
280
442
482
49
14
305
334
270
162
10
124
72
335
314
90
74
74
229
378
236
320
438
110
120
233
153
174
64
292
161
205
43
52
194
115
29
47
282
417
226
263
107
43
272
310
130
16
84
9
36
265
73
127
108
395
76
499
254
18
111
88
163
237
302
204
49
204
79
66
119
233
19
73
78
104
0
304
205
77
144
124
125
154
53
122
403
310
95
207
74
293
219
61
60
110
178
49
13
129
165
282
7
143
193
201
47
244
91
191
56
265
119
284
149
142
28
301
13
281
157
114
172
272
271
279
129
188
1
386
122
99
210
223
249
218
68
167
127
116
180
12
66
179
292
93
296
190
237
213
26
6
17
5
346
353
101
220
112
45
29
220
0
173
23
158
8
65
31
352
50
184
86
255
56
285
164
83
127
249
70
58
32
341
167
65
14
108
111
104
2
26
182
314
25
196
173
242
2
231
32
257
87
164
23
190
183
72
110
132
430
175
332
228
246
121
74
54
99
122
46
370
247
428
59
73
60
71
110
177
77
130
34
198
136
61
187
221
626
41
201
89
12
384
37
118
158
73
29
7
96
148
175
17
374
27
141
86
292
148
142
214
222
2
16
60
115
170
142
13
50
256
415
245
18
252
154
156
3
344
70
103
54
20
103
59
47
381
347
106
149
149
222
20
59
112
224
173
251
195
29
30
259
6
203
49
421
131
9
116
30
132
198
112
396
174
279
5
164
9
237
55
127
236
165
18
181
148
48
38
174
219
12
230
86
65
83
83
283
52
212
32
319
166
0
77
51
40
398
66
173
82
272
411
308
91
130
113
42
111
42
375
138
150
56
106
117
201
97
240
46
241
178
241
28
349
155
104
247
148
140
161
108
51
207
210
372
115
237
166
82
187
194
13
94
341
262
113
212
95
69
145
107
358
325
89
179
552
77
157
227
94
95
273
62
125
189
63
192
215
111
288
14
209
154
74
280
234
44
164
132
250
25
556
413
118
106
42
366
215
66
119
89
296
43
108
132
195
106
170
601
70
46
374
66
22
263
213
242
104
69
394
186
161
422
455
282
133
265
84
266
198
17
66
249
48
173
76
41
98
135
43
0
103
59
51
32
43
228
70
171
135
77
243
184
84
479
107
162
150
279
102
292
522
131
102
195
20
32
321
177
77
136
0
665
109
515
57
324
189
39
300
275
80
200
183
44
146
182
264
145
231
288
74
146
199
233
31
59
108
116
231
80
60
63
136
239
311
156
310
222
180
0
121
159
170
39
116
59
83
264
138
156
203
149
89
52
209
195
305
159
54
90
133
30
200
7
88
94
95
259
5
99
38
99
78
284
75
112
45
42
189
335
195
130
90
201
108
124
93
42
614
38
157
221
153
159
52
146
11
128
152
167
194
251
3
3
128
200
295
190
275
1
398
327
150
549
144
246
261
115
12
7
54
24
21
270
284
270
62
228
303
34
121
181
67
46
625
174
227
233
545
45
3
248
60
262
68
1
9
325
86
98
72
44
109
321
49
134
271
170
95
201
141
199
112
201
107
34
353
92
134
219
92
9
97
210
31
153
206
8
280
102
118
149
88
58
274
303
70
123
43
276
115
61
228
433
254
209
215
128
378
140
237
99
25
100
40
53
238
331
201
32
316
193
157
349
2
161
94
145
55
92
41
10
0
210
222
124
265
104
251
228
178
192
174
189
216
91
115
164
422
392
234
116
4
329
252
332
426
325
67
38
120
58
510
61
449
545
10
67
144
91
145
208
267
67
200
53
180
285
332
95
298
224
441
166
147
409
194
63
275
137
179
110
12
445
231
71
288
51
70
117
148
238
185
114
116
26
174
79
430
147
202
152
91
241
140
231
155
457
121
63
295
54
128
138
108
384
149
256
148
31
252
402
91
227
89
12
234
123
165
163
400
86
41
127
743
26
290
302
84
386
57
109
29
70
401
265
77
73
7
656
283
70
61
82
306
67
29
144
284
27
180
348
199
116
7
366
68
74
255
64
86
73
390
366
72
95
312
26
125
60
290
141
327
247
13
388
203
196
2
114
242
353
200
97
89
377
91
254
195
43
427
10
102
441
171
148
180
20
161
250
24
179
43
52
322
253
45
301
543
105
86
259
65
217
23
33
144
158
76
236
352
136
111
428
269
234
17
38
397
303
329
167
171
473
29
38
256
117
153
163
261
35
89
84
208
37
185
50
239
227
308
315
253
279
517
319
41
50
64
240
120
374
181
67
172
74
270
53
95
55
391
4
73
164
162
30
293
17
376
264
50
140
32
179
37
97
438
467
15
161
2
183
258
344
158
81
292
59
225
16
125
256
71
24
204
60
251
106
1
280
39
466
233
156
335
35
79
657
267
210
42
56
126
37
209
59
155
598
597
239
157
47
206
245
169
175
102
195
115
49
228
140
400
82
82
353
64
133
58
173
55
159
447
137
196
378
135
210
135
1
15
49
267
265
177
135
172
108
286
285
218
213
393
470
155
430
242
74
31
15
104
411
78
118
125
267
224
27
178
17
192
156
150
192
241
547
92
46
14
416
324
359
151
8
176
122
319
364
2
84
89
144
157
2
59
278
6
66
143
10
57
249
10
162
76
310
124
149
97
94
153
221
70
114
126
76
2
581
190
130
277
649
26
261
104
438
354
133
10
155
57
191
95
238
190
307
237
339
260
165
372
126
16
14
57
155
341
41
7
119
182
199
79
51
39
169
72
114
252
189
0
86
217
436
71
80
325
79
239
173
31
91
319
169
5
10
93
51
115
152
157
91
223
123
286
74
156
23
138
61
527
8
128
42
40
217
84
57
241
67
216
25
137
72
176
76
329
373
20
369
380
98
168
97
167
84
114
105
11
101
188
288
151
167
27
27
567
190
210
164
230
32
276
41
140
231
266
5
4
135
71
151
153
11
29
66
152
205
202
272
33
127
12
161
192
37
57
94
55
664
90
300
57
244
38
49
277
150
478
26
201
237
159
124
28
151
72
321
169
11
83
416
102
276
173
282
144
319
246
416
101
20
62
34
87
494
131
99
179
60
72
33
301
17
225
31
225
79
448
39
52
48
124
78
106
82
46
101
115
403
103
193
370
233
133
145
108
384
304
267
341
506
240
114
146
11
105
65
59
37
351
63
407
122
484
49
201
33
318
406
11
168
275
224
330
51
110
151
93
309
183
161
78
203
130
40
238
134
83
44
101
125
121
110
164
63
417
310
305
128
521
239
236
102
71
0
237
42
129
203
8
213
7
2
100
183
192
145
108
0
165
194
121
88
100
122
246
124
286
212
224
23
325
55
340
256
117
379
16
25
239
68
84
50
46
94
42
179
232
184
181
59
132
202
88
355
118
101
24
349
163
165
204
89
196
241
95
154
152
360
63
444
104
154
410
50
228
74
243
194
51
391
223
142
228
289
248
270
157
57
116
56
74
227
378
366
405
255
133
132
380
323
180
253
232
447
151
70
208
556
208
191
243
11
463
134
51
143
57
338
510
145
23
249
349
133
69
56
32
205
97
34
151
15
261
168
504
180
91
288
18
10
31
246
112
309
98
320
47
15
8
487
144
617
187
189
312
181
47
9
3
103
79
270
552
148
310
156
292
64
216
178
93
239
13
47
24
230
98
110
158
160
113
35
58
0
23
98
566
166
121
129
32
157
528
371
254
49
289
220
195
361
351
71
68
55
55
255
39
72
234
124
284
254
105
75
36
133
23
102
104
272
353
169
175
130
324
118
16
257
200
67
440
188
128
339
170
227
172
345
170
50
50
103
150
464
147
100
57
44
136
234
118
505
21
219
189
145
36
299
58
191
158
414
47
88
151
142
269
339
177
172
30
19
595
116
142
196
167
69
261
504
30
365
0
73
38
212
235
397
326
2
51
176
189
18
498
90
149
153
296
178
87
284
92
102
288
39
110
282
223
196
139
97
232
217
93
212
139
126
47
115
27
123
141
50
148
146
198
215
496
178
225
241
33
150
205
291
235
29
57
385
247
74
612
316
66
259
160
160
31
260
298
61
214
250
301
389
103
0
194
207
251
364
189
147
115
221
182
278
91
36
37
42
336
239
295
24
76
26
216
45
13
154
367
57
172
180
18
148
215
178
168
337
122
148
107
136
79
161
464
422
519
346
77
119
76
114
264
192
32
164
288
244
44
549
56
288
14
174
211
71
81
227
349
277
168
7
100
151
9
97
404
140
68
251
6
253
149
37
174
475
293
147
225
67
70
300
435
135
297
150
371
300
60
295
170
205
116
94
234
47
157
51
362
245
162
408
226
47
45
8
83
19
71
313
255
21
145
250
185
326
175
192
199
95
178
24
168
17
234
56
19
351
97
291
214
218
210
251
69
20
100
73
53
270
304
185
31
169
105
33
137
60
12
134
94
0
14
398
228
119
48
79
338
275
312
117
103
218
200
6
60
41
183
76
50
23
102
187
162
68
60
304
108
326
362
56
384
438
242
189
29
316
128
33
471
26
134
153
137
191
129
140
20
128
144
281
177
64
200
203
446
388
139
66
68
146
17
363
76
347
21
305
51
117
199
181
217
454
255
250
235
173
88
25
75
245
189
286
137
282
438
152
354
220
176
93
99
92
3
59
208
218
92
238
78
150
385
265
113
10
234
72
10
134
303
50
426
393
341
120
71
47
55
232
58
191
229
64
51
175
67
25
230
259
145
112
7
178
12
250
19
150
90
320
261
49
81
251
168
54
208
119
153
50
57
87
129
60
49
9
273
184
97
200
200
178
95
311
202
87
303
146
40
436
249
316
222
98
476
56
20
298
79
585
202
181
88
115
279
38
76
258
187
46
168
48
190
329
126
82
167
116
12
403
404
83
152
29
109
271
465
105
228
300
48
48
28
291
57
56
194
268
67
235
34
13
166
389
377
70
11
161
76
97
364
386
132
97
121
199
340
165
164
491
304
41
399
225
137
66
108
417
458
83
95
313
331
4
68
67
51
393
262
44
123
47
42
125
48
12
268
161
112
65
230
6
191
88
342
92
386
113
334
32
112
11
23
321
107
383
2
225
32
51
232
153
188
93
105
44
76
98
278
331
28
2
116
4
76
244
15
227
55
87
31
57
325
312
126
453
18
113
216
13
18
7
403
87
82
242
182
503
42
345
47
142
197
433
317
193
137
75
120
424
122
45
0
1
129
158
60
562
28
19
121
51
102
229
76
93
42
145
232
85
306
69
0
268
158
272
444
345
151
254
376
30
372
123
15
102
251
142
259
128
215
11
95
145
356
86
147
268
199
155
128
81
48
100
270
631
496
133
39
203
270
12
259
188
212
215
141
307
47
162
164
8
39
262
296
170
141
447
75
266
174
374
274
15
0
27
353
58
76
24
179
110
276
250
46
117
130
71
81
16
72
47
411
341
313
709
169
519
8
134
116
380
102
447
179
227
117
217
357
297
119
183
98
270
238
154
14
404
179
344
306
344
99
108
67
132
13
225
151
40
53
161
29
188
43
139
470
115
354
244
26
69
292
232
421
380
196
84
569
45
30
251
135
632
41
195
136
405
269
137
111
13
33
146
428
328
297
119
281
126
302
282
88
76
51
1
95
124
196
72
268
284
114
395
296
341
183
70
168
40
103
176
7
518
133
241
149
157
317
35
142
28
228
8
21
393
179
116
64
214
96
265
342
336
262
91
230
294
138
147
33
212
535
326
267
126
241
276
71
170
372
190
368
101
51
492
118
185
489
453
352
100
150
369
208
259
71
156
78
13
149
150
404
43
346
76
47
202
212
227
51
127
93
576
286
115
75
37
254
226
331
50
59
347
161
593
128
185
232
1
0
178
251
244
255
66
141
192
179
165
31
142
224
225
195
108
53
200
144
463
259
47
278
393
79
345
526
110
461
93
184
228
326
211
113
198
53
156
147
324
420
198
134
133
99
463
53
95
209
41
346
424
202
41
469
209
456
13
120
306
126
75
43
32
47
346
87
345
123
164
544
76
108
104
226
84
18
9
668
69
89
80
413
33
259
281
150
214
261
115
146
157
595
130
108
3
132
140
75
260
294
278
178
1
395
318
93
571
319
152
213
368
133
44
46
200
240
617
120
48
292
318
293
78
503
160
273
177
99
79
127
290
124
136
181
97
101
21
89
27
19
205
204
10
260
79
130
260
133
374
26
120
380
115
274
235
374
0
63
25
91
55
15
28
330
330
287
249
365
104
29
104
310
1
87
97
17
163
119
23
77
189
368
394
52
418
299
133
55
283
206
130
130
172
266
92
131
99
196
83
152
24
201
112
196
10
97
366
113
67
94
261
72
96
253
249
167
263
125
20
251
85
21
168
116
150
156
92
125
16
37
130
78
233
207
188
48
72
334
189
105
236
96
246
77
439
72
164
46
81
35
427
253
109
493
190
167
345
56
52
174
159
148
106
37
169
410
119
144
297
196
359
301
290
186
11
321
186
183
323
50
98
1
336
71
63
415
180
618
146
4
172
70
81
132
320
124
15
413
206
238
149
1
54
135
150
347
323
22
0
72
113
502
297
353
307
44
37
241
103
514
221
288
161
84
429
386
35
526
626
3
72
109
622
21
61
455
35
205
265
65
14
193
204
62
237
54
52
350
67
318
183
61
354
318
347
151
147
91
1
128
358
353
97
253
99
15
325
301
625
192
65
46
342
127
203
71
48
89
129
330
366
344
81
329
101
215
149
169
147
447
195
104
190
405
47
66
30
446
145
52
146
370
43
7
94
470
269
243
277
268
136
203
212
270
44
50
170
412
192
55
139
19
25
229
22
292
172
344
381
339
254
48
44
136
41
201
391
184
176
63
29
211
184
64
114
82
209
154
198
96
506
230
33
84
378
147
370
142
14
236
223
143
45
151
110
333
117
237
31
317
176
149
25
34
439
192
81
141
113
105
147
556
520
202
136
248
8
11
240
128
105
438
220
213
197
74
346
13
279
212
238
112
79
307
23
123
516
452
9
163
159
403
380
242
61
50
9
142
404
137
53
228
548
9
75
12
128
287
316
235
5
74
121
80
245
365
59
372
71
80
117
183
78
166
301
216
301
64
87
135
195
326
96
427
515
146
31
31
253
70
95
295
86
156
194
193
190
399
19
97
139
54
148
298
103
24
208
99
58
306
141
171
279
308
14
214
119
53
302
0
92
54
201
248
295
532
550
146
144
602
214
54
27
76
184
89
79
162
18
60
181
199
356
107
184
514
152
169
70
248
139
147
141
70
303
0
179
120
84
35
123
52
6
176
118
333
268
45
124
241
112
158
62
315
105
102
156
24
29
424
69
408
302
55
302
126
447
276
59
55
281
93
81
326
90
208
513
268
399
133
285
271
48
445
104
104
59
234
140
438
155
435
74
230
89
119
87
82
142
571
221
63
449
35
36
83
80
157
273
70
84
197
77
34
33
503
52
13
187
35
244
91
383
202
111
100
0
267
55
155
102
366
129
130
136
375
28
224
213
404
338
364
170
59
235
98
65
211
225
596
143
147
204
193
195
418
449
493
69
158
6
170
686
130
111
81
251
228
91
332
135
158
402
81
316
95
117
118
159
27
355
1
174
155
286
477
115
1
415
330
268
22
44
105
290
249
251
144
23
0
80
356
387
40
112
231
189
376
40
40
261
27
221
130
72
67
398
276
138
426
18
113
223
101
238
22
31
10
257
136
332
392
111
139
392
33
26
197
101
64
272
689
132
94
14
301
34
131
237
244
194
224
40
19
117
8
323
82
432
263
282
69
3
288
41
82
46
156
109
14
367
476
280
45
271
9
25
29
365
118
305
49
21
254
179
234
318
284
286
232
231
137
265
36
280
48
88
264
66
93
42
132
96
157
21
447
261
470
415
353
272
323
426
47
91
2
279
393
47
207
144
116
104
47
221
117
114
58
46
293
335
253
196
134
156
192
168
14
134
24
54
356
77
549
399
378
371
317
80
165
312
125
24
11
93
187
452
178
167
301
59
84
318
418
264
461
365
133
228
311
101
198
142
104
88
43
70
622
63
38
269
121
651
195
108
355
6
107
10
424
333
377
292
83
287
542
238
215
122
2
212
401
305
30
177
276
65
103
134
192
7
93
278
62
271
138
293
192
61
329
381
309
44
243
128
206
92
28
131
202
126
174
191
102
24
47
67
87
153
36
83
110
55
6
232
146
418
252
127
63
51
1
111
350
0
28
314
548
141
504
137
232
99
181
119
42
35
61
231
42
95
176
319
67
102
420
105
20
415
312
37
36
57
71
245
270
236
304
293
319
317
82
30
44
33
114
124
290
484
289
110
221
217
323
289
184
57
226
432
175
61
80
624
36
98
104
254
90
264
47
35
248
125
210
198
36
87
244
333
11
74
63
18
47
69
391
18
127
516
100
208
133
52
229
297
388
227
182
22
0
43
141
97
283
106
165
49
58
94
364
45
207
312
64
91
398
426
463
208
46
92
144
313
351
173
167
295
85
153
178
215
87
35
123
469
30
255
52
231
68
5
245
144
199
322
55
83
58
655
219
47
222
95
97
612
25
182
325
135
68
19
360
62
47
390
413
3
271
173
68
88
230
8
444
190
229
110
25
134
56
241
41
14
309
12
231
77
110
218
283
388
130
48
199
259
242
33
10
231
415
247
345
147
164
54
154
17
115
415
332
472
438
323
345
41
127
90
75
245
243
41
318
110
88
119
152
32
39
350
100
383
91
156
242
112
133
131
54
291
171
148
237
340
217
66
108
148
129
39
98
4
108
484
162
35
53
93
0
82
299
320
4
363
80
171
25
291
134
361
189
432
149
85
318
138
24
42
153
288
171
54
3
0
99
18
297
192
79
114
270
251
246
137
164
80
80
629
80
202
162
117
6
314
217
99
173
81
156
678
59
180
7
237
49
136
14
183
256
35
574
219
45
101
242
112
2
196
133
7
68
110
263
244
111
198
39
835
17
543
6
344
24
2
291
400
149
239
153
15
8
149
195
195
403
3
284
140
120
323
108
5
197
309
334
62
344
64
184
50
70
538
111
14
332
102
528
195
51
1
61
89
476
354
84
7
392
175
157
224
76
547
719
48
182
147
260
23
81
47
15
142
26
55
239
42
498
290
206
137
19
394
511
381
118
388
164
105
130
43
155
119
138
282
240
30
93
166
36
199
104
148
176
222
334
85
113
40
168
113
225
72
357
37
36
164
369
189
7
90
57
3
138
131
95
178
591
103
32
346
217
147
323
397
180
47
32
86
201
334
196
518
383
37
100
351
208
97
412
14
362
153
369
146
86
222
455
104
78
53
291
393
71
91
281
61
332
273
355
192
312
11
223
218
301
692
12
381
108
359
306
51
51
63
61
318
263
180
101
298
95
107
186
58
378
44
104
214
131
80
446
67
147
103
268
256
235
314
283
8
433
676
109
167
103
359
679
100
253
59
355
39
84
172
535
407
326
156
99
225
61
98
15
520
512
76
86
584
146
2
100
45
159
76
22
151
481
12
168
236
315
102
489
66
55
146
40
185
264
210
288
74
206
49
228
18
13
106
563
71
208
57
327
310
220
125
52
306
108
312
214
14
94
391
114
1
123
87
276
427
49
75
31
308
125
516
239
113
224
83
1
147
344
207
299
186
529
339
463
148
202
88
102
131
535
135
78
323
115
21
122
18
281
50
172
23
186
234
463
249
460
27
0
222
263
36
15
156
113
258
286
13
139
298
74
318
31
93
449
71
320
159
656
416
43
106
245
327
141
225
485
38
153
63
294
1
12
467
521
169
67
80
113
437
329
268
147
228
34
308
297
104
190
28
94
274
120
264
148
22
70
424
159
144
118
4
271
180
151
68
57
529
43
9
377
154
530
129
168
17
263
170
121
67
265
97
50
13
58
246
39
73
92
316
2
35
49
234
1
59
205
30
82
112
240
288
162
85
156
221
501
190
227
55
75
504
153
329
242
56
464
184
91
191
208
197
159
440
33
75
256
348
548
193
164
204
329
403
418
166
199
432
71
49
180
125
36
1
42
367
10
269
72
93
340
187
128
136
104
124
213
146
161
43
75
141
566
496
673
347
86
95
156
499
148
263
248
391
105
217
381
70
307
212
89
69
102
119
282
114
1
277
39
218
35
21
222
211
255
290
220
37
281
489
172
21
361
403
175
32
80
187
64
212
50
57
146
308
61
356
314
203
225
387
80
345
318
202
28
331
239
107
12
242
317
109
181
145
453
334
102
98
89
295
303
84
26
254
42
501
130
430
36
472
281
310
162
161
128
156
33
22
80
377
3
41
1
247
159
560
15
86
133
130
56
207
98
25
130
31
69
222
302
60
111
10
271
119
490
351
169
86
69
144
448
436
68
116
199
197
55
98
179
466
93
57
360
140
25
519
59
48
263
15
28
80
27
330
302
10
325
229
161
497
515
692
174
7
15
473
60
86
169
181
86
559
125
399
236
302
33
178
89
27
118
176
27
40
91
193
212
281
5
53
402
37
120
220
218
195
178
35
203
367
35
191
0
182
197
499
75
467
208
102
20
45
49
386
107
201
262
43
14
129
450
23
425
29
14
222
347
269
54
110
184
229
336
93
93
345
193
221
176
234
633
41
319
9
385
24
85
92
264
233
307
91
156
54
397
332
319
326
410
19
299
241
339
84
163
132
380
111
320
287
218
273
287
45
3
641
148
461
97
72
218
26
195
122
84
244
15
89
283
552
12
381
363
23
159
278
178
332
17
10
158
369
155
227
105
240
80
263
18
19
118
182
210
54
239
204
25
145
125
43
18
196
235
299
275
150
16
255
395
37
205
372
438
201
139
135
128
6
182
21
8
161
35
110
63
43
48
222
431
173
287
116
144
152
813
226
344
517
306
422
80
154
80
319
344
115
86
62
335
71
155
18
87
155
146
588
372
124
95
44
88
184
56
51
188
216
273
490
203
201
320
186
296
170
68
124
138
117
30
79
244
122
61
269
177
423
167
213
155
114
311
230
320
207
246
120
295
338
265
82
333
226
286
294
258
77
232
465
229
405
80
45
22
168
112
375
52
205
559
68
604
168
115
84
492
128
313
202
67
64
92
151
192
408
275
639
483
273
366
305
163
235
45
617
259
137
175
523
195
185
37
20
254
66
163
370
383
185
263
112
170
440
64
99
62
312
640
194
10
2
424
88
208
560
90
123
41
249
432
204
183
212
10
512
127
447
289
240
25
466
266
191
266
74
123
60
93
213
341
132
274
104
81
70
381
6
90
138
104
103
397
8
5
167
173
411
372
32
68
64
229
27
146
118
232
215
225
152
134
51
198
497
74
5
438
3
55
98
180
0
200
142
224
686
0
115
30
155
352
10
123
89
456
343
110
306
28
82
308
212
534
674
70
198
451
41
158
212
300
106
85
273
86
197
335
123
417
684
55
53
206
179
351
147
82
51
81
293
181
245
611
0
181
402
285
409
23
27
63
164
148
49
281
173
239
347
238
825
223
285
189
178
102
204
111
314
208
421
426
332
401
121
434
29
384
294
278
26
214
687
139
58
103
33
163
113
59
42
5
212
193
138
154
12
121
307
237
27
388
141
307
178
360
122
160
302
746
123
102
347
169
66
8
322
90
210
2
36
91
42
154
268
277
287
76
111
182
13
86
275
115
308
181
771
13
304
58
4
435
138
376
305
106
398
324
468
286
168
641
276
4
72
2
245
225
112
53
519
147
464
386
257
112
166
29
52
133
213
128
2
281
162
72
351
222
649
241
296
369
534
2
79
511
167
160
114
27
324
417
26
94
191
258
198
272
103
98
111
62
138
51
260
8
138
506
508
82
48
57
220
22
168
124
461
164
291
147
0
190
38
268
213
423
59
197
378
320
51
251
174
36
5
151
265
454
160
191
354
164
153
282
38
96
0
139
272
220
263
4
317
54
4
129
95
275
286
597
38
64
121
391
199
42
111
246
335
1
229
622
250
153
576
101
73
377
102
22
246
19
373
201
113
40
162
196
180
45
143
82
13
374
350
317
491
240
258
337
73
90
70
294
64
130
168
61
187
451
112
215
152
93
168
258
124
170
146
6
272
102
310
38
102
221
141
241
334
39
6
348
270
32
35
513
24
105
138
117
141
65
158
79
544
148
97
143
9
112
191
378
64
70
141
88
66
189
382
91
283
107
101
87
491
89
4
678
148
233
235
378
149
474
452
99
68
390
89
702
42
246
235
263
15
182
270
113
2
40
28
275
199
252
350
318
435
484
236
127
110
56
230
49
287
65
112
591
275
62
37
303
362
69
219
172
378
222
59
226
194
289
152
512
159
130
246
393
24
100
98
129
296
651
80
146
114
284
313
108
257
20
366
109
555
90
518
230
206
422
268
308
406
299
462
234
178
87
229
139
179
28
541
223
71
399
5
202
274
101
6
46
350
112
43
79
64
304
95
121
306
324
3
149
423
158
237
229
425
79
201
75
205
50
200
170
209
119
196
34
429
318
105
457
163
288
53
599
190
446
184
184
217
70
109
230
86
214
542
228
621
74
391
110
36
158
121
21
192
40
126
79
135
139
289
373
192
54
66
163
219
57
28
159
547
269
256
11
274
346
166
416
59
266
280
56
214
143
505
31
102
141
37
159
468
83
412
39
166
145
57
225
180
113
183
91
216
384
210
123
35
355
262
91
140
170
380
50
519
155
155
53
139
9
74
72
21
7
56
37
380
384
278
330
464
145
348
31
284
109
196
57
74
356
50
6
35
95
78
289
306
36
15
298
198
329
86
22
324
124
144
92
203
596
115
657
40
302
20
434
82
312
186
85
131
301
292
47
166
218
265
26
47
119
475
368
92
62
519
138
477
489
358
231
63
149
85
207
452
513
330
497
44
145
206
304
214
145
224
223
74
284
232
29
190
288
189
150
9
102
113
61
247
197
69
107
118
379
2
83
3
160
253
157
24
134
205
209
181
102
15
410
339
17
110
1
266
250
178
557
2
270
202
203
294
279
141
231
145
162
377
381
82
5
153
333
356
123
273
715
1
118
125
13
289
51
282
118
96
6
431
35
73
382
163
174
328
118
428
277
79
138
410
189
181
73
7
242
130
174
82
157
38
240
535
16
397
92
285
173
263
51
221
271
226
278
311
231
250
311
110
32
72
401
281
492
175
308
85
56
201
157
394
111
133
128
212
142
424
267
195
153
112
28
304
337
71
78
26
237
28
335
344
76
68
260
189
198
293
193
267
68
71
301
513
57
66
456
204
373
261
220
32
128
513
471
543
89
223
529
269
91
110
83
443
234
26
81
78
43
167
318
263
214
423
122
170
384
276
59
132
630
373
491
381
40
47
187
192
293
122
100
47
138
107
183
278
378
496
109
3
108
256
69
316
613
64
3
310
41
50
215
279
119
43
55
261
85
8
980
74
262
500
38
83
53
43
306
232
194
195
68
249
91
410
410
434
407
344
131
510
248
135
168
113
191
49
60
399
148
53
79
171
72
64
177
261
8
363
286
489
557
72
48
222
64
10
114
105
91
95
73
120
78
78
46
128
256
12
196
83
32
65
283
73
77
213
87
81
333
114
75
112
343
30
94
278
41
74
52
116
91
218
257
317
221
499
232
107
268
133
182
169
573
158
265
432
28
87
221
186
260
103
71
52
198
385
24
72
69
408
3
362
192
382
49
237
85
109
193
244
273
96
301
197
505
768
52
667
211
35
486
660
72
146
481
210
16
205
38
142
226
411
261
150
111
109
115
269
81
102
412
497
56
287
278
41
631
336
91
186
84
356
198
150
239
674
34
187
36
109
306
109
73
215
4
234
170
275
159
869
433
244
66
225
77
238
36
187
77
66
190
134
0
149
89
254
677
222
29
146
62
8
86
373
134
12
78
112
179
26
34
162
150
404
220
119
282
48
108
78
339
182
303
20
117
44
220
8
134
141
30
64
128
195
500
262
275
328
91
29
44
526
399
122
348
382
16
329
393
110
33
269
227
415
226
144
154
403
93
87
550
8
355
100
274
38
297
125
30
142
166
401
79
158
231
66
101
238
123
182
753
5
185
156
324
250
403
168
221
669
41
215
35
295
33
96
144
597
326
739
211
154
47
39
325
52
201
175
400
830
153
339
246
140
114
123
105
386
47
606
218
105
219
285
95
39
163
59
297
487
143
24
341
334
27
175
174
61
127
59
541
61
29
50
120
89
27
336
226
201
227
159
226
230
63
229
571
125
40
84
46
187
172
327
434
161
330
376
125
62
264
269
208
330
438
508
427
321
118
201
482
36
63
242
112
333
18
169
49
360
74
119
230
95
363
78
21
650
49
145
369
172
389
612
113
180
585
246
514
51
199
180
218
386
254
24
162
410
228
42
425
154
220
324
41
711
106
198
369
10
140
90
64
200
95
164
101
257
606
281
190
104
170
294
248
71
351
326
2
306
0
98
981
40
99
246
542
456
10
130
503
155
156
28
128
38
142
149
88
90
98
611
95
410
534
323
100
18
348
187
378
434
143
18
168
49
177
35
548
52
78
288
187
712
330
26
77
11
385
388
554
512
129
115
14
118
26
267
70
260
189
115
136
95
257
34
13
306
175
87
433
242
480
28
114
77
209
264
281
32
100
32
69
229
231
389
532
424
48
189
282
47
81
192
217
275
215
305
538
42
239
134
456
59
72
551
160
45
44
91
31
308
273
62
52
51
184
78
64
243
301
187
441
383
154
2
362
424
237
313
378
485
91
253
398
182
126
244
15
39
210
230
228
63
33
263
69
202
99
281
83
57
130
277
154
277
130
384
194
262
114
577
139
100
272
147
89
72
144
300
100
207
320
636
332
320
376
5
461
33
351
164
38
322
482
53
99
146
77
400
327
15
145
91
444
38
260
300
56
344
497
74
129
32
212
354
310
193
543
281
299
183
104
419
759
703
27
74
120
28
317
257
436
250
364
271
89
208
389
120
271
65
49
320
48
188
24
69
249
184
148
260
589
68
107
391
329
76
91
40
326
408
253
57
10
64
146
205
725
144
205
281
488
119
306
130
297
212
115
457
313
249
108
547
291
673
183
81
186
250
168
92
109
64
206
277
271
40
457
258
159
46
296
337
175
45
117
364
305
212
155
264
260
445
398
190
144
33
18
140
88
394
30
157
30
43
63
524
151
7
507
398
519
399
423
360
76
259
168
31
266
164
180
10
248
24
619
302
3
134
194
16
91
435
241
453
261
689
86
35
148
127
133
119
221
46
36
43
261
558
286
803
316
53
263
53
51
96
245
105
210
337
251
84
372
217
335
91
372
320
107
190
1
233
7
233
180
270
247
70
276
173
111
55
412
237
352
118
29
518
267
202
12
275
110
177
464
260
340
154
323
11
550
412
119
451
140
533
108
147
80
115
246
274
114
399
77
255
244
46
93
70
505
13
41
81
11
130
137
49
152
196
323
364
98
351
74
276
383
164
194
215
575
490
298
447
17
97
494
135
281
284
42
109
303
211
24
241
469
623
121
11
595
368
397
39
878
512
108
261
693
581
479
490
137
155
69
117
696
142
70
37
161
231
419
667
408
233
363
237
257
56
27
287
62
175
55
205
417
551
333
334
464
389
85
75
39
67
652
316
96
28
41
200
258
453
733
139
145
158
223
113
141
47
146
72
221
82
316
366
90
203
245
149
65
845
306
341
315
139
385
417
93
138
43
93
42
35
193
76
72
335
221
381
84
227
410
119
197
15
221
140
166
190
480
199
184
66
237
34
737
154
72
129
2
536
341
283
267
301
6
146
138
40
54
380
29
369
248
181
104
33
177
344
0
354
101
577
412
28
205
359
124
239
102
262
161
118
577
43
72
363
62
9
330
126
388
440
326
741
147
596
7
236
54
214
418
370
163
110
365
0
95
189
155
524
193
179
128
378
12
277
115
172
268
341
21
24
441
413
532
196
130
119
264
15
351
151
117
198
146
316
59
548
377
446
171
324
64
204
337
414
188
579
584
414
241
65
73
82
459
112
12
13
53
347
79
397
41
91
184
5
449
92
250
345
282
156
186
222
30
661
373
785
67
85
129
97
374
552
130
426
35
55
55
60
3
203
385
479
41
304
286
119
89
215
120
50
223
176
26
281
223
196
209
273
50
189
48
461
63
79
338
464
220
228
216
58
152
11
416
113
428
327
162
51
189
370
406
41
401
90
111
103
121
97
189
363
482
231
254
55
52
265
56
205
198
68
32
864
334
166
167
192
569
74
76
271
272
348
306
477
49
603
167
163
151
49
95
157
386
364
22
121
53
314
93
155
270
76
11
130
99
376
349
19
35
86
416
126
2
465
67
391
262
354
52
106
46
342
356
197
653
28
229
221
436
228
405
88
120
85
207
38
389
122
39
14
159
399
169
106
278
31
149
256
288
325
424
193
40
93
155
160
79
127
106
141
548
445
334
433
688
274
139
160
290
421
110
0
9
25
41
101
387
134
252
294
19
271
76
874
7
186
12
151
81
506
329
306
392
406
554
424
18
345
260
88
257
290
157
108
161
238
61
204
416
281
45
65
29
58
119
286
128
59
69
33
99
164
124
344
151
67
182
382
293
62
401
110
87
502
619
448
236
12
1
212
235
387
253
99
61
97
169
17
219
25
43
416
116
130
494
125
134
16
9
0
312
378
45
117
211
169
505
7
556
171
71
107
186
397
100
153
134
191
91
386
106
183
27
314
428
405
87
204
357
258
410
359
39
229
85
134
256
5
26
14
55
17
185
466
91
47
44
65
78
328
157
308
214
103
14
385
257
129
8
73
123
172
183
33
1045
62
280
324
291
105
170
267
240
589
320
368
420
5
125
429
249
290
165
74
122
68
122
191
203
73
282
358
255
379
94
492
263
135
276
76
61
65
390
173
113
342
367
426
168
161
308
375
193
493
201
563
202
145
163
273
231
170
326
252
309
439
185
384
204
98
213
279
253
387
160
217
410
65
206
85
383
325
14
126
96
266
137
462
274
92
161
184
257
462
126
169
143
72
523
213
107
211
217
63
265
91
252
64
359
183
48
12
99
379
10
258
185
320
95
302
315
31
159
415
393
189
69
398
184
78
515
537
200
139
107
98
224
119
55
305
177
80
310
217
50
460
215
156
354
146
84
66
120
124
70
330
24
451
220
350
555
365
98
635
435
94
402
63
237
63
327
94
315
178
215
427
381
144
196
303
51
39
389
91
230
100
89
39
80
220
349
47
234
183
9
73
164
127
170
81
113
135
442
350
230
279
20
228
50
440
81
90
197
370
252
184
214
379
144
205
84
158
177
222
209
202
85
73
353
102
202
159
222
151
501
258
194
159
215
282
129
237
19
167
87
355
224
172
378
98
34
29
641
420
271
171
25
208
247
383
97
256
409
245
173
151
51
324
74
287
186
150
211
368
221
77
210
149
178
243
272
208
416
350
491
194
149
5
411
129
122
61
117
325
70
391
277
39
690
279
440
258
223
84
350
264
270
237
333
126
195
189
74
22
695
117
620
358
17
136
66
114
73
389
5
248
282
12
193
9
264
102
17
175
314
166
813
245
144
436
163
14
248
424
6
128
254
21
43
49
215
239
57
289
476
