0
0
0
0
0
0
0
0
0
0
0
0
0
0
0
0
0
0
0
0
0
0
0
0
0
0
0
0
0
0
0
0
0
0
0
0
0
0
1
0
0
1
0
0
0
0
0
1
0
1
1
0
1
0
1
1
0
1
0
0
0
2
0
0
1
1
0
0
1
0
0
0
0
0
1
1
0
1
1
2
2
0
0
0
0
1
2
0
1
1
0
2
1
0
1
1
1
0
1
2
1
0
3
2
1
0
4
0
2
2
3
0
2
1
3
4
1
1
1
1
1
1
0
0
0
2
0
1
0
0
0
0
1
3
4
0
0
1
3
0
0
3
0
0
0
0
4
2
4
2
3
3
1
0
0
3
0
1
1
4
0
1
0
2
4
0
0
0
4
3
1
3
5
0
3
1
1
0
1
5
3
2
5
0
2
0
2
1
5
0
5
0
5
0
2
0
1
1
0
4
2
3
0
6
1
3
0
4
0
2
4
4
0
5
2
7
1
2
2
0
1
0
1
2
2
1
1
1
2
0
3
3
1
5
3
7
2
2
3
1
2
2
1
5
1
2
3
5
0
0
2
1
5
4
4
1
4
1
2
2
2
1
0
1
2
0
5
6
1
0
2
2
3
1
3
0
6
1
1
4
3
1
2
3
1
2
1
3
7
7
1
1
2
3
0
3
0
5
4
0
3
0
0
1
1
6
4
0
5
1
4
3
0
3
0
7
3
5
1
9
3
0
3
9
1
1
0
3
3
1
4
2
0
5
4
0
1
2
2
0
3
8
6
2
1
3
6
2
7
8
0
2
4
0
2
1
2
0
0
1
4
0
4
1
0
8
6
0
1
4
2
0
3
5
8
4
2
1
4
1
1
2
1
2
2
2
3
4
1
3
4
1
5
0
2
2
5
1
4
1
2
0
4
8
1
1
4
0
2
1
0
5
0
2
5
2
8
3
2
5
1
0
4
5
4
2
2
1
3
0
8
1
4
8
3
4
1
4
1
4
3
2
1
1
2
10
1
1
1
3
1
5
1
4
1
0
4
1
0
6
3
4
0
4
0
0
0
1
0
4
1
4
2
4
5
2
2
1
0
6
5
4
1
10
0
1
3
1
5
6
2
5
6
7
0
5
4
3
3
2
5
0
9
1
6
0
2
0
8
1
8
3
4
2
5
2
6
1
1
0
0
10
6
4
2
6
6
3
0
6
0
1
6
0
2
3
0
7
0
4
9
1
0
1
2
1
0
10
3
5
4
1
0
0
1
2
9
5
8
10
3
4
0
4
1
3
0
3
1
7
6
6
3
2
10
3
3
1
9
7
1
4
2
5
4
6
8
5
5
4
0
2
5
8
6
0
4
3
1
3
15
2
0
6
1
5
10
10
8
0
2
2
5
4
7
2
0
14
1
1
2
3
5
4
6
9
4
0
3
0
10
7
4
0
0
6
2
2
6
4
1
0
5
1
0
1
3
1
3
0
3
5
14
2
6
11
3
0
12
2
0
1
6
14
4
1
5
3
5
4
4
3
4
1
1
1
0
2
1
0
14
3
12
7
12
7
1
0
5
1
1
4
2
0
3
0
1
4
10
11
4
0
9
10
0
2
4
1
2
2
8
1
1
5
3
8
5
1
1
6
1
6
2
1
12
4
2
10
4
6
0
6
1
1
5
1
6
12
0
5
10
6
8
5
2
3
7
5
1
4
10
6
2
9
6
6
12
1
5
3
4
7
0
7
1
4
0
10
0
2
2
3
16
0
8
2
2
1
7
0
5
9
0
9
9
5
1
1
0
4
1
4
10
4
8
0
8
11
2
3
0
1
8
5
5
0
10
0
1
9
11
1
1
3
6
2
7
0
4
10
2
7
5
1
6
5
2
13
8
4
5
0
1
8
11
5
7
0
1
3
18
3
4
2
0
3
5
7
11
14
2
8
1
28
8
3
1
15
2
6
6
4
4
8
0
0
6
7
1
10
3
5
3
7
8
1
1
11
5
8
5
3
2
6
2
6
2
0
8
2
9
8
3
5
8
7
10
10
0
5
17
6
5
1
4
12
4
1
4
6
16
9
12
3
8
7
3
6
1
12
8
4
14
7
16
10
20
9
1
10
9
3
7
12
2
13
20
4
9
6
0
1
17
7
19
9
3
10
12
2
9
6
17
8
5
1
11
5
3
6
4
20
0
14
12
8
0
5
6
7
3
8
10
7
11
0
3
3
2
4
11
8
11
2
1
16
4
3
4
4
9
5
5
4
4
15
15
2
0
9
3
4
7
0
9
4
1
7
7
10
5
8
3
6
6
12
7
3
8
2
2
0
1
1
5
3
3
14
1
11
0
13
7
1
9
1
11
2
5
1
10
3
10
1
7
1
20
10
5
1
14
10
28
5
3
3
11
2
22
13
18
7
3
6
0
17
3
0
6
2
5
3
5
17
1
4
2
7
13
12
10
7
4
0
9
7
2
11
10
19
2
2
6
12
1
5
1
1
4
11
6
10
1
1
4
8
11
4
3
7
2
22
2
0
0
6
16
5
3
4
11
9
2
4
0
20
9
12
7
14
10
29
3
6
9
0
5
20
1
5
20
16
5
1
5
3
9
1
2
5
10
2
5
2
2
1
0
4
9
9
4
17
6
2
2
4
0
9
17
7
2
16
10
5
6
17
1
1
4
3
0
2
22
12
7
2
16
2
3
8
11
9
0
2
1
8
1
8
3
9
0
4
0
32
9
11
3
15
8
30
8
27
0
4
10
7
2
3
12
3
0
5
9
3
10
21
6
16
3
18
10
8
4
7
23
4
8
1
25
7
15
6
15
12
29
7
0
4
5
11
10
0
27
24
9
25
13
1
16
7
10
4
3
17
8
17
30
4
7
5
1
7
5
1
28
3
17
1
37
0
2
8
2
37
11
17
38
2
14
6
0
0
10
19
9
6
9
4
5
13
2
0
17
3
3
6
3
17
10
0
13
9
7
5
11
8
9
10
2
13
20
20
8
0
21
11
2
22
15
8
27
25
4
1
0
1
2
27
2
1
4
17
21
2
5
12
5
17
13
17
1
8
18
17
15
10
5
13
2
19
13
0
2
2
2
1
20
8
23
14
18
3
1
12
10
14
6
32
11
26
6
8
21
18
0
7
0
7
5
6
5
4
5
13
29
16
24
8
0
17
13
1
24
3
24
6
7
10
5
36
18
3
20
10
11
2
7
6
6
22
1
5
4
23
6
9
8
4
11
14
4
33
18
3
5
18
3
1
2
3
16
1
4
3
8
5
14
6
26
18
7
2
43
13
3
4
2
6
12
26
3
12
0
30
0
32
18
10
8
4
10
0
2
11
2
14
13
2
2
14
3
6
1
10
3
16
5
20
13
35
8
5
2
24
0
11
43
20
4
7
21
13
11
7
18
6
0
10
13
6
3
10
5
18
3
46
11
15
5
11
8
20
9
9
19
8
13
6
13
1
2
4
12
36
7
10
24
0
6
16
33
2
7
2
1
4
23
1
9
0
4
5
3
2
31
0
17
40
1
4
4
19
4
11
31
10
4
14
21
21
8
23
9
39
29
5
1
41
2
3
12
1
32
2
2
35
3
25
17
30
1
24
0
1
25
14
13
32
11
2
36
21
44
7
19
30
21
0
19
28
39
14
33
37
21
5
4
3
14
28
22
1
5
5
2
16
13
3
16
5
2
0
3
18
2
0
25
16
45
6
9
6
6
13
5
15
0
19
8
0
49
9
10
35
10
11
2
14
23
3
1
39
6
1
1
14
2
23
9
8
14
3
0
19
14
14
6
4
46
6
12
20
12
4
0
2
33
3
13
1
0
17
6
27
24
15
20
9
35
2
52
0
8
15
6
10
17
18
30
45
1
5
5
18
19
4
16
14
5
11
15
11
19
12
10
6
16
9
12
3
22
17
16
9
23
0
27
42
39
7
7
5
12
48
27
35
7
23
6
8
15
9
0
14
2
3
23
4
22
0
2
9
17
11
22
15
32
38
27
17
35
5
25
25
30
13
22
10
2
9
12
1
11
6
29
11
3
14
17
8
0
3
8
38
6
15
8
4
5
9
6
28
16
24
4
32
17
8
4
4
14
9
24
5
7
9
16
7
26
8
0
25
6
12
22
24
5
10
5
0
9
24
17
1
19
9
4
15
22
27
31
43
18
5
3
49
35
11
46
7
22
41
8
12
11
26
0
4
2
7
22
2
4
16
9
27
2
8
15
6
22
6
10
9
31
16
10
8
8
5
29
27
0
10
7
13
1
20
65
9
2
24
48
32
5
14
1
17
21
0
34
25
22
20
5
3
30
32
0
27
4
43
7
6
0
6
47
14
7
18
10
9
1
9
17
9
10
2
4
5
28
19
4
26
5
19
32
0
8
19
18
6
50
8
9
4
5
3
11
9
21
4
17
36
15
3
0
3
7
24
5
2
9
25
14
5
15
43
1
1
9
1
38
30
4
2
8
15
3
1
10
21
20
20
9
18
0
39
22
26
1
32
6
43
22
35
14
22
30
3
20
19
9
26
4
12
5
14
30
4
5
2
1
36
4
3
48
30
6
15
6
9
10
9
3
0
12
1
6
0
23
10
4
41
1
18
21
12
13
0
7
42
9
4
16
1
21
2
10
2
28
20
2
13
3
35
8
53
25
3
6
29
16
10
4
39
7
4
5
10
56
3
4
15
29
0
3
2
3
31
13
51
3
8
15
25
5
21
5
16
43
10
27
11
17
17
4
2
20
16
8
21
3
3
9
17
13
10
7
9
0
8
8
5
21
18
47
12
10
19
10
21
3
7
0
24
1
38
4
22
22
17
2
4
29
34
13
15
12
4
9
4
16
7
14
31
11
16
37
13
13
3
19
41
2
2
13
10
3
9
7
20
12
6
2
31
22
20
4
30
3
19
27
37
30
17
1
14
2
7
2
3
4
31
20
0
10
1
15
3
19
48
42
14
19
0
11
5
26
33
14
9
0
26
35
4
5
33
22
26
2
38
13
16
2
12
10
7
28
1
5
15
33
7
3
35
3
4
19
28
14
1
2
37
40
10
6
16
19
10
40
23
15
26
2
25
25
4
8
45
50
16
27
8
2
13
6
17
13
25
4
49
74
27
4
0
20
20
2
15
25
9
19
59
14
60
32
23
3
17
0
11
30
21
56
2
14
28
25
0
33
4
10
6
43
35
11
44
2
2
12
10
5
8
6
13
8
5
2
1
40
44
58
4
13
23
14
11
7
4
10
7
10
2
3
7
1
19
1
14
32
26
24
22
5
26
19
12
11
9
34
19
61
27
31
36
0
24
2
3
20
0
13
3
13
4
4
44
9
1
23
23
26
29
19
23
14
64
11
21
21
12
7
4
0
2
6
7
3
31
25
6
32
39
2
20
29
0
16
21
46
1
4
4
3
5
16
21
3
12
0
3
5
18
20
25
17
39
5
24
21
2
16
82
13
2
33
4
1
23
17
36
13
5
9
21
6
1
14
13
29
5
24
2
2
8
11
21
25
5
11
64
36
11
25
16
18
17
8
4
1
6
20
26
46
22
29
45
3
43
74
3
12
12
4
53
21
3
5
22
3
28
19
19
13
1
55
8
62
10
19
10
66
34
9
40
15
1
26
18
41
3
0
31
6
53
24
13
62
29
14
0
0
4
5
22
28
25
22
41
2
2
8
18
29
52
14
3
54
6
4
1
0
13
16
17
17
51
1
1
46
28
31
29
41
41
32
14
2
4
52
50
0
6
0
57
25
34
11
10
17
22
15
54
10
29
29
3
20
11
19
1
4
12
11
3
1
18
1
29
7
4
14
19
5
27
37
26
6
5
1
23
0
0
0
13
0
6
23
3
7
23
9
28
4
9
17
50
16
1
29
3
29
6
21
15
10
5
21
4
6
0
16
25
43
2
2
30
7
39
15
33
9
13
12
58
4
17
19
21
20
3
59
0
11
31
29
6
10
50
20
25
6
30
2
7
12
19
41
15
46
23
3
9
15
13
10
2
63
22
10
10
16
14
1
52
2
12
7
14
15
16
6
35
38
6
13
19
6
9
1
1
25
1
7
4
30
22
15
2
21
27
3
0
4
16
6
8
48
43
1
33
47
10
4
16
15
25
32
45
27
29
5
17
46
1
32
65
17
22
0
9
54
35
8
54
48
35
25
2
29
35
6
4
5
4
33
19
3
30
57
14
9
4
42
47
9
3
2
44
2
9
59
11
22
3
9
1
37
83
41
1
32
34
47
33
39
13
18
21
2
15
24
32
7
4
35
40
26
13
9
18
24
54
38
4
33
5
32
10
32
46
28
51
10
12
4
30
9
5
1
67
51
48
41
11
3
1
37
0
16
26
53
31
44
2
43
29
27
13
24
12
2
8
14
47
7
16
4
2
3
2
39
4
17
11
70
2
13
13
5
2
3
34
10
42
2
77
15
7
3
9
55
37
14
27
47
23
0
28
35
17
24
53
32
65
38
28
46
5
12
42
16
0
36
45
9
3
16
47
4
18
25
17
3
13
24
59
48
31
22
5
46
21
41
8
33
62
3
11
16
1
16
31
34
0
1
68
47
15
70
14
12
5
16
10
5
0
3
0
33
5
28
23
16
17
70
0
62
17
47
48
4
42
18
43
5
5
27
49
5
3
26
3
0
37
5
11
9
16
16
42
2
5
17
6
6
7
2
11
10
12
30
6
20
6
8
37
52
37
2
1
30
5
5
0
13
4
18
6
18
41
0
39
23
7
37
56
45
31
4
7
8
30
4
1
18
13
3
34
21
4
19
44
32
0
10
4
17
19
17
25
21
56
11
4
1
22
1
1
11
1
30
7
36
6
66
6
46
6
10
32
4
51
5
9
32
14
26
46
62
0
19
15
16
10
31
19
10
4
0
29
27
51
16
3
9
11
24
10
2
2
23
2
38
22
3
54
40
22
24
28
4
7
27
27
14
8
3
37
6
13
38
30
13
77
46
11
49
27
19
2
1
16
15
4
4
21
75
0
40
2
35
34
32
1
53
2
4
2
31
20
21
3
9
18
1
51
2
10
29
42
31
19
44
2
2
2
40
13
66
10
17
15
56
9
1
7
20
43
9
1
16
0
0
2
8
51
5
12
35
23
6
11
45
2
27
1
8
27
25
61
3
13
22
10
8
19
22
57
39
39
9
40
5
46
6
12
39
3
1
6
25
48
18
34
4
18
27
26
13
31
26
40
8
13
52
15
26
8
38
8
74
52
8
5
54
5
42
30
13
4
2
9
15
24
5
11
17
5
9
0
9
2
15
2
13
5
50
16
39
12
38
1
8
79
6
15
8
44
21
60
10
3
7
2
28
42
22
61
2
20
20
2
7
27
38
46
6
38
15
41
15
1
6
5
2
11
1
17
7
8
73
0
2
7
36
23
46
32
25
23
23
71
1
47
30
2
29
39
16
12
4
11
0
41
3
12
0
1
15
34
29
12
38
9
21
30
2
19
7
8
2
13
27
11
17
28
66
17
24
6
40
6
5
38
6
8
7
3
4
9
10
16
8
3
4
16
5
81
56
16
16
3
0
36
56
2
16
47
68
27
35
17
21
40
1
72
8
8
19
5
48
4
10
31
0
28
17
44
65
25
1
34
18
40
3
55
27
3
18
2
12
0
5
39
11
1
32
53
16
50
15
22
1
8
6
59
28
24
49
62
23
6
6
32
7
3
12
20
38
4
3
0
1
12
34
14
57
7
4
43
5
25
25
2
4
4
14
22
7
6
6
77
18
5
8
2
43
18
47
26
9
41
54
18
18
13
55
30
95
20
24
22
7
2
33
10
2
33
33
7
7
0
36
50
9
1
27
37
0
5
32
15
1
21
6
4
15
25
1
20
5
30
1
8
17
15
36
3
7
4
25
77
0
28
2
50
11
36
24
12
22
4
36
11
57
18
4
1
33
13
13
13
52
39
35
5
63
5
4
38
11
39
5
5
1
36
30
81
20
37
38
43
20
20
31
13
56
7
1
42
61
19
23
16
2
6
6
23
3
18
22
17
38
4
30
3
61
38
9
10
25
19
0
0
2
3
47
6
43
25
19
83
14
3
2
11
8
39
25
13
2
9
16
16
35
11
36
14
8
36
16
3
1
12
58
4
30
49
29
7
31
35
21
0
6
22
9
35
29
4
8
2
51
7
7
3
47
51
30
23
8
39
28
51
26
26
5
57
2
1
34
37
23
19
1
9
16
5
24
1
24
6
91
19
28
34
5
3
30
39
16
11
15
49
43
74
40
10
14
15
38
59
9
12
45
31
15
2
12
30
51
11
13
19
2
3
43
30
18
50
26
65
33
26
0
46
11
23
1
2
10
3
29
34
4
3
30
15
3
17
59
25
50
58
16
19
52
50
55
55
21
46
7
27
7
16
44
38
45
1
4
18
28
68
4
23
31
1
2
56
41
12
11
16
6
38
32
9
12
52
104
11
7
1
26
9
49
3
12
67
20
1
69
3
14
8
29
41
20
1
7
3
68
33
30
24
63
42
21
42
10
44
62
59
8
4
6
71
17
24
3
5
51
2
62
31
2
15
11
50
41
43
29
1
10
6
17
0
9
6
1
12
11
53
53
25
7
63
33
43
3
15
42
12
38
18
22
9
20
14
19
16
33
33
17
60
8
10
1
6
34
34
22
47
2
2
85
8
41
1
37
8
2
6
23
20
2
7
19
22
59
50
16
74
27
19
29
3
15
31
2
22
17
25
0
4
40
12
46
43
4
69
23
19
4
8
3
30
14
61
69
5
82
53
43
22
48
6
9
13
11
13
58
5
34
0
2
34
18
18
56
17
7
12
94
51
10
27
7
0
19
6
31
12
30
54
3
33
63
6
2
2
74
6
37
6
23
52
16
36
11
2
58
1
47
2
56
11
18
22
2
23
8
59
63
49
10
14
34
2
38
9
61
8
3
58
50
11
11
33
5
3
34
10
2
103
6
33
9
10
17
29
23
58
18
21
19
0
17
58
7
6
65
36
55
115
41
13
10
8
43
72
11
5
4
42
48
1
4
44
32
43
16
4
8
1
79
74
56
55
17
3
7
2
26
0
24
67
16
3
21
25
2
5
105
31
21
64
5
27
11
32
28
40
29
10
86
32
11
34
3
3
1
18
7
28
34
9
84
12
17
42
64
2
43
24
0
22
1
1
65
54
19
10
5
22
6
12
47
20
12
37
5
14
37
12
32
5
1
50
3
57
14
39
9
38
71
76
36
3
28
19
13
42
0
24
45
0
20
24
125
90
41
46
40
40
52
2
26
1
19
37
31
50
28
6
40
55
44
2
7
61
4
26
26
35
11
84
0
13
3
41
90
28
44
67
91
35
31
5
37
41
9
59
13
41
36
15
66
7
23
14
48
52
53
33
21
31
56
11
16
61
22
27
21
9
5
4
55
51
3
5
1
5
3
1
3
63
85
46
60
78
10
0
41
20
1
8
29
24
12
10
51
11
31
6
79
8
45
22
2
22
24
40
18
2
1
58
1
50
73
33
7
10
3
16
9
16
26
19
14
20
11
37
5
38
13
19
2
56
42
51
5
17
31
8
22
4
56
5
3
53
2
60
25
25
55
21
56
9
61
14
0
5
61
59
3
15
86
42
1
2
35
26
14
47
96
3
38
13
16
34
5
76
62
10
10
6
15
68
31
29
10
23
32
31
58
6
63
81
84
17
42
14
41
74
19
10
42
5
11
0
18
38
3
0
48
29
28
20
12
7
0
12
57
46
66
40
47
50
40
10
0
89
7
60
57
23
22
4
59
10
89
4
13
41
42
15
57
2
38
7
21
62
23
12
54
11
40
4
9
17
45
15
3
23
20
16
17
38
49
55
0
33
10
55
4
4
38
38
1
12
8
9
27
35
16
17
14
13
11
8
32
35
37
22
14
59
76
36
29
1
44
88
8
7
76
7
58
14
20
36
5
57
43
5
89
13
35
14
24
29
1
14
110
107
28
10
20
5
15
24
84
120
31
58
3
39
6
9
5
19
38
3
9
32
7
68
8
9
2
31
22
47
111
23
14
15
41
33
71
32
10
73
67
38
30
90
9
11
1
35
38
19
31
4
67
14
83
15
81
15
6
82
3
59
39
58
2
0
24
11
54
23
73
60
9
41
15
0
87
8
110
4
0
36
32
6
35
33
38
21
4
14
28
5
8
24
71
40
29
55
21
14
16
18
23
100
20
31
27
33
13
3
19
5
8
33
23
18
33
6
43
65
6
0
25
73
17
98
19
0
29
71
10
20
26
2
45
44
24
61
42
3
1
0
7
11
76
2
6
53
3
41
32
4
21
113
52
46
8
15
29
5
70
14
25
71
5
1
20
33
45
20
39
22
2
35
30
40
13
77
27
19
11
95
15
26
30
20
49
0
132
24
22
5
14
5
42
5
15
53
13
101
8
47
51
41
129
59
83
15
41
35
25
33
46
15
6
43
6
19
59
65
43
3
5
9
9
2
34
10
12
8
16
12
74
12
33
4
15
33
44
13
3
42
83
59
24
43
29
39
1
32
78
15
1
10
69
62
55
28
4
23
16
32
5
12
0
23
51
2
15
53
12
133
20
4
5
0
63
44
31
9
4
37
4
38
34
70
14
62
3
34
28
93
22
53
29
17
20
13
2
62
8
58
27
10
3
9
34
9
21
74
5
139
34
4
89
30
7
13
33
26
3
9
6
41
66
0
36
0
4
16
14
11
19
42
36
10
72
5
24
6
54
8
27
34
114
18
8
38
15
5
4
14
18
1
38
112
19
30
8
61
54
36
10
16
11
82
7
49
7
10
35
3
31
9
60
21
8
37
2
18
5
101
56
1
20
3
34
61
15
57
34
4
46
14
12
17
81
9
55
10
54
24
41
1
12
135
6
60
2
35
84
22
84
5
21
97
63
21
5
59
40
38
46
19
0
7
4
4
51
29
94
12
5
31
100
1
24
67
7
2
113
23
12
23
52
2
124
30
40
33
63
4
40
106
22
2
1
43
74
61
75
3
32
35
37
42
25
16
32
19
3
9
36
10
65
34
18
10
37
57
24
58
42
5
34
6
6
41
91
86
18
18
19
91
3
4
60
33
6
51
19
24
18
3
27
12
2
118
67
22
3
51
43
3
121
9
108
10
2
33
25
5
6
59
31
113
4
8
51
11
82
16
24
58
41
0
12
34
52
46
4
9
32
8
24
28
36
0
79
27
41
7
31
64
10
7
10
35
1
23
13
61
6
3
12
21
6
29
9
4
55
6
75
7
2
49
79
48
0
13
37
57
24
69
17
36
2
3
43
14
33
52
54
0
68
9
4
12
13
28
0
36
8
35
2
3
39
70
1
83
15
7
35
17
37
17
35
10
32
46
2
20
59
51
105
92
48
14
38
131
18
52
27
60
5
1
10
27
45
32
48
31
48
8
7
41
4
20
2
12
2
23
97
9
32
30
7
27
39
32
29
63
6
60
7
13
19
88
25
108
19
11
25
16
26
42
36
9
89
49
75
120
13
29
31
66
51
77
81
36
3
42
47
3
1
30
20
2
9
21
56
19
32
69
5
8
35
24
23
42
2
45
107
38
52
51
48
1
37
29
118
9
22
9
40
12
10
20
24
41
60
23
38
6
13
19
1
35
128
35
9
35
36
26
20
26
18
47
37
65
4
11
4
16
77
2
69
25
58
0
111
114
90
83
2
4
18
34
11
30
34
31
3
8
121
3
4
14
18
1
63
69
39
32
7
2
13
53
65
4
18
46
3
38
34
19
77
1
37
84
38
8
8
49
101
74
2
60
7
8
28
39
4
47
37
69
23
19
12
60
41
20
37
7
50
4
84
48
109
2
9
78
26
3
29
24
51
68
58
2
63
37
74
119
10
73
11
31
77
38
4
33
52
44
82
33
5
41
34
24
29
38
74
33
1
42
3
42
14
76
53
4
12
0
13
40
46
23
15
32
4
29
32
9
15
24
19
39
38
100
76
6
141
109
104
102
77
91
15
7
31
32
4
5
16
2
6
39
14
54
49
26
0
7
89
52
25
10
37
28
9
90
5
68
26
16
28
53
1
54
22
20
10
32
17
30
71
11
70
71
80
6
67
44
3
28
27
39
3
80
133
0
3
15
45
104
1
46
77
34
65
12
5
5
5
51
26
12
43
1
36
66
17
12
20
33
12
87
93
17
62
29
5
36
11
27
9
20
16
4
51
43
117
4
30
66
35
86
27
44
8
163
15
12
45
18
55
14
48
59
73
54
53
77
51
11
46
65
40
31
112
10
98
6
53
18
36
61
1
11
0
13
60
39
4
28
3
51
32
12
40
115
42
22
9
15
14
89
46
50
5
8
17
31
43
11
26
12
24
15
31
20
7
8
86
49
1
2
38
1
68
24
17
88
16
49
9
2
12
53
32
37
81
16
28
6
46
5
34
27
70
44
99
33
8
3
0
60
25
10
39
26
1
14
83
4
6
5
0
15
33
10
9
11
20
2
35
17
1
49
21
29
43
24
6
52
12
16
35
3
31
127
30
22
22
30
6
86
5
12
72
42
4
75
49
31
32
119
46
103
52
64
76
13
59
25
66
89
42
26
33
62
19
0
5
157
135
58
29
47
30
11
65
55
70
3
1
43
26
28
15
37
10
63
92
2
17
26
16
4
19
11
60
51
28
52
3
59
36
9
26
38
58
137
21
79
54
7
4
13
87
6
42
5
113
21
0
34
100
3
89
11
52
115
36
23
35
37
30
14
5
64
14
98
4
15
63
71
44
12
50
50
4
84
3
135
12
72
2
54
13
12
64
46
65
60
30
146
54
111
58
5
54
1
1
28
29
75
43
137
50
43
75
29
9
52
48
1
25
60
25
48
63
16
6
65
49
0
9
107
36
88
18
80
30
182
9
14
71
66
38
25
40
88
9
5
32
79
58
36
47
16
74
69
26
66
3
47
11
9
46
92
26
16
41
0
2
57
19
12
17
116
38
86
15
8
22
5
0
10
17
23
12
60
18
70
59
42
75
6
36
22
1
53
68
128
36
54
16
11
2
25
58
57
32
15
31
40
59
6
2
9
16
20
150
36
21
7
68
119
42
30
26
3
24
5
92
16
32
24
20
25
3
6
71
49
12
33
8
22
63
7
21
10
4
1
60
9
43
7
55
16
26
32
139
12
95
59
46
1
154
39
10
82
41
47
26
55
14
59
6
13
93
60
9
35
42
31
59
25
112
25
54
46
58
109
11
53
42
138
37
0
6
70
33
29
23
5
29
41
9
5
3
25
21
61
44
2
45
50
29
3
49
5
26
33
39
1
19
69
32
52
28
53
58
45
21
55
13
1
16
39
46
32
53
24
11
62
21
69
24
20
51
41
3
16
37
7
71
71
59
76
117
110
48
5
11
3
57
51
14
42
26
98
56
54
126
35
54
1
27
47
9
21
34
7
65
41
63
10
136
25
22
19
3
59
20
27
30
62
25
23
34
178
18
55
32
29
5
30
88
23
25
77
12
22
119
95
14
22
8
11
2
21
89
60
9
38
60
47
15
9
63
55
21
28
78
4
30
1
49
11
63
6
12
103
18
8
6
42
38
24
54
32
53
14
132
4
33
0
41
29
49
18
5
41
40
24
11
2
91
26
8
38
17
35
26
15
121
30
78
56
88
36
4
20
25
74
58
34
2
64
58
2
72
102
62
26
12
7
107
1
71
15
34
74
12
51
20
7
14
69
8
46
33
53
22
6
2
8
64
38
43
12
44
3
17
71
27
114
14
35
81
88
3
1
11
50
46
17
2
37
3
10
30
68
154
26
18
85
28
44
15
9
48
59
2
40
13
28
20
51
6
17
108
84
57
68
88
6
48
58
23
31
73
85
44
46
51
9
54
7
3
61
7
14
10
64
15
2
120
23
19
56
28
1
47
19
34
9
11
109
66
48
30
200
2
61
24
72
17
51
102
33
50
29
29
68
91
64
9
26
12
37
6
83
3
5
24
81
33
73
52
20
47
19
20
87
36
14
79
27
55
0
34
119
15
39
54
2
27
9
33
81
76
73
40
30
37
130
11
38
1
97
54
12
9
54
11
3
63
30
16
81
6
30
2
24
4
76
13
36
121
12
105
32
2
11
57
66
79
15
64
73
15
9
95
32
4
3
26
59
1
14
3
0
23
5
6
56
53
163
110
21
33
26
6
6
52
0
11
26
14
86
26
25
65
90
38
69
0
25
22
100
35
44
28
17
41
10
11
3
9
39
83
7
76
81
75
8
74
57
30
95
89
24
15
4
76
13
14
64
59
16
47
0
4
1
26
35
10
9
52
17
32
29
41
66
1
9
52
40
59
20
6
14
0
73
15
114
103
6
90
66
48
27
129
26
159
46
39
56
40
41
58
12
13
4
64
93
36
37
21
7
2
0
23
40
76
54
11
48
63
14
33
0
54
13
4
2
40
12
3
67
42
16
2
16
53
5
9
71
74
40
24
20
25
69
82
27
71
8
56
169
0
0
21
50
65
15
2
68
83
2
33
53
97
45
1
44
34
23
0
38
11
5
51
21
18
4
39
105
63
2
64
11
23
21
16
94
40
97
26
13
20
32
33
21
130
106
32
52
43
128
16
44
48
102
28
1
9
70
72
13
153
8
10
0
50
1
23
5
10
8
11
42
22
2
4
91
53
62
57
4
5
52
20
62
19
6
54
21
49
77
9
69
40
16
52
22
18
68
44
7
92
16
55
23
15
54
13
188
0
85
46
19
41
70
20
133
75
103
24
66
59
25
4
34
32
47
4
125
24
43
44
185
65
18
49
38
5
49
44
47
30
52
34
2
25
13
115
64
149
30
11
2
6
0
124
61
38
66
38
43
17
48
15
46
70
117
53
3
54
60
77
32
106
132
194
86
10
1
52
11
8
99
72
49
17
148
84
21
65
8
35
59
11
5
33
84
22
9
62
59
4
37
9
29
6
19
20
21
35
57
123
122
11
22
74
21
3
42
80
23
35
33
17
5
0
50
14
59
26
23
61
34
61
171
12
34
23
38
54
28
40
5
19
35
111
9
102
7
36
62
27
11
9
3
91
113
80
14
69
12
6
53
42
76
1
37
33
48
57
10
82
50
56
42
29
103
44
52
7
67
24
40
51
74
99
13
21
42
72
31
4
30
25
61
100
4
25
99
81
28
5
91
31
29
16
170
22
110
39
46
14
103
0
24
67
53
15
17
54
7
49
83
20
4
19
160
22
67
61
22
40
96
2
106
93
60
89
23
51
23
150
0
20
50
36
125
56
101
32
14
53
91
0
28
72
17
69
49
68
58
28
5
66
5
89
13
26
46
182
43
22
47
83
11
0
62
8
55
75
20
8
88
14
56
32
101
75
14
6
0
5
3
110
143
42
46
123
114
7
22
17
56
30
52
6
29
58
48
170
3
112
80
12
16
40
5
37
29
48
90
62
36
55
50
171
234
55
55
59
14
53
9
34
153
105
30
17
66
89
30
7
54
108
10
45
73
54
24
1
7
1
87
3
12
11
0
61
166
1
19
7
27
2
30
47
37
51
3
21
38
50
16
6
55
24
179
40
6
42
25
32
73
32
40
33
75
14
10
31
29
3
96
10
6
31
55
27
103
26
1
35
68
12
26
18
61
54
87
36
7
62
29
11
4
28
90
72
27
3
5
15
16
15
26
41
132
66
99
34
1
10
34
57
61
90
23
103
4
6
18
23
2
47
8
56
16
4
8
42
47
5
71
2
7
38
54
33
14
16
90
133
60
27
15
143
24
34
53
3
71
89
26
3
23
125
129
74
20
117
3
50
3
18
14
30
21
55
116
89
55
9
11
171
14
102
58
62
85
117
59
6
15
1
34
8
40
81
28
29
99
137
32
14
77
10
15
77
43
9
39
7
9
67
163
11
90
19
118
8
2
91
65
18
64
2
21
172
19
59
103
13
98
0
52
14
68
69
14
91
42
60
40
2
28
6
72
3
30
112
119
48
75
80
13
48
49
3
91
99
195
63
5
88
11
46
7
183
73
146
154
5
20
36
57
14
37
5
42
31
78
12
43
110
67
131
74
155
55
12
83
6
59
73
48
7
71
70
132
4
107
4
49
34
100
22
33
51
7
21
13
3
7
11
14
10
0
36
95
54
40
140
17
37
60
6
123
44
1
37
30
82
4
45
53
92
18
40
1
48
62
52
37
49
12
173
81
31
40
38
122
1
64
16
181
60
12
48
30
28
29
59
60
34
20
84
120
0
40
24
54
7
69
40
45
32
75
2
56
10
67
103
30
52
27
4
12
20
89
6
21
122
64
6
35
67
82
117
2
45
63
3
9
91
21
25
26
70
34
26
14
6
74
102
130
9
49
10
12
111
2
61
61
2
110
180
49
65
52
36
41
56
4
18
71
6
6
10
75
79
80
45
49
2
74
24
6
52
15
33
15
98
103
19
60
24
15
104
3
71
64
36
5
8
61
49
1
82
59
35
36
114
76
38
19
21
85
103
38
92
42
32
6
19
45
111
59
12
68
56
14
20
10
48
5
44
8
25
84
69
16
59
84
52
44
49
60
45
4
23
46
77
19
75
30
109
5
113
54
83
52
55
65
94
86
59
111
1
133
19
39
72
4
179
23
48
9
59
33
32
48
13
135
7
84
11
175
40
33
27
28
91
34
21
14
103
26
172
98
0
45
73
99
35
78
69
134
25
40
21
25
54
26
78
11
156
37
1
64
40
134
62
40
166
38
2
41
48
26
26
21
61
15
166
5
26
53
55
12
37
36
80
8
96
29
145
117
127
18
206
84
65
7
9
25
110
53
121
34
16
20
51
58
43
1
11
80
16
3
18
51
121
49
31
26
3
26
102
70
65
47
27
17
5
39
23
58
16
11
37
183
42
6
14
41
144
8
63
2
11
98
117
27
0
5
44
56
0
0
128
86
7
55
40
19
43
138
39
0
27
3
135
32
6
2
81
77
44
9
17
6
46
98
140
29
165
74
89
51
19
76
9
18
3
31
28
14
32
25
4
31
5
21
35
4
112
68
2
66
122
115
104
89
107
24
53
77
2
79
55
14
8
11
49
92
32
76
29
30
20
84
19
15
30
52
11
5
74
142
116
18
54
17
100
27
177
30
69
21
5
49
7
42
21
23
36
18
59
36
82
9
47
6
51
27
4
0
51
41
65
1
73
82
123
96
30
10
185
47
79
3
39
3
77
30
67
91
11
15
36
11
13
43
21
39
47
28
0
11
26
34
123
9
33
43
93
114
31
15
18
81
123
205
47
116
69
43
11
45
141
0
85
108
29
116
141
22
125
31
80
55
154
24
20
37
18
0
21
12
27
70
22
113
101
22
16
45
11
9
8
20
51
27
4
25
193
55
70
55
164
46
6
19
7
7
13
19
94
41
46
13
6
132
2
122
42
5
19
139
22
87
80
77
31
226
42
25
70
23
55
64
9
141
17
37
70
59
11
6
80
12
116
13
86
35
58
8
26
142
43
29
15
109
26
9
98
13
14
52
1
63
135
17
5
23
4
96
103
98
87
18
75
25
212
3
135
181
5
48
64
10
38
84
36
17
131
26
215
10
93
57
23
28
59
110
23
5
102
8
5
131
26
49
6
3
20
8
18
240
33
5
54
53
136
31
60
12
89
0
6
14
11
53
5
1
19
120
69
86
4
139
51
65
98
88
107
42
42
63
154
21
5
9
12
49
76
32
186
28
46
106
88
70
134
5
15
11
11
54
15
0
12
48
104
7
46
107
102
37
20
3
4
124
39
47
97
13
56
30
39
99
8
116
22
31
9
97
25
48
31
7
40
9
15
51
263
143
98
59
92
41
72
40
65
61
144
183
35
87
115
78
7
92
41
41
5
89
63
5
39
74
118
72
0
3
72
39
9
99
79
10
6
22
130
22
6
15
34
66
116
59
38
7
10
45
77
149
102
100
57
19
8
112
123
69
4
17
106
21
63
6
7
38
98
64
65
74
112
5
109
9
65
9
3
159
9
130
243
77
30
124
66
64
80
9
6
0
73
29
32
15
46
0
4
83
55
4
8
14
74
22
3
106
32
0
64
10
0
8
113
63
29
42
13
79
10
156
3
30
143
26
30
253
19
40
27
50
36
81
59
22
161
103
12
21
26
36
18
32
66
86
126
58
65
25
148
24
14
16
23
86
62
17
47
4
5
103
30
30
20
18
18
44
85
8
36
55
17
211
5
28
30
25
90
99
27
125
21
3
61
1
147
41
120
63
74
135
22
66
173
4
80
1
35
39
12
77
14
14
3
38
123
22
19
23
43
11
85
42
2
14
63
24
70
191
24
21
29
33
126
32
209
10
17
56
44
56
5
12
177
88
78
15
53
154
55
1
19
12
20
11
36
34
12
32
42
58
75
88
7
20
16
23
1
6
49
26
73
79
3
6
103
13
81
104
135
21
69
38
23
3
47
103
37
90
31
33
51
30
137
12
59
101
47
87
104
46
56
119
149
89
90
29
9
47
98
63
19
20
54
91
22
21
71
38
18
45
47
57
52
48
3
71
26
21
92
20
29
16
10
63
55
62
185
2
40
71
50
13
57
57
226
62
39
188
22
65
47
16
80
3
76
8
37
23
127
75
74
24
6
3
53
60
58
15
84
22
92
4
19
6
122
61
2
47
4
70
132
20
21
78
8
27
59
56
11
2
170
135
39
68
12
30
7
28
66
58
59
256
15
192
19
16
14
28
13
10
154
33
73
10
10
52
2
121
42
48
3
3
40
16
27
160
15
7
70
60
45
5
78
33
52
143
80
54
103
96
61
30
74
162
68
28
91
79
57
85
64
13
8
34
31
130
71
6
6
26
189
13
39
11
54
39
51
25
54
8
20
44
32
51
127
0
20
34
38
2
72
26
4
56
13
128
126
113
7
45
5
38
6
16
115
201
36
3
18
93
3
90
7
10
49
57
13
145
25
60
87
15
6
15
139
97
171
106
8
191
182
11
67
8
92
9
63
39
26
8
78
134
154
14
15
108
52
4
0
36
108
31
10
14
60
10
70
5
67
8
21
29
60
20
56
52
95
37
28
6
74
32
81
62
17
12
14
16
24
52
98
6
17
70
22
88
49
20
33
112
65
130
24
48
85
28
137
31
27
12
1
28
7
61
31
83
45
106
13
17
21
110
56
48
28
101
11
71
121
39
43
59
77
88
7
35
4
5
25
75
109
25
64
0
1
35
12
182
56
17
75
18
24
5
84
111
35
94
18
67
39
81
60
82
128
122
22
124
26
16
81
31
175
171
35
4
6
91
191
27
33
20
6
143
14
125
27
129
132
20
8
6
4
77
5
83
72
10
2
115
98
183
51
116
14
3
20
0
112
116
7
140
8
81
9
128
10
59
89
94
120
18
112
49
88
81
82
89
34
60
57
79
89
40
178
34
22
32
103
52
94
5
1
45
4
160
47
62
40
25
95
44
21
70
91
62
42
62
23
59
16
179
83
53
25
190
48
65
13
48
71
93
21
40
28
10
10
29
35
5
85
63
52
71
202
51
0
18
77
7
88
6
129
23
14
97
22
74
89
11
16
37
10
41
6
43
43
3
10
17
8
61
44
11
27
85
28
7
142
121
82
238
18
34
151
15
21
14
106
23
126
54
12
35
7
259
59
27
8
48
9
115
67
110
11
56
7
80
63
22
6
19
65
50
41
100
140
97
2
76
71
53
108
10
109
12
10
72
174
47
22
240
26
55
80
24
56
62
146
63
47
53
30
57
16
64
21
26
99
60
15
15
72
53
32
28
1
34
133
16
13
101
60
40
85
66
7
90
65
123
156
10
62
29
6
212
67
125
66
22
36
73
9
68
2
110
81
92
6
5
76
43
24
10
29
160
4
42
131
9
55
8
10
9
62
6
122
97
124
176
280
64
156
11
48
7
52
16
8
159
6
48
70
103
27
201
89
11
77
66
55
66
1
145
1
25
58
21
86
96
34
113
92
109
34
29
74
155
52
7
14
92
78
49
25
119
8
85
12
144
45
36
153
116
14
131
35
78
165
36
1
74
61
75
28
63
28
3
7
13
14
46
34
47
64
11
33
247
21
5
16
31
6
4
41
48
4
3
138
17
45
71
32
3
62
92
204
40
28
37
241
54
1
9
6
106
19
34
91
62
0
59
39
60
51
62
46
27
96
34
92
82
119
77
31
96
121
16
67
43
49
30
23
9
162
16
110
19
134
85
7
3
51
51
94
130
96
85
21
35
54
152
35
12
69
154
52
48
54
186
105
5
51
216
64
18
37
126
69
180
47
23
7
28
17
26
104
25
7
65
9
111
19
19
37
34
5
3
39
8
52
114
57
29
115
68
39
7
9
47
87
80
87
116
31
39
115
80
54
51
10
9
30
76
21
212
12
52
7
4
59
49
113
85
62
37
222
121
77
110
23
122
82
2
136
90
6
66
247
5
63
105
46
148
15
15
14
70
55
12
49
66
6
97
133
95
6
68
121
43
9
96
18
41
3
198
16
53
49
280
44
94
63
20
8
102
56
9
171
118
15
134
35
35
6
4
46
175
1
31
116
21
32
261
62
44
22
9
42
102
91
2
41
68
6
42
99
92
78
78
27
3
2
8
27
58
191
17
20
14
56
89
203
58
42
25
164
84
59
19
8
52
45
81
12
11
33
1
59
6
0
17
48
7
193
94
32
33
99
1
24
83
69
12
128
77
17
108
91
18
46
14
103
113
32
31
2
22
117
190
114
91
101
9
12
76
18
13
14
58
31
85
72
56
62
96
162
19
47
92
1
17
8
28
31
25
18
35
91
1
26
16
108
29
69
72
63
4
96
86
20
97
87
146
5
126
52
84
75
69
193
27
44
10
2
99
143
60
206
14
54
193
32
28
4
231
38
103
54
83
96
42
177
10
1
247
70
75
54
13
122
20
47
230
27
20
74
2
70
9
32
72
42
84
4
44
84
57
54
52
139
24
101
55
77
132
3
3
154
6
21
38
6
1
61
108
23
52
123
24
11
3
28
3
29
172
45
13
162
65
38
91
16
280
4
16
68
82
28
2
13
69
28
150
34
28
86
31
47
50
77
72
7
7
80
19
5
189
8
95
109
27
2
26
41
166
124
58
61
73
21
119
5
73
73
0
32
124
125
23
68
21
305
9
91
62
16
4
51
23
12
34
89
65
11
3
95
61
22
7
23
61
56
30
7
43
165
54
20
84
29
81
134
24
66
56
83
108
106
0
22
29
96
326
114
13
135
81
46
225
69
70
28
29
0
63
53
33
7
10
93
177
70
2
25
104
3
84
92
8
91
51
119
23
38
11
75
10
9
5
55
6
69
3
52
75
31
7
76
7
74
9
26
73
23
7
0
31
46
0
44
89
29
24
24
28
1
88
8
18
36
19
0
90
38
23
188
103
56
174
7
22
28
218
193
41
70
30
60
140
1
34
65
10
32
20
180
26
38
6
137
69
0
90
54
109
108
212
63
17
8
81
15
72
29
99
10
183
120
51
88
22
9
81
28
68
61
8
11
174
214
39
84
10
36
70
321
84
21
90
33
33
57
34
107
87
89
109
23
14
7
99
179
39
0
85
99
161
59
32
112
35
45
120
59
158
80
80
39
55
30
17
24
56
15
146
80
59
76
166
59
83
4
16
59
18
87
30
6
1
85
124
163
25
10
22
126
88
97
124
205
40
7
198
39
110
18
31
41
49
164
14
51
44
103
52
27
21
252
150
32
15
54
48
6
40
40
8
4
47
56
79
65
79
113
184
50
52
66
43
38
51
96
4
67
8
46
9
5
13
1
4
15
73
114
27
93
149
16
60
119
29
86
101
42
180
28
49
110
52
122
20
26
14
98
58
68
24
47
35
116
95
48
34
91
16
7
87
68
117
7
132
190
95
150
82
151
10
9
37
12
6
3
13
5
13
90
25
36
45
43
35
33
225
99
80
65
12
24
54
35
74
146
43
128
26
17
9
91
139
14
43
12
72
130
88
13
69
55
77
143
103
2
23
62
189
11
109
27
0
12
165
133
143
51
84
0
143
19
191
85
54
4
142
17
81
30
33
131
113
91
35
81
190
83
57
64
143
79
16
43
14
50
34
115
19
10
66
84
49
49
163
63
125
55
54
27
29
138
77
2
29
0
36
42
52
129
6
6
70
42
48
127
26
15
137
79
146
7
21
130
68
52
44
12
48
69
8
9
49
122
29
74
15
41
129
40
91
78
2
24
251
21
82
189
5
57
35
193
5
45
290
120
12
43
62
49
216
39
29
27
51
9
34
155
20
67
69
17
55
12
10
40
191
145
74
167
14
97
52
169
20
138
37
53
13
56
61
25
98
24
1
54
53
80
28
1
78
186
78
15
61
39
99
312
10
102
47
19
2
14
6
18
4
66
2
95
98
23
45
142
28
82
10
88
136
26
143
12
137
69
9
63
30
1
1
9
31
37
124
73
51
18
33
194
43
4
165
70
13
22
70
33
77
30
23
10
18
104
121
167
27
69
60
50
199
107
30
2
55
51
29
136
6
26
75
121
50
116
16
36
41
66
11
72
188
6
36
22
12
121
43
14
92
96
36
55
54
90
42
122
2
18
148
12
24
191
88
66
151
240
104
4
31
95
42
22
24
27
10
42
172
21
36
196
4
13
10
196
6
129
47
118
53
13
65
113
28
5
11
54
19
118
53
68
47
15
53
32
104
72
89
53
19
172
98
61
157
204
72
24
71
14
0
41
215
68
6
65
10
192
27
21
59
74
16
68
22
96
9
66
41
247
112
13
10
117
83
49
107
88
4
38
38
99
64
143
151
197
30
10
53
42
48
47
17
11
123
164
155
91
92
9
44
4
17
30
134
26
27
5
83
49
103
38
69
41
63
3
10
10
94
150
39
5
0
1
16
54
37
11
13
87
60
65
98
22
118
45
196
2
66
118
292
149
34
224
170
111
18
9
83
41
228
18
65
5
111
102
152
97
127
69
9
118
34
56
45
12
15
40
14
19
43
31
39
34
106
107
167
71
100
84
109
66
53
90
56
122
95
79
61
24
86
206
101
33
73
18
19
106
19
72
31
25
74
104
114
35
42
115
10
96
115
16
92
14
69
84
37
40
56
23
128
17
148
31
0
63
85
32
1
122
84
171
232
38
20
51
13
10
183
44
61
41
87
6
61
59
259
123
99
196
209
142
5
91
72
105
3
54
87
189
47
121
43
135
17
237
64
52
63
2
35
28
16
9
2
61
53
151
24
16
1
106
1
48
36
34
17
57
10
53
45
87
18
78
109
148
137
14
55
10
91
215
121
52
38
68
9
2
311
107
8
108
23
25
88
127
10
5
89
36
127
65
13
220
7
96
195
165
9
6
45
94
33
129
166
287
148
152
46
47
8
147
19
26
74
139
72
54
64
80
33
127
93
30
98
157
73
112
11
100
151
119
30
5
190
36
68
38
11
33
62
9
96
29
16
5
58
207
70
14
0
122
18
119
67
50
7
1
76
27
33
7
19
77
29
26
20
10
38
5
18
221
37
100
9
36
194
134
76
18
41
24
53
82
39
49
8
107
62
11
65
5
31
101
16
6
21
93
45
194
29
6
100
92
65
128
4
159
25
80
85
4
72
53
4
7
15
5
185
9
40
19
146
53
5
177
97
29
140
29
49
77
51
73
230
44
9
12
1
182
74
195
154
68
83
2
197
10
131
32
93
193
5
36
55
3
5
39
6
245
55
75
67
20
68
5
7
11
266
13
128
7
49
22
119
69
22
2
115
74
15
65
193
115
49
197
36
4
55
26
103
77
14
80
100
84
78
180
92
67
21
12
25
20
23
68
7
10
24
1
127
206
16
73
21
97
49
50
267
6
100
106
8
7
34
272
141
132
124
46
16
18
30
118
103
12
2
73
63
205
110
243
92
115
16
2
53
168
36
103
51
7
3
33
92
146
25
52
59
4
69
46
7
92
137
8
132
5
14
215
15
36
69
60
27
43
51
78
86
46
0
145
172
35
23
72
183
67
47
11
134
3
4
57
79
11
79
5
10
61
71
87
58
69
59
143
5
130
64
104
1
1
84
11
99
1
150
163
20
6
20
166
129
130
53
64
18
67
91
40
21
182
7
63
67
56
90
80
238
46
86
19
100
3
120
57
93
78
43
59
49
21
26
76
40
104
9
46
0
104
7
282
81
47
32
66
33
40
22
60
20
72
6
63
154
72
40
56
39
73
143
174
13
55
60
20
4
107
86
154
78
59
203
57
103
72
97
232
31
2
69
9
24
21
16
14
61
123
97
50
25
50
16
26
27
12
54
8
51
136
19
227
193
53
25
70
23
27
45
70
6
95
98
46
6
38
3
57
7
73
148
68
126
19
3
4
34
110
81
7
2
106
19
178
5
19
111
188
69
18
43
2
11
92
73
17
88
34
95
7
179
41
32
33
88
157
14
43
71
78
192
9
12
8
125
55
25
58
65
67
26
30
83
39
56
58
146
20
60
103
79
94
18
11
16
25
37
7
0
21
160
73
155
31
11
55
34
7
105
161
44
246
50
34
103
36
86
1
9
140
63
257
56
97
180
25
62
4
33
185
32
83
14
43
17
86
67
33
49
55
210
45
62
4
194
1
44
62
91
148
2
6
12
65
120
3
12
24
78
43
85
116
43
52
92
40
70
75
111
58
0
19
8
70
58
51
0
1
2
43
155
40
21
35
61
10
105
64
38
9
87
40
0
56
46
2
226
58
37
34
22
39
176
6
0
55
34
80
10
14
36
134
88
3
34
64
9
18
77
50
43
13
10
21
197
65
0
183
123
87
7
52
64
241
66
94
91
94
129
97
88
21
30
134
151
173
63
7
13
175
123
14
29
49
4
227
56
127
19
91
62
136
40
53
36
41
203
66
109
30
16
81
1
45
89
49
60
155
10
82
27
66
119
53
50
11
4
104
91
26
99
131
76
104
5
57
23
69
11
53
5
67
52
25
37
235
106
105
27
212
52
250
122
37
367
46
66
12
16
207
26
29
41
65
149
167
118
100
144
35
59
5
36
32
1
36
210
179
20
33
36
74
193
25
76
171
11
3
42
157
123
53
220
28
42
132
23
73
157
92
141
78
197
22
9
108
146
60
49
116
97
51
204
29
152
50
0
194
13
38
46
26
171
19
53
14
52
97
69
38
12
122
6
1
40
84
137
176
38
83
26
15
40
1
105
145
147
21
16
64
14
71
4
36
69
4
151
67
97
165
59
22
117
9
156
1
58
50
9
199
167
32
112
83
14
28
16
66
117
55
0
68
0
71
34
73
218
7
19
6
32
8
21
137
94
46
276
86
52
9
23
254
88
7
92
95
6
84
1
203
179
58
178
7
5
184
102
102
18
30
20
188
0
55
72
71
22
110
22
23
243
7
38
210
124
191
1
32
133
119
78
86
51
9
190
107
77
299
2
112
13
0
55
119
45
96
4
170
93
15
90
26
32
32
104
63
79
5
104
6
19
4
57
5
149
99
70
105
27
27
72
38
14
139
157
46
176
133
77
34
40
95
70
25
78
28
70
6
31
40
88
251
34
4
168
58
163
26
63
40
108
6
4
27
109
8
47
66
5
283
42
12
68
75
31
70
7
18
9
45
39
35
60
95
87
4
108
36
20
57
46
127
13
5
44
166
35
12
2
126
4
16
129
20
88
63
72
65
61
9
13
1
99
19
8
26
53
24
104
22
89
19
185
99
28
108
31
149
67
96
93
14
13
52
291
31
66
10
122
94
124
28
14
45
65
47
11
252
248
16
99
215
117
16
45
93
96
95
60
20
145
87
69
52
41
58
151
15
46
33
133
137
20
50
58
95
27
28
60
246
1
106
49
85
105
24
18
105
210
12
189
68
156
70
29
38
16
139
38
167
18
219
18
162
2
83
21
29
93
15
68
6
7
8
191
14
129
17
62
39
20
30
4
14
223
259
114
77
111
127
155
158
165
81
119
26
235
72
113
25
66
9
323
4
24
61
251
131
50
28
12
109
37
32
153
32
36
2
46
117
126
211
113
30
9
59
3
38
33
3
10
6
25
105
13
13
66
73
213
17
17
25
47
41
137
64
221
115
18
20
83
4
22
70
18
236
91
44
43
14
31
66
47
124
31
12
283
81
31
112
85
118
102
92
60
185
52
148
51
95
75
72
63
86
20
265
58
56
4
96
172
99
25
187
69
17
76
40
0
73
71
10
10
3
95
97
6
63
127
263
40
9
29
23
215
114
22
62
129
27
88
235
73
80
84
72
75
42
9
125
32
114
36
87
61
54
40
54
121
132
13
24
28
52
131
63
59
15
92
143
200
143
138
184
12
176
28
39
124
26
149
171
84
27
6
17
114
177
37
65
30
78
85
24
30
172
106
2
38
111
106
143
47
19
105
43
100
0
84
128
53
13
128
85
28
352
79
21
368
110
49
74
55
30
6
82
64
123
176
33
126
80
50
185
8
152
15
149
19
58
149
51
0
6
28
25
55
35
78
27
10
94
122
72
38
105
14
177
150
99
64
136
51
1
47
73
96
65
41
59
32
88
291
234
25
12
144
70
40
7
144
111
223
63
58
129
122
65
59
64
0
64
14
65
45
44
151
32
91
18
15
84
125
73
138
101
48
9
48
18
189
29
2
57
145
139
83
105
163
160
40
241
12
61
32
9
78
84
98
27
118
15
18
159
20
39
35
123
15
212
328
75
32
87
80
148
333
73
25
148
20
98
73
36
35
47
2
251
86
65
131
44
88
104
22
9
29
75
71
26
41
5
75
5
221
19
32
24
19
57
56
80
25
94
49
31
102
25
32
265
21
21
216
32
41
99
8
18
290
105
19
70
86
53
88
8
147
79
9
54
130
51
82
303
6
92
79
117
16
123
33
23
88
37
165
101
46
232
93
77
116
39
60
56
20
106
18
60
74
248
52
43
137
14
5
77
9
53
153
18
66
0
205
21
162
14
174
67
14
106
18
110
123
42
5
27
18
2
117
94
244
18
52
19
297
85
0
22
8
53
81
301
55
0
76
253
35
70
143
129
17
121
55
113
98
146
41
148
6
92
155
62
34
36
98
53
113
70
5
168
178
174
47
271
111
6
96
105
27
51
153
1
48
125
27
67
12
40
9
26
117
334
11
104
42
35
68
3
38
77
23
63
4
22
48
34
42
105
42
29
127
25
96
25
135
32
94
74
4
163
8
108
5
83
175
110
55
39
20
108
59
84
232
6
39
127
111
72
44
202
30
4
202
157
6
97
38
53
40
53
313
62
3
25
21
125
133
43
103
155
81
156
26
11
16
117
65
228
3
10
62
123
10
57
2
220
88
27
132
120
67
23
76
4
255
108
36
93
186
63
32
20
69
158
26
167
18
30
41
150
14
94
47
126
73
30
188
44
263
47
115
172
47
32
5
104
29
116
62
114
110
32
11
123
19
73
102
76
16
201
101
72
25
64
103
37
162
3
60
97
64
113
34
13
9
43
28
94
47
16
10
54
108
87
228
62
39
12
72
0
121
71
8
12
65
33
316
95
132
3
35
127
165
157
26
71
180
17
5
26
35
178
36
81
47
49
1
62
11
188
193
26
215
233
59
57
117
14
11
265
64
65
23
73
3
11
51
227
67
72
17
11
13
59
109
51
16
9
35
110
37
141
20
25
57
70
12
136
139
39
59
173
49
50
163
36
90
51
50
21
78
64
206
105
51
0
41
146
160
95
76
45
7
56
66
15
71
199
75
21
319
393
266
46
3
53
57
205
129
41
40
104
13
131
61
43
140
12
3
97
276
55
148
38
66
161
36
80
23
16
297
12
59
25
37
38
86
55
174
102
153
139
55
67
210
136
40
83
6
81
132
75
114
82
49
30
30
11
80
53
59
38
288
80
157
81
46
172
5
86
75
9
106
238
27
105
13
44
22
0
33
52
2
12
19
20
0
189
26
250
28
74
223
28
55
68
118
67
165
7
35
17
7
110
113
156
6
117
48
59
33
139
42
47
1
43
62
127
51
99
45
61
0
115
77
98
25
222
72
15
112
4
30
126
194
18
135
121
44
103
82
11
26
111
47
22
69
23
7
51
70
14
3
51
33
36
261
4
56
59
150
7
49
214
54
86
23
172
169
166
10
37
9
117
96
171
13
8
158
37
60
44
274
96
56
136
11
58
112
121
12
70
66
157
24
90
23
9
7
110
48
7
7
121
141
72
52
4
88
6
116
76
76
362
43
71
130
25
11
91
87
66
49
66
260
36
210
52
7
90
41
147
22
0
36
86
14
30
103
16
97
0
66
51
263
147
254
117
112
55
123
11
250
12
13
216
0
35
13
107
36
141
2
46
6
7
59
7
42
51
30
9
29
42
215
31
55
135
54
22
25
169
53
63
75
148
135
13
48
63
117
2
71
131
55
98
64
77
238
20
273
69
0
149
7
0
80
14
131
20
52
129
68
1
12
96
3
187
13
116
216
26
44
182
110
78
142
51
110
197
2
258
26
142
241
32
24
6
0
51
18
59
30
63
77
6
210
80
176
79
32
55
17
92
104
27
194
67
25
117
3
208
16
302
81
14
58
140
25
32
56
131
104
14
30
227
18
31
240
85
94
244
65
70
36
45
16
31
33
92
44
42
48
74
161
48
11
7
81
86
44
121
137
233
29
50
242
67
11
104
136
11
182
37
214
147
90
11
45
125
110
140
80
188
67
77
235
260
8
3
9
145
45
127
150
20
5
3
29
68
199
23
95
63
131
113
57
257
328
28
24
224
38
57
10
13
83
38
31
4
59
55
85
152
108
211
43
32
27
12
104
110
0
210
78
4
4
22
48
10
203
42
129
203
246
117
44
22
20
22
22
70
18
119
80
260
51
144
18
4
116
133
25
28
123
45
18
21
53
47
169
95
44
191
144
63
11
75
6
182
97
47
15
199
69
76
93
54
176
12
105
151
185
446
115
68
234
38
80
74
41
82
26
7
269
80
8
120
100
247
25
58
2
79
91
115
117
142
274
56
70
201
97
49
62
4
155
130
7
18
23
114
3
107
29
186
41
50
36
61
8
8
73
85
14
46
62
159
148
17
109
106
34
26
123
126
96
8
74
227
30
18
38
94
54
134
37
16
93
42
6
140
51
67
215
19
38
1
130
102
27
193
15
291
60
5
152
78
315
128
127
48
24
171
119
145
147
17
120
7
6
243
58
181
14
189
67
4
148
61
243
25
8
35
125
53
79
99
79
8
81
73
200
53
116
57
11
129
82
14
119
28
243
138
45
192
212
15
345
170
17
108
85
24
113
27
122
103
98
88
24
180
16
278
11
74
95
1
10
167
13
50
10
224
137
99
22
47
21
234
88
103
284
231
100
32
15
35
136
83
55
58
0
32
107
30
10
2
138
8
239
36
45
4
132
105
255
72
37
14
118
121
9
8
32
15
16
72
126
7
209
79
13
207
60
22
222
228
66
4
2
85
8
3
27
3
59
73
74
229
45
67
10
80
237
81
9
24
372
7
86
22
179
0
16
53
244
7
110
209
112
185
178
66
58
86
78
163
60
88
60
69
195
65
235
22
118
79
150
260
73
68
25
8
23
176
40
3
12
62
101
146
76
140
213
17
195
109
25
81
95
59
191
28
257
322
22
3
10
56
23
306
136
29
79
310
6
3
75
130
45
85
98
225
286
211
11
82
110
2
27
89
54
14
109
41
336
240
67
77
79
20
8
83
32
102
59
100
88
175
158
46
147
24
242
116
48
246
87
58
11
211
12
57
5
68
56
67
206
47
4
247
281
52
28
123
17
32
201
270
171
33
152
118
124
145
22
42
7
4
31
34
153
13
36
136
87
154
83
47
3
19
51
36
10
21
8
31
21
111
120
120
3
63
10
93
35
22
6
121
184
167
193
28
21
95
137
11
73
235
16
14
13
106
62
85
26
135
37
13
9
141
119
136
73
113
57
6
13
133
110
99
100
80
70
45
68
55
12
4
52
144
269
48
3
24
126
92
100
4
138
44
29
103
71
33
197
152
191
152
16
104
244
62
16
76
89
57
41
256
47
121
97
25
75
44
43
14
215
115
15
264
26
89
7
72
129
36
49
28
178
149
186
112
2
52
21
32
166
135
62
77
347
132
106
143
22
10
245
64
62
34
11
24
27
358
53
208
262
24
43
199
287
45
138
87
166
100
225
0
179
35
179
3
88
4
31
178
79
216
36
21
164
20
44
385
64
22
27
147
61
250
162
142
7
104
93
128
23
19
101
35
101
106
186
85
39
64
43
86
221
55
4
51
64
147
42
177
22
34
101
22
211
38
88
160
57
15
3
29
164
93
289
44
110
209
19
412
89
7
78
4
65
4
11
50
15
270
452
16
146
101
72
126
117
36
100
106
7
223
244
30
86
149
16
86
2
137
7
173
24
109
34
121
16
12
41
238
150
53
223
127
61
83
191
96
70
2
138
89
9
8
60
11
53
43
360
28
339
84
19
17
354
384
6
260
16
2
36
16
19
36
30
7
90
212
82
19
24
119
16
65
74
156
35
16
106
52
94
27
73
62
53
8
35
152
60
110
10
64
124
126
191
9
98
6
105
24
117
230
380
0
99
58
12
108
141
166
180
19
194
200
173
201
56
1
16
17
67
2
83
91
44
146
52
125
7
36
104
8
142
139
24
106
102
279
4
128
75
12
144
208
94
123
237
115
151
49
199
72
30
117
23
129
91
128
29
6
141
18
103
155
50
151
85
87
24
6
69
17
17
299
15
245
77
132
210
329
90
121
2
52
177
17
169
27
64
85
128
129
31
56
46
42
0
51
127
70
27
1
17
3
77
176
276
176
90
3
43
183
159
11
128
29
25
251
17
83
6
375
6
113
246
4
7
64
219
9
36
31
0
336
51
99
124
44
118
118
15
175
89
270
85
63
45
25
31
205
5
61
248
87
75
5
313
16
4
226
104
155
100
98
286
26
47
101
170
48
15
224
46
90
162
71
45
24
292
52
2
53
30
105
76
10
8
204
29
18
62
75
108
72
23
21
112
126
97
60
107
266
12
13
32
72
13
142
244
89
31
176
316
12
64
11
180
58
148
78
134
71
128
102
227
171
27
73
73
251
7
40
22
11
209
18
276
15
133
54
28
8
27
278
84
106
161
132
88
163
28
21
50
142
17
3
58
62
53
330
84
158
13
153
89
7
40
102
364
2
36
62
72
210
164
86
239
91
18
70
12
188
7
37
120
73
95
54
215
6
80
3
107
83
1
198
100
168
78
89
118
113
274
37
143
75
27
127
116
35
108
152
38
122
10
40
61
39
2
16
167
31
17
25
120
26
304
79
89
31
71
152
13
9
370
19
18
64
102
32
134
6
47
132
7
1
91
166
177
116
65
215
76
77
49
55
44
95
108
164
60
6
70
41
53
105
7
75
242
78
285
2
14
44
48
15
186
30
82
137
150
9
156
94
61
185
21
24
28
135
121
167
63
133
115
136
170
36
30
240
60
30
32
197
63
44
129
26
2
123
79
178
29
187
268
125
37
39
79
2
156
2
31
212
118
14
45
169
57
318
178
204
51
258
21
23
165
135
77
85
21
55
152
67
44
50
37
39
67
79
12
266
187
119
112
118
53
59
3
15
134
122
16
6
77
81
3
20
159
111
140
50
26
14
50
44
101
318
271
34
17
152
42
39
75
82
215
241
185
186
23
50
44
63
106
395
78
79
2
53
14
104
129
138
67
177
104
21
61
203
3
59
138
28
134
268
31
64
296
12
80
72
12
52
12
184
17
28
100
237
246
30
12
38
59
75
23
13
54
207
26
91
123
176
233
37
248
140
44
212
80
103
3
73
22
10
354
143
170
124
134
178
29
60
85
134
138
291
92
188
98
29
15
58
232
24
67
27
36
60
33
159
113
23
38
118
6
196
158
30
133
13
22
3
236
60
68
208
244
55
12
37
74
236
68
37
3
83
122
90
30
147
187
31
11
16
6
364
19
98
70
6
8
8
202
109
143
22
80
44
14
73
0
18
134
83
26
2
90
4
163
102
2
19
33
34
79
62
9
340
18
5
20
21
148
83
27
115
103
19
236
49
175
123
378
38
70
23
51
1
51
149
67
26
50
295
84
14
53
2
311
52
10
105
29
166
78
124
62
164
41
144
9
76
223
32
28
58
219
48
68
62
101
130
139
83
105
189
10
26
180
63
217
181
43
242
74
411
64
92
17
185
119
348
212
16
5
167
31
117
153
53
70
82
57
180
109
17
85
149
392
279
193
186
95
315
33
410
112
170
64
171
101
14
106
67
2
2
88
42
65
52
55
53
206
4
16
14
179
123
23
33
68
25
336
57
4
1
173
51
95
6
22
62
73
119
57
30
212
124
25
76
176
44
3
185
112
20
81
402
1
126
218
25
63
35
139
79
71
6
157
67
93
197
58
58
397
66
102
15
135
52
4
157
55
305
238
9
66
152
43
36
48
36
4
9
12
76
410
52
130
42
94
80
213
123
99
75
6
78
47
6
195
129
78
131
33
15
19
53
135
5
66
113
63
24
17
224
234
23
122
6
4
109
3
401
20
25
112
270
42
89
32
91
5
132
92
6
50
74
199
38
78
7
299
135
143
31
32
6
41
5
66
108
67
82
231
2
130
169
5
10
111
78
10
101
90
63
1
49
108
359
238
236
156
50
23
78
54
120
155
64
97
38
297
154
101
113
61
4
3
31
37
59
49
13
29
0
212
264
176
173
7
89
44
18
168
7
23
50
56
284
367
30
113
20
16
86
16
53
138
71
98
131
94
51
222
16
405
98
134
32
119
235
62
30
35
76
155
96
64
227
73
166
11
78
0
11
72
56
14
95
198
67
27
267
129
211
17
333
12
89
145
121
64
118
95
56
109
107
2
33
181
164
109
309
121
195
58
67
9
57
3
42
102
98
25
74
88
89
14
215
39
102
9
74
66
139
117
12
115
138
1
13
7
32
26
8
59
262
20
50
83
247
126
43
48
7
34
2
47
15
69
158
102
143
120
221
235
249
115
51
38
67
138
26
212
91
134
165
242
183
32
0
171
27
152
195
44
76
30
105
39
47
91
51
7
141
13
43
103
59
37
113
401
27
29
165
83
84
176
429
15
158
157
13
229
20
263
85
108
131
225
80
103
99
115
47
121
70
265
180
13
95
25
105
279
66
14
70
50
25
43
182
101
106
120
39
209
30
53
91
408
58
207
60
2
312
13
237
198
106
185
62
57
196
202
202
3
27
68
46
65
45
62
328
149
110
14
172
37
33
50
226
59
124
54
31
184
32
35
122
18
52
1
318
111
101
132
59
2
8
162
10
5
11
111
3
132
1
124
32
201
95
160
44
219
96
121
206
417
118
286
118
98
42
142
139
111
26
80
161
52
78
152
205
98
109
176
107
30
37
40
126
78
25
88
178
104
4
327
27
12
21
82
149
167
55
39
6
34
164
5
132
481
25
2
32
8
19
302
48
132
33
310
176
62
93
15
0
62
6
109
110
257
55
28
66
145
11
78
286
8
196
54
77
139
64
288
12
5
90
7
36
19
201
154
9
269
129
12
80
55
169
120
87
114
27
232
93
121
101
19
79
262
2
165
155
58
209
243
41
89
44
139
227
6
138
40
139
116
116
145
8
139
38
42
91
103
28
44
71
91
165
189
49
60
24
90
219
38
56
2
151
119
13
8
114
281
176
79
58
126
64
74
11
6
144
19
81
54
72
255
48
156
286
9
19
16
108
40
31
83
43
83
109
373
46
151
89
105
113
199
2
41
199
28
18
43
10
83
165
156
254
141
162
456
18
55
168
53
309
226
137
42
1
14
51
224
6
468
167
41
39
147
99
116
45
209
293
57
0
121
47
85
73
78
10
4
213
144
131
103
37
91
239
98
134
57
63
84
153
333
10
186
155
71
43
89
19
39
54
126
91
325
12
28
53
86
96
28
10
59
146
221
4
114
62
17
27
12
123
110
32
275
47
172
117
230
216
21
67
81
65
32
4
180
21
323
91
353
164
80
49
34
24
105
24
28
55
8
51
117
26
71
331
5
69
24
261
85
88
369
374
31
58
282
249
14
2
1
34
13
14
55
256
7
471
12
86
18
10
11
103
70
79
46
43
65
126
45
201
87
151
214
188
31
78
242
31
141
44
307
9
230
212
30
230
66
157
46
67
12
33
24
4
260
57
73
43
8
168
26
45
52
70
58
39
63
29
116
11
6
72
16
2
21
22
111
98
83
60
28
173
49
17
10
75
244
197
26
59
106
87
481
91
93
57
37
3
49
60
337
134
49
31
19
81
79
13
164
181
102
20
9
20
319
284
131
206
117
16
3
101
124
129
146
50
28
129
172
256
99
59
92
214
77
12
139
39
187
20
15
60
174
49
22
328
33
97
23
41
20
35
45
271
85
151
137
2
124
253
66
58
348
78
9
66
14
43
32
118
170
169
60
76
16
82
9
31
3
52
2
56
116
170
107
78
2
58
350
84
68
21
100
88
76
5
1
42
89
231
104
15
28
184
41
135
103
238
125
152
65
12
17
178
68
22
74
306
336
11
123
170
128
95
149
73
5
92
171
1
62
34
68
90
22
87
46
3
69
93
208
84
220
99
2
306
57
15
157
176
396
80
97
123
21
147
142
185
288
58
125
182
306
62
140
63
329
326
64
18
11
66
136
70
42
30
69
149
29
30
115
228
23
26
23
274
80
36
62
181
128
12
113
22
49
309
105
105
7
10
256
205
108
98
1
37
8
254
57
166
230
29
8
363
247
74
59
346
77
189
158
215
246
114
69
175
213
44
28
246
157
108
39
116
103
72
180
121
86
4
21
74
139
128
93
39
61
224
222
106
85
156
13
100
73
38
75
115
108
70
12
106
235
232
53
24
13
185
269
275
110
6
39
298
283
24
104
17
91
78
48
48
75
124
239
216
103
161
13
58
30
79
160
4
356
57
19
50
15
228
25
56
91
28
102
85
47
14
152
25
221
112
4
1
107
230
211
101
123
155
22
175
64
64
202
109
95
163
23
393
77
72
258
199
5
103
6
36
57
68
40
38
322
178
70
85
203
146
36
11
53
120
117
319
255
170
62
161
30
348
31
351
57
27
146
125
184
1
277
99
45
204
374
77
14
36
11
148
99
76
152
52
171
252
37
301
22
166
1
20
14
32
73
8
191
83
79
82
72
36
21
57
103
61
27
78
98
11
63
71
10
18
48
158
95
18
23
62
52
6
202
109
129
61
69
108
74
105
48
37
6
3
136
69
11
74
345
320
120
293
260
27
46
162
188
190
115
187
5
202
10
124
178
19
125
8
40
47
92
246
95
8
75
71
136
41
72
109
7
280
114
8
2
225
65
79
87
12
15
212
72
94
50
137
250
69
279
20
16
81
37
1
109
14
138
131
173
72
90
56
42
12
181
7
1
92
1
35
95
11
89
234
160
27
174
136
65
67
47
53
145
5
87
75
230
6
1
56
104
20
26
1
229
126
25
97
265
182
16
179
39
132
148
234
74
11
279
88
16
123
51
24
91
62
44
203
110
22
73
57
210
264
16
350
94
4
166
18
171
11
78
193
220
9
69
44
74
192
189
287
38
135
259
139
9
108
166
57
31
29
35
233
63
102
10
5
211
37
60
103
51
141
264
163
31
154
169
29
4
151
21
46
94
40
12
317
124
118
260
90
183
268
82
22
377
138
73
6
40
41
28
17
204
2
85
142
209
165
161
183
104
72
140
98
1
68
18
147
76
102
140
172
77
7
76
15
98
32
179
80
19
60
84
4
90
65
308
196
23
42
46
15
323
52
53
13
54
64
74
116
158
30
17
112
429
329
29
84
172
70
221
26
170
252
194
67
18
65
97
292
74
60
65
233
142
27
30
67
172
264
12
231
68
16
35
174
142
83
154
50
17
90
97
41
104
87
20
35
127
45
236
51
13
92
162
18
1
3
129
172
78
285
70
77
3
124
177
118
14
76
83
40
123
33
51
23
85
114
353
22
89
203
101
118
152
82
255
271
35
427
116
138
52
43
126
70
42
40
231
4
189
42
208
74
269
270
178
442
52
17
28
23
20
242
107
206
430
219
55
25
75
45
66
164
176
337
137
73
66
70
21
43
3
60
101
97
69
34
93
91
45
13
118
364
307
183
111
184
55
68
86
507
143
110
101
192
305
135
229
71
55
17
169
12
48
48
3
120
268
79
72
55
143
361
17
282
34
102
167
38
53
105
195
144
90
160
130
26
225
5
2
197
44
98
163
21
15
161
76
83
2
65
166
31
21
137
46
158
179
50
160
31
146
30
49
161
155
88
107
226
89
150
235
22
27
40
93
7
128
29
240
180
27
109
92
113
12
78
61
294
344
196
247
116
64
169
41
0
26
3
61
9
217
142
188
14
50
16
130
353
8
162
28
151
19
119
137
92
35
132
434
164
301
15
59
103
247
174
52
288
107
39
90
84
91
52
16
5
71
92
40
21
206
134
99
271
5
193
94
216
80
38
85
212
96
93
33
4
49
28
56
427
44
279
17
64
61
121
75
13
8
267
250
31
312
381
76
1
13
4
174
18
78
178
178
63
107
114
182
46
29
44
47
3
5
6
80
2
82
205
130
121
19
95
245
218
23
99
68
85
122
121
41
6
429
74
14
192
124
137
60
155
211
16
43
92
98
4
50
20
47
6
168
83
93
199
117
7
440
42
1
144
8
221
25
11
68
76
54
22
78
196
24
125
293
33
157
263
53
153
98
148
182
15
147
28
62
410
20
125
39
107
228
95
72
209
193
196
2
71
345
392
258
142
201
74
6
136
90
3
77
121
1
81
150
269
88
129
128
26
30
184
40
7
30
94
98
116
3
432
15
200
102
279
51
275
285
271
189
20
7
65
38
83
31
135
284
108
98
23
45
51
5
16
125
57
68
37
141
163
160
124
161
123
158
18
84
25
166
337
0
10
81
25
20
94
121
86
84
71
22
12
141
43
83
82
392
161
2
102
35
259
2
137
194
69
137
434
44
53
74
95
54
72
151
210
32
76
27
30
67
3
226
76
119
76
212
152
34
253
129
6
18
219
54
24
128
89
47
10
170
76
116
138
106
302
19
28
67
179
20
46
46
65
213
54
5
75
211
136
9
67
176
3
303
80
23
44
193
156
241
127
156
58
10
245
7
126
76
9
253
144
25
8
189
87
7
208
195
276
18
56
97
556
8
204
40
41
1
49
138
182
28
553
183
111
124
91
280
247
68
8
42
355
213
53
9
200
65
70
8
72
173
75
247
22
13
20
10
127
81
141
3
26
422
257
55
115
29
31
55
464
6
189
135
95
112
103
168
163
43
19
153
109
13
95
14
252
59
71
62
76
126
75
12
10
76
189
121
22
50
0
214
64
53
64
23
251
144
123
3
112
39
46
262
40
116
100
63
9
282
34
166
15
17
258
197
47
329
12
387
59
58
4
279
132
95
221
159
53
131
191
52
168
97
7
79
20
66
63
311
61
166
7
16
128
16
53
142
36
62
105
61
82
69
77
224
40
256
257
97
351
93
138
56
41
98
117
227
73
22
14
315
37
169
48
123
156
99
86
163
158
123
192
255
147
206
76
190
231
44
30
299
81
82
241
4
135
40
21
156
154
41
210
104
70
125
161
189
142
319
214
198
177
119
70
31
17
223
9
184
22
8
24
286
64
167
47
55
12
238
42
102
200
159
159
4
58
263
14
51
20
229
203
75
39
69
162
9
37
151
4
5
303
36
10
15
143
158
83
184
118
400
149
117
46
84
56
182
80
11
52
74
49
53
102
184
41
61
140
268
27
86
75
70
185
227
80
92
162
29
147
74
26
455
158
84
82
23
89
46
322
4
94
110
96
23
209
343
63
370
61
141
6
136
204
260
113
19
58
285
69
129
129
55
32
30
326
142
11
3
173
2
15
17
77
35
52
97
268
57
112
12
35
118
205
57
15
125
69
118
39
1
332
0
87
62
42
114
151
57
85
72
11
31
40
49
119
84
347
53
118
103
37
151
179
13
7
89
44
67
200
204
14
49
36
20
213
66
162
169
56
356
235
10
18
128
326
11
152
69
176
77
75
33
82
70
7
4
58
320
196
277
12
19
150
73
64
275
76
59
187
62
121
144
101
23
57
54
82
12
70
2
42
26
164
169
170
18
119
220
0
71
68
217
180
191
77
130
21
96
131
4
146
129
84
453
26
82
28
132
110
22
52
56
21
78
19
18
70
178
73
125
119
164
20
15
137
186
267
62
320
30
228
98
8
514
122
40
98
140
263
222
193
54
147
62
34
182
212
172
164
141
468
62
45
251
274
222
154
335
15
6
118
122
127
10
37
66
18
105
28
174
31
298
81
11
5
66
109
12
68
32
138
146
16
190
181
23
11
77
203
5
22
103
33
82
268
47
28
6
5
134
104
11
91
92
213
33
58
13
144
28
24
163
12
102
111
83
118
83
63
197
29
221
141
310
95
220
374
127
48
9
203
172
61
83
131
25
0
178
248
36
7
209
129
2
39
43
113
15
231
375
57
119
65
112
0
319
71
347
121
225
127
260
31
287
11
24
246
56
318
201
11
34
202
37
236
7
51
130
109
52
68
265
40
118
103
76
302
23
47
57
103
72
65
128
12
42
14
26
161
12
137
128
42
51
285
60
11
99
177
5
54
59
32
18
116
69
59
60
214
16
11
272
40
50
48
326
72
31
40
54
23
99
249
5
264
156
30
106
66
197
12
177
47
13
115
6
243
127
27
150
170
32
64
86
9
230
276
339
352
18
71
65
69
120
123
13
82
375
63
284
184
21
10
27
61
101
148
128
86
372
94
94
64
122
41
103
154
91
7
4
461
130
286
166
312
99
252
68
38
19
196
227
60
16
69
9
24
228
185
160
53
90
240
105
28
48
77
61
28
83
375
154
210
119
343
111
60
212
151
1
194
38
18
82
54
284
49
48
11
83
70
99
20
184
14
112
58
59
90
5
49
37
151
84
38
125
217
151
106
351
30
26
115
36
384
6
22
71
49
8
216
137
130
183
36
338
15
412
34
243
148
27
31
41
193
0
26
10
28
310
227
70
94
70
135
68
87
57
88
222
245
176
77
153
211
107
16
17
81
132
93
391
489
241
19
138
79
26
71
86
15
41
11
108
333
295
204
152
19
70
484
78
16
310
53
264
94
55
86
40
135
71
89
26
2
223
179
33
95
13
113
301
197
58
73
15
281
88
13
109
217
457
429
108
20
3
116
114
176
2
293
19
39
140
49
147
89
76
441
115
63
11
35
25
412
49
51
59
116
280
41
319
8
9
246
152
115
16
161
35
52
13
143
95
30
404
308
17
11
24
153
109
165
257
52
124
52
35
65
33
47
100
71
55
109
89
327
52
11
97
53
203
231
239
261
431
137
41
15
117
97
256
171
101
150
29
160
391
264
67
321
27
139
115
223
110
53
191
160
58
172
256
12
78
11
38
258
113
187
54
259
176
56
39
8
111
78
286
141
80
167
7
373
457
272
192
3
78
224
421
37
175
1
6
2
8
24
116
45
189
151
4
43
79
276
76
29
6
69
22
375
201
44
2
73
288
289
16
53
110
57
228
125
83
325
214
289
43
61
242
0
22
75
394
11
137
217
297
101
182
73
62
36
181
69
155
390
76
68
1
16
23
104
168
0
227
72
15
206
251
187
121
45
70
119
170
17
132
25
51
32
17
111
137
1
78
435
97
69
28
49
27
19
15
51
4
56
7
247
105
123
17
66
30
305
250
3
14
60
82
4
220
3
98
104
159
106
94
227
72
44
8
89
219
54
53
74
19
89
83
207
162
254
275
156
37
7
25
3
212
38
37
114
176
266
109
17
138
72
178
78
115
78
40
289
39
21
74
36
153
169
64
6
354
200
96
312
231
31
206
2
278
30
194
20
52
13
211
294
3
142
88
196
127
76
240
266
100
15
11
71
25
3
103
20
181
12
153
456
13
25
231
69
61
38
14
165
45
182
105
96
116
79
7
203
265
90
185
229
65
60
105
76
79
1
98
66
77
112
191
162
153
126
79
6
153
54
217
196
54
37
50
31
54
36
26
8
171
237
192
145
21
40
196
14
2
71
210
219
198
452
4
281
14
39
168
137
8
8
270
103
29
88
145
29
58
158
286
138
54
47
41
18
47
10
22
189
74
183
338
149
41
38
171
86
326
145
97
126
38
191
469
81
155
56
3
19
92
86
42
74
130
307
42
8
37
237
78
10
88
24
145
251
18
495
10
37
154
31
188
35
235
66
19
234
142
82
184
36
1
32
87
102
441
238
36
143
82
35
68
190
55
265
391
48
21
80
299
64
70
32
10
425
236
58
212
202
301
128
25
15
112
29
73
61
0
220
375
130
123
38
56
11
135
11
281
54
24
55
128
291
90
10
76
166
39
133
3
129
8
48
99
273
77
17
170
50
50
62
3
4
9
233
33
56
114
260
264
40
83
241
16
9
183
270
136
72
194
105
18
219
235
17
190
51
162
88
84
421
324
44
216
27
158
35
23
87
129
14
63
3
0
133
128
86
33
47
74
14
18
134
2
8
19
0
27
60
48
169
2
113
14
77
36
90
418
26
143
98
257
148
3
3
161
206
316
75
141
31
82
295
28
24
7
121
203
74
7
219
157
72
281
10
398
56
471
2
186
74
124
58
13
99
10
154
383
286
32
27
35
23
30
170
20
234
0
85
297
188
48
43
74
69
95
105
2
26
463
249
178
47
28
154
40
57
27
356
252
111
59
5
91
8
80
94
72
47
303
53
22
49
117
78
54
334
195
123
44
224
219
51
74
434
280
234
29
62
209
244
204
112
24
35
98
57
23
54
80
36
190
27
338
110
4
123
71
186
48
106
175
111
112
278
1
64
93
141
202
74
2
299
486
285
12
200
42
87
22
32
89
78
1
118
27
274
437
95
78
259
14
9
159
104
295
10
68
88
6
63
9
101
113
9
171
149
49
74
23
37
388
111
3
193
11
37
18
86
41
37
96
126
225
213
6
354
24
264
163
171
133
168
118
96
127
2
275
3
252
25
126
206
11
16
11
43
114
38
119
7
139
252
108
365
10
79
314
195
111
188
155
184
8
48
25
62
17
100
352
97
196
131
160
121
107
25
31
69
158
77
70
102
312
66
82
38
16
178
178
177
49
13
266
16
158
14
34
311
154
222
34
193
83
36
50
382
131
65
178
183
169
57
189
96
148
269
190
129
65
193
77
63
99
11
225
114
101
102
7
134
255
125
98
5
60
256
128
1
46
14
287
32
28
181
160
410
149
58
258
60
55
106
73
241
448
83
43
258
45
54
587
156
22
13
5
90
38
72
36
63
44
53
7
46
15
60
32
71
154
75
356
38
31
8
127
288
59
64
125
65
13
62
77
3
238
318
494
108
219
39
87
139
4
107
228
13
66
125
319
35
123
152
141
8
163
175
186
123
357
138
19
13
265
19
6
42
65
153
159
128
23
151
49
385
250
235
44
22
161
325
5
244
51
181
1
78
52
21
436
90
5
8
14
68
387
75
190
9
113
22
95
76
410
13
349
294
162
82
341
63
210
93
493
2
23
241
12
221
51
73
99
141
144
163
101
12
213
21
49
84
159
55
16
245
7
18
123
98
44
213
96
13
163
41
1
48
148
177
23
160
244
182
97
81
35
429
3
34
158
99
192
106
319
3
246
232
33
133
109
7
54
80
87
49
17
244
8
225
171
197
162
3
105
174
94
117
10
17
303
12
47
129
90
121
215
16
131
261
361
24
68
72
392
30
125
105
6
16
25
14
119
176
38
22
358
312
19
156
104
480
82
87
24
135
85
287
116
25
5
196
91
130
43
31
86
50
103
78
140
49
247
51
390
118
32
53
156
150
306
76
58
68
272
164
274
366
338
166
298
91
88
107
188
118
73
211
64
57
195
73
10
166
556
128
56
318
182
2
90
33
214
27
48
69
3
8
140
11
24
47
97
258
162
247
292
4
288
54
214
156
7
46
217
122
62
59
84
429
1
22
104
31
244
65
58
64
17
103
133
264
48
60
115
159
43
194
5
63
4
46
86
50
203
69
64
2
356
120
139
59
70
174
70
57
169
95
57
57
56
8
42
255
67
137
31
68
11
159
138
165
326
35
1
559
133
30
12
15
208
282
130
2
86
192
477
34
347
290
4
320
35
146
58
167
198
257
250
323
358
42
175
79
26
100
179
202
25
31
80
151
202
60
35
166
64
40
140
141
107
449
220
87
246
33
1
8
21
206
280
67
276
116
34
266
47
157
178
86
108
42
216
111
305
74
3
110
47
97
195
10
223
93
152
79
292
47
254
311
32
143
26
67
21
153
8
224
80
15
2
11
131
77
137
5
127
9
14
3
45
252
27
58
54
31
120
15
70
68
55
19
47
175
107
52
7
12
114
392
69
143
33
143
118
37
92
212
492
154
51
268
79
112
157
190
13
138
179
136
14
90
65
142
546
194
53
195
141
61
37
120
245
37
440
62
105
280
120
31
9
3
22
92
40
23
274
147
96
40
219
109
57
206
102
206
131
11
79
6
27
348
91
276
278
62
1
427
3
223
202
281
32
6
75
165
37
96
1
240
51
77
11
320
191
202
178
0
127
268
11
50
27
26
152
137
265
2
174
346
47
18
28
126
207
186
6
493
12
93
95
241
180
92
70
80
2
287
232
420
1
232
19
128
25
114
7
233
235
163
1
90
11
96
246
292
128
12
99
481
83
181
93
422
57
337
116
90
129
43
123
141
135
40
110
218
13
38
263
12
2
147
15
22
54
45
199
92
109
19
147
337
6
39
2
18
114
134
132
137
546
193
95
75
9
346
247
18
175
19
222
14
435
6
111
316
116
35
235
81
33
73
216
63
260
0
42
198
3
12
9
184
363
90
132
19
302
189
33
48
38
32
297
254
390
67
2
38
29
245
395
5
113
47
18
7
416
315
267
42
106
12
38
9
4
9
2
113
125
230
31
332
57
49
19
111
166
7
52
73
40
1
51
181
32
3
127
293
120
330
32
83
82
43
76
108
410
56
63
319
47
175
635
367
72
6
31
141
140
89
125
6
123
87
32
96
197
67
84
35
46
175
16
129
167
176
80
35
30
137
161
22
151
88
70
22
190
16
2
30
4
91
20
180
143
188
15
168
39
106
102
76
58
161
78
153
19
226
148
232
151
146
41
255
17
33
4
135
181
287
22
14
207
108
94
98
16
186
53
36
226
36
22
172
102
65
97
59
100
157
31
93
4
27
337
30
5
6
23
78
39
68
102
270
12
22
13
543
88
3
76
34
188
63
81
76
57
182
35
155
377
60
126
8
2
160
339
184
344
126
35
311
134
157
328
34
290
245
95
18
14
155
29
14
219
4
195
126
153
23
9
17
114
161
132
585
39
163
76
491
26
266
71
122
16
51
136
105
180
324
139
38
23
91
170
84
65
282
195
10
241
58
29
179
105
4
146
8
90
213
183
501
10
38
8
10
288
5
85
94
3
29
235
213
159
139
77
399
32
129
380
22
208
106
11
28
86
95
153
114
51
82
129
240
4
14
37
56
177
20
106
396
47
9
121
103
102
74
13
106
68
16
4
83
450
89
4
462
64
88
9
91
76
3
110
185
1
36
20
4
219
24
118
42
25
79
51
344
286
6
22
21
68
107
73
161
179
138
181
309
69
56
422
64
98
123
233
4
157
580
153
68
146
9
13
21
24
590
46
26
51
4
72
135
73
22
97
18
218
110
109
204
143
36
154
57
40
276
54
305
78
30
143
65
107
248
44
99
197
76
46
511
89
249
275
4
8
96
54
45
104
436
88
9
296
114
136
73
48
109
49
70
140
151
130
314
32
70
47
59
124
404
144
33
46
37
91
42
143
94
56
64
183
18
205
70
5
140
53
88
47
73
240
49
134
11
164
125
70
65
1
47
229
474
138
479
413
178
97
38
332
564
196
94
89
167
256
99
55
72
59
71
76
0
3
380
161
40
100
283
254
319
113
158
55
249
320
39
16
62
41
7
155
20
114
17
107
111
60
95
375
79
204
109
137
1
79
172
14
102
520
21
192
3
19
309
91
127
68
32
115
59
539
329
133
25
12
105
215
189
193
72
229
0
240
176
143
75
44
66
153
247
290
158
186
11
300
194
124
89
151
346
207
36
160
167
88
3
25
23
21
154
18
143
126
19
175
0
169
32
107
189
167
5
73
6
257
62
47
100
18
92
214
33
51
28
162
319
10
7
14
73
184
5
83
44
81
141
82
234
46
90
315
19
129
21
11
60
267
84
128
36
16
101
94
28
222
343
211
76
5
109
3
170
21
28
156
85
92
374
135
25
89
171
138
187
181
97
51
556
24
46
22
76
161
152
92
29
167
50
553
149
294
47
113
311
164
69
57
4
36
48
191
92
165
26
90
142
288
25
257
92
40
45
21
278
11
94
107
89
13
138
114
555
62
49
149
174
200
61
49
18
99
80
21
371
41
109
302
61
190
143
27
204
11
105
326
203
37
102
260
24
144
1
20
126
142
201
7
12
548
102
146
132
123
59
7
28
8
165
173
243
7
20
139
120
28
406
340
50
30
114
135
396
17
9
106
83
74
137
63
81
527
283
187
120
160
278
66
83
61
1
99
100
129
11
564
262
115
11
122
361
103
183
194
109
68
31
34
200
56
272
67
22
59
123
134
38
121
196
79
45
23
110
232
135
107
70
119
323
11
511
57
121
99
89
200
158
410
35
41
131
242
252
93
97
119
380
107
39
30
196
156
77
13
40
98
220
310
5
344
212
491
358
35
28
70
327
141
261
230
27
17
67
28
153
239
164
421
77
41
158
196
85
62
29
114
399
391
38
53
68
13
12
108
243
438
198
24
334
72
39
75
11
24
84
355
295
325
117
56
5
157
18
309
48
73
13
132
283
265
58
146
70
298
121
70
92
137
11
42
185
31
170
16
14
117
48
103
42
141
18
49
241
186
115
661
93
53
82
230
349
193
103
0
89
116
2
466
34
29
151
160
30
42
60
68
65
120
184
361
21
4
222
560
198
85
95
23
56
14
15
55
36
234
291
266
269
122
78
262
258
54
24
47
66
84
1
343
26
34
274
391
94
204
595
15
24
471
241
150
19
231
341
57
36
124
130
142
244
28
420
114
58
38
173
15
179
119
67
10
133
191
38
97
42
126
138
112
74
34
66
161
291
83
121
269
333
151
12
8
146
10
41
306
49
287
101
126
98
28
195
13
23
13
68
141
59
144
27
116
63
121
24
23
197
214
185
39
123
10
12
152
186
42
128
119
384
194
90
68
117
222
90
31
140
4
101
30
0
140
468
201
752
222
133
133
149
93
4
149
33
79
167
164
19
1
114
17
41
183
65
241
211
38
33
234
99
13
40
64
251
52
122
156
326
207
162
68
109
60
10
70
24
216
206
216
126
52
44
215
321
95
285
101
35
23
21
26
14
267
207
82
134
18
5
299
26
141
202
146
450
9
54
7
211
10
54
98
255
43
84
201
268
71
9
8
3
51
131
143
22
10
259
383
5
262
214
130
342
342
281
66
54
209
156
208
311
185
14
6
36
22
186
171
23
126
61
211
150
104
254
242
163
164
6
23
305
62
19
79
3
148
86
237
66
66
359
302
191
281
63
68
2
6
97
69
202
301
253
290
98
95
209
22
39
42
203
61
148
141
257
28
62
19
74
77
100
248
2
298
73
99
118
280
92
126
25
150
62
110
274
235
230
40
22
285
35
15
9
245
237
44
23
92
196
277
41
228
158
20
307
190
114
16
75
110
22
204
138
125
50
234
32
208
164
49
3
4
80
80
324
40
207
109
49
107
39
22
6
67
110
5
242
92
7
59
78
77
256
172
274
79
29
49
347
20
348
293
38
8
2
107
289
93
93
75
319
14
78
45
21
216
45
100
152
5
127
41
17
197
21
8
299
118
124
42
262
168
476
167
55
601
209
14
103
23
187
42
58
242
71
53
165
16
80
175
118
404
89
10
194
10
62
181
6
111
13
175
91
12
70
20
76
69
213
264
274
112
21
127
497
55
9
29
363
496
23
29
29
56
9
66
161
43
615
256
28
119
344
56
17
23
10
116
91
82
267
104
259
2
54
136
263
45
288
9
256
199
88
65
264
317
39
32
15
141
136
51
279
240
169
100
61
77
42
89
465
114
8
19
37
101
58
144
61
285
53
36
119
177
7
42
204
169
117
58
27
149
84
7
146
141
236
37
237
19
27
24
314
109
156
474
24
273
6
34
143
171
417
193
69
92
214
23
24
229
8
5
59
58
227
29
87
329
157
46
189
152
102
136
86
68
75
340
207
20
117
36
29
16
178
12
33
34
109
128
198
102
28
20
48
100
211
75
7
35
63
116
541
93
288
80
75
136
29
24
170
281
154
128
215
192
208
115
60
113
20
23
435
215
16
36
162
152
41
309
27
61
567
166
0
137
192
24
238
38
82
91
331
14
177
178
186
14
104
295
93
54
70
61
172
168
123
3
66
58
4
144
96
160
221
44
18
70
69
66
113
417
110
232
5
176
80
74
337
295
244
108
62
205
34
43
7
51
10
134
128
148
164
95
162
20
70
312
85
340
255
140
187
10
84
53
198
81
37
20
207
62
169
201
25
106
33
255
99
128
28
44
127
16
189
19
168
155
64
76
217
118
64
118
166
82
202
125
27
36
7
101
56
45
116
55
30
120
248
1
120
184
218
186
34
32
297
251
92
151
20
64
116
94
69
318
1
415
119
1
79
54
161
106
1
72
330
12
87
74
69
41
68
218
453
115
137
45
1
87
94
197
10
27
180
269
15
50
135
43
120
127
339
8
0
97
5
131
67
21
148
220
330
265
163
491
17
0
83
125
113
106
100
120
350
93
105
160
39
203
103
580
205
474
232
316
131
137
214
81
317
250
166
244
140
233
413
89
68
21
42
185
37
19
40
85
48
6
5
166
399
15
20
282
81
102
111
119
141
193
267
249
235
66
15
503
319
96
43
68
200
57
47
27
32
8
365
127
67
32
43
7
122
118
161
152
18
295
3
93
269
151
30
14
103
270
236
4
150
91
10
33
149
81
116
74
109
77
69
39
421
47
19
78
82
28
67
223
292
33
9
47
110
221
202
304
1
100
123
268
97
163
365
414
68
10
162
123
444
116
130
136
51
113
467
165
258
22
390
21
71
90
139
217
56
141
57
271
5
39
96
34
87
66
22
0
226
17
500
202
176
46
174
100
162
49
193
167
55
17
98
44
105
8
39
141
84
74
134
15
165
23
79
72
32
138
260
37
255
319
64
132
56
20
8
99
89
247
325
173
52
26
22
8
47
43
81
178
76
169
282
89
188
133
116
179
137
54
63
34
417
39
51
158
65
23
97
50
230
64
58
152
74
67
8
8
148
123
28
174
94
73
114
64
15
184
116
171
69
223
133
192
81
98
49
21
52
156
47
164
97
166
39
95
56
15
26
272
91
265
48
10
172
36
37
36
278
470
88
43
93
23
44
73
52
1
634
6
85
48
175
96
75
64
164
39
161
159
18
130
65
24
150
63
164
118
63
233
119
336
2
110
305
188
34
276
179
24
280
41
2
285
8
95
26
27
52
26
211
22
7
69
54
18
398
616
4
31
58
192
81
172
158
251
202
159
230
67
249
284
58
44
105
280
390
10
26
109
47
187
64
34
247
10
112
222
77
406
178
71
110
76
94
166
156
163
81
197
129
80
237
9
188
34
318
4
27
32
87
46
73
50
218
277
246
1
223
53
39
196
265
185
46
75
235
30
7
103
159
38
448
72
210
304
226
135
324
27
20
69
285
92
427
348
43
196
46
156
58
79
44
147
127
235
123
119
158
57
138
143
7
410
75
160
64
69
58
95
266
247
76
157
20
385
17
24
38
59
7
8
232
137
178
112
360
56
8
100
217
242
187
67
109
304
264
219
277
83
90
177
42
127
133
326
28
225
34
292
49
128
49
42
0
161
440
160
9
55
166
73
4
222
122
103
55
19
36
98
68
5
151
82
53
191
87
124
74
399
215
80
293
196
119
176
82
99
28
48
7
51
20
113
131
31
131
108
521
365
284
113
18
315
117
171
344
256
7
110
99
45
261
755
371
10
53
421
327
183
38
83
8
183
291
11
27
115
122
349
139
31
202
133
44
99
116
84
130
201
24
51
24
242
665
43
94
165
180
41
138
466
76
85
50
108
503
78
88
91
121
477
42
20
35
215
47
44
317
12
50
44
91
3
84
196
234
153
163
68
349
4
41
61
266
267
19
117
247
46
191
217
209
304
3
48
7
154
272
39
282
44
189
402
36
225
79
432
143
51
24
29
4
129
92
504
10
12
332
343
90
111
33
122
143
302
232
22
133
75
48
181
91
241
127
160
11
60
278
9
179
66
57
86
110
239
115
290
11
235
75
320
46
73
24
130
46
97
31
156
249
72
249
127
244
21
280
8
149
58
201
43
158
70
33
46
229
210
219
151
65
103
293
254
50
26
376
175
78
53
700
174
167
470
75
49
268
154
113
184
177
180
93
216
304
140
69
63
163
205
256
275
93
147
657
138
207
324
103
29
286
100
22
123
216
236
11
213
1
157
24
54
298
208
109
285
79
167
187
121
25
316
260
247
223
59
326
105
17
242
173
63
184
29
81
44
74
36
99
28
85
39
575
83
215
123
217
101
70
156
49
355
154
41
196
32
235
234
70
315
23
26
367
101
50
45
78
193
242
35
28
274
19
54
209
71
127
236
127
343
37
86
312
33
16
42
74
153
44
167
203
159
10
233
507
105
47
171
14
75
162
54
175
137
256
151
24
130
19
184
91
50
1
161
314
20
147
240
133
442
44
59
152
265
6
305
284
58
144
11
84
102
53
33
11
26
46
45
28
74
25
89
240
49
455
102
58
61
97
99
1
266
288
24
6
28
276
480
178
118
138
402
364
2
213
217
121
10
84
182
118
155
221
402
157
146
139
219
159
264
135
50
14
103
1
58
156
464
18
17
84
39
10
77
8
185
168
130
83
33
32
68
212
220
85
65
2
99
73
136
111
157
192
221
315
129
36
85
548
127
26
79
389
230
1
35
53
184
397
101
230
307
90
383
7
242
203
199
334
40
214
309
328
113
10
497
171
57
8
34
341
269
320
229
174
135
13
151
269
513
68
435
36
123
293
42
18
18
288
96
299
269
137
127
108
28
93
209
290
118
29
181
117
54
343
206
154
136
89
57
385
283
52
0
37
271
68
103
221
385
162
345
47
115
1
17
179
245
51
291
10
146
54
276
29
77
567
221
5
404
32
167
25
250
379
168
176
57
38
315
281
93
198
73
185
23
19
216
21
160
66
33
21
236
113
72
92
128
237
122
141
103
104
54
77
148
244
7
61
192
98
143
51
287
87
110
227
92
29
160
69
84
119
126
5
251
39
384
67
11
1
50
42
87
475
143
228
121
35
102
254
47
174
232
25
439
80
182
147
40
103
9
215
456
279
43
68
20
164
11
48
5
7
54
168
228
376
29
147
558
46
37
22
17
288
48
280
123
7
72
81
274
135
41
281
82
430
109
113
15
77
172
3
412
62
325
50
85
40
112
339
181
112
34
75
477
115
56
271
522
16
33
101
225
51
58
39
353
241
165
9
295
6
144
134
61
50
449
47
5
0
129
408
430
644
14
178
17
156
168
40
66
128
19
60
0
218
121
134
80
19
130
108
59
254
38
170
87
18
46
154
370
56
47
137
41
5
244
33
5
343
7
394
125
27
167
457
277
34
97
67
176
44
131
22
23
265
182
7
165
134
51
13
58
13
17
250
118
71
74
8
97
101
7
197
223
138
382
18
140
110
61
85
131
2
88
36
243
62
229
118
283
34
214
48
109
11
118
560
336
11
120
60
128
68
148
317
368
7
176
191
66
59
93
265
170
100
388
109
243
106
35
299
65
14
209
246
8
4
179
108
87
234
343
171
61
58
15
321
142
11
11
117
293
69
257
301
0
133
62
3
165
32
197
2
98
16
11
61
475
107
279
212
97
284
101
120
196
37
151
33
213
162
104
31
397
174
367
31
51
17
249
219
187
193
307
52
180
204
122
200
85
109
147
40
347
67
192
172
666
415
372
10
197
100
60
227
82
311
323
690
158
103
22
48
495
55
101
149
98
68
10
10
194
67
43
225
9
28
106
197
35
38
180
56
275
25
52
35
468
573
42
85
144
107
7
18
73
22
289
129
124
440
293
36
6
8
128
8
70
59
67
136
515
60
752
349
74
122
6
245
43
20
4
175
229
560
43
119
95
430
95
2
154
275
16
294
38
17
181
67
53
105
128
347
99
30
79
13
329
69
71
93
8
47
181
320
312
264
6
42
143
68
269
102
144
158
64
139
164
433
197
210
74
191
160
279
11
222
14
187
391
54
34
30
67
61
11
238
211
55
104
123
24
15
15
83
629
105
163
69
418
316
217
253
51
184
310
70
125
38
269
3
311
61
148
193
89
98
40
53
75
158
348
33
260
219
91
6
66
69
90
59
19
453
161
261
153
91
4
316
69
24
11
61
140
486
57
168
268
5
286
110
76
155
96
2
36
162
14
44
127
188
199
102
60
154
250
341
3
144
11
57
119
6
290
53
8
211
109
274
295
28
208
109
126
123
303
14
110
98
193
119
48
45
69
30
390
275
122
162
140
2
43
34
236
68
41
13
9
370
162
107
163
305
105
0
228
158
282
9
50
5
53
75
232
56
197
280
46
49
4
49
170
44
11
124
89
2
48
255
163
9
16
27
91
371
75
343
127
15
123
295
135
35
373
111
180
335
114
185
215
116
196
115
127
5
8
38
150
437
256
388
18
111
6
13
10
249
372
32
16
90
283
248
25
378
270
88
277
51
14
44
213
70
203
46
111
28
40
22
144
125
0
25
34
335
59
13
36
290
251
182
24
427
148
192
35
27
313
128
5
180
72
66
171
80
3
96
63
0
18
55
5
108
33
115
187
13
52
6
218
152
21
93
31
58
56
166
135
349
257
362
108
19
568
71
222
73
250
29
99
154
224
98
5
327
156
468
9
162
33
69
380
45
217
91
341
6
245
363
206
197
11
273
305
151
107
180
504
16
12
46
32
174
383
145
258
212
331
53
196
47
15
21
239
106
259
15
20
144
45
544
224
124
46
210
564
95
3
22
60
310
0
18
17
15
248
133
57
408
230
353
158
292
95
464
340
29
427
242
135
242
81
236
6
223
61
158
55
329
98
27
21
194
97
493
446
194
34
151
314
363
3
9
147
22
243
243
40
8
99
197
351
206
28
313
63
9
2
24
115
223
124
48
13
249
48
290
198
116
328
70
201
173
35
17
256
17
133
331
39
468
166
260
277
60
240
694
32
167
21
118
331
139
171
221
59
46
374
105
103
102
174
118
438
49
68
135
84
59
245
360
394
63
536
407
212
102
106
314
185
57
2
4
141
395
233
289
1
96
191
89
105
311
227
125
4
117
318
122
185
148
193
129
480
292
23
44
33
13
59
115
91
405
19
123
312
127
152
128
133
62
157
80
307
132
313
131
112
171
163
5
139
79
35
33
47
297
198
62
4
6
68
31
1
27
66
28
24
441
93
382
71
16
58
285
109
58
52
197
137
50
217
223
21
28
33
9
58
27
334
285
33
20
46
0
100
311
123
108
102
139
215
20
210
119
22
315
46
11
133
330
149
18
320
226
122
51
39
22
12
200
130
185
12
136
159
295
212
31
87
12
313
144
19
61
4
172
90
154
7
127
22
5
38
269
98
55
19
22
329
335
51
253
21
83
20
537
66
312
6
11
95
218
133
288
146
102
167
18
163
120
134
246
355
88
157
350
186
454
413
216
351
7
11
242
90
75
353
177
648
318
177
25
367
267
205
6
409
145
43
11
37
247
144
233
247
368
103
12
176
71
148
84
35
132
93
240
429
115
126
248
169
209
371
397
248
6
15
188
45
58
152
167
295
15
341
102
244
66
32
239
80
68
90
26
3
188
54
4
125
227
242
89
220
151
146
64
171
547
244
58
145
126
152
248
227
180
72
99
88
180
15
1
220
139
3
33
352
131
211
102
288
9
236
69
71
338
32
140
16
258
293
15
257
82
17
511
68
11
233
38
63
200
259
247
298
28
12
69
31
72
88
198
43
4
123
113
57
184
215
318
384
252
19
84
15
216
87
186
93
350
50
87
134
82
327
6
65
261
49
243
115
23
75
20
111
21
275
211
6
22
231
167
69
52
204
30
258
61
127
172
254
93
26
384
167
438
17
239
436
52
138
197
190
163
99
17
125
25
7
96
332
87
55
354
311
35
9
80
227
561
52
137
18
323
101
91
185
41
105
99
32
124
265
89
7
152
177
160
466
98
5
28
126
237
65
121
11
51
97
246
14
205
158
256
251
19
331
136
27
282
270
125
375
7
94
23
50
46
276
20
1
60
269
226
43
33
112
217
45
142
97
85
159
133
2
11
25
122
9
85
115
152
45
0
19
65
92
223
26
9
8
0
84
57
168
85
19
15
99
197
269
152
628
202
183
200
115
220
61
2
501
305
26
301
83
292
188
494
133
42
57
101
214
111
90
146
134
163
43
120
162
84
39
85
82
149
34
82
185
112
474
132
372
4
51
78
206
2
3
197
84
141
224
252
106
222
57
569
36
29
175
343
439
25
13
40
259
134
196
7
113
74
380
215
94
171
46
339
61
70
1
403
10
14
12
60
82
21
256
97
91
203
7
218
73
40
164
160
77
288
366
156
194
349
112
406
81
83
106
76
12
27
242
438
61
6
140
263
137
16
13
50
25
318
341
346
23
39
78
21
72
3
4
6
154
322
61
139
94
408
72
20
200
26
139
12
99
155
31
52
68
52
285
224
179
74
8
276
154
454
272
1
160
21
117
113
190
120
309
360
93
525
62
84
167
219
19
104
28
3
325
50
464
336
130
421
179
74
180
214
15
12
57
131
507
20
47
64
348
95
132
7
116
128
129
302
79
211
103
62
23
4
14
359
25
108
6
158
24
77
33
124
102
222
11
128
398
34
97
205
43
20
79
99
9
468
3
234
377
239
547
157
175
210
5
43
48
102
14
30
69
139
235
116
268
326
279
97
268
60
111
83
201
12
24
127
17
135
47
159
223
449
73
242
0
53
182
76
88
76
342
471
212
7
40
599
14
187
72
270
228
64
68
157
167
39
14
97
586
431
36
0
321
117
70
216
434
358
17
242
361
250
102
92
19
34
70
366
120
160
37
118
156
208
94
111
185
6
506
98
526
342
386
29
7
28
268
525
285
7
293
177
79
137
203
134
14
349
84
15
54
291
140
408
44
302
152
130
229
114
364
56
113
11
84
46
323
269
69
88
72
234
9
228
126
187
14
191
4
45
301
211
54
12
94
66
428
440
28
207
277
4
211
331
330
78
184
64
37
5
452
158
217
165
55
5
375
20
126
273
209
449
37
87
63
260
15
188
331
97
38
31
227
178
157
105
6
313
58
17
524
222
29
47
122
170
103
327
509
21
38
52
44
142
57
125
273
115
108
258
100
182
98
498
231
22
172
109
195
143
54
189
5
137
15
41
105
104
51
73
175
92
64
78
359
180
154
11
17
262
66
19
14
231
18
314
70
341
62
4
99
92
644
50
228
148
3
133
592
94
382
162
109
66
1
68
40
268
445
42
29
9
175
100
73
265
145
216
247
119
30
194
41
201
59
128
98
93
115
1
89
29
150
69
114
110
294
7
519
307
107
276
148
68
141
168
86
671
179
6
356
102
238
71
141
183
230
238
42
358
113
108
92
17
473
195
18
209
9
143
103
110
154
172
69
131
218
137
13
159
55
5
10
60
97
5
170
107
13
92
126
75
310
109
43
141
115
92
273
58
8
142
47
133
23
144
2
102
17
81
73
155
416
701
53
62
330
63
12
59
301
385
33
122
11
537
11
132
80
17
337
60
77
61
247
11
8
13
30
136
5
149
91
3
254
45
18
46
78
140
245
31
1
34
54
97
0
114
152
245
31
27
211
179
375
393
365
154
253
210
131
337
250
303
167
57
226
87
41
15
214
266
85
176
302
139
19
28
139
68
1
81
15
62
56
207
458
59
36
66
4
180
57
336
41
63
258
43
12
213
176
94
26
78
34
122
204
52
59
32
196
74
170
148
102
150
308
175
421
12
48
765
83
28
153
227
10
28
115
299
183
80
16
149
85
358
33
61
35
32
43
42
12
8
176
140
118
38
108
73
169
30
9
7
529
351
485
1
84
189
31
33
180
169
22
174
64
121
240
110
23
16
190
362
109
201
154
365
159
41
233
61
28
288
56
118
228
6
4
149
5
310
48
7
142
49
300
30
341
50
24
45
43
43
185
7
121
2
284
186
68
174
74
80
138
149
26
172
265
63
306
31
194
635
640
20
301
47
533
407
166
245
164
156
334
122
150
89
382
285
10
7
9
96
98
446
2
375
513
74
249
43
73
128
95
167
253
406
497
154
178
87
276
12
417
128
93
61
11
47
552
2
250
1
61
686
105
298
40
43
20
25
272
258
12
25
87
98
139
46
57
46
68
370
717
96
80
64
1
87
112
21
139
193
80
94
300
1
7
393
57
81
43
92
362
212
253
3
60
184
128
91
65
358
156
134
122
204
64
12
41
123
83
259
480
158
65
32
437
34
221
242
38
203
114
242
634
165
173
28
93
180
699
41
106
153
7
490
20
365
330
148
13
152
295
191
103
755
112
102
315
52
404
274
71
15
494
49
66
124
456
123
69
247
206
113
210
73
260
50
199
173
26
4
192
105
195
67
76
59
45
110
42
228
19
122
298
65
91
48
96
3
279
83
223
142
87
45
153
259
141
147
71
32
335
199
150
69
54
457
251
120
104
320
514
102
33
186
12
264
17
185
38
198
84
112
30
2
30
93
81
120
162
83
417
263
269
42
65
98
7
82
247
262
137
225
281
7
56
89
142
162
59
234
158
27
185
41
107
1
454
521
24
445
392
83
225
118
12
174
301
161
22
188
409
486
43
95
185
20
213
191
406
142
0
105
334
180
148
36
179
204
214
63
11
61
73
241
311
75
30
240
111
15
20
247
100
126
30
141
141
13
245
62
125
277
7
75
62
90
60
11
318
392
10
455
164
62
20
83
31
233
212
176
73
249
8
349
163
6
267
15
23
212
238
288
16
3
2
380
352
19
234
337
469
131
151
204
19
41
153
88
238
630
125
110
105
184
141
70
8
155
348
30
7
110
339
74
5
10
412
7
10
27
152
233
15
152
54
59
130
65
474
67
269
671
52
103
153
153
20
121
179
25
140
110
153
61
113
30
235
242
54
144
176
152
94
100
15
198
434
87
44
114
125
48
18
162
44
36
73
179
354
182
267
180
91
478
65
342
200
140
209
18
79
110
211
738
121
255
28
60
241
65
92
117
60
541
145
263
162
7
182
440
7
73
14
222
467
123
377
56
189
385
17
75
536
8
183
171
11
39
96
166
361
136
21
35
432
247
215
120
86
109
24
3
269
164
11
166
27
68
572
461
76
323
423
78
146
7
461
110
17
53
215
122
183
460
281
112
421
92
175
444
86
110
59
143
0
539
57
16
231
85
116
24
95
206
62
28
245
32
27
224
52
45
227
279
109
273
64
214
96
78
118
68
67
105
243
5
129
49
4
91
28
542
9
283
104
268
33
101
6
394
164
75
47
28
4
40
114
11
2
199
93
16
103
111
32
88
167
6
274
233
103
170
21
188
37
421
18
110
210
107
142
191
332
96
42
438
498
35
29
165
68
103
332
450
478
104
115
3
127
15
281
135
311
23
424
82
229
3
159
138
1
308
133
162
240
246
2
11
50
61
146
389
30
36
19
156
38
101
284
35
272
116
32
101
61
66
95
116
556
214
35
45
280
169
40
169
154
13
370
153
679
4
272
97
38
228
108
364
12
568
174
92
