0
0
0
0
0
0
0
0
0
0
0
1
0
0
0
0
0
0
0
2
0
0
1
0
0
0
0
0
1
1
0
1
0
1
0
1
0
1
1
0
1
0
1
1
1
1
3
0
1
1
4
1
0
1
0
0
0
1
2
0
1
2
2
0
0
1
2
1
1
1
1
2
1
2
0
1
0
1
0
1
4
1
0
2
3
1
5
5
2
4
1
0
1
1
1
3
4
1
3
2
5
1
3
2
1
0
1
2
0
4
2
1
4
2
5
2
4
2
5
2
3
1
2
2
1
5
0
4
2
0
1
1
5
1
1
2
0
0
1
2
1
2
4
6
2
3
4
3
4
2
2
1
1
1
3
2
4
1
5
3
4
5
2
4
0
1
3
2
1
1
1
1
3
0
1
4
2
4
2
4
5
5
3
0
6
4
0
1
7
0
1
1
2
1
0
4
5
3
6
6
8
1
6
2
5
6
4
0
6
9
5
4
2
1
0
3
0
1
2
8
6
0
3
2
1
6
7
3
0
1
5
2
1
0
3
2
5
6
2
4
6
10
4
2
11
8
10
2
1
5
4
2
1
9
2
9
10
4
4
4
13
3
8
11
7
8
13
4
7
4
2
3
4
2
2
7
2
9
0
2
11
11
0
3
10
7
7
8
10
9
4
4
2
12
2
5
1
5
7
8
5
5
11
7
8
9
8
3
3
9
5
2
3
7
9
4
6
8
1
3
2
4
7
10
8
5
2
6
1
2
8
5
11
1
13
5
6
5
3
13
9
1
2
1
11
4
7
10
2
1
9
4
2
3
2
0
5
8
4
12
2
2
7
7
11
2
7
10
12
4
4
7
5
5
14
13
8
2
8
9
4
2
7
9
8
5
9
6
9
2
0
11
4
8
4
0
3
11
0
2
9
3
9
15
9
1
12
1
3
7
8
5
5
10
2
3
5
12
4
1
4
6
11
18
3
3
6
5
8
9
2
0
1
9
10
1
3
6
6
2
12
3
11
3
2
5
5
10
1
11
15
3
4
4
4
6
8
5
3
7
3
6
0
7
5
4
2
7
7
6
2
8
5
5
5
12
7
7
5
0
11
1
11
8
6
8
8
13
0
5
18
1
5
12
5
5
3
8
4
4
9
10
3
11
11
21
6
1
14
14
19
6
9
11
12
7
10
5
3
0
7
8
3
15
9
22
6
14
8
4
2
11
9
11
9
0
5
1
13
12
3
22
7
16
2
0
13
2
10
8
3
12
14
10
12
7
12
1
13
14
10
6
8
0
23
10
6
6
12
7
11
0
10
2
0
6
2
5
9
5
13
11
15
6
8
4
9
19
12
8
7
12
21
12
11
5
5
12
4
4
5
6
7
10
10
14
12
8
5
0
7
3
5
9
1
16
12
14
14
6
1
8
8
10
19
12
11
6
13
11
14
6
0
1
7
10
10
11
7
4
0
9
2
6
17
2
14
0
9
10
4
1
12
0
3
9
20
19
5
0
11
14
1
4
0
15
1
13
3
11
4
1
12
8
0
10
1
3
19
3
16
11
0
13
2
16
1
3
11
7
1
15
33
11
6
3
1
2
10
11
7
6
2
0
13
8
4
15
4
20
9
14
7
6
0
3
8
1
15
11
4
6
5
18
10
14
0
13
20
7
13
13
0
3
0
2
13
20
2
7
3
5
9
27
11
10
1
12
4
2
1
12
12
5
7
7
9
9
9
6
4
17
14
6
6
8
0
2
6
15
1
5
10
19
18
13
6
5
7
11
17
18
28
4
32
9
31
4
3
5
21
18
36
5
7
17
12
6
4
13
13
19
14
6
2
23
29
4
9
4
5
9
6
15
2
0
8
13
12
9
0
15
10
16
5
5
2
3
10
2
1
12
8
13
5
16
4
0
17
4
6
0
0
13
4
4
13
12
14
3
7
13
17
0
2
12
25
11
2
12
1
8
6
16
14
22
0
4
17
17
5
24
9
19
14
3
7
9
21
5
5
4
1
20
17
2
15
13
17
18
7
14
11
10
7
22
13
10
4
18
11
12
8
19
17
17
18
13
1
13
16
8
5
1
8
6
3
10
16
22
1
26
0
4
7
3
35
13
0
7
12
3
12
4
0
4
14
12
16
0
12
6
17
8
7
0
21
0
24
28
15
7
34
14
8
7
9
17
5
0
0
19
1
9
3
26
0
5
8
6
4
3
13
15
5
11
18
25
6
9
0
1
13
15
5
0
7
2
10
20
9
19
12
15
14
4
7
11
0
3
26
14
10
15
6
10
11
28
16
0
0
11
11
10
2
0
14
11
2
24
0
1
7
27
23
8
6
10
10
14
17
22
7
16
28
13
8
17
6
7
0
10
6
17
11
33
6
16
8
10
9
12
3
6
27
7
3
24
2
15
3
20
9
2
1
28
19
9
16
15
13
20
22
1
5
12
22
1
1
4
9
11
15
17
0
11
11
24
20
38
12
4
24
14
13
5
3
3
0
4
25
6
15
8
20
13
11
1
4
2
16
11
23
13
6
11
24
7
36
24
34
14
31
14
25
3
5
10
6
27
14
20
1
12
22
5
24
12
23
7
26
8
17
1
13
25
0
9
29
3
14
15
24
11
1
36
10
2
18
13
28
12
13
11
1
9
2
4
9
8
2
14
0
3
17
8
3
8
26
52
10
26
6
32
36
11
6
11
37
10
11
7
23
17
9
24
2
37
11
6
14
17
0
29
15
14
16
36
0
15
1
0
29
8
19
3
16
11
8
8
33
23
32
1
33
7
20
22
22
9
15
7
9
11
5
2
42
9
14
24
12
6
17
11
4
10
4
1
14
4
36
2
2
1
19
8
21
7
24
4
31
25
22
14
21
11
4
51
11
7
12
4
0
5
14
7
9
4
16
7
7
12
14
4
7
14
2
26
12
2
12
21
4
6
20
7
8
22
11
5
1
12
31
4
7
21
17
1
12
4
0
25
22
22
4
4
26
7
21
12
4
18
6
0
14
11
11
38
20
6
27
15
1
1
7
9
23
15
8
3
1
8
11
20
27
24
15
23
15
12
6
2
19
7
39
14
4
5
24
19
25
23
1
33
9
3
0
28
23
16
0
3
18
3
15
12
14
21
33
35
22
8
8
8
7
5
3
6
5
22
16
21
12
5
1
7
11
10
45
1
17
16
12
22
0
3
10
5
3
26
8
4
11
14
14
12
1
37
12
8
10
8
5
21
1
27
8
33
15
0
9
15
18
7
14
1
1
9
6
12
12
21
12
12
3
9
1
11
45
11
13
1
22
18
19
27
18
9
20
16
2
10
33
1
6
9
49
12
53
20
37
28
36
16
22
41
33
11
40
10
8
26
18
15
7
15
1
14
18
21
15
1
0
4
22
21
20
9
35
38
7
32
7
17
52
35
10
2
19
12
2
4
2
18
29
25
2
16
55
12
16
2
16
29
2
18
8
5
15
2
2
30
9
20
20
4
7
24
0
21
2
30
10
33
27
1
8
0
26
4
18
6
26
23
23
44
10
34
41
31
59
0
4
15
30
19
22
11
5
19
22
49
10
2
13
40
9
12
21
19
11
2
10
16
33
39
28
5
32
17
1
17
12
24
22
10
10
17
49
16
8
20
21
24
32
2
17
5
3
22
23
25
25
52
2
17
19
18
15
23
24
22
34
20
18
18
20
14
6
31
5
10
8
13
2
37
9
13
14
27
33
8
9
0
23
0
42
14
20
47
10
14
29
6
36
23
3
2
17
24
19
7
25
5
3
19
53
39
28
37
5
15
28
17
2
14
34
31
29
10
6
25
18
22
11
29
1
21
0
1
22
28
1
15
40
12
38
15
16
22
16
15
49
21
25
6
16
15
44
19
1
7
28
2
27
26
19
20
0
27
15
25
11
40
20
40
60
0
12
13
11
38
8
14
0
5
0
0
2
39
45
2
4
1
26
6
7
27
27
29
4
17
17
14
4
4
22
28
28
30
20
0
11
17
45
0
43
1
31
40
19
28
36
4
15
34
4
32
1
21
5
6
20
1
23
14
19
11
28
7
22
32
40
10
31
0
5
11
20
41
28
19
11
22
22
0
14
48
0
45
30
21
8
31
30
7
26
0
27
49
7
11
44
21
35
19
17
17
21
37
15
12
6
4
0
43
29
48
36
34
23
1
17
39
25
28
10
19
1
29
21
36
2
35
25
25
32
14
2
5
16
33
48
10
30
24
16
22
20
22
6
39
8
16
20
13
17
1
17
11
14
39
27
43
16
39
35
13
14
13
10
29
49
19
21
20
14
33
6
3
7
33
31
0
20
2
36
4
6
15
11
11
6
18
7
24
14
7
1
8
3
13
38
0
22
5
20
20
19
7
28
5
19
7
2
19
57
20
8
35
27
29
21
14
31
11
23
23
1
19
30
11
29
15
7
25
26
10
9
30
25
15
29
7
20
19
20
30
40
12
3
32
15
7
29
38
16
33
14
32
39
14
31
13
9
22
26
23
30
35
36
1
11
53
28
11
27
10
19
1
20
13
46
42
0
12
11
15
28
13
14
43
35
42
23
26
38
20
29
2
13
34
5
30
19
32
10
10
9
14
13
8
24
21
26
0
24
1
30
16
7
21
17
19
15
16
5
6
16
29
37
25
15
17
15
11
31
51
18
52
27
18
17
28
23
16
19
2
31
1
4
25
22
4
6
44
49
15
21
7
11
54
4
45
23
5
14
31
0
17
14
0
34
20
60
10
31
31
10
24
7
10
24
55
85
27
9
1
25
65
12
28
20
16
26
39
40
22
31
22
14
32
20
12
17
44
0
23
34
16
10
18
19
54
1
37
36
42
16
5
36
2
46
6
25
12
21
32
57
41
27
11
27
33
26
25
29
21
11
12
45
22
12
28
23
6
22
16
39
36
25
16
3
33
35
37
42
64
44
62
23
9
24
0
25
17
8
52
13
30
15
5
5
7
18
11
4
29
29
6
28
23
34
22
17
20
8
46
37
1
49
26
8
46
57
45
15
32
9
37
40
4
16
18
23
11
14
23
5
30
47
41
2
19
35
26
0
0
4
29
21
19
14
5
32
39
40
11
1
36
45
17
37
2
44
25
19
26
6
28
37
32
15
31
5
19
13
19
25
7
16
9
61
16
26
16
1
44
12
13
17
43
27
11
25
5
0
21
10
49
25
21
54
14
56
23
3
0
23
41
11
37
28
37
17
5
25
0
4
34
16
12
5
3
55
30
27
16
2
24
38
7
22
2
15
7
19
14
27
17
16
23
1
6
10
1
22
27
11
3
40
40
17
1
25
41
37
34
48
23
10
13
58
47
52
8
16
47
54
53
28
1
0
36
16
11
5
50
13
14
24
8
43
40
0
37
1
0
28
53
28
23
24
20
35
11
11
1
30
36
30
15
30
1
21
15
28
15
21
25
2
9
31
1
18
74
6
35
62
34
20
4
38
31
0
2
4
16
2
37
40
17
23
37
16
35
50
33
15
9
29
55
10
28
16
27
25
22
13
13
69
35
6
36
52
8
16
46
2
42
24
23
9
72
53
41
64
12
22
11
4
2
35
23
25
79
30
26
0
47
34
37
76
24
38
80
21
12
2
50
35
5
20
14
32
24
18
15
19
20
14
28
22
30
0
10
6
5
24
7
27
34
43
34
7
22
41
1
13
28
34
14
51
15
21
29
17
36
16
9
2
28
19
28
14
12
23
33
9
3
48
57
9
16
11
13
11
54
29
4
29
39
5
49
20
15
8
41
25
14
21
24
19
51
36
1
28
34
13
16
33
24
15
28
28
20
6
30
26
17
34
18
40
16
55
13
52
25
14
9
17
13
20
25
39
43
33
3
14
22
35
6
14
57
16
23
1
35
33
38
21
39
38
30
25
11
23
1
10
37
30
26
52
20
5
46
27
1
47
64
11
48
7
48
38
29
52
48
5
11
17
4
2
57
0
37
28
58
22
50
1
30
39
5
21
25
13
63
25
5
53
15
60
50
57
6
43
63
70
1
25
30
6
8
53
74
9
26
10
23
13
30
40
54
6
61
8
19
50
10
55
48
30
38
0
13
47
32
44
18
14
52
46
29
48
31
32
52
3
0
18
75
9
34
5
0
45
64
44
0
18
26
9
20
21
7
73
1
31
21
11
26
35
2
35
3
33
29
30
2
5
41
23
34
51
61
6
30
40
15
8
18
13
15
5
28
27
41
1
48
7
30
80
4
34
36
66
17
50
6
33
37
16
18
93
27
28
68
15
40
26
16
14
24
49
53
8
36
25
60
43
31
24
34
8
34
40
75
9
42
1
69
66
66
14
39
13
15
49
67
13
26
21
67
0
13
34
7
23
53
7
28
43
74
1
27
70
53
65
46
11
45
88
14
52
30
25
27
58
56
19
32
35
12
24
6
28
52
51
56
20
43
61
15
16
13
0
45
19
43
23
1
15
30
29
47
7
2
40
30
4
13
1
23
44
24
13
78
6
40
63
74
23
10
69
54
33
40
1
80
4
71
22
18
30
22
70
4
52
63
86
33
55
18
45
38
22
43
29
25
58
16
16
56
38
44
33
35
16
33
23
54
41
40
58
2
24
41
17
12
39
2
53
25
75
16
3
18
25
9
0
10
59
17
42
25
1
12
5
9
10
11
2
3
0
26
65
10
27
2
13
56
10
40
31
9
0
31
15
45
30
43
55
39
15
28
15
70
73
28
14
44
25
8
38
39
63
24
40
11
1
24
10
33
29
24
40
11
30
52
22
6
68
16
2
35
76
0
16
84
39
45
34
26
50
30
28
32
1
0
51
21
22
1
35
23
27
47
73
44
35
20
69
37
81
38
1
15
24
38
25
5
3
31
18
44
69
96
43
35
34
20
81
14
36
14
64
60
27
34
31
13
2
2
43
14
54
62
11
23
61
2
37
59
6
23
25
22
32
1
23
33
37
26
1
24
20
32
2
45
24
1
46
16
0
5
25
76
44
11
29
84
55
55
37
36
8
25
38
15
24
71
37
23
10
6
8
42
37
22
36
37
48
89
7
17
68
26
3
18
6
25
37
23
6
28
60
43
79
22
22
12
4
26
49
43
62
9
68
47
31
55
35
18
21
11
55
61
2
21
48
4
35
42
43
35
81
15
36
40
12
14
21
10
20
27
10
3
18
72
51
49
89
47
10
47
18
5
45
71
15
39
3
33
22
39
33
11
19
66
14
36
37
10
31
0
44
52
45
6
46
11
47
1
31
11
81
56
93
49
1
13
66
8
43
23
55
30
24
19
67
20
38
5
58
23
32
20
79
32
15
44
29
21
19
32
59
4
26
46
43
45
6
22
10
54
1
36
31
60
56
7
27
2
7
87
21
48
44
44
1
14
11
43
14
32
76
83
55
44
25
7
37
54
26
71
23
20
95
49
19
1
21
35
31
29
41
46
4
18
1
31
41
35
2
2
5
61
3
51
5
2
40
43
8
14
29
37
60
2
34
57
4
53
41
17
22
61
86
36
28
71
23
58
28
22
7
12
54
3
44
16
63
15
40
54
99
27
23
25
40
6
45
27
37
22
87
54
62
25
33
43
17
17
31
1
34
82
39
9
37
89
4
19
17
84
40
34
95
15
9
22
83
79
56
79
15
26
12
7
34
58
43
15
53
6
44
52
3
39
34
19
64
67
23
22
5
62
28
64
41
53
5
61
16
52
44
0
1
11
57
8
28
60
7
4
66
10
1
2
62
41
14
78
26
16
38
12
37
24
33
23
45
13
55
43
30
58
10
2
26
3
6
1
44
26
51
36
38
44
68
49
44
48
21
48
33
12
70
70
11
0
1
73
61
0
66
50
22
64
73
13
80
31
46
40
24
66
58
28
10
5
8
81
13
30
81
85
59
137
0
62
2
17
38
39
100
30
48
25
77
58
59
3
30
49
40
52
14
41
1
26
6
85
32
36
10
0
26
9
29
17
16
32
20
64
5
0
19
6
26
5
9
5
54
66
36
36
35
23
28
113
16
36
6
41
51
59
36
36
55
21
20
50
1
17
1
6
4
69
46
39
50
33
20
18
51
27
64
55
45
14
3
110
75
23
53
58
9
37
13
70
16
56
28
18
15
54
3
48
14
42
28
47
2
13
110
23
26
104
46
21
59
17
71
30
20
4
48
13
6
9
67
67
0
58
18
59
58
26
58
57
56
8
65
5
25
62
15
43
26
2
45
16
54
62
40
50
1
90
65
29
21
39
2
53
37
14
56
21
29
43
73
69
60
90
42
26
51
25
47
0
26
64
55
12
40
0
51
28
10
62
3
1
17
79
53
46
18
30
99
11
63
67
49
57
0
13
33
43
21
24
80
4
42
20
64
45
20
55
11
35
94
15
29
4
74
50
63
36
2
37
6
61
65
14
8
6
44
22
73
43
21
45
14
8
2
50
31
20
43
99
63
54
49
15
44
20
39
15
8
6
29
46
49
78
87
22
22
40
113
4
29
4
36
20
3
31
54
49
20
29
46
27
1
30
57
2
31
7
4
23
65
37
58
53
29
64
18
21
3
28
8
55
23
26
45
47
36
6
86
55
14
16
46
20
34
42
43
40
51
13
76
56
26
34
79
24
41
20
9
23
33
5
8
7
0
33
43
52
30
9
25
25
48
51
23
19
31
8
0
10
9
20
24
29
43
5
13
2
4
20
37
10
78
32
47
23
29
68
35
126
53
65
18
33
27
29
14
4
89
22
4
29
29
63
37
6
28
46
41
48
22
15
111
42
42
109
81
87
27
5
23
32
49
11
26
5
80
89
20
11
43
15
50
79
19
3
104
4
33
26
19
19
17
49
13
69
67
53
83
59
69
20
107
51
47
57
60
16
42
91
57
55
107
29
38
73
50
15
9
52
99
31
90
17
29
32
5
0
32
12
5
43
22
8
28
74
8
46
44
51
31
56
10
50
39
69
28
36
36
56
53
70
38
50
8
20
64
78
15
8
31
57
34
14
48
6
1
97
26
8
34
16
52
65
5
6
0
16
75
17
39
7
14
9
8
40
58
20
7
14
75
73
2
4
23
93
25
34
20
51
39
44
38
44
34
18
30
5
33
21
18
75
9
56
1
16
51
33
51
38
66
29
44
78
13
2
16
24
58
90
43
22
32
50
48
38
68
127
27
0
45
24
27
5
7
47
72
4
17
56
11
32
51
8
65
21
0
90
44
36
44
65
35
19
63
97
9
40
53
22
22
26
34
35
129
27
41
127
58
35
96
11
55
33
27
21
49
7
121
36
61
18
45
16
7
23
39
54
50
5
27
61
70
14
4
108
55
17
34
47
20
7
34
14
36
111
48
78
49
18
39
92
66
18
61
19
109
19
7
19
55
26
26
44
5
8
19
22
29
86
83
72
42
51
26
49
20
41
110
8
4
8
23
5
105
75
24
18
41
13
35
13
67
87
2
46
90
6
3
39
40
1
90
45
42
26
63
86
3
123
53
73
19
125
74
43
1
61
54
18
50
3
93
35
26
50
59
51
80
44
60
37
11
49
13
38
39
24
67
78
72
26
41
19
29
11
27
36
44
39
24
62
2
9
34
18
12
4
21
67
25
77
105
39
41
42
54
51
15
34
19
88
23
57
21
20
54
16
41
46
30
11
149
26
41
18
80
34
45
42
84
63
46
6
29
38
64
29
64
10
80
1
32
60
15
23
34
9
7
11
0
69
36
106
4
58
27
3
127
69
66
14
2
12
38
25
2
7
28
79
6
49
62
41
57
91
47
43
78
38
35
50
111
86
18
31
42
30
5
38
28
25
12
3
69
107
29
92
35
40
151
140
21
8
34
31
18
39
32
17
79
86
19
36
19
57
44
59
1
29
11
17
141
29
12
40
4
49
86
4
31
12
27
38
60
36
80
9
32
72
41
8
15
66
27
5
74
47
63
15
14
65
8
16
62
24
101
20
7
23
29
2
78
38
105
54
60
34
64
83
28
38
13
28
44
12
93
5
70
56
59
4
69
43
1
28
47
116
17
16
101
105
2
23
4
18
4
55
4
33
2
38
96
61
16
72
16
39
34
25
18
12
59
28
21
32
95
123
1
41
26
45
23
46
13
42
37
139
17
59
3
21
50
47
64
36
92
21
18
67
97
60
39
28
60
49
0
16
138
81
31
78
6
22
1
4
109
17
3
17
45
76
120
31
0
20
36
4
47
5
22
97
13
45
5
13
64
47
45
74
25
30
25
31
32
90
29
45
33
34
35
5
29
50
61
95
90
5
19
49
36
57
69
82
32
58
42
2
73
81
119
49
20
52
19
26
47
106
19
36
69
0
116
114
106
18
87
41
23
56
30
199
2
67
29
35
25
62
25
38
49
10
75
146
100
15
10
24
48
129
161
101
23
11
12
26
48
9
10
113
9
5
53
50
9
104
74
95
6
27
29
68
19
92
49
34
74
65
40
1
63
36
16
53
32
52
45
4
9
46
119
43
16
50
61
78
66
67
41
71
110
35
82
147
73
106
125
31
20
78
59
26
14
36
26
75
51
23
5
79
67
27
39
19
36
7
13
7
33
45
24
63
1
80
47
129
48
28
14
58
33
73
81
50
75
12
98
22
58
40
90
30
81
37
14
6
38
14
132
29
18
6
34
62
26
93
27
33
50
18
15
57
104
43
30
28
64
37
41
37
48
129
34
29
2
56
42
75
72
44
33
66
11
88
17
43
41
0
66
1
134
17
55
35
7
97
25
66
32
1
31
35
13
105
44
5
3
152
62
8
13
57
0
74
107
129
95
31
49
91
20
45
67
27
19
20
41
3
33
54
5
62
57
162
72
72
67
17
41
25
46
35
26
51
25
8
10
103
137
75
2
26
2
49
73
34
19
45
8
56
32
35
33
85
83
53
42
114
74
3
36
50
79
93
6
91
102
145
19
109
83
4
6
21
3
44
78
49
15
117
10
12
61
72
12
90
16
76
111
61
13
2
0
63
36
76
95
0
0
20
20
33
107
98
93
65
24
108
71
20
69
41
40
2
40
25
39
14
83
54
35
18
26
73
99
52
20
83
103
85
16
2
17
12
8
4
4
37
31
26
32
108
82
88
46
27
49
104
12
30
48
44
12
48
51
54
26
1
32
31
31
69
79
91
4
39
9
40
70
33
67
29
105
130
135
60
6
16
96
152
68
68
60
61
66
149
7
70
52
33
124
22
78
66
97
19
51
115
81
30
57
80
48
95
2
7
72
46
88
27
108
34
179
42
123
43
66
31
110
66
60
76
76
23
80
61
17
65
86
2
61
55
76
31
94
180
105
48
49
82
17
129
75
27
92
59
20
102
147
75
5
20
92
37
4
0
49
63
42
27
19
65
90
29
63
4
41
72
23
38
74
28
0
8
49
127
59
25
72
34
46
11
18
148
9
6
18
11
45
61
53
44
167
96
97
62
20
23
53
56
9
95
29
91
5
7
121
6
15
62
80
23
24
15
45
91
28
133
4
134
99
58
45
32
21
28
51
39
28
118
45
32
40
75
14
69
112
43
64
22
95
113
47
72
3
2
33
71
3
89
40
46
14
160
59
108
31
20
78
85
44
109
84
66
104
15
99
160
95
28
64
89
163
43
45
85
76
1
69
30
70
75
43
20
1
40
65
42
46
29
144
13
29
43
48
6
4
89
32
94
33
20
22
65
70
25
24
97
15
28
34
94
77
24
28
8
3
7
44
114
62
13
27
2
24
44
58
39
61
86
52
10
122
68
82
49
12
82
44
47
20
5
62
13
62
75
99
105
61
114
90
62
1
42
13
10
73
54
37
75
25
65
65
32
6
14
8
22
53
79
66
45
27
27
87
30
16
21
21
3
68
11
24
11
133
33
60
16
3
16
42
24
68
22
61
43
23
85
39
140
38
28
48
91
28
93
38
93
33
106
26
56
48
52
59
41
43
31
34
68
109
36
71
68
96
91
19
42
68
16
61
21
80
31
91
112
41
58
79
14
14
89
120
39
27
139
36
6
13
64
44
23
1
101
3
70
57
14
33
7
13
8
75
100
18
86
132
88
35
23
72
89
25
53
111
33
59
35
105
112
84
102
103
58
79
76
27
25
14
13
66
42
37
136
7
38
3
36
65
25
58
99
95
10
1
54
147
105
157
22
58
40
94
93
38
39
44
132
7
109
80
38
22
5
86
74
20
11
18
100
154
69
56
105
74
44
40
3
12
125
110
85
98
73
86
61
14
100
99
56
68
109
41
2
41
23
42
32
74
127
69
32
23
172
18
27
52
43
39
116
90
116
27
39
39
9
130
3
127
80
38
76
38
112
19
4
126
28
59
2
134
75
25
52
32
16
24
56
137
68
107
89
71
33
104
45
44
96
157
12
77
3
40
67
50
59
8
124
82
40
57
103
68
22
16
4
116
8
135
51
60
45
139
76
52
1
28
22
66
51
147
55
78
34
27
66
167
10
86
13
52
80
33
26
20
26
98
86
84
65
35
101
46
112
37
62
44
131
22
56
36
21
2
72
78
30
28
66
97
170
43
63
135
8
34
7
75
92
10
48
93
11
138
17
80
8
0
11
84
22
131
8
64
1
73
112
4
27
57
56
55
57
21
36
22
81
82
23
58
78
23
159
26
160
39
148
14
108
6
65
51
122
33
147
75
32
72
48
100
83
9
63
48
185
140
79
33
110
49
125
9
115
7
35
49
59
114
112
49
24
60
140
101
64
56
48
60
128
22
46
54
51
64
33
130
52
8
25
13
72
22
24
49
33
22
19
36
61
32
50
62
25
73
33
100
0
102
141
4
14
67
49
1
29
15
43
57
33
34
63
95
0
135
24
86
10
36
40
23
21
79
70
111
49
118
85
51
29
51
43
26
96
27
47
61
8
58
8
46
68
74
1
97
1
62
60
32
22
84
99
25
42
29
93
50
24
46
200
20
50
9
156
123
88
80
66
55
62
9
32
22
76
24
113
16
132
155
71
13
22
29
1
39
55
161
28
175
0
33
27
109
36
56
58
10
23
59
99
152
59
129
7
21
35
79
58
13
37
85
87
47
54
99
74
45
100
68
77
3
32
82
166
11
111
68
122
42
11
24
6
26
4
31
80
126
84
9
74
87
43
104
12
35
38
196
7
132
11
52
57
34
64
168
25
37
40
89
21
46
37
187
121
32
57
5
13
80
36
92
79
86
42
139
35
22
101
16
50
69
76
120
49
74
36
98
103
3
27
133
77
34
8
44
19
75
60
89
59
12
4
11
84
58
24
64
124
178
38
55
47
21
142
103
98
52
87
58
18
18
24
2
17
63
93
82
49
51
98
16
42
93
45
23
72
97
28
44
53
44
43
5
92
31
56
54
34
5
151
38
44
77
41
99
64
85
96
24
7
57
16
101
43
3
103
18
47
19
148
59
67
57
86
91
44
3
21
53
77
21
29
51
21
8
62
6
47
3
126
124
121
86
42
0
56
58
59
16
48
93
114
44
12
12
31
15
36
96
4
60
19
94
11
89
64
65
4
158
120
69
11
101
35
96
119
82
27
117
62
114
52
4
88
61
80
141
52
5
21
6
20
45
77
12
13
20
0
28
95
97
26
18
11
21
12
60
133
35
34
9
168
70
51
12
107
75
62
58
56
144
138
82
57
46
9
26
22
9
22
111
52
74
90
8
125
7
78
56
72
31
1
96
98
10
5
106
3
30
36
64
11
82
68
34
30
48
13
34
20
103
46
88
29
84
70
144
24
27
143
15
19
44
44
37
179
6
131
58
22
31
43
8
104
64
77
136
52
57
43
47
33
37
108
76
62
93
35
40
67
7
175
72
34
50
54
72
22
19
38
62
17
2
48
111
63
61
13
24
69
105
35
98
115
25
51
159
95
35
64
92
91
73
71
29
30
211
39
8
37
197
75
34
116
22
8
8
72
30
6
64
139
14
100
9
192
12
44
21
32
34
61
43
10
60
6
14
53
83
31
38
105
20
136
1
37
41
66
5
52
23
72
8
0
82
19
12
63
31
132
58
40
70
63
83
34
135
60
96
82
133
25
109
97
49
92
175
100
101
11
98
21
1
125
58
45
143
136
16
108
16
37
57
44
74
24
28
247
131
34
75
45
13
105
17
108
36
138
33
111
62
72
136
156
167
109
53
70
101
216
81
84
66
9
48
118
163
21
55
73
99
16
53
60
62
8
32
89
0
2
30
48
15
23
12
23
201
3
73
159
17
22
13
4
85
67
94
45
123
79
55
42
28
34
48
23
1
98
98
8
24
38
38
27
1
96
14
129
36
120
22
40
44
162
15
96
85
43
18
29
8
38
40
146
63
28
49
87
40
199
10
105
17
80
159
7
10
64
43
68
60
215
60
145
74
36
52
73
19
17
20
148
31
50
3
20
80
0
6
98
27
54
11
16
31
29
10
54
49
134
174
72
20
14
160
102
208
116
213
10
1
6
108
83
78
129
48
49
183
4
110
115
33
9
50
74
80
6
52
38
5
34
110
94
80
73
62
31
9
24
70
16
35
3
28
125
29
91
15
13
82
93
48
16
59
25
20
7
34
93
73
67
41
51
106
55
1
37
134
24
63
23
30
203
15
36
101
34
15
62
87
70
71
72
104
67
37
138
79
57
101
24
147
41
29
35
24
11
56
82
44
154
75
22
49
69
62
91
69
22
14
88
52
30
77
111
8
21
100
128
118
59
50
191
68
126
44
37
53
107
166
58
50
96
55
14
10
6
104
85
38
47
192
51
10
9
10
12
32
74
54
93
102
36
148
22
131
206
54
10
70
111
114
64
84
70
33
192
82
7
45
120
86
24
79
9
38
40
85
36
68
56
60
46
54
80
44
32
81
47
44
58
54
26
169
99
45
89
6
29
6
77
37
72
15
108
21
178
6
92
69
64
99
38
93
64
130
7
76
78
95
35
134
81
30
64
78
77
163
127
1
48
42
42
65
43
56
52
39
152
10
154
71
49
139
30
18
81
50
59
32
16
133
60
101
15
62
122
107
132
32
23
43
148
17
44
92
83
102
7
35
79
21
4
4
19
82
29
99
78
17
48
5
19
215
16
193
15
13
89
64
66
66
53
48
161
94
57
6
107
24
67
7
7
42
31
81
23
16
97
58
10
21
41
128
126
88
124
6
56
35
48
68
43
29
225
66
22
30
88
82
74
162
14
48
121
96
7
84
34
36
21
11
118
49
197
27
161
28
60
87
75
22
36
35
108
114
46
57
207
19
94
40
34
29
92
91
50
54
0
9
79
40
6
31
88
4
4
88
75
144
104
7
7
109
72
87
53
42
135
69
75
44
28
7
157
3
121
53
53
96
49
52
101
84
87
112
83
8
46
10
80
10
186
185
24
99
79
88
71
114
100
37
89
134
72
1
51
133
2
9
53
181
35
70
56
3
63
16
65
80
75
12
32
36
33
9
51
191
61
2
94
94
10
155
28
43
47
9
79
71
129
91
71
80
38
15
80
50
13
105
7
65
74
32
94
95
58
19
66
1
34
73
29
64
0
0
15
6
15
145
10
9
29
3
9
23
41
27
6
28
30
104
25
138
4
32
3
83
41
58
144
59
0
138
118
15
162
53
4
22
87
104
92
78
118
62
1
47
115
169
35
178
32
252
4
120
8
153
3
10
19
32
23
70
105
16
34
112
17
36
64
68
14
38
169
82
52
91
179
149
102
44
41
163
21
66
30
58
26
135
57
129
36
110
95
50
49
91
101
103
8
40
20
92
66
6
66
43
114
147
23
200
56
2
26
63
54
81
42
80
21
37
36
126
20
64
39
156
192
57
70
98
111
100
30
16
48
148
155
17
111
18
63
105
108
19
60
35
79
108
81
51
89
1
0
30
9
124
13
32
17
45
127
107
135
47
76
165
47
93
67
123
4
3
107
36
84
152
96
70
64
42
58
34
227
138
28
5
68
66
152
8
6
95
11
31
51
24
110
76
162
86
60
26
30
33
60
5
160
59
81
33
2
45
24
95
114
190
40
70
99
132
126
7
12
142
62
52
106
51
64
94
73
63
14
52
31
2
73
61
10
132
40
22
12
77
57
62
16
51
44
136
104
173
47
67
37
12
10
153
92
62
0
201
57
143
143
37
162
27
46
51
6
87
63
83
1
19
1
146
11
31
218
130
83
36
49
157
17
83
145
60
60
71
6
130
197
8
84
103
18
15
62
5
40
53
79
114
26
93
90
78
120
134
82
182
54
50
27
45
61
19
83
105
35
149
9
141
41
172
30
97
142
10
162
60
73
24
181
84
45
45
16
41
40
117
36
96
13
192
41
48
10
74
67
25
61
52
71
110
78
35
157
56
105
89
4
10
15
127
91
38
38
98
67
4
89
5
19
137
59
7
5
118
68
20
83
113
217
139
50
77
8
93
119
116
40
10
2
84
101
44
17
8
133
27
29
52
3
6
142
20
55
144
91
100
17
42
40
33
154
22
10
77
40
175
149
121
14
41
43
132
49
5
71
26
21
31
250
146
20
32
5
31
75
37
244
75
40
127
18
169
6
86
25
119
71
34
59
87
36
26
187
17
9
75
207
86
20
79
66
69
146
86
53
62
15
80
11
109
41
141
61
81
154
232
62
165
50
64
132
31
43
104
48
0
39
19
106
43
56
153
48
113
12
21
43
38
47
71
7
123
57
56
43
21
103
72
31
162
22
110
46
21
66
72
14
159
20
67
32
38
142
88
98
68
80
58
20
174
44
78
92
9
90
75
24
94
184
98
30
74
61
66
87
29
106
71
35
22
34
104
105
139
20
164
68
30
92
67
104
47
92
2
12
32
59
112
117
1
33
43
42
71
244
71
103
116
85
8
35
45
143
97
173
106
99
100
188
124
45
11
41
120
43
44
84
119
8
0
166
205
55
86
168
36
183
125
71
180
12
90
88
85
1
11
59
194
94
79
15
99
149
30
28
42
0
233
130
95
106
154
71
55
96
22
26
24
31
219
170
34
48
154
95
48
16
93
173
45
33
45
27
33
56
10
104
12
32
14
21
54
91
5
58
169
153
67
40
60
122
39
130
61
16
23
6
26
63
57
92
175
15
31
122
57
97
76
41
36
103
16
35
65
136
108
109
17
33
13
86
15
21
6
64
18
6
12
176
204
23
107
52
104
52
31
13
19
97
23
106
91
114
64
10
48
50
137
36
39
59
5
141
74
39
164
5
127
173
68
33
29
48
36
115
40
50
90
12
66
71
132
121
54
43
4
105
110
76
111
3
44
173
81
5
3
79
7
8
47
2
153
173
78
93
47
14
148
70
122
36
120
12
12
92
18
111
61
142
61
149
3
3
69
40
4
15
10
109
14
62
14
73
116
52
35
33
57
10
38
21
89
77
23
27
19
5
59
32
14
22
33
64
44
39
21
43
68
92
15
1
91
73
189
63
16
0
75
10
88
3
95
71
116
59
60
45
11
75
57
127
217
8
3
53
7
10
14
177
124
95
94
11
55
42
43
54
49
60
53
45
154
33
48
79
119
36
104
24
92
7
46
114
44
45
23
100
127
111
197
122
36
59
82
10
14
35
78
45
5
19
70
93
184
91
16
132
12
11
63
90
148
61
81
28
50
36
7
79
8
2
47
4
10
165
31
77
48
43
31
200
213
112
2
0
86
133
194
8
4
9
65
37
14
47
37
3
42
121
62
43
82
114
105
17
141
44
2
119
320
60
148
92
38
29
32
173
201
180
59
98
63
152
83
148
121
67
75
12
109
158
7
35
80
151
32
81
67
58
136
155
86
110
44
14
5
72
42
110
196
131
43
87
5
157
167
69
25
151
109
65
36
77
130
61
97
17
111
64
3
112
29
15
121
5
33
177
87
36
128
86
241
74
97
46
51
29
55
142
116
217
4
184
61
107
33
10
36
143
17
78
109
167
112
19
37
103
193
130
23
8
176
158
5
145
137
48
38
94
202
109
68
73
27
153
31
39
13
156
15
88
75
40
8
61
95
30
73
153
53
110
102
115
14
62
148
104
91
24
12
145
87
36
60
29
38
5
36
6
0
74
32
7
27
74
35
105
219
24
98
153
67
42
92
26
79
93
79
148
54
126
71
86
60
150
6
82
63
70
36
67
47
4
69
124
7
12
132
15
211
38
19
110
5
147
46
10
111
3
15
29
19
29
10
140
68
159
136
68
80
119
78
23
38
23
86
135
27
112
93
84
13
81
30
108
2
180
182
239
121
33
61
29
84
98
25
2
91
70
51
29
94
42
7
19
32
112
15
7
23
81
109
76
19
150
153
118
44
35
38
43
150
50
74
137
98
111
103
64
28
138
47
39
94
28
43
26
83
59
127
30
127
72
26
164
135
36
1
114
31
154
121
97
141
127
34
112
56
262
140
53
133
49
44
29
16
38
136
107
131
99
5
13
55
18
15
14
88
169
8
46
9
117
64
96
178
18
140
76
23
27
99
72
81
152
69
134
212
207
75
67
43
117
59
73
107
72
83
56
3
50
127
201
43
53
177
104
9
152
13
15
118
71
72
95
177
42
62
113
42
172
58
19
42
24
76
100
54
198
68
62
43
99
62
64
67
20
32
62
55
25
57
213
15
65
75
233
152
59
98
88
62
42
49
27
78
23
108
69
101
107
110
91
151
268
141
3
0
71
79
7
66
105
87
89
77
86
143
35
57
81
34
18
4
66
73
101
25
76
106
101
8
5
31
156
69
33
85
151
19
73
47
27
241
56
96
101
1
31
88
150
117
69
84
6
77
78
97
8
21
14
84
5
63
86
204
12
13
75
48
27
6
141
197
19
112
0
233
148
40
113
153
112
111
148
20
59
57
140
27
168
0
6
201
33
59
36
180
83
152
6
200
25
146
75
134
62
12
13
0
216
45
180
4
53
67
46
2
89
26
9
108
107
44
105
19
86
46
212
68
6
47
46
40
6
84
109
128
45
108
105
0
65
106
93
59
63
69
118
93
79
171
16
14
52
38
74
78
8
59
35
70
130
135
63
114
44
114
59
11
141
17
144
44
84
160
185
155
71
88
58
108
37
84
42
135
138
66
43
76
29
14
91
28
150
79
39
0
54
44
56
7
10
1
31
56
102
7
39
109
14
13
12
84
122
32
138
76
167
84
107
49
174
14
164
139
101
48
14
151
3
17
57
125
60
111
49
12
5
80
37
62
39
201
100
1
106
51
102
69
70
5
82
181
110
65
176
30
79
78
13
99
64
22
71
60
13
92
102
96
52
20
56
59
75
82
1
155
3
60
72
58
6
129
53
104
159
231
16
16
192
167
20
43
131
127
76
51
111
136
51
37
56
50
185
279
9
36
77
140
53
56
21
0
31
3
74
12
66
127
120
183
11
108
265
140
18
155
121
12
96
45
116
145
105
36
51
56
98
139
172
90
8
132
50
42
3
7
120
103
224
87
112
85
43
21
183
103
2
92
57
26
2
18
93
67
73
33
251
12
176
17
26
66
109
3
34
60
14
1
132
69
45
9
8
7
60
96
174
11
79
0
20
97
31
0
55
78
54
14
17
18
34
86
13
21
22
78
73
118
110
137
137
0
49
56
43
135
87
147
134
12
62
15
143
116
183
139
33
46
61
33
153
74
72
56
22
64
75
118
18
172
88
55
20
43
47
0
188
66
85
216
57
77
36
100
75
70
180
1
147
66
57
187
66
80
3
10
257
110
15
86
106
78
186
244
220
103
76
87
111
141
73
165
71
5
100
168
26
37
91
19
40
16
158
160
107
18
81
38
51
61
44
76
236
11
160
61
28
86
86
43
2
159
10
46
106
5
25
221
17
24
189
65
21
20
49
120
57
0
90
117
35
71
64
130
41
87
10
23
124
40
48
42
29
126
4
6
85
21
68
75
42
144
270
256
43
15
81
250
18
54
10
107
68
59
57
103
73
30
207
6
207
93
177
1
49
96
134
34
141
63
235
141
14
133
54
4
44
71
16
72
78
2
99
71
66
27
229
26
45
30
32
80
45
67
18
4
110
233
6
5
19
62
114
119
39
49
259
0
109
105
127
67
153
296
46
0
104
157
22
51
56
38
158
21
133
26
174
8
5
62
2
91
80
186
71
2
48
34
29
236
31
65
106
114
13
10
56
115
35
42
32
183
78
108
44
58
146
6
30
136
10
2
238
130
61
136
104
83
15
19
134
133
41
89
72
58
30
75
53
23
55
62
11
67
106
40
54
161
8
113
302
31
80
22
43
15
55
61
76
83
148
181
76
89
91
11
70
43
67
43
280
63
128
112
37
87
116
25
1
37
34
58
79
126
118
76
79
67
16
15
96
3
114
65
172
24
65
29
45
45
130
105
72
125
29
18
88
221
84
4
153
23
80
33
13
107
85
135
273
135
85
74
4
127
143
141
39
125
66
16
23
78
64
94
28
15
32
132
199
136
25
88
56
187
107
22
142
27
30
14
88
287
119
59
42
73
148
95
22
165
162
115
94
232
143
5
78
7
33
97
46
28
83
52
67
120
101
164
127
26
54
86
225
50
104
9
36
109
234
122
133
94
232
40
35
0
42
4
222
50
31
78
2
128
59
209
31
59
208
132
21
24
92
8
190
32
10
58
49
44
79
162
94
39
53
13
23
57
143
1
28
10
42
99
11
8
24
1
102
111
30
118
148
139
127
77
109
53
35
102
105
52
114
233
86
41
65
122
181
55
187
282
42
33
0
74
49
47
56
83
37
35
54
25
6
76
96
31
116
57
70
0
152
40
10
111
21
202
5
19
58
137
56
32
110
10
180
73
131
95
18
58
14
43
75
90
64
119
31
74
178
44
49
101
100
176
149
45
213
60
25
167
154
146
10
59
91
130
63
123
53
101
176
106
7
110
187
174
100
55
70
117
60
232
112
36
32
79
24
47
119
118
65
16
80
3
67
48
52
173
135
148
91
122
14
225
31
147
44
17
34
54
16
174
12
57
19
47
13
241
100
105
94
137
81
141
16
89
40
68
226
161
78
59
95
31
99
210
136
140
9
101
8
158
118
161
51
43
59
63
75
69
98
87
25
163
141
34
29
105
39
2
17
0
127
214
3
43
99
135
54
47
26
38
341
126
53
23
58
54
44
42
17
23
53
191
65
98
58
36
51
118
102
108
8
7
58
44
118
62
27
132
25
62
23
3
69
62
9
98
125
200
46
81
106
45
81
48
90
175
130
152
4
76
43
88
7
71
63
12
30
102
128
94
25
159
62
12
39
34
160
142
49
182
107
193
48
21
164
84
122
48
71
51
100
67
211
187
0
83
68
66
33
110
65
3
54
176
24
0
106
241
123
209
34
111
61
198
32
12
94
242
68
155
0
73
60
208
124
32
154
78
63
126
41
49
101
51
75
47
124
222
160
110
144
136
88
73
137
77
70
190
100
7
52
8
190
14
0
34
12
66
25
47
163
180
30
59
26
156
56
5
115
111
30
168
210
97
100
33
140
23
69
105
257
34
73
73
246
123
81
220
146
6
241
40
102
84
108
131
50
319
134
11
21
27
38
80
35
162
72
118
7
83
351
31
98
47
78
44
45
86
48
26
56
43
153
47
142
15
56
141
201
18
155
59
208
40
35
162
164
62
58
75
166
28
187
49
165
0
82
56
91
111
29
77
47
126
34
12
27
28
6
9
60
167
37
78
15
19
58
122
71
23
61
36
32
49
89
39
90
89
155
76
16
190
68
25
121
98
34
16
111
211
199
38
245
124
0
191
111
43
6
54
11
145
95
31
37
101
51
50
46
90
157
235
6
32
11
76
174
68
292
31
132
167
11
41
14
45
167
7
17
214
36
57
39
48
164
89
105
93
0
281
120
240
212
64
70
200
31
69
35
110
146
12
46
134
23
202
14
93
37
42
41
13
181
42
93
41
92
102
104
47
47
112
13
33
10
101
103
24
33
140
79
176
210
233
45
145
13
44
341
122
68
50
159
97
111
120
196
174
237
136
98
32
7
204
267
166
67
93
41
100
71
196
228
169
129
17
75
90
114
45
5
149
53
108
68
53
179
171
201
61
18
59
112
84
166
92
161
6
25
186
0
77
146
17
95
49
35
46
26
21
157
9
55
12
49
86
17
27
130
92
160
46
159
66
225
37
50
270
11
33
14
142
147
211
67
161
8
111
84
49
146
17
13
24
66
46
24
1
1
21
137
42
51
79
55
191
160
15
81
127
27
217
13
24
185
171
185
128
139
122
93
5
47
73
70
38
80
122
2
36
70
44
30
95
128
140
167
31
142
45
83
59
146
126
3
82
88
78
24
20
152
123
35
86
108
38
47
89
45
95
53
124
218
43
80
107
42
5
60
204
55
35
20
14
212
95
19
82
67
30
64
24
171
10
212
93
67
5
168
34
47
158
133
105
111
42
82
200
23
9
101
224
146
110
73
84
55
110
1
23
24
0
9
3
19
109
43
8
15
180
117
97
116
89
94
176
60
46
164
120
79
201
193
20
3
71
191
109
34
194
68
12
79
28
107
29
216
99
316
36
46
99
80
139
136
161
337
107
65
177
5
65
12
1
55
223
76
22
126
150
79
194
65
40
6
94
10
44
116
117
81
21
156
159
35
7
137
13
75
1
191
131
76
175
38
19
30
152
286
75
128
43
76
126
38
122
33
102
38
11
110
67
112
128
179
54
136
129
234
28
131
58
109
58
31
106
73
118
41
163
15
68
132
24
239
12
117
65
17
65
43
7
137
137
21
163
157
3
107
66
2
177
17
102
21
11
14
75
22
277
7
237
229
6
47
249
45
64
184
235
184
125
182
163
73
128
102
44
217
158
54
1
224
41
11
72
18
85
65
118
25
98
217
10
20
21
108
119
11
41
28
70
44
267
27
62
60
67
68
334
0
162
39
31
38
132
33
47
28
111
174
115
171
31
10
201
99
224
95
216
91
3
62
27
34
164
129
24
98
210
114
13
50
209
29
82
7
104
32
108
172
97
9
19
74
37
230
191
95
11
127
122
20
11
13
6
30
65
75
113
140
234
177
118
55
61
95
140
127
10
42
166
283
7
177
21
27
47
138
168
40
30
26
109
128
15
130
185
74
253
53
189
85
54
175
34
105
45
182
118
17
32
145
64
19
7
1
136
74
7
32
109
22
63
13
38
52
130
109
152
1
199
93
177
142
35
13
164
149
27
75
83
37
84
179
125
18
3
65
84
333
37
39
64
27
45
36
64
24
22
49
97
44
58
158
48
110
196
18
230
60
61
147
42
5
71
103
80
92
14
101
18
6
31
162
139
38
196
64
23
129
102
13
225
195
70
35
140
33
173
28
2
11
163
40
31
66
60
278
201
22
119
55
123
144
135
1
98
36
90
42
208
183
129
89
174
17
57
66
233
103
33
22
106
214
51
47
161
164
126
103
118
144
128
244
46
177
44
119
254
25
0
10
69
112
74
80
105
9
120
124
53
51
46
218
94
107
30
59
36
98
140
123
67
10
75
188
166
48
25
170
1
229
187
119
349
226
139
5
7
120
38
157
8
120
138
214
213
36
101
39
55
20
41
15
104
46
89
3
37
167
32
6
16
153
163
43
99
106
17
30
19
7
100
52
51
30
69
124
83
126
107
36
83
77
104
75
78
71
143
35
40
3
157
47
247
8
319
21
55
127
104
76
43
28
19
11
140
25
60
93
90
193
75
96
189
103
281
79
129
245
149
106
41
193
126
75
42
88
72
114
70
56
28
66
61
171
209
320
152
72
46
17
248
15
66
134
89
41
110
144
32
75
55
74
55
42
150
108
71
128
7
109
106
89
101
126
31
48
64
26
64
156
108
254
31
102
125
217
55
47
48
171
61
27
56
43
76
61
125
161
88
29
148
179
106
83
163
213
48
90
5
179
44
49
38
109
206
99
114
10
302
12
84
111
206
47
12
49
28
175
76
145
32
40
78
144
71
13
74
94
237
90
229
6
141
17
91
119
121
100
10
18
9
77
159
90
73
1
70
314
212
98
171
66
18
10
128
28
53
142
105
103
85
24
92
29
63
52
53
18
125
317
158
18
83
44
46
207
24
87
59
27
39
21
54
159
80
177
139
85
171
54
75
14
31
3
257
91
26
0
23
99
13
50
57
33
50
40
76
178
55
188
171
22
27
120
97
138
110
189
190
140
0
61
63
61
10
36
19
369
2
157
60
123
129
71
56
69
129
112
121
29
54
138
97
78
127
275
21
5
182
67
17
30
198
27
113
102
154
29
33
11
250
17
129
94
130
122
19
2
66
45
38
26
66
60
45
99
167
7
123
12
106
173
6
20
32
151
66
96
280
186
191
123
23
15
0
56
56
59
52
9
53
134
6
45
51
184
29
58
45
158
50
121
67
33
110
91
103
35
5
8
130
16
34
47
229
132
270
248
56
19
251
19
12
139
206
188
157
87
198
109
27
165
20
74
40
12
3
271
136
145
45
69
160
53
35
11
24
35
138
248
99
39
88
30
11
48
61
33
76
131
75
117
130
72
47
80
112
120
107
382
170
75
96
8
115
179
19
37
91
46
209
27
93
60
290
62
173
26
19
37
145
12
49
16
16
39
123
81
63
20
71
38
117
101
96
44
139
9
6
41
4
280
56
71
142
60
6
97
35
44
103
117
192
113
97
74
202
60
26
59
45
97
19
192
112
85
146
193
188
140
110
12
169
95
100
36
3
49
77
88
114
35
9
135
128
6
27
213
61
49
93
186
36
40
20
10
74
11
23
115
31
259
269
11
298
205
272
49
113
68
104
121
178
7
150
8
40
141
11
125
132
213
136
84
164
104
83
42
150
41
93
87
37
58
113
227
7
90
12
58
108
111
85
78
55
176
203
211
162
33
49
214
234
79
7
108
123
191
125
28
123
108
154
142
6
11
111
92
193
70
249
72
82
195
178
170
29
55
187
51
238
10
36
232
199
36
123
112
18
7
102
182
28
58
100
302
68
95
145
13
38
13
63
8
31
131
13
150
43
123
60
177
257
34
81
60
107
84
18
279
54
368
85
180
166
45
185
16
224
57
32
141
71
26
31
1
126
154
43
179
15
83
67
38
132
21
52
97
31
14
119
107
54
57
231
197
213
258
78
189
352
259
33
41
14
57
18
426
177
146
82
17
112
57
23
9
23
149
161
100
65
1
83
38
119
29
151
56
14
30
302
92
72
93
132
51
269
59
28
49
65
30
23
107
169
65
89
122
46
231
78
12
112
48
93
7
55
143
25
109
61
72
5
18
243
58
83
245
78
156
152
82
29
53
79
167
346
65
1
19
55
201
275
74
42
105
266
254
0
272
18
220
15
3
154
313
174
111
123
22
47
74
107
193
81
172
235
181
217
3
81
108
97
318
41
91
189
0
101
61
105
65
166
226
176
35
56
127
74
41
227
84
76
18
40
172
21
189
59
99
35
8
219
196
51
70
123
194
17
160
70
65
288
185
208
40
323
54
12
57
165
160
143
198
175
172
266
8
63
48
76
75
11
216
16
18
126
50
31
182
85
35
163
65
0
177
8
149
309
112
148
78
171
62
104
146
122
88
173
233
48
88
73
11
195
58
77
110
14
118
91
124
223
135
160
66
42
110
75
181
52
39
0
14
79
7
41
48
86
74
208
346
141
130
158
149
37
228
138
54
89
0
143
21
194
105
178
71
108
220
64
27
2
127
114
171
33
84
97
148
162
132
51
15
154
22
170
14
38
175
33
75
197
218
230
127
74
140
25
288
46
151
49
211
4
97
30
94
89
112
101
62
16
15
4
5
146
3
39
183
167
57
74
32
46
124
83
127
143
4
82
34
60
322
72
56
8
292
139
80
83
128
142
19
50
128
168
95
197
179
42
43
21
195
98
214
180
206
189
50
162
336
63
29
134
102
201
47
150
18
24
150
188
158
116
37
150
130
2
10
176
72
27
15
34
124
106
144
167
161
14
216
154
51
74
58
238
45
50
295
160
155
215
122
295
157
260
13
113
67
80
66
260
44
35
4
85
28
19
23
118
202
120
13
184
109
117
130
28
28
2
19
55
241
299
199
86
121
300
6
104
124
231
131
175
184
20
68
61
58
85
50
142
148
223
88
32
107
60
163
49
164
261
148
182
87
185
99
157
109
120
149
169
186
6
28
141
94
150
97
37
37
69
57
169
64
223
114
6
149
123
286
122
145
91
54
109
87
83
187
0
167
53
197
229
17
61
66
19
17
137
116
1
13
96
243
283
0
97
24
20
20
12
64
121
32
51
121
4
75
48
35
118
17
88
33
177
81
76
72
2
199
1
70
45
59
46
250
227
115
108
17
39
107
250
106
13
58
24
31
80
266
177
68
13
11
243
18
112
1
345
134
34
94
250
104
61
87
150
49
47
369
63
451
108
37
143
59
156
263
163
135
176
7
185
97
97
11
323
51
143
12
76
285
122
159
19
154
141
70
36
66
41
158
45
292
81
8
238
62
166
170
181
33
26
163
17
147
131
166
202
57
77
161
28
1
287
138
186
96
6
154
22
42
165
312
149
60
66
196
191
62
45
92
113
110
213
103
150
38
62
14
131
69
40
71
19
117
9
28
305
14
53
165
74
1
34
101
76
191
86
77
155
160
9
71
106
62
67
126
263
91
131
84
122
193
267
13
85
174
174
15
277
106
224
103
175
124
3
127
52
36
18
104
164
266
17
222
94
41
47
429
206
186
49
112
122
107
26
73
88
15
301
206
99
179
30
58
263
38
175
125
36
44
232
145
260
77
148
116
68
20
34
81
129
202
184
24
282
128
105
37
135
177
145
130
61
150
91
77
60
257
204
43
100
49
14
71
84
45
108
113
259
101
197
129
50
6
149
126
127
83
187
10
25
64
199
61
168
218
126
59
60
52
164
31
32
336
237
99
46
222
198
38
17
221
108
167
214
236
146
47
14
21
72
105
101
0
25
8
110
53
74
16
184
39
54
2
54
247
83
104
55
326
235
86
63
2
70
189
279
149
67
178
58
27
33
1
27
202
196
18
10
32
25
129
107
249
62
0
60
100
115
159
62
133
15
38
18
92
100
122
22
5
53
150
286
215
90
82
7
117
46
107
82
40
139
54
104
112
33
31
109
24
147
66
96
141
16
202
10
65
43
52
236
134
56
323
213
24
40
60
278
198
213
128
280
54
339
235
243
207
168
69
12
47
69
75
39
27
27
13
191
188
137
71
176
154
111
106
326
139
154
29
98
181
67
20
148
176
237
17
53
208
161
58
70
78
43
48
60
271
19
134
109
323
188
126
142
142
23
43
81
53
16
18
159
157
179
173
85
345
216
208
0
144
108
64
11
58
37
10
271
27
246
199
130
105
127
162
73
110
89
20
44
46
130
114
79
20
58
78
83
98
410
69
5
80
85
337
25
139
184
15
177
170
239
163
117
80
150
155
9
106
151
99
0
27
218
46
208
47
66
94
63
144
178
143
39
175
122
247
120
230
33
42
0
83
290
2
35
42
92
78
69
16
328
113
174
91
385
86
118
57
26
179
79
136
183
13
19
96
130
155
375
173
74
4
109
195
7
16
55
3
67
178
16
30
244
2
261
113
33
293
59
93
14
197
133
32
60
117
233
9
61
137
139
131
24
23
31
90
214
32
30
63
42
112
183
9
112
60
28
41
150
379
23
183
8
58
84
153
131
65
73
353
58
246
67
249
119
42
129
183
36
228
49
34
65
113
233
28
61
64
80
71
79
151
168
112
111
174
207
267
25
307
163
68
2
19
80
28
46
95
235
178
40
41
51
122
60
7
5
126
78
23
72
182
128
188
177
55
140
78
148
100
218
169
53
15
137
5
76
406
402
16
145
112
415
152
138
59
214
121
34
140
97
157
71
174
62
83
310
180
4
107
87
112
158
233
9
44
257
301
74
18
128
1
198
161
47
16
136
134
4
202
144
130
88
160
243
7
219
94
46
11
163
89
93
100
138
25
329
28
139
15
43
247
43
225
67
81
109
222
43
223
36
69
133
74
34
25
136
32
74
393
53
152
54
143
7
457
217
1
63
124
1
84
302
99
1
16
103
202
15
79
70
96
67
42
135
62
90
170
23
176
58
196
261
80
79
4
20
40
11
36
121
10
213
128
105
140
186
147
26
51
54
96
162
41
440
22
125
134
96
189
132
171
39
113
36
31
46
85
73
14
214
95
104
26
144
79
85
24
84
79
85
9
128
125
276
288
206
56
47
137
135
113
1
26
107
293
84
77
157
266
161
15
29
228
92
59
305
4
55
91
57
48
258
39
13
34
288
129
0
185
27
118
124
14
99
107
169
170
130
30
20
180
34
164
177
127
201
56
148
3
27
48
24
35
245
75
147
292
146
106
33
85
52
12
103
182
0
353
131
78
304
170
24
26
101
164
44
194
72
10
139
117
55
17
84
118
74
102
144
164
69
297
75
39
13
2
119
194
9
230
38
146
380
111
90
63
294
128
13
128
32
94
107
17
107
15
120
16
247
142
190
181
46
260
202
272
0
183
220
94
201
45
112
252
10
65
263
16
258
185
264
169
218
62
324
135
99
159
45
116
297
158
39
14
134
56
106
101
36
108
61
173
57
133
30
253
46
26
2
202
124
189
90
4
0
9
42
75
8
65
220
181
341
108
60
12
27
1
146
105
86
163
44
53
99
296
99
239
36
215
180
66
37
33
34
307
207
40
84
305
92
80
12
37
28
193
292
3
114
154
174
114
81
70
75
99
311
294
266
68
71
242
244
127
59
397
2
40
2
96
60
89
106
282
87
55
56
181
112
13
189
122
28
175
28
193
66
152
78
180
135
17
279
161
133
105
98
196
250
147
307
86
57
163
116
189
43
103
180
13
268
42
306
12
161
79
120
115
213
172
0
102
59
41
64
21
1
26
234
87
247
80
53
209
115
196
17
81
81
17
70
112
130
3
149
65
322
58
55
100
88
107
359
30
9
118
181
264
86
264
13
50
15
190
211
396
68
169
344
121
27
117
66
264
15
232
124
69
72
218
103
153
16
87
14
111
147
17
213
169
108
69
31
107
96
126
79
16
121
142
109
77
5
80
52
141
64
165
181
138
125
107
214
201
260
305
34
27
84
443
17
57
373
43
120
150
144
22
242
112
137
332
45
29
136
87
100
23
8
19
232
75
163
64
14
46
1
13
265
117
102
222
240
84
150
165
14
97
118
198
52
183
18
183
159
225
186
91
169
29
150
137
79
0
390
251
68
38
122
16
7
25
197
213
142
135
218
95
138
34
0
17
250
32
146
56
319
284
277
28
140
30
31
204
54
263
189
20
100
159
232
112
62
11
68
41
65
42
7
156
118
116
72
11
122
114
58
257
161
61
319
24
61
42
299
4
114
36
121
167
73
3
76
193
164
31
336
27
177
15
203
109
56
76
219
43
229
43
54
65
435
124
46
50
46
124
210
20
41
84
134
162
193
290
179
129
167
131
224
65
44
177
100
109
444
64
103
153
92
342
122
45
219
2
310
110
153
138
114
93
26
144
319
162
135
124
187
160
91
191
83
121
43
135
22
23
212
91
48
5
152
316
132
35
170
124
45
103
95
85
36
219
117
218
18
47
90
165
58
10
7
260
168
22
27
197
196
14
7
91
113
18
63
4
187
52
143
203
129
251
81
39
98
24
113
261
50
152
1
240
60
180
79
36
127
14
268
175
10
8
192
112
86
90
243
87
43
47
23
176
273
190
205
48
2
271
2
116
125
64
197
21
119
55
212
75
147
215
260
121
42
52
92
207
34
143
238
168
41
3
169
27
54
74
126
164
88
105
275
49
216
155
105
288
170
224
170
37
0
304
186
268
44
21
156
430
178
131
167
57
261
28
125
474
48
98
212
144
251
73
172
205
35
78
131
160
347
17
161
20
43
182
187
123
198
123
135
213
572
14
103
47
48
201
212
88
134
143
25
10
142
0
218
51
2
88
69
247
104
63
4
128
79
153
125
205
66
144
37
130
279
125
164
80
98
33
1
77
7
228
268
120
269
120
154
109
368
57
160
36
13
124
57
1
79
128
63
61
176
124
86
118
398
113
79
200
167
67
110
203
73
166
300
204
51
218
51
56
160
18
98
205
76
80
100
225
72
184
208
90
81
174
24
180
176
171
37
43
228
44
121
16
2
29
44
89
28
11
62
234
85
144
117
107
70
136
95
132
68
88
228
110
66
14
34
167
309
187
198
77
196
28
170
17
103
146
147
89
185
32
24
520
32
74
123
79
136
355
122
24
102
58
307
30
22
145
184
288
59
186
14
15
182
79
1
117
18
220
190
254
144
77
10
151
64
68
102
59
144
217
135
11
227
80
33
14
42
132
47
276
83
21
14
91
53
154
181
79
59
20
114
19
167
295
206
97
86
25
65
333
214
11
185
286
140
39
137
19
12
118
156
147
125
24
121
53
94
31
113
80
25
167
57
27
95
299
135
163
64
37
18
286
54
202
264
84
14
245
77
135
8
17
19
57
81
105
71
20
340
224
75
92
7
247
45
123
37
61
28
83
73
268
23
26
125
208
324
110
25
148
171
103
292
6
171
97
19
85
81
29
132
106
83
151
60
12
80
193
23
183
248
125
497
162
215
297
116
266
371
5
137
243
31
45
65
41
162
105
159
79
133
168
80
75
204
191
129
43
261
197
152
197
2
11
71
41
104
55
148
88
162
326
177
40
18
83
43
144
108
72
141
176
126
18
0
248
105
33
40
91
9
242
111
77
215
18
226
229
24
129
190
144
15
80
88
23
272
193
84
129
43
30
6
49
147
145
190
115
203
55
84
88
115
180
93
329
84
256
206
215
15
58
202
87
73
112
167
54
221
120
38
83
40
90
250
265
91
142
176
88
123
253
65
95
53
169
85
137
126
73
48
211
9
68
59
83
57
54
208
88
37
65
75
182
355
77
129
126
191
170
203
197
33
5
198
57
2
89
0
117
138
59
121
272
27
260
133
238
331
51
40
10
161
143
290
226
99
120
116
213
74
82
281
143
219
247
238
3
227
76
367
94
67
185
440
56
0
5
207
78
174
125
42
135
20
154
168
20
2
77
214
65
87
106
229
41
52
152
171
207
137
205
21
19
218
108
141
98
99
30
82
345
358
10
168
272
51
210
4
239
142
69
175
19
201
44
251
11
71
231
140
184
54
42
59
172
65
109
271
35
74
147
4
77
106
17
187
271
171
135
335
19
104
244
107
5
224
251
100
76
97
11
87
88
8
143
11
30
38
155
293
158
166
82
108
53
281
0
313
219
33
107
21
124
149
60
301
31
217
168
40
24
74
168
267
149
75
222
75
110
25
123
115
58
124
155
95
5
79
25
78
20
71
319
446
162
52
8
221
115
267
265
79
113
88
301
70
217
19
126
218
108
8
107
173
134
137
421
95
92
202
299
30
154
12
98
47
3
1
36
5
46
2
20
180
154
39
334
120
61
267
8
301
105
190
33
41
185
245
104
117
23
122
26
259
69
38
2
14
200
184
225
140
119
2
104
23
154
236
332
108
45
54
194
281
110
389
17
215
38
128
5
316
81
163
21
234
18
106
76
120
87
206
89
294
18
134
166
152
260
8
28
9
82
114
116
64
127
181
38
10
128
138
128
88
120
153
176
67
76
162
160
333
28
15
11
165
39
180
84
184
141
59
37
93
86
3
142
29
211
54
164
171
384
238
110
180
104
173
219
220
132
38
274
195
55
47
85
98
30
30
343
37
122
35
173
147
121
24
35
9
136
102
7
110
197
69
66
7
21
103
150
166
145
131
160
256
115
148
1
68
27
25
240
29
113
176
400
310
62
102
64
5
55
30
126
229
270
169
82
48
22
241
129
118
89
89
207
83
63
104
226
267
229
154
52
59
84
36
153
102
3
89
29
140
191
149
110
168
231
33
98
31
86
140
0
195
44
35
61
80
165
272
142
125
219
331
24
90
81
102
17
140
229
166
301
84
444
246
106
169
51
42
361
111
111
306
100
234
180
105
16
78
97
56
212
43
292
153
125
256
269
258
138
68
71
141
67
14
2
276
168
10
20
144
237
182
72
28
405
201
138
169
99
138
60
7
162
242
0
47
37
14
213
90
224
115
16
453
4
112
63
53
70
21
461
61
18
214
19
181
134
24
36
116
86
376
148
214
153
183
83
260
233
168
146
615
73
428
36
62
14
148
16
169
129
109
5
125
112
3
80
29
23
25
40
181
110
124
46
314
250
177
175
162
104
103
115
111
56
120
151
48
256
154
93
173
56
1
10
188
44
136
164
117
94
23
2
74
7
95
68
134
71
229
216
563
184
152
67
210
150
112
123
34
206
93
21
129
122
68
169
181
124
59
180
14
113
61
49
99
52
50
410
135
11
61
167
113
5
148
139
259
112
21
81
134
99
298
258
258
78
65
0
67
119
163
49
56
20
183
20
196
220
70
100
204
23
140
25
75
165
94
42
331
142
206
153
69
167
44
28
142
143
238
367
286
242
121
256
150
301
179
94
459
10
117
153
31
59
136
5
256
108
153
171
275
136
251
181
124
53
225
120
155
69
27
269
87
36
381
56
25
36
6
161
6
112
48
61
333
48
50
126
174
193
161
21
20
212
73
45
28
29
148
21
171
353
16
92
13
60
52
9
36
206
197
123
45
58
253
125
26
160
316
112
40
61
220
246
22
27
224
262
96
40
74
18
24
113
144
224
64
225
279
288
128
226
153
281
90
69
80
3
45
141
2
137
144
21
122
129
35
138
88
90
240
74
240
159
264
13
27
153
13
144
61
72
122
55
114
58
192
160
85
163
15
185
33
207
25
1
62
103
106
287
45
109
229
150
140
98
150
303
42
138
257
84
86
65
159
38
221
156
174
5
150
52
306
107
5
100
1
83
178
82
160
72
133
147
100
299
48
63
270
221
204
103
104
67
147
279
62
75
63
62
153
150
227
260
2
249
228
65
143
129
76
218
193
133
130
116
210
40
60
15
198
19
22
187
235
24
171
222
18
371
176
218
247
81
333
156
41
302
17
105
210
114
97
416
93
309
209
20
143
9
197
392
64
318
82
28
30
20
91
359
128
29
136
296
246
88
16
165
87
118
212
138
105
253
2
382
193
179
40
11
135
94
153
194
30
142
40
35
117
51
133
274
254
91
56
257
129
6
163
58
187
236
32
87
28
126
103
57
103
191
344
161
220
65
108
17
45
48
147
151
189
232
99
0
181
296
162
36
1
181
165
96
3
12
160
30
269
3
45
39
132
282
86
48
6
35
331
154
71
89
319
118
180
253
2
148
133
202
180
102
16
310
127
112
50
59
20
135
78
128
122
140
21
222
259
118
1
151
167
158
69
3
131
107
25
142
141
180
174
36
563
384
8
27
123
225
41
151
103
86
24
41
244
38
151
16
193
252
25
68
153
67
234
11
271
21
18
51
21
55
10
74
58
137
180
118
39
25
169
197
66
6
131
225
10
38
221
24
333
234
350
314
228
181
46
158
156
80
291
97
158
45
70
142
59
142
53
28
79
169
231
140
157
58
158
115
354
63
9
335
235
55
92
336
0
93
54
193
59
260
119
110
21
43
289
147
183
109
216
49
9
225
295
109
6
144
88
157
21
9
18
292
67
20
2
279
104
167
55
14
240
0
219
69
184
72
118
320
184
23
356
2
61
16
84
40
165
35
267
51
87
43
35
251
171
497
218
77
286
42
121
145
50
80
180
96
105
240
304
39
51
20
114
52
145
38
26
233
75
164
359
7
367
77
212
61
78
214
31
98
353
78
47
19
32
192
257
111
142
14
41
13
175
105
148
105
17
102
12
59
271
59
192
148
77
165
270
50
96
33
192
26
134
327
198
131
116
24
42
196
153
39
9
27
109
256
53
592
101
234
216
325
180
130
266
26
119
127
122
203
291
2
75
87
30
17
45
171
45
122
293
2
117
25
26
208
29
52
172
290
114
100
108
43
87
442
42
92
74
367
173
203
539
107
228
116
231
396
95
126
63
60
91
71
189
250
184
16
101
339
235
18
68
175
321
18
78
155
2
126
1
53
172
24
73
66
208
240
18
27
15
229
11
65
361
55
44
77
135
230
167
84
195
149
105
41
326
99
185
343
310
42
109
484
56
164
119
98
32
1
124
155
29
79
101
159
76
111
48
120
123
70
125
237
408
190
20
14
268
97
31
192
323
23
446
165
53
67
104
357
358
210
47
151
119
55
7
69
216
1
208
9
32
172
95
260
70
175
23
312
81
94
374
38
102
16
47
268
177
99
260
235
125
30
99
100
115
102
255
420
258
131
225
73
262
390
185
109
54
172
196
239
164
105
229
207
138
35
108
312
153
48
51
96
243
218
13
139
178
217
245
138
91
301
12
72
272
322
253
293
106
164
9
186
95
5
172
3
51
319
3
230
254
270
194
162
155
222
35
96
187
53
67
473
331
29
3
76
194
7
112
70
88
161
98
33
222
32
72
31
55
36
74
166
108
27
44
147
189
99
205
201
66
255
129
112
93
33
1
137
128
53
86
142
32
310
184
477
77
12
122
80
171
21
51
133
319
101
359
339
320
80
76
218
23
60
281
255
11
82
142
51
83
207
122
72
37
112
124
82
398
204
88
260
152
52
13
214
95
290
473
94
219
136
32
56
82
385
72
11
92
39
362
235
147
79
193
21
78
17
394
96
21
7
144
139
138
201
255
174
201
126
72
68
29
148
122
314
19
109
145
266
23
20
49
61
234
71
34
17
110
129
2
283
396
456
119
41
160
309
117
240
103
66
177
101
42
31
51
130
166
150
79
100
132
257
187
44
127
22
193
102
54
16
307
57
178
187
256
220
125
78
143
44
131
255
131
73
328
284
493
187
32
200
105
206
128
97
122
51
223
21
88
328
129
106
245
131
6
137
44
25
16
3
185
110
228
59
36
78
74
108
56
112
58
152
121
222
95
74
282
56
301
191
108
167
4
37
184
63
163
169
133
27
168
88
237
61
41
114
38
23
344
118
109
76
6
18
222
42
120
410
186
213
77
35
33
64
35
206
245
94
25
52
191
203
66
45
52
309
82
100
38
78
388
49
305
74
107
168
20
28
346
349
88
131
218
61
181
214
59
230
51
74
161
42
12
413
275
52
127
47
114
89
128
183
352
14
160
213
52
115
366
137
186
203
47
143
137
292
198
232
84
23
335
130
259
7
289
177
168
164
72
29
212
8
184
195
293
92
150
150
6
79
318
213
53
126
50
358
205
198
80
190
75
216
268
9
279
272
402
291
61
13
60
9
74
45
84
118
194
160
145
291
228
119
137
66
30
31
168
7
47
159
60
44
213
51
284
228
454
74
451
79
120
128
235
55
89
151
35
54
419
227
19
65
80
34
152
147
179
313
273
58
55
1
163
65
193
268
134
89
122
72
255
62
65
38
11
180
41
176
176
33
65
118
176
74
205
30
37
228
431
355
9
95
55
268
62
166
86
89
116
86
48
131
192
120
385
94
187
326
17
135
567
106
50
237
14
43
60
239
162
137
84
99
31
277
208
70
201
94
31
42
101
91
52
98
54
205
8
142
22
66
123
221
264
138
45
75
265
101
192
1
99
76
127
156
142
146
272
49
50
458
60
170
59
347
113
38
90
321
140
56
9
205
124
222
166
25
70
74
49
87
59
306
64
97
450
40
28
122
214
112
42
124
48
8
201
263
30
36
172
46
24
249
46
202
93
54
32
84
30
222
176
232
93
39
344
74
29
239
70
165
19
253
121
39
35
0
72
23
157
271
167
144
49
199
31
73
14
111
99
130
236
26
34
147
269
9
267
45
36
196
29
279
161
100
230
38
86
14
174
309
162
9
110
82
7
164
155
173
305
138
165
22
2
260
93
262
147
178
41
252
35
326
39
278
127
111
38
138
76
141
125
166
87
254
25
207
183
84
43
298
50
131
81
98
12
108
56
2
88
206
34
182
439
94
263
103
109
46
12
154
127
260
345
152
232
297
36
30
197
21
20
125
71
100
225
177
68
250
144
28
74
1
28
148
40
305
71
164
148
204
139
355
300
4
128
185
375
110
10
111
15
444
146
31
94
50
47
84
73
432
69
159
95
47
73
67
183
27
204
237
51
227
305
311
472
281
142
206
101
375
4
56
335
182
209
140
308
288
141
76
55
201
193
87
35
211
117
21
180
95
180
0
110
55
281
84
320
350
8
180
529
4
31
386
33
136
245
80
98
498
18
28
88
286
65
48
382
152
440
362
59
31
264
28
84
245
286
191
275
98
254
9
238
303
156
12
7
240
197
257
276
55
54
250
136
84
171
4
6
82
61
131
55
30
85
92
230
223
42
16
235
157
18
148
216
93
106
234
88
190
114
386
37
176
156
189
186
222
167
60
368
104
132
62
140
528
50
86
19
76
93
247
60
39
39
59
113
242
45
266
33
86
456
128
0
148
112
383
27
445
154
130
66
22
105
60
392
31
229
315
71
309
206
59
3
31
70
40
36
404
28
86
178
190
227
267
155
15
204
252
39
254
107
133
38
309
291
85
89
326
106
457
169
4
97
8
74
350
41
154
272
57
212
295
164
87
137
105
88
28
31
0
234
199
176
336
257
339
85
54
88
198
90
33
254
86
219
206
139
126
294
268
97
41
24
43
164
9
20
94
189
55
170
39
156
114
104
350
287
119
17
260
110
78
105
62
411
205
47
372
299
362
99
303
154
76
10
174
198
60
202
28
80
307
310
36
46
60
467
95
18
106
274
75
66
74
290
32
380
203
421
105
92
318
280
254
159
77
11
304
88
112
239
275
114
233
144
2
60
52
165
80
23
133
29
234
143
98
261
90
377
182
1
178
31
68
115
135
260
15
313
119
105
212
121
157
161
38
210
68
358
450
1
145
37
51
102
147
171
112
22
406
89
69
37
81
50
63
86
180
332
42
30
33
19
124
192
137
242
229
114
76
75
379
158
21
7
214
75
33
243
463
78
245
33
122
63
19
30
92
534
10
84
136
7
87
414
244
94
3
66
401
97
25
124
104
142
177
215
311
232
377
174
116
35
158
215
40
78
117
347
270
189
176
177
479
272
94
205
61
38
155
52
525
57
244
125
0
254
44
1
198
288
14
26
178
2
78
201
252
219
91
28
214
274
293
216
82
25
24
5
99
203
123
175
57
194
215
49
57
177
190
308
8
49
231
25
91
29
340
330
199
1
81
97
434
41
588
187
25
523
216
425
66
195
97
45
4
199
279
16
167
24
166
142
53
159
236
45
122
28
268
234
326
100
119
324
313
112
137
18
13
43
4
48
148
388
58
64
72
49
127
121
17
198
269
34
29
138
49
73
112
91
210
23
39
10
55
220
160
66
165
162
228
525
71
80
394
80
75
63
3
112
41
294
165
288
19
4
83
15
174
122
93
272
84
49
182
119
289
180
140
1
8
261
257
6
86
33
248
76
20
117
80
101
59
139
277
244
40
63
399
117
400
203
33
321
145
153
157
25
24
33
237
106
283
306
159
24
150
71
129
135
209
119
73
97
80
46
78
148
186
55
68
135
23
51
284
55
226
325
197
86
67
176
43
129
108
24
74
237
3
23
112
76
16
96
3
428
202
98
406
192
85
541
72
65
65
489
20
37
65
126
244
14
275
24
14
74
261
50
260
184
110
82
25
392
235
81
123
3
86
325
56
111
51
233
126
51
65
254
185
167
12
59
297
53
252
139
216
57
18
77
72
7
176
127
89
84
310
2
186
273
25
63
358
232
180
130
211
18
590
14
247
288
42
3
238
318
32
18
135
192
42
395
1
190
22
17
113
40
226
75
402
249
144
425
47
25
109
148
104
144
68
243
19
124
321
326
341
54
76
2
8
30
140
52
67
58
76
319
161
284
64
209
192
192
31
20
70
547
285
245
124
200
125
57
145
160
46
163
109
133
182
432
19
264
211
76
159
243
335
65
272
173
239
124
287
238
69
132
228
30
25
237
38
45
131
14
74
257
229
205
35
34
504
23
89
273
225
381
247
44
229
219
8
21
155
147
44
26
13
27
195
98
256
370
78
63
144
80
184
22
30
32
12
93
8
136
57
1
269
187
56
60
186
200
113
167
353
233
422
128
167
2
161
287
66
90
64
97
181
98
200
333
105
126
204
41
20
109
192
129
125
3
406
381
28
48
132
85
54
155
78
31
223
274
156
206
44
104
301
214
398
199
87
68
2
92
86
426
72
4
167
84
472
255
200
251
56
214
43
133
197
269
101
200
90
229
245
251
179
110
294
90
176
132
120
416
104
6
96
301
49
27
313
376
375
178
68
27
226
60
0
168
201
47
58
157
113
114
66
67
8
268
391
156
422
100
266
107
406
206
30
70
315
83
80
32
89
218
101
37
309
31
22
179
10
137
148
137
281
78
237
118
36
179
79
70
8
137
171
58
92
208
74
25
471
85
169
75
68
187
170
84
136
32
160
163
286
100
88
62
102
302
268
1
316
283
120
265
28
10
140
568
74
240
105
183
92
220
236
45
245
60
133
217
118
149
315
78
134
225
240
75
60
348
156
237
58
120
304
475
44
225
89
89
208
265
99
64
46
102
659
336
62
168
13
47
99
113
1
68
9
154
14
437
216
539
60
150
188
91
335
218
249
219
1
73
194
9
133
161
9
78
161
86
178
142
149
136
214
41
295
76
227
22
199
209
192
143
47
260
148
27
56
203
363
235
110
322
2
239
171
208
443
199
265
48
203
273
29
173
32
71
190
92
303
418
278
89
76
162
156
140
237
185
4
176
8
21
266
166
19
485
261
363
13
436
76
53
249
119
153
268
139
180
170
14
150
132
16
344
40
111
322
502
199
260
69
126
106
158
173
120
65
149
14
30
0
85
71
94
196
114
125
353
189
110
36
185
262
375
201
264
513
274
49
323
262
199
93
237
70
137
206
76
101
87
159
163
48
128
57
132
470
123
127
357
91
69
116
43
14
80
74
24
77
16
311
82
118
26
34
151
67
553
182
166
28
37
112
233
189
242
464
81
85
110
290
103
57
549
39
122
205
8
201
324
222
76
222
114
149
68
429
196
157
44
70
185
269
111
164
154
51
77
128
137
226
90
38
295
73
518
20
55
184
1
236
13
130
49
15
3
191
3
129
158
145
62
395
24
162
251
222
87
155
11
163
449
76
1
73
523
65
17
66
334
261
400
122
187
137
138
98
61
50
125
68
20
211
161
388
277
223
135
106
102
74
154
300
16
242
209
309
23
35
15
315
48
152
46
298
40
133
247
37
11
462
76
70
322
289
229
179
49
63
352
107
98
158
333
164
167
111
98
236
320
236
183
295
221
262
204
119
18
294
2
44
8
145
238
227
498
212
49
476
109
146
172
67
55
324
97
253
411
265
408
340
26
104
250
184
351
50
19
352
151
98
91
90
171
125
470
360
211
168
4
107
117
101
68
164
21
268
81
16
26
265
175
224
160
298
115
229
202
98
75
76
409
56
7
58
421
308
401
72
208
152
45
293
168
69
31
358
181
281
261
51
51
84
274
90
305
54
277
117
151
188
56
26
146
201
281
283
208
198
210
19
402
121
35
107
3
589
103
66
58
164
83
101
398
214
370
179
36
191
0
45
128
321
183
421
75
138
55
354
290
169
97
45
253
42
254
28
51
184
103
342
435
234
0
232
46
94
38
32
270
260
474
107
186
86
232
136
37
290
358
207
43
184
155
341
497
202
92
199
261
370
85
202
174
61
32
360
251
324
155
310
360
259
135
43
27
92
49
288
199
185
47
289
224
7
102
45
26
89
69
144
477
275
136
28
113
365
13
265
27
147
116
115
67
293
215
66
42
168
509
121
63
4
97
169
2
29
233
218
127
114
10
324
166
532
94
375
96
433
18
331
50
238
209
364
135
69
130
2
126
254
152
78
143
181
108
9
40
115
480
54
254
150
174
49
146
244
12
200
126
232
141
87
97
257
316
42
344
128
195
73
53
70
296
40
207
309
184
249
471
306
19
86
24
87
54
199
33
155
185
84
274
15
519
85
487
92
121
105
80
108
203
82
41
3
314
329
38
157
218
46
332
6
14
242
171
67
262
38
337
340
464
376
137
116
190
207
95
489
31
135
324
119
103
139
17
244
339
457
404
209
109
45
6
113
508
11
67
313
101
208
359
27
20
148
152
187
183
277
98
72
104
6
221
134
5
187
187
116
216
47
217
92
397
322
335
133
106
288
115
252
288
274
347
209
45
371
50
399
12
225
276
155
71
0
100
57
143
283
55
195
87
171
664
63
151
407
188
96
471
314
110
12
106
161
201
253
35
369
235
167
43
231
202
305
292
118
200
130
526
77
177
21
234
57
88
353
156
27
375
105
238
256
261
70
222
175
163
60
111
185
54
60
62
130
55
268
117
92
194
18
104
75
9
24
200
33
70
112
195
29
35
287
220
26
11
160
220
348
48
81
419
53
39
5
44
58
32
375
221
197
68
305
43
61
96
184
393
57
276
33
178
76
269
157
144
331
20
344
250
118
138
104
328
243
104
140
24
350
126
122
121
199
143
142
346
380
40
428
249
278
105
440
230
99
365
57
72
91
70
10
469
266
207
216
18
90
228
119
369
74
198
132
228
110
177
143
204
368
476
37
44
66
8
112
266
14
17
111
67
229
296
205
34
394
39
226
138
26
270
127
20
189
53
40
184
5
72
102
84
261
0
130
118
24
93
316
138
235
347
421
207
79
353
32
126
211
202
210
24
384
140
151
103
0
342
165
65
43
328
299
100
23
10
251
68
67
7
132
242
111
182
47
6
84
364
58
17
107
321
289
72
216
29
12
192
161
165
51
394
58
52
249
147
40
394
156
32
289
61
86
371
232
2
267
162
123
357
46
1
35
48
287
56
21
45
244
33
184
54
248
31
302
23
157
132
52
202
8
157
41
51
200
231
13
253
37
24
211
327
431
387
290
126
111
277
62
49
272
315
452
4
40
87
104
120
244
275
178
230
132
63
280
249
24
201
64
245
317
411
60
203
387
90
297
30
22
209
489
312
35
163
130
75
49
329
77
509
74
249
247
224
11
316
102
211
12
69
309
152
107
34
202
63
50
108
76
240
47
3
76
162
395
87
134
186
249
343
36
249
159
44
322
7
165
128
152
27
280
336
73
58
434
139
191
79
600
4
308
150
58
97
364
135
196
151
327
24
145
33
138
137
160
40
173
245
87
89
63
400
115
96
110
40
78
118
278
148
199
122
22
82
280
113
51
85
428
124
36
49
87
98
17
288
105
55
93
57
438
22
125
78
158
181
49
140
232
245
188
300
119
65
18
70
28
133
316
238
111
243
21
161
24
6
157
254
140
76
80
53
53
54
155
15
155
105
51
249
54
139
119
221
275
295
131
28
134
5
22
125
90
320
42
118
237
231
135
163
53
27
419
166
229
59
205
10
9
190
24
110
34
84
268
375
83
311
267
411
65
421
219
63
34
323
15
3
34
73
45
140
116
277
45
143
208
378
216
63
87
40
361
44
44
283
135
135
17
42
13
187
438
211
191
102
58
99
82
130
52
140
78
41
135
40
160
221
149
90
157
2
158
248
141
123
119
270
45
70
195
78
24
210
23
218
215
37
243
329
30
267
97
120
79
110
306
69
516
162
501
85
156
107
267
244
249
218
298
295
91
188
21
68
137
11
117
24
6
42
62
187
186
163
6
9
14
600
285
83
195
86
245
246
195
79
422
79
79
171
237
5
73
170
49
108
203
219
166
79
89
105
268
45
155
368
131
174
204
202
212
208
227
131
8
81
98
162
155
45
14
300
111
109
279
18
9
287
240
47
144
73
59
56
83
201
100
82
161
155
129
83
110
472
94
279
189
305
213
199
69
135
43
94
24
45
345
149
191
387
312
255
242
260
316
398
179
51
137
110
25
158
211
293
83
109
349
7
194
14
245
199
186
113
126
143
34
141
55
120
317
209
129
200
61
116
107
215
119
49
78
55
233
92
133
90
301
53
20
15
10
121
186
256
48
221
133
62
279
36
197
150
319
311
30
137
193
22
91
199
40
405
400
113
160
114
65
385
85
79
293
20
60
505
56
136
231
78
12
34
339
277
27
164
210
123
178
251
233
65
122
288
155
225
37
113
102
105
299
81
335
274
423
9
70
260
242
140
80
134
70
311
336
66
75
208
408
6
55
204
319
446
104
203
313
60
28
490
237
244
263
229
81
415
121
369
301
165
172
92
289
212
56
104
21
197
217
302
140
113
13
105
300
135
50
169
300
134
229
241
27
194
116
26
197
188
495
213
79
118
354
102
16
17
446
635
49
104
179
420
119
108
148
221
16
39
300
175
106
579
45
442
180
325
237
379
166
112
78
194
194
131
138
148
163
150
218
145
44
263
188
34
157
41
53
104
28
362
314
29
44
247
247
286
351
120
44
157
94
231
220
5
272
88
248
392
300
370
482
216
243
95
360
198
181
316
465
256
94
340
162
95
199
112
276
475
231
115
171
27
256
123
691
255
112
35
132
38
384
60
89
134
83
238
48
338
169
166
222
295
3
154
59
128
97
54
55
387
145
171
31
50
103
440
366
93
59
63
532
186
41
334
349
316
219
575
156
160
315
22
148
113
287
332
8
178
358
227
461
145
51
186
49
151
82
55
132
76
88
181
99
225
178
275
230
126
59
138
71
209
229
202
191
120
152
41
181
156
15
72
216
5
62
20
115
121
42
23
411
3
366
59
42
217
167
119
100
34
230
80
56
165
60
23
282
59
252
212
397
125
81
99
27
194
405
251
221
15
177
170
189
324
274
211
81
32
61
182
292
85
217
149
188
122
101
5
58
300
96
223
85
291
40
413
110
146
402
235
134
91
14
198
280
209
344
258
160
95
0
91
22
124
347
82
159
55
85
174
126
133
210
138
106
27
364
324
200
152
27
347
410
25
365
135
65
1
119
541
169
13
59
23
43
7
171
296
113
70
134
95
55
202
113
316
175
333
179
65
10
71
152
77
48
87
584
43
6
149
32
344
18
77
334
84
40
160
273
67
49
14
144
243
82
68
99
365
363
180
125
325
250
34
124
216
2
87
170
139
306
160
357
18
44
380
364
205
224
161
265
58
8
109
63
207
323
47
52
25
319
97
159
71
130
24
129
152
77
165
82
24
115
589
31
99
106
134
173
176
320
101
297
40
135
258
446
55
197
119
147
264
64
178
184
306
95
44
43
35
3
310
342
103
83
353
67
75
79
280
202
51
111
171
463
147
223
23
343
212
187
221
63
379
80
51
225
35
158
468
301
4
404
126
430
492
446
107
410
121
467
66
147
331
54
171
80
19
534
66
43
45
139
76
127
58
502
3
224
105
278
142
78
22
234
274
175
128
88
314
307
242
54
39
21
135
77
124
388
144
401
114
13
53
196
202
97
612
69
139
215
222
139
192
291
273
126
514
267
409
358
243
203
87
89
40
279
81
6
439
3
131
230
149
183
442
276
91
472
322
97
210
76
158
5
222
142
327
123
302
394
490
57
195
298
52
381
345
76
76
365
326
66
229
113
73
121
33
68
238
47
531
479
359
160
23
304
119
179
634
314
293
546
251
58
75
632
154
218
43
350
54
49
189
350
238
114
190
267
401
286
110
63
3
224
358
165
43
274
213
239
56
175
56
230
510
16
369
64
25
230
78
533
352
352
148
216
207
193
146
152
187
407
20
243
61
365
382
232
353
55
265
245
206
23
417
282
128
148
244
193
45
30
127
378
54
43
454
50
420
82
29
341
141
281
226
316
24
13
69
104
340
449
148
180
201
268
66
51
73
431
257
292
262
190
99
333
81
61
44
230
44
157
158
284
8
35
467
173
107
108
228
282
89
151
280
20
76
261
19
215
57
389
152
251
91
608
126
111
64
22
207
157
257
290
196
86
160
86
240
130
53
74
357
253
125
4
172
222
20
237
25
72
394
302
67
85
182
92
55
14
101
73
281
357
156
274
154
22
296
175
47
123
49
76
147
266
262
108
264
110
336
127
130
61
40
153
128
217
374
175
403
142
97
326
244
30
215
459
179
60
292
183
243
198
49
314
192
184
170
251
237
115
169
281
185
335
25
223
8
391
713
248
85
179
35
103
297
506
53
214
181
44
90
258
129
64
309
330
237
187
152
372
31
48
160
150
5
576
75
31
267
4
138
35
101
85
178
293
300
92
509
207
333
194
268
345
195
235
95
146
255
43
32
447
97
503
239
399
2
197
56
228
81
234
31
360
77
89
238
110
63
602
18
336
43
86
33
364
396
40
361
496
148
183
233
40
98
232
178
261
431
82
245
503
181
52
100
110
70
130
131
313
135
299
109
204
175
33
33
19
116
52
484
13
198
3
360
148
232
178
37
772
147
300
460
169
178
90
62
375
265
214
205
136
192
197
85
245
7
113
18
275
192
118
21
91
153
64
133
278
171
13
250
63
16
365
16
188
98
273
54
19
73
430
295
155
201
224
368
186
62
68
133
36
105
148
45
273
184
83
448
214
107
180
26
208
9
330
90
60
327
240
349
335
24
13
305
40
65
228
339
280
88
246
53
544
120
406
182
467
291
477
79
234
119
131
437
102
299
65
318
54
46
110
7
295
260
85
264
109
62
190
22
38
144
349
99
164
245
46
39
181
404
131
71
300
179
57
195
375
336
21
36
61
354
187
475
310
286
118
138
68
411
7
55
154
62
169
188
175
159
211
87
113
183
15
175
496
451
405
123
391
34
267
47
369
150
3
92
109
123
51
131
282
157
127
178
180
17
111
139
234
156
297
439
185
80
69
214
184
190
4
74
152
65
213
58
443
301
209
87
45
3
152
664
322
460
17
151
82
258
42
53
158
348
86
62
210
51
121
74
63
217
163
40
148
305
327
96
385
26
281
25
205
93
144
11
109
29
53
343
109
134
120
117
59
303
126
477
16
89
38
414
387
194
0
146
34
62
163
289
130
90
212
775
25
67
315
96
396
182
146
170
15
96
35
255
442
213
71
32
84
142
190
317
105
64
96
197
141
95
43
3
579
106
336
256
132
228
234
487
29
187
201
64
18
207
212
66
524
123
199
374
25
162
6
123
73
209
319
28
192
388
124
270
123
91
366
143
122
144
102
146
141
154
260
276
335
96
14
305
42
83
365
208
84
688
25
70
59
117
184
192
307
47
249
114
127
140
232
22
44
105
86
53
172
86
15
73
146
62
318
258
58
51
380
56
61
136
33
306
270
347
77
407
177
126
627
78
168
397
52
168
101
219
79
5
248
249
182
54
204
92
120
557
303
140
56
44
67
79
136
145
148
9
95
210
68
71
112
62
134
349
207
42
135
477
209
241
329
137
85
120
440
131
252
378
101
326
17
257
230
75
404
25
112
242
361
173
171
38
76
268
350
15
187
123
292
49
17
127
483
21
587
37
38
15
534
207
22
98
143
191
160
109
283
643
213
175
66
438
432
99
301
355
534
103
143
112
2
272
67
314
73
153
85
43
320
424
135
97
458
1
365
54
167
39
451
537
424
85
124
154
399
122
36
257
426
57
118
82
90
62
0
359
111
35
9
406
235
281
38
281
164
167
141
123
312
69
123
54
119
506
45
57
101
27
323
288
65
23
185
51
87
300
168
148
200
11
170
129
170
42
8
223
175
447
160
6
160
71
165
86
17
81
329
312
104
123
199
138
42
379
32
121
42
84
1
442
15
297
486
101
592
402
61
435
319
31
69
6
240
117
136
324
38
110
440
105
150
52
427
188
321
208
120
317
165
256
62
294
109
287
147
215
69
102
75
322
194
375
148
475
56
2
393
157
207
236
70
255
46
60
139
204
200
201
14
184
341
247
96
269
264
155
70
97
481
353
115
7
467
204
88
44
272
501
200
145
347
162
80
11
141
9
543
50
411
41
39
129
257
264
47
287
333
156
336
45
66
111
72
96
240
201
231
284
290
12
317
389
132
26
127
67
285
273
63
59
37
56
66
262
206
15
78
321
128
10
237
70
209
202
264
68
127
350
168
84
506
24
90
319
1
90
176
295
119
100
12
231
159
84
190
24
160
55
179
252
36
7
158
160
319
281
262
12
35
16
138
121
29
32
588
125
51
27
375
21
180
245
75
121
91
13
304
246
279
222
63
160
91
292
170
280
323
114
24
144
291
241
215
206
143
21
279
167
177
486
103
177
177
66
92
79
135
47
71
70
84
189
206
150
442
570
54
229
46
295
63
58
21
315
156
59
616
401
513
406
119
103
1
247
38
141
174
175
66
59
127
100
124
246
185
141
73
242
229
60
28
582
161
307
206
110
231
412
361
109
268
120
32
171
89
6
161
81
94
56
192
358
332
84
16
12
536
270
24
88
355
82
0
346
164
124
378
7
337
240
69
84
40
58
239
21
69
292
45
58
101
32
7
329
96
60
205
45
49
121
475
47
23
288
208
142
120
98
90
436
435
354
210
330
78
342
27
196
579
391
27
213
42
142
121
197
88
93
26
237
104
268
215
79
588
323
204
210
86
105
50
435
21
11
560
224
188
101
278
102
107
336
128
208
145
207
223
40
122
155
108
121
292
82
416
53
282
200
21
245
99
108
38
144
306
71
331
172
119
296
413
106
91
24
139
372
19
30
292
268
194
240
262
616
265
6
167
26
323
186
179
60
268
407
202
264
133
149
135
251
234
203
53
132
325
78
125
149
482
48
176
194
376
339
147
127
145
495
28
293
82
193
27
41
150
303
379
307
16
135
37
393
489
151
2
141
17
128
452
158
183
96
156
158
92
60
497
540
121
209
506
98
101
29
216
367
107
98
83
201
255
48
351
176
92
3
28
500
368
58
207
4
1
61
397
73
343
217
145
110
58
379
118
15
329
318
49
164
606
53
165
267
50
155
62
50
443
52
322
277
117
144
186
226
131
300
185
343
354
394
125
412
305
142
319
352
203
162
131
187
469
147
236
225
343
19
157
641
81
314
279
120
161
88
249
5
36
106
136
39
103
24
382
361
47
28
112
390
161
138
193
507
1
3
144
141
204
317
15
97
220
27
203
170
352
222
206
59
45
39
345
15
131
52
49
61
52
265
320
132
83
238
111
532
77
167
25
79
359
30
269
526
376
306
24
151
85
87
2
78
39
56
199
186
236
83
165
110
121
22
43
195
519
57
260
97
258
124
132
217
63
260
302
103
585
31
298
131
73
190
176
138
202
528
143
105
381
455
157
254
49
52
286
71
71
186
71
11
517
130
44
67
472
139
95
199
350
69
206
6
81
184
31
329
596
404
174
202
101
473
105
3
181
154
83
90
101
352
108
40
174
243
124
308
41
1
393
308
63
41
123
24
100
191
294
532
230
178
21
40
329
12
161
107
212
54
153
231
205
120
70
158
69
184
366
440
235
81
599
33
261
92
124
60
131
106
399
19
51
357
4
206
654
125
367
64
160
130
99
45
144
53
59
152
347
173
114
132
285
134
37
304
57
107
287
195
440
4
7
50
236
106
200
134
160
49
160
214
54
589
182
157
357
102
53
175
88
85
118
88
137
51
466
104
117
2
146
194
316
40
163
83
61
181
481
18
122
201
217
145
44
279
397
407
257
25
157
13
324
275
220
205
145
358
235
72
345
111
172
255
243
407
95
64
179
439
274
378
225
1
281
71
104
120
290
156
46
87
303
315
53
183
6
218
77
269
164
89
427
214
167
36
458
42
27
152
61
108
655
242
89
196
407
131
284
19
238
566
157
66
280
340
93
289
37
7
335
1
42
367
285
61
161
60
112
166
170
280
234
270
51
25
233
295
235
388
186
30
12
301
298
71
660
55
500
202
167
201
207
3
669
255
352
45
80
594
105
25
21
190
245
8
388
182
134
90
126
316
448
257
316
294
67
137
395
49
109
48
82
162
69
297
39
37
110
436
376
642
13
448
63
327
113
245
234
308
311
499
78
398
55
245
53
9
197
137
309
142
120
88
205
65
366
243
106
283
295
481
161
478
253
96
406
580
530
410
358
148
494
203
13
189
213
262
53
127
66
354
194
164
351
154
66
78
112
16
13
127
10
672
304
164
112
7
338
86
15
176
529
90
183
26
68
546
296
289
353
234
190
15
267
184
46
547
178
67
141
225
87
236
406
184
435
61
463
190
407
35
512
45
171
446
367
53
177
107
576
81
12
707
291
186
48
139
319
296
317
399
521
295
109
101
295
427
116
153
281
160
198
188
102
69
41
283
286
33
59
143
230
109
59
78
128
395
286
134
187
81
12
26
8
208
16
160
198
3
32
257
256
296
133
193
168
398
357
48
248
261
215
502
246
156
208
744
23
186
162
71
170
13
25
10
24
269
223
145
241
127
235
36
90
270
6
120
100
128
260
67
379
112
31
434
85
296
91
239
523
373
98
200
360
73
98
80
90
219
38
220
171
151
72
317
102
116
92
120
492
333
135
205
135
325
131
43
257
672
374
331
61
95
255
76
76
324
45
399
160
140
42
131
116
94
48
86
286
217
11
93
285
283
213
41
515
62
146
151
67
274
261
19
109
98
64
33
151
87
65
144
205
112
8
18
236
193
147
87
80
233
13
163
8
170
403
221
153
58
138
95
389
9
12
17
34
29
308
306
233
14
347
221
104
276
119
269
116
88
151
165
337
357
292
52
322
294
83
54
3
63
200
429
387
59
22
280
85
301
298
33
292
31
42
146
153
490
248
75
8
167
138
60
120
13
129
141
203
46
83
315
169
511
412
507
83
437
159
156
129
312
40
271
168
416
59
86
8
153
7
64
481
68
110
27
52
101
1
130
33
138
4
661
198
221
85
245
41
222
100
3
61
172
25
323
375
125
55
130
5
21
118
269
254
89
151
169
183
408
313
181
427
218
418
27
60
86
310
351
30
198
115
94
515
10
369
215
557
427
248
415
178
123
228
528
112
250
289
3
103
79
86
219
452
69
239
53
86
46
410
54
119
353
34
111
298
123
326
278
68
184
2
227
190
30
5
163
56
321
444
32
219
61
137
26
370
621
34
331
220
370
302
471
179
264
177
95
239
148
169
230
333
142
485
81
51
842
65
123
96
304
96
195
76
155
47
245
569
85
172
329
378
219
165
412
408
22
212
13
7
3
88
308
227
38
610
32
361
347
185
105
127
286
220
69
189
392
378
231
59
72
302
253
391
311
12
95
72
158
173
47
19
185
52
200
57
40
153
282
130
164
212
190
322
136
18
259
225
318
403
410
259
104
92
134
301
85
92
280
100
66
282
200
578
204
85
121
71
272
774
160
162
608
19
28
293
205
14
102
556
340
375
216
306
162
527
46
107
596
103
112
134
100
163
90
297
541
421
92
220
197
88
9
340
184
110
39
153
122
442
397
15
202
5
426
154
231
29
356
268
240
132
280
260
189
241
310
40
278
256
296
67
244
583
37
135
190
99
59
93
53
107
309
630
233
100
26
91
296
124
355
83
155
260
312
163
364
86
123
64
140
505
47
137
233
41
73
22
62
27
169
14
168
335
608
137
327
456
30
496
108
175
112
127
415
87
89
211
159
174
81
363
87
244
9
528
177
356
24
206
331
132
10
654
31
431
462
50
81
95
157
197
432
61
64
42
40
563
334
313
80
28
16
117
346
26
118
50
333
227
68
100
361
31
5
187
24
54
145
98
175
66
266
11
5
351
320
197
190
268
94
180
66
318
173
314
330
16
36
37
602
235
86
128
138
96
382
50
68
102
511
462
213
83
161
143
179
47
290
179
196
334
191
77
22
39
656
316
57
98
86
235
395
29
244
419
230
163
230
220
44
27
262
169
433
78
518
300
24
169
399
156
163
73
198
201
207
287
133
500
106
538
339
277
273
160
638
36
184
59
71
118
36
515
383
280
286
36
251
578
190
194
355
26
105
234
82
348
632
120
190
251
298
67
395
980
74
479
487
102
394
161
351
98
90
93
525
380
321
51
59
22
384
149
472
395
241
200
403
230
368
51
75
147
44
156
428
115
60
355
36
91
365
122
32
181
194
151
139
298
45
252
115
179
26
310
94
297
51
396
325
135
151
412
392
140
290
229
146
107
185
151
39
557
132
496
37
392
92
142
274
375
42
49
57
264
225
11
162
66
101
118
89
327
245
177
135
352
78
72
240
529
4
366
48
10
210
120
287
354
59
538
8
225
219
235
348
16
265
137
360
532
90
269
264
294
436
143
44
131
280
139
23
9
237
341
230
28
77
127
516
216
229
398
415
333
97
63
55
206
163
64
226
94
239
309
109
115
102
478
98
7
47
277
12
373
219
488
137
446
215
272
85
388
51
520
22
215
11
587
32
314
121
151
448
287
551
343
51
259
190
68
340
98
131
34
221
265
176
96
660
592
12
199
68
197
388
152
284
119
135
152
233
48
731
494
260
37
311
343
166
232
218
263
111
58
18
397
797
363
235
151
132
302
119
247
561
58
178
114
117
177
314
279
205
2
546
226
30
108
190
214
63
214
103
535
313
49
43
79
436
22
78
118
370
32
244
354
415
279
173
314
28
61
118
165
194
261
386
53
340
3
16
93
232
443
128
413
111
358
30
182
317
119
306
66
339
4
1
213
244
3
3
51
6
21
22
414
339
234
217
297
189
128
333
474
361
369
116
214
6
77
145
86
424
86
427
744
294
16
4
455
89
58
92
497
207
366
78
192
100
402
201
140
361
93
339
422
295
33
257
260
521
95
455
100
512
74
79
182
255
336
180
44
89
169
62
23
323
12
475
148
471
298
395
191
9
311
79
54
221
446
235
23
102
75
39
141
42
64
380
568
275
376
686
304
185
377
285
422
59
351
411
297
221
123
418
267
388
338
409
369
240
271
39
404
12
25
503
168
109
24
245
575
229
98
434
379
244
169
93
72
85
56
138
277
143
385
45
176
2
93
81
463
223
560
143
119
270
26
117
116
459
258
114
536
11
234
284
22
138
609
163
412
525
106
259
142
185
32
224
161
281
62
542
126
431
334
625
4
29
269
139
287
626
89
390
265
305
188
298
99
66
308
153
261
455
616
270
205
224
77
263
140
259
273
509
103
68
148
75
410
99
319
380
44
369
176
63
42
70
469
142
93
211
178
139
59
108
25
391
9
180
153
108
70
122
73
176
64
3
240
122
201
181
501
374
194
254
147
57
174
272
292
22
320
84
447
238
287
112
589
240
104
139
103
148
246
38
105
163
333
93
16
452
90
312
266
441
107
106
80
677
401
124
159
110
355
33
282
242
70
305
200
65
44
198
4
134
230
79
3
291
126
379
71
21
89
5
2
157
190
19
494
95
215
249
149
194
199
1
136
112
37
303
346
108
451
115
139
483
253
49
280
157
180
194
127
34
271
245
575
468
81
416
532
333
296
279
241
351
424
139
100
237
15
25
537
313
96
400
6
81
130
17
72
23
95
291
466
431
242
108
12
236
183
102
13
114
386
184
12
71
1
294
364
63
230
21
165
54
277
420
147
168
35
155
27
145
27
250
317
333
684
305
153
269
279
382
87
175
199
340
275
4
493
46
317
121
296
151
213
287
159
338
422
125
204
167
303
335
409
49
198
141
300
388
21
328
192
100
74
463
339
219
190
11
9
50
243
287
75
119
52
188
42
124
36
151
322
383
62
129
369
143
40
234
47
95
196
220
294
32
4
195
362
402
138
405
15
177
76
121
400
161
106
53
32
54
19
462
173
232
131
129
34
94
3
13
43
209
140
302
200
286
328
403
63
74
153
172
97
5
89
190
273
300
191
705
36
457
397
321
105
74
152
177
308
745
361
114
110
127
112
114
134
283
224
150
212
185
317
358
66
6
330
78
169
267
558
188
159
39
442
316
360
126
148
215
206
234
248
248
137
422
36
580
310
33
6
161
264
331
16
113
142
173
89
456
217
166
70
286
42
9
473
38
370
108
280
108
696
187
167
77
37
121
98
166
49
456
62
619
187
33
221
94
102
20
185
66
17
77
216
25
114
283
267
301
204
59
260
523
321
70
68
417
284
36
105
22
206
434
132
255
343
138
117
583
104
230
246
49
59
539
73
289
59
15
89
34
288
7
89
223
44
93
89
208
136
119
67
133
203
633
283
95
2
58
213
246
240
234
159
26
30
404
251
17
387
463
414
20
62
218
335
320
69
247
1
247
154
155
68
204
68
272
202
9
500
207
484
153
94
186
118
58
22
91
129
466
633
525
139
117
226
32
174
180
210
138
166
290
44
17
82
294
236
165
422
152
187
186
119
44
167
504
118
128
76
404
525
275
129
35
26
82
454
164
145
406
254
41
333
197
286
276
100
693
188
66
84
278
823
417
805
523
275
130
620
318
223
101
125
122
503
270
58
436
396
7
169
349
386
87
13
699
226
355
177
163
512
185
31
78
351
165
193
120
327
209
114
214
344
141
533
406
69
214
388
486
33
121
285
140
385
534
347
398
219
242
550
72
181
208
77
220
99
214
78
52
268
166
238
201
106
169
137
22
348
41
156
452
101
44
26
363
6
151
121
516
137
466
191
109
94
406
67
193
386
276
54
266
456
143
122
318
17
175
132
278
24
320
178
3
580
458
173
657
143
147
416
34
212
184
90
284
285
133
341
127
151
365
207
98
636
350
429
98
146
65
3
428
242
11
62
113
213
170
66
182
50
274
412
69
207
293
149
30
410
166
111
126
355
236
455
116
328
5
241
247
299
228
171
151
141
24
143
143
471
790
507
6
230
84
81
86
6
141
57
234
247
422
196
288
43
371
36
66
139
116
131
33
68
82
81
45
206
169
224
228
300
82
190
8
434
218
492
140
35
328
561
195
201
147
57
442
36
38
206
40
521
216
148
205
274
67
408
221
32
269
234
132
55
289
235
220
83
138
65
166
247
195
55
320
59
379
127
61
244
721
376
162
4
80
251
641
287
547
70
338
104
478
219
1
318
29
153
81
37
263
173
73
19
8
81
121
133
386
292
575
477
309
155
147
199
238
72
40
15
114
219
482
4
88
174
157
386
166
30
248
427
29
274
21
113
47
67
144
273
326
9
43
1
504
63
370
41
64
150
439
59
86
346
36
27
106
444
562
54
204
354
403
226
100
318
582
312
167
124
183
611
299
65
67
505
332
633
40
84
80
389
365
77
129
54
116
55
212
266
31
205
15
153
190
60
17
131
367
277
315
225
248
182
532
671
42
186
191
561
43
67
234
22
473
21
62
198
63
89
19
416
138
189
67
224
14
17
94
357
233
227
406
289
139
440
86
105
294
184
54
24
53
495
277
82
394
425
117
120
91
214
71
199
170
360
542
199
17
509
395
118
203
306
57
634
184
25
384
114
5
320
249
55
216
177
320
204
174
164
590
250
35
31
7
574
85
250
257
162
47
70
160
114
46
125
118
470
292
52
520
373
117
408
360
352
118
405
345
455
331
283
9
196
29
41
193
519
308
243
106
706
234
200
319
249
12
15
118
588
540
127
16
288
95
129
18
176
290
275
245
81
108
149
142
20
421
439
197
13
383
231
248
368
180
216
23
368
197
47
290
271
320
130
283
772
132
193
223
474
133
101
168
146
52
128
312
189
312
136
314
216
293
384
195
44
52
376
15
21
421
114
390
671
90
374
114
229
253
167
18
180
197
317
11
159
124
283
119
138
52
413
97
123
360
419
562
192
94
123
375
30
140
129
339
27
5
143
248
141
301
232
12
142
205
757
367
264
5
82
284
222
196
118
372
44
93
27
430
314
140
59
239
714
16
249
440
326
204
338
133
412
672
356
44
264
63
117
160
36
442
272
114
11
249
6
294
409
246
116
212
309
321
91
59
116
161
113
75
144
99
213
23
36
159
198
89
122
213
10
173
350
40
121
148
215
33
321
247
183
109
95
517
280
143
102
96
391
63
271
427
159
99
304
274
62
74
80
426
121
36
23
155
267
665
327
87
41
9
263
177
92
225
378
297
122
68
98
260
272
220
234
107
203
216
150
37
19
40
91
171
96
676
112
343
289
42
479
428
390
230
333
411
233
9
645
244
242
277
359
708
36
166
182
171
535
581
42
370
190
48
159
217
364
390
403
225
304
107
548
247
209
226
336
377
181
11
69
246
227
289
55
254
557
248
312
176
15
69
15
264
10
356
377
6
279
536
169
11
186
122
15
82
267
165
132
672
1
223
206
62
125
33
114
19
446
353
160
123
0
157
63
583
562
292
142
52
377
456
319
161
156
483
141
54
181
75
486
542
299
129
26
90
110
108
302
355
38
290
23
126
1
7
210
670
110
112
165
434
220
33
530
303
336
547
84
205
259
145
88
196
532
280
6
410
186
659
4
139
613
305
306
135
68
85
63
192
326
121
8
236
415
38
332
53
26
67
163
472
165
265
262
325
150
137
57
123
112
352
365
204
198
516
198
284
72
191
523
64
61
143
138
138
248
15
44
107
100
248
402
153
9
190
223
59
116
237
260
86
153
484
500
378
207
91
498
116
92
380
86
95
330
44
647
154
350
344
329
37
38
522
168
192
156
164
100
113
275
263
158
224
154
464
354
44
83
743
141
228
79
211
266
452
42
138
147
304
179
470
376
8
128
287
129
110
454
241
410
18
170
124
403
168
389
155
76
13
132
23
330
360
106
339
123
110
399
102
277
67
349
9
288
131
391
12
20
427
107
112
139
236
24
106
721
313
76
203
180
269
199
137
371
485
154
270
21
65
246
132
277
106
119
40
20
134
111
46
7
255
166
541
614
51
158
149
566
195
24
218
169
368
254
46
178
145
564
512
639
34
2
138
222
70
222
153
287
278
130
372
90
438
122
282
9
679
74
42
371
90
93
74
218
105
548
314
340
158
34
182
157
511
206
160
153
259
177
266
193
3
60
312
440
54
214
227
60
289
130
0
344
149
30
283
240
332
170
152
65
301
441
55
214
96
293
144
448
251
49
175
286
569
39
341
450
337
6
59
186
48
506
201
111
143
211
108
444
183
290
39
107
60
228
195
107
52
276
17
193
64
374
32
159
136
44
237
113
278
179
237
116
148
373
182
601
194
269
571
80
98
99
25
0
549
188
8
140
113
98
131
390
166
615
254
116
233
209
120
538
371
214
337
180
238
454
143
270
338
87
259
60
36
228
474
104
161
0
565
12
7
11
234
305
217
103
69
152
363
78
184
313
47
327
207
154
719
417
483
388
136
37
137
293
90
349
497
64
342
439
69
134
274
658
18
433
325
241
210
217
125
117
277
76
247
443
434
470
147
34
138
156
225
94
175
212
270
154
455
251
64
424
278
17
2
41
222
109
8
478
218
128
191
170
445
317
127
6
347
298
156
283
100
186
185
123
20
66
407
408
57
103
104
171
1
478
255
203
17
244
199
133
175
104
259
59
402
583
153
62
6
215
119
215
98
131
298
47
192
178
77
60
218
210
86
499
325
203
99
222
161
203
32
226
42
100
8
613
12
261
280
503
411
173
132
276
164
113
381
465
132
123
382
53
518
281
206
200
454
111
100
196
17
71
100
45
515
190
357
153
94
44
116
396
412
141
295
107
227
146
32
503
505
124
67
367
66
488
49
321
608
111
305
185
245
146
78
187
476
121
15
85
310
243
23
199
131
330
165
184
130
192
82
169
171
486
366
20
59
191
385
47
64
306
180
62
69
404
122
65
518
167
135
269
32
455
174
354
590
634
386
316
6
102
626
173
259
331
51
109
417
69
141
926
250
136
300
340
188
348
683
67
9
234
151
42
428
252
78
104
151
374
107
198
48
171
124
390
245
198
159
484
950
47
428
351
637
578
51
142
230
235
372
