This is XeTeX, Version 3.14159265-2.6-0.999991 (TeX Live 2019/W32TeX) (preloaded format=xelatex 2019.6.8)  2 OCT 2019 20:22
entering extended mode
 restricted \write18 enabled.
 file:line:error style messages enabled.
 %&-line parsing enabled.
**Problem
(./Problem.tex
LaTeX2e <2018-12-01>
(d:/Programs/System/texlive/2019/texmf-dist/tex/latex/base/article.cls
Document Class: article 2018/09/03 v1.4i Standard LaTeX document class
(d:/Programs/System/texlive/2019/texmf-dist/tex/latex/base/size12.clo
File: size12.clo 2018/09/03 v1.4i Standard LaTeX file (size option)
)
\c@part=\count80
\c@section=\count81
\c@subsection=\count82
\c@subsubsection=\count83
\c@paragraph=\count84
\c@subparagraph=\count85
\c@figure=\count86
\c@table=\count87
\abovecaptionskip=\skip41
\belowcaptionskip=\skip42
\bibindent=\dimen102
) (d:/Programs/System/texlive/2019/texmf-dist/tex/latex/amsmath/amsmath.sty
Package: amsmath 2018/12/01 v2.17b AMS math features
\@mathmargin=\skip43

For additional information on amsmath, use the `?' option.
(d:/Programs/System/texlive/2019/texmf-dist/tex/latex/amsmath/amstext.sty
Package: amstext 2000/06/29 v2.01 AMS text
 (d:/Programs/System/texlive/2019/texmf-dist/tex/latex/amsmath/amsgen.sty
File: amsgen.sty 1999/11/30 v2.0 generic functions
\@emptytoks=\toks14
\ex@=\dimen103
)) (d:/Programs/System/texlive/2019/texmf-dist/tex/latex/amsmath/amsbsy.sty
Package: amsbsy 1999/11/29 v1.2d Bold Symbols
\pmbraise@=\dimen104
) (d:/Programs/System/texlive/2019/texmf-dist/tex/latex/amsmath/amsopn.sty
Package: amsopn 2016/03/08 v2.02 operator names
)
\inf@bad=\count88
LaTeX Info: Redefining \frac on input line 223.
\uproot@=\count89
\leftroot@=\count90
LaTeX Info: Redefining \overline on input line 385.
\classnum@=\count91
\DOTSCASE@=\count92
LaTeX Info: Redefining \ldots on input line 482.
LaTeX Info: Redefining \dots on input line 485.
LaTeX Info: Redefining \cdots on input line 606.
\Mathstrutbox@=\box27
\strutbox@=\box28
\big@size=\dimen105
LaTeX Font Info:    Redeclaring font encoding OML on input line 729.
LaTeX Font Info:    Redeclaring font encoding OMS on input line 730.
\macc@depth=\count93
\c@MaxMatrixCols=\count94
\dotsspace@=\muskip10
\c@parentequation=\count95
\dspbrk@lvl=\count96
\tag@help=\toks15
\row@=\count97
\column@=\count98
\maxfields@=\count99
\andhelp@=\toks16
\eqnshift@=\dimen106
\alignsep@=\dimen107
\tagshift@=\dimen108
\tagwidth@=\dimen109
\totwidth@=\dimen110
\lineht@=\dimen111
\@envbody=\toks17
\multlinegap=\skip44
\multlinetaggap=\skip45
\mathdisplay@stack=\toks18
LaTeX Info: Redefining \[ on input line 2844.
LaTeX Info: Redefining \] on input line 2845.
) (d:/Programs/System/texlive/2019/texmf-dist/tex/latex/fontspec/fontspec.sty (d:/Programs/System/texlive/2019/texmf-dist/tex/latex/l3packages/xparse/xparse.sty (d:/Programs/System/texlive/2019/texmf-dist/tex/latex/l3kernel/expl3.sty
Package: expl3 2019-05-28 L3 programming layer (loader) 
 (d:/Programs/System/texlive/2019/texmf-dist/tex/latex/l3kernel/expl3-code.tex
Package: expl3 2019-05-28 L3 programming layer (code)
\c_max_int=\count100
\l_tmpa_int=\count101
\l_tmpb_int=\count102
\g_tmpa_int=\count103
\g_tmpb_int=\count104
\g__kernel_prg_map_int=\count105
\c__ior_term_ior=\count106
\c_log_iow=\count107
\l_iow_line_count_int=\count108
\l__iow_line_target_int=\count109
\l__iow_one_indent_int=\count110
\l__iow_indent_int=\count111
\c_zero_dim=\dimen112
\c_max_dim=\dimen113
\l_tmpa_dim=\dimen114
\l_tmpb_dim=\dimen115
\g_tmpa_dim=\dimen116
\g_tmpb_dim=\dimen117
\c_zero_skip=\skip46
\c_max_skip=\skip47
\l_tmpa_skip=\skip48
\l_tmpb_skip=\skip49
\g_tmpa_skip=\skip50
\g_tmpb_skip=\skip51
\c_zero_muskip=\muskip11
\c_max_muskip=\muskip12
\l_tmpa_muskip=\muskip13
\l_tmpb_muskip=\muskip14
\g_tmpa_muskip=\muskip15
\g_tmpb_muskip=\muskip16
\l_keys_choice_int=\count112
\l__intarray_loop_int=\count113
\c__intarray_sp_dim=\dimen118
\g__intarray_font_int=\count114
\c__fp_leading_shift_int=\count115
\c__fp_middle_shift_int=\count116
\c__fp_trailing_shift_int=\count117
\c__fp_big_leading_shift_int=\count118
\c__fp_big_middle_shift_int=\count119
\c__fp_big_trailing_shift_int=\count120
\c__fp_Bigg_leading_shift_int=\count121
\c__fp_Bigg_middle_shift_int=\count122
\c__fp_Bigg_trailing_shift_int=\count123
\g__fp_array_int=\count124
\l__fp_array_loop_int=\count125
\l__sort_length_int=\count126
\l__sort_min_int=\count127
\l__sort_top_int=\count128
\l__sort_max_int=\count129
\l__sort_true_max_int=\count130
\l__sort_block_int=\count131
\l__sort_begin_int=\count132
\l__sort_end_int=\count133
\l__sort_A_int=\count134
\l__sort_B_int=\count135
\l__sort_C_int=\count136
\l__tl_analysis_normal_int=\count137
\l__tl_analysis_index_int=\count138
\l__tl_analysis_nesting_int=\count139
\l__tl_analysis_type_int=\count140
\l__regex_internal_a_int=\count141
\l__regex_internal_b_int=\count142
\l__regex_internal_c_int=\count143
\l__regex_balance_int=\count144
\l__regex_group_level_int=\count145
\l__regex_mode_int=\count146
\c__regex_cs_in_class_mode_int=\count147
\c__regex_cs_mode_int=\count148
\l__regex_catcodes_int=\count149
\l__regex_default_catcodes_int=\count150
\c__regex_catcode_L_int=\count151
\c__regex_catcode_O_int=\count152
\c__regex_catcode_A_int=\count153
\c__regex_all_catcodes_int=\count154
\l__regex_show_lines_int=\count155
\l__regex_min_state_int=\count156
\l__regex_max_state_int=\count157
\l__regex_left_state_int=\count158
\l__regex_right_state_int=\count159
\l__regex_capturing_group_int=\count160
\l__regex_min_pos_int=\count161
\l__regex_max_pos_int=\count162
\l__regex_curr_pos_int=\count163
\l__regex_start_pos_int=\count164
\l__regex_success_pos_int=\count165
\l__regex_curr_char_int=\count166
\l__regex_curr_catcode_int=\count167
\l__regex_last_char_int=\count168
\l__regex_case_changed_char_int=\count169
\l__regex_curr_state_int=\count170
\l__regex_step_int=\count171
\l__regex_min_active_int=\count172
\l__regex_max_active_int=\count173
\l__regex_replacement_csnames_int=\count174
\l__regex_match_count_int=\count175
\l__regex_min_submatch_int=\count176
\l__regex_submatch_int=\count177
\l__regex_zeroth_submatch_int=\count178
\g__regex_trace_regex_int=\count179
\c_empty_box=\box29
\l_tmpa_box=\box30
\l_tmpb_box=\box31
\g_tmpa_box=\box32
\g_tmpb_box=\box33
\l__box_top_dim=\dimen119
\l__box_bottom_dim=\dimen120
\l__box_left_dim=\dimen121
\l__box_right_dim=\dimen122
\l__box_top_new_dim=\dimen123
\l__box_bottom_new_dim=\dimen124
\l__box_left_new_dim=\dimen125
\l__box_right_new_dim=\dimen126
\l__box_internal_box=\box34
\l__coffin_internal_box=\box35
\l__coffin_internal_dim=\dimen127
\l__coffin_offset_x_dim=\dimen128
\l__coffin_offset_y_dim=\dimen129
\l__coffin_x_dim=\dimen130
\l__coffin_y_dim=\dimen131
\l__coffin_x_prime_dim=\dimen132
\l__coffin_y_prime_dim=\dimen133
\c_empty_coffin=\box36
\l__coffin_aligned_coffin=\box37
\l__coffin_aligned_internal_coffin=\box38
\l_tmpa_coffin=\box39
\l_tmpb_coffin=\box40
\g_tmpa_coffin=\box41
\g_tmpb_coffin=\box42
\l__coffin_bounding_shift_dim=\dimen134
\l__coffin_left_corner_dim=\dimen135
\l__coffin_right_corner_dim=\dimen136
\l__coffin_bottom_corner_dim=\dimen137
\l__coffin_top_corner_dim=\dimen138
\l__coffin_scaled_total_height_dim=\dimen139
\l__coffin_scaled_width_dim=\dimen140
\c__coffin_empty_coffin=\box43
\l__coffin_display_coffin=\box44
\l__coffin_display_coord_coffin=\box45
\l__coffin_display_pole_coffin=\box46
\l__coffin_display_offset_dim=\dimen141
\l__coffin_display_x_dim=\dimen142
\l__coffin_display_y_dim=\dimen143
\g__file_internal_ior=\read1
\l__seq_internal_a_int=\count180
\l__seq_internal_b_int=\count181
\c__deprecation_minus_one=\count182
) (d:/Programs/System/texlive/2019/texmf-dist/tex/latex/l3kernel/l3xdvipdfmx.def
File: l3xdvipdfmx.def 2019-04-06 v L3 Experimental driver: xdvipdfmx
\l__driver_internal_box=\box47
\g__driver_graphics_int=\count183
\g__driver_pdf_object_int=\count184
\g__driver_pdf_annotation_int=\count185
))
Package: xparse 2019-05-28 L3 Experimental document command parser
\l__xparse_current_arg_int=\count186
\g__xparse_grabber_int=\count187
\l__xparse_m_args_int=\count188
\l__xparse_v_nesting_int=\count189
)
Package: fontspec 2019/03/15 v2.7c Font selection for XeLaTeX and LuaLaTeX
 (d:/Programs/System/texlive/2019/texmf-dist/tex/latex/fontspec/fontspec-xetex.sty
Package: fontspec-xetex 2019/03/15 v2.7c Font selection for XeLaTeX and LuaLaTeX
\l__fontspec_script_int=\count190
\l__fontspec_language_int=\count191
\l__fontspec_strnum_int=\count192
\l__fontspec_tmp_int=\count193
\l__fontspec_tmpa_int=\count194
\l__fontspec_tmpb_int=\count195
\l__fontspec_tmpc_int=\count196
\l__fontspec_em_int=\count197
\l__fontspec_emdef_int=\count198
\l__fontspec_strong_int=\count199
\l__fontspec_strongdef_int=\count266
\l__fontspec_tmpa_dim=\dimen144
\l__fontspec_tmpb_dim=\dimen145
\l__fontspec_tmpc_dim=\dimen146
 (d:/Programs/System/texlive/2019/texmf-dist/tex/latex/base/fontenc.sty
Package: fontenc 2018/08/11 v2.0j Standard LaTeX package
 (d:/Programs/System/texlive/2019/texmf-dist/tex/latex/base/tuenc.def
File: tuenc.def 2018/08/11 v2.0j Standard LaTeX file
LaTeX Font Info:    Redeclaring font encoding TU on input line 82.
)) (d:/Programs/System/texlive/2019/texmf-dist/tex/latex/fontspec/fontspec.cfg)
LaTeX Info: Redefining \itshape on input line 4051.
LaTeX Info: Redefining \slshape on input line 4056.
LaTeX Info: Redefining \scshape on input line 4061.
LaTeX Info: Redefining \upshape on input line 4066.
LaTeX Info: Redefining \em on input line 4096.
LaTeX Info: Redefining \emph on input line 4121.
)) (d:/Programs/System/texlive/2019/texmf-dist/tex/xelatex/xunicode/xunicode.sty
File: xunicode.sty 2011/09/09 v0.981 provides access to latin accents and many other characters in Unicode lower plane
 (d:/Programs/System/texlive/2019/texmf-dist/tex/latex/tipa/t3enc.def
File: t3enc.def 2001/12/31 T3 encoding
)
\tipaTiiicode=\count267
\tipasavetokens=\toks19
\tipachecktokens=\toks20
 (d:/Programs/System/texlive/2019/texmf-dist/tex/latex/graphics/graphicx.sty
Package: graphicx 2017/06/01 v1.1a Enhanced LaTeX Graphics (DPC,SPQR)
 (d:/Programs/System/texlive/2019/texmf-dist/tex/latex/graphics/keyval.sty
Package: keyval 2014/10/28 v1.15 key=value parser (DPC)
\KV@toks@=\toks21
) (d:/Programs/System/texlive/2019/texmf-dist/tex/latex/graphics/graphics.sty
Package: graphics 2017/06/25 v1.2c Standard LaTeX Graphics (DPC,SPQR)
 (d:/Programs/System/texlive/2019/texmf-dist/tex/latex/graphics/trig.sty
Package: trig 2016/01/03 v1.10 sin cos tan (DPC)
) (d:/Programs/System/texlive/2019/texmf-dist/tex/latex/graphics-cfg/graphics.cfg
File: graphics.cfg 2016/06/04 v1.11 sample graphics configuration
)
Package graphics Info: Driver file: xetex.def on input line 99.
 (d:/Programs/System/texlive/2019/texmf-dist/tex/latex/graphics-def/xetex.def
File: xetex.def 2017/06/24 v5.0h Graphics/color driver for xetex
))
\Gin@req@height=\dimen147
\Gin@req@width=\dimen148
)) (d:/Programs/System/texlive/2019/texmf-dist/tex/xelatex/xltxtra/xltxtra.sty
Package: xltxtra 2018/12/31 v0.7 Improvements for the "XeLaTeX" format
 (d:/Programs/System/texlive/2019/texmf-dist/tex/generic/oberdiek/ifluatex.sty
Package: ifluatex 2016/05/16 v1.4 Provides the ifluatex switch (HO)
Package ifluatex Info: LuaTeX not detected.
) (d:/Programs/System/texlive/2019/texmf-dist/tex/generic/ifxetex/ifxetex.sty
Package: ifxetex 2010/09/12 v0.6 Provides ifxetex conditional
) (d:/Programs/System/texlive/2019/texmf-dist/tex/latex/realscripts/realscripts.sty
Package: realscripts 2016/02/13 v0.3d Access OpenType subscripts and superscripts
\subsupersep=\dimen149
) (d:/Programs/System/texlive/2019/texmf-dist/tex/latex/metalogo/metalogo.sty
Package: metalogo 2010/05/29 v0.12 Extended TeX logo macros
\xl@everylogo=\toks22
\xl@@everylogo=\toks23
LaTeX Info: Redefining \TeX on input line 193.
LaTeX Info: Redefining \LaTeX on input line 202.
LaTeX Info: Redefining \LaTeXe on input line 219.
)
\l__xetex_show_hyphens_wrapping_box=\box48
\l__xetex_show_hyphens_temp_box=\box49
\l__xetex_show_hyphens_final_box=\box50
\g__xetex_show_hyphens_word_box=\box51
) (d:/Programs/System/texlive/2019/texmf-dist/tex/latex/ctex/ctex.sty
Package: ctex 2019/05/29 v2.4.16 Chinese adapter in LaTeX (CTEX)
 (d:/Programs/System/texlive/2019/texmf-dist/tex/latex/l3packages/l3keys2e/l3keys2e.sty
Package: l3keys2e 2019-05-28 LaTeX2e option processing using LaTeX3 keys
) (d:/Programs/System/texlive/2019/texmf-dist/tex/latex/ctex/ctexhook.sty
Package: ctexhook 2019/05/29 v2.4.16 Document and package hooks (CTEX)
) (d:/Programs/System/texlive/2019/texmf-dist/tex/latex/ctex/ctexpatch.sty
Package: ctexpatch 2019/05/29 v2.4.16 Patching commands (CTEX)
) (d:/Programs/System/texlive/2019/texmf-dist/tex/latex/base/fix-cm.sty
Package: fix-cm 2015/01/14 v1.1t fixes to LaTeX
 (d:/Programs/System/texlive/2019/texmf-dist/tex/latex/base/ts1enc.def
File: ts1enc.def 2001/06/05 v3.0e (jk/car/fm) Standard LaTeX file
)) (d:/Programs/System/texlive/2019/texmf-dist/tex/latex/ms/everysel.sty
Package: everysel 2011/10/28 v1.2 EverySelectfont Package (MS)
)
\l__ctex_tmp_int=\count268
\l__ctex_tmp_box=\box52
\l__ctex_tmp_dim=\dimen150
\g__ctex_section_depth_int=\count269
\g__ctex_font_size_int=\count270
 (d:/Programs/System/texlive/2019/texmf-dist/tex/latex/ctex/config/ctexopts.cfg
File: ctexopts.cfg 2019/05/29 v2.4.16 Option configuration file (CTEX)
) (d:/Programs/System/texlive/2019/texmf-dist/tex/latex/ctex/engine/ctex-engine-xetex.def
File: ctex-engine-xetex.def 2019/05/29 v2.4.16 XeLaTeX adapter (CTEX)
 (d:/Programs/System/texlive/2019/texmf-dist/tex/xelatex/xecjk/xeCJK.sty
Package: xeCJK 2019/06/02 v3.7.4 Typesetting CJK scripts with XeLaTeX
 (d:/Programs/System/texlive/2019/texmf-dist/tex/latex/l3packages/xtemplate/xtemplate.sty
Package: xtemplate 2019-05-28 L3 Experimental prototype document functions
\l__xtemplate_tmp_dim=\dimen151
\l__xtemplate_tmp_int=\count271
\l__xtemplate_tmp_muskip=\muskip17
\l__xtemplate_tmp_skip=\skip52
)
\l__xeCJK_tmp_int=\count272
\l__xeCJK_tmp_box=\box53
\l__xeCJK_tmp_dim=\dimen152
\l__xeCJK_tmp_skip=\skip53
\g__xeCJK_space_factor_int=\count273
\l__xeCJK_begin_int=\count274
\l__xeCJK_end_int=\count275
\c__xeCJK_CJK_class_int=\XeTeXcharclass1
\c__xeCJK_FullLeft_class_int=\XeTeXcharclass2
\c__xeCJK_FullRight_class_int=\XeTeXcharclass3
\c__xeCJK_HalfLeft_class_int=\XeTeXcharclass4
\c__xeCJK_HalfRight_class_int=\XeTeXcharclass5
\c__xeCJK_NormalSpace_class_int=\XeTeXcharclass6
\c__xeCJK_CM_class_int=\XeTeXcharclass7
\c__xeCJK_HangulJamo_class_int=\XeTeXcharclass8
\l__xeCJK_last_skip=\skip54
\g__xeCJK_node_int=\count276
\c__xeCJK_CJK_node_dim=\dimen153
\c__xeCJK_CJK-space_node_dim=\dimen154
\c__xeCJK_default_node_dim=\dimen155
\c__xeCJK_default-space_node_dim=\dimen156
\c__xeCJK_CJK-widow_node_dim=\dimen157
\c__xeCJK_normalspace_node_dim=\dimen158
\l__xeCJK_ccglue_skip=\skip55
\l__xeCJK_ecglue_skip=\skip56
\l__xeCJK_punct_kern_skip=\skip57
\l__xeCJK_last_penalty_int=\count277
\l__xeCJK_last_bound_dim=\dimen159
\l__xeCJK_last_kern_dim=\dimen160
\l__xeCJK_widow_penalty_int=\count278

Package xtemplate Info: Declaring object type 'xeCJK/punctuation' taking 0
(xtemplate)             argument(s) on line 2323.

\l__xeCJK_fixed_punct_width_dim=\dimen161
\l__xeCJK_mixed_punct_width_dim=\dimen162
\l__xeCJK_middle_punct_width_dim=\dimen163
\l__xeCJK_fixed_margin_width_dim=\dimen164
\l__xeCJK_mixed_margin_width_dim=\dimen165
\l__xeCJK_middle_margin_width_dim=\dimen166
\l__xeCJK_bound_punct_width_dim=\dimen167
\l__xeCJK_bound_margin_width_dim=\dimen168
\l__xeCJK_margin_minimum_dim=\dimen169
\l__xeCJK_kerning_total_width_dim=\dimen170
\l__xeCJK_same_align_margin_dim=\dimen171
\l__xeCJK_different_align_margin_dim=\dimen172
\l__xeCJK_kerning_margin_width_dim=\dimen173
\l__xeCJK_kerning_margin_minimum_dim=\dimen174
\l__xeCJK_bound_dim=\dimen175
\l__xeCJK_reverse_bound_dim=\dimen176
\l__xeCJK_margin_dim=\dimen177
\l__xeCJK_minimum_bound_dim=\dimen178
\l__xeCJK_kerning_margin_dim=\dimen179
\g__xeCJK_family_int=\count279
\l__xeCJK_fam_int=\count280
\g__xeCJK_fam_allocation_int=\count281
\l__xeCJK_verb_case_int=\count282
\l__xeCJK_verb_exspace_skip=\skip58
 (d:/Programs/System/texlive/2019/texmf-dist/tex/xelatex/xecjk/xeCJK.cfg
File: xeCJK.cfg 2019/06/02 v3.7.4 Configuration file for xeCJK package
)) (d:/Programs/System/texlive/2019/texmf-dist/tex/xelatex/xecjk/xeCJKfntef.sty
Package: xeCJKfntef 2019/06/02 v3.7.4 xeCJK font effect
 (d:/Programs/System/texlive/2019/texmf-dist/tex/generic/ulem/ulem.sty
\UL@box=\box54
\UL@hyphenbox=\box55
\UL@skip=\skip59
\UL@hook=\toks24
\UL@height=\dimen180
\UL@pe=\count283
\UL@pixel=\dimen181
\ULC@box=\box56
Package: ulem 2012/05/18
\ULdepth=\dimen182
) (d:/Programs/System/texlive/2019/texmf-dist/tex/latex/cjk/texinput/CJKfntef.sty
Package: CJKfntef 2015/04/18 4.8.4
\CJK@fntefSkip=\skip60
\CJK@nest=\count284
\CJK@fntefDimen=\dimen183
\CJK@underdotBox=\box57
\CJK@ULbox=\box58
\CJK@underanyskip=\dimen184
)
\l__xeCJK_space_skip=\skip61
\c__xeCJK_ulem-begin_node_dim=\dimen185
\c__xeCJK_null_box=\box59
\l__xeCJK_fntef_box=\box60
\l__xeCJK_under_symbol_box=\box61
\c__xeCJK_filll_skip=\skip62
)
\ccwd=\dimen186
\l__ctex_ccglue_skip=\skip63
)
\l__ctex_ziju_dim=\dimen187
 (d:/Programs/System/texlive/2019/texmf-dist/tex/latex/zhnumber/zhnumber.sty
Package: zhnumber 2019/04/07 v2.7 Typesetting numbers with Chinese glyphs
\l__zhnum_scale_int=\count285
 (d:/Programs/System/texlive/2019/texmf-dist/tex/latex/zhnumber/zhnumber-utf8.cfg
File: zhnumber-utf8.cfg 2019/04/07 v2.7 Chinese numerals with UTF8 encoding
)) (d:/Programs/System/texlive/2019/texmf-dist/tex/latex/ctex/scheme/ctex-scheme-chinese.def
File: ctex-scheme-chinese.def 2019/05/29 v2.4.16 Chinese scheme for generic (CTEX)
 (d:/Programs/System/texlive/2019/texmf-dist/tex/latex/ctex/config/ctex-name-utf8.cfg
File: ctex-name-utf8.cfg 2019/05/29 v2.4.16 Caption with encoding UTF8 (CTEX)
)) (d:/Programs/System/texlive/2019/texmf-dist/tex/latex/tools/indentfirst.sty
Package: indentfirst 1995/11/23 v1.03 Indent first paragraph (DPC)
) (d:/Programs/System/texlive/2019/texmf-dist/tex/latex/ctex/fontset/ctex-fontset-windows.def
File: ctex-fontset-windows.def 2019/05/29 v2.4.16 Windows fonts definition (CTEX)
 (d:/Programs/System/texlive/2019/texmf-dist/tex/latex/ctex/fontset/ctex-fontset-windowsnew.def
File: ctex-fontset-windowsnew.def 2019/05/29 v2.4.16 Windows fonts definition for Vista or later version (CTEX)

Package fontspec Info: Could not resolve font "KaiTi/B" (it probably doesn't
(fontspec)             exist).


Package fontspec Info: Could not resolve font "SimHei/I" (it probably doesn't
(fontspec)             exist).


Package fontspec Info: Could not resolve font "SimSun/BI" (it probably doesn't
(fontspec)             exist).


Package fontspec Info: Font family 'SimSun(0)' created for font 'SimSun' with
(fontspec)             options
(fontspec)             [Script={CJK},BoldFont={SimHei},ItalicFont={KaiTi}].
(fontspec)              
(fontspec)              This font family consists of the following NFSS
(fontspec)             series/shapes:
(fontspec)              
(fontspec)             - 'normal' (m/n) with NFSS spec.:
(fontspec)             <->"SimSun/OT:script=hani;language=DFLT;"
(fontspec)             - 'small caps'  (m/sc) with NFSS spec.: 
(fontspec)             - 'bold' (bx/n) with NFSS spec.:
(fontspec)             <->"SimHei/OT:script=hani;language=DFLT;"
(fontspec)             - 'bold small caps'  (bx/sc) with NFSS spec.: 
(fontspec)             - 'italic' (m/it) with NFSS spec.:
(fontspec)             <->"KaiTi/OT:script=hani;language=DFLT;"
(fontspec)             - 'italic small caps'  (m/itsc) with NFSS spec.: 

))) (d:/Programs/System/texlive/2019/texmf-dist/tex/latex/ctex/config/ctex.cfg
File: ctex.cfg 2019/05/29 v2.4.16 Configuration file (CTEX)
) (d:/Programs/System/texlive/2019/texmf-dist/tex/latex/listings/listings.sty
\lst@mode=\count286
\lst@gtempboxa=\box62
\lst@token=\toks25
\lst@length=\count287
\lst@currlwidth=\dimen188
\lst@column=\count288
\lst@pos=\count289
\lst@lostspace=\dimen189
\lst@width=\dimen190
\lst@newlines=\count290
\lst@lineno=\count291
\lst@maxwidth=\dimen191
 (d:/Programs/System/texlive/2019/texmf-dist/tex/latex/listings/lstmisc.sty
File: lstmisc.sty 2019/02/27 1.8b (Carsten Heinz)
\c@lstnumber=\count292
\lst@skipnumbers=\count293
\lst@framebox=\box63
) (d:/Programs/System/texlive/2019/texmf-dist/tex/latex/listings/listings.cfg
File: listings.cfg 2019/02/27 1.8b listings configuration
))
Package: listings 2019/02/27 1.8b (Carsten Heinz)
 (d:/Programs/System/texlive/2019/texmf-dist/tex/latex/xcolor/xcolor.sty
Package: xcolor 2016/05/11 v2.12 LaTeX color extensions (UK)
 (d:/Programs/System/texlive/2019/texmf-dist/tex/latex/graphics-cfg/color.cfg
File: color.cfg 2016/01/02 v1.6 sample color configuration
)
Package xcolor Info: Driver file: xetex.def on input line 225.
Package xcolor Info: Model `cmy' substituted by `cmy0' on input line 1348.
Package xcolor Info: Model `RGB' extended on input line 1364.
Package xcolor Info: Model `HTML' substituted by `rgb' on input line 1366.
Package xcolor Info: Model `Hsb' substituted by `hsb' on input line 1367.
Package xcolor Info: Model `tHsb' substituted by `hsb' on input line 1368.
Package xcolor Info: Model `HSB' substituted by `hsb' on input line 1369.
Package xcolor Info: Model `Gray' substituted by `gray' on input line 1370.
Package xcolor Info: Model `wave' substituted by `hsb' on input line 1371.
) (d:/Programs/System/texlive/2019/texmf-dist/tex/latex/footmisc/footmisc.sty
Package: footmisc 2011/06/06 v5.5b a miscellany of footnote facilities
\FN@temptoken=\toks26
\footnotemargin=\dimen192
\c@pp@next@reset=\count294
Package footmisc Info: Declaring symbol style bringhurst on input line 855.
Package footmisc Info: Declaring symbol style chicago on input line 863.
Package footmisc Info: Declaring symbol style wiley on input line 872.
Package footmisc Info: Declaring symbol style lamport-robust on input line 883.
Package footmisc Info: Declaring symbol style lamport* on input line 903.
Package footmisc Info: Declaring symbol style lamport*-robust on input line 924.
) (d:/Programs/System/texlive/2019/texmf-dist/tex/xelatex/xecjk/xunicode-addon.sty
Package: xunicode-addon 2019/06/02 v3.7.4 addon file for xunicode
\l__xunadd_tmp_coffin=\box64
\l__xunadd_circle_coffin=\box65
\l_xunadd_slot_int=\count295
) (d:/Programs/System/texlive/2019/texmf-dist/tex/xelatex/xunicode/xunicode.sty
File: xunicode.sty 2011/09/09 v0.981 provides access to latin accents and many other characters in Unicode lower plane

*** Reloading Xunicode for encoding 'TU' ***
) (d:/Programs/System/texlive/2019/texmf-dist/tex/xelatex/xecjk/xunicode-extra.def
File: xunicode-extra.def 2019/06/02 v3.7.4 extra definition for xunicode
) (d:/Programs/System/texlive/2019/texmf-dist/tex/xelatex/xecjk/xeCJK-listings.sty
Package: xeCJK-listings 2019/06/02 v3.7.4 xeCJK patch file for listings
\l__xeCJK_listings_max_char_int=\count296
\l__xeCJK_listings_flag_int=\count297
) (./Problem.aux)
\openout1 = `Problem.aux'.

LaTeX Font Info:    Checking defaults for OML/cmm/m/it on input line 22.
LaTeX Font Info:    ... okay on input line 22.
LaTeX Font Info:    Checking defaults for T1/cmr/m/n on input line 22.
LaTeX Font Info:    ... okay on input line 22.
LaTeX Font Info:    Checking defaults for OT1/cmr/m/n on input line 22.
LaTeX Font Info:    ... okay on input line 22.
LaTeX Font Info:    Checking defaults for OMS/cmsy/m/n on input line 22.
LaTeX Font Info:    ... okay on input line 22.
LaTeX Font Info:    Checking defaults for TU/lmr/m/n on input line 22.
LaTeX Font Info:    ... okay on input line 22.
LaTeX Font Info:    Checking defaults for OMX/cmex/m/n on input line 22.
LaTeX Font Info:    ... okay on input line 22.
LaTeX Font Info:    Checking defaults for U/cmr/m/n on input line 22.
LaTeX Font Info:    ... okay on input line 22.
LaTeX Font Info:    Checking defaults for T3/cmr/m/n on input line 22.
LaTeX Font Info:    Try loading font information for T3+cmr on input line 22.
 (d:/Programs/System/texlive/2019/texmf-dist/tex/latex/tipa/t3cmr.fd
File: t3cmr.fd 2001/12/31 TIPA font definitions
)
LaTeX Font Info:    ... okay on input line 22.
LaTeX Font Info:    Checking defaults for TS1/cmr/m/n on input line 22.
LaTeX Font Info:    ... okay on input line 22.

Package fontspec Info: Adjusting the maths setup (use [no-math] to avoid
(fontspec)             this).

\symlegacymaths=\mathgroup4
LaTeX Font Info:    Overwriting symbol font `legacymaths' in version `bold'
(Font)                  OT1/cmr/m/n --> OT1/cmr/bx/n on input line 22.
LaTeX Font Info:    Redeclaring math accent \acute on input line 22.
LaTeX Font Info:    Redeclaring math accent \grave on input line 22.
LaTeX Font Info:    Redeclaring math accent \ddot on input line 22.
LaTeX Font Info:    Redeclaring math accent \tilde on input line 22.
LaTeX Font Info:    Redeclaring math accent \bar on input line 22.
LaTeX Font Info:    Redeclaring math accent \breve on input line 22.
LaTeX Font Info:    Redeclaring math accent \check on input line 22.
LaTeX Font Info:    Redeclaring math accent \hat on input line 22.
LaTeX Font Info:    Redeclaring math accent \dot on input line 22.
LaTeX Font Info:    Redeclaring math accent \mathring on input line 22.
LaTeX Font Info:    Redeclaring math symbol \Gamma on input line 22.
LaTeX Font Info:    Redeclaring math symbol \Delta on input line 22.
LaTeX Font Info:    Redeclaring math symbol \Theta on input line 22.
LaTeX Font Info:    Redeclaring math symbol \Lambda on input line 22.
LaTeX Font Info:    Redeclaring math symbol \Xi on input line 22.
LaTeX Font Info:    Redeclaring math symbol \Pi on input line 22.
LaTeX Font Info:    Redeclaring math symbol \Sigma on input line 22.
LaTeX Font Info:    Redeclaring math symbol \Upsilon on input line 22.
LaTeX Font Info:    Redeclaring math symbol \Phi on input line 22.
LaTeX Font Info:    Redeclaring math symbol \Psi on input line 22.
LaTeX Font Info:    Redeclaring math symbol \Omega on input line 22.
LaTeX Font Info:    Redeclaring math symbol \mathdollar on input line 22.
LaTeX Font Info:    Redeclaring symbol font `operators' on input line 22.
LaTeX Font Info:    Encoding `OT1' has changed to `TU' for symbol font
(Font)              `operators' in the math version `normal' on input line 22.
LaTeX Font Info:    Overwriting symbol font `operators' in version `normal'
(Font)                  OT1/cmr/m/n --> TU/lmr/m/n on input line 22.
LaTeX Font Info:    Encoding `OT1' has changed to `TU' for symbol font
(Font)              `operators' in the math version `bold' on input line 22.
LaTeX Font Info:    Overwriting symbol font `operators' in version `bold'
(Font)                  OT1/cmr/bx/n --> TU/lmr/m/n on input line 22.
LaTeX Font Info:    Overwriting symbol font `operators' in version `normal'
(Font)                  TU/lmr/m/n --> TU/lmr/m/n on input line 22.
LaTeX Font Info:    Overwriting math alphabet `\mathit' in version `normal'
(Font)                  OT1/cmr/m/it --> TU/lmr/m/it on input line 22.
LaTeX Font Info:    Overwriting math alphabet `\mathbf' in version `normal'
(Font)                  OT1/cmr/bx/n --> TU/lmr/bx/n on input line 22.
LaTeX Font Info:    Overwriting math alphabet `\mathsf' in version `normal'
(Font)                  OT1/cmss/m/n --> TU/lmss/m/n on input line 22.
LaTeX Font Info:    Overwriting math alphabet `\mathtt' in version `normal'
(Font)                  OT1/cmtt/m/n --> TU/lmtt/m/n on input line 22.
LaTeX Font Info:    Overwriting symbol font `operators' in version `bold'
(Font)                  TU/lmr/m/n --> TU/lmr/bx/n on input line 22.
LaTeX Font Info:    Overwriting math alphabet `\mathit' in version `bold'
(Font)                  OT1/cmr/bx/it --> TU/lmr/bx/it on input line 22.
LaTeX Font Info:    Overwriting math alphabet `\mathsf' in version `bold'
(Font)                  OT1/cmss/bx/n --> TU/lmss/bx/n on input line 22.
LaTeX Font Info:    Overwriting math alphabet `\mathtt' in version `bold'
(Font)                  OT1/cmtt/m/n --> TU/lmtt/bx/n on input line 22.
 ABD: EverySelectfont initializing macros
LaTeX Info: Redefining \selectfont on input line 22.
\c@lstlisting=\count298
 [1

]
File: splay.png Graphic file (type bmp)
<splay.png>
 [1]
Overfull \hbox (2.04535pt too wide) in paragraph at lines 56--58
[]\TU/SimSun(0)/m/n/12 假 设 答 案 是 $[]$ 的 形 式，|  那 么 你 需 要 输 出 正 整 数 $\OML/cmm/m/it/12 c$ \TU/SimSun(0)/m/n/12 使 得 $\OML/cmm/m/it/12 cb \OMS/cmsy/m/n/12 ^^Q \OML/cmm/m/it/12 a\OT1/cmr/m/n/12 ([]\OML/cmm/m/it/12 mod\OT1/cmr/m/n/12 )$\TU/SimSun(0)/m/n/12 ，|
 []

(d:/Programs/System/texlive/2019/texmf-dist/tex/latex/listings/lstlang1.sty
File: lstlang1.sty 2019/02/27 1.8b listings language file
) (d:/Programs/System/texlive/2019/texmf-dist/tex/latex/listings/lstlang1.sty
File: lstlang1.sty 2019/02/27 1.8b listings language file
) (d:/Programs/System/texlive/2019/texmf-dist/tex/latex/listings/lstmisc.sty
File: lstmisc.sty 2019/02/27 1.8b (Carsten Heinz)
)
File: hint.png Graphic file (type bmp)
<hint.png>
 [2]
Overfull \hbox (16.00462pt too wide) in paragraph at lines 82--82
[]\TU/SimSun(0)/m/n/12 其 中 有 且 仅 有 第 一 种 情 况 需 要 旋 转 $\OT1/cmr/m/n/12 1$ \TU/SimSun(0)/m/n/12 次，|  故 期 望 旋 转 次 数 为 $[] \OMS/cmsy/m/n/12 ^^Q \OT1/cmr/m/n/12 400000003
 []

[3] [4] [5] [6] [7]
File: hint1.png Graphic file (type bmp)
<hint1.png>
File: hint2.png Graphic file (type bmp)
<hint2.png>
 [8]
File: hint3.png Graphic file (type bmp)
<hint3.png>
File: hint4.png Graphic file (type bmp)
<hint4.png>
 [9]
File: hint5.png Graphic file (type bmp)
<hint5.png>
 [10] (./Problem.aux) ) 
Here is how much of TeX's memory you used:
 24276 strings out of 492909
 491974 string characters out of 6129548
 719304 words of memory out of 5000000
 28122 multiletter control sequences out of 15000+600000
 538564 words of font info for 72 fonts, out of 8000000 for 9000
 1348 hyphenation exceptions out of 8191
 54i,7n,68p,364b,989s stack positions out of 5000i,500n,10000p,200000b,80000s

Output written on Problem.pdf (11 pages).
