0
0
1
1
1
1
1
0
1
1
0
0
2
1
0
1
1
2
1
1
0
0
2
0
2
0
1
0
0
2
2
1
1
1
1
0
2
0
2
1
1
1
2
1
2
2
0
0
1
0
2
2
2
0
1
0
2
0
0
0
1
1
3
1
2
4
1
1
1
1
1
0
2
1
1
0
1
2
1
1
3
1
3
2
2
1
0
4
2
0
0
3
2
3
3
0
0
0
1
3
2
1
1
3
4
2
1
1
0
1
4
2
3
0
1
0
1
4
1
0
2
3
2
0
2
3
1
1
1
0
4
0
3
5
5
4
1
0
2
1
2
3
0
3
2
1
3
1
0
3
1
1
4
0
3
4
2
4
3
0
2
1
5
1
1
1
0
0
1
2
0
3
3
2
1
5
3
0
1
5
3
1
1
3
3
1
4
5
3
2
5
3
1
5
1
2
4
3
2
0
0
2
1
2
4
3
0
0
8
5
5
0
1
5
3
2
3
2
1
3
5
0
1
7
5
1
6
8
2
4
6
4
1
3
3
3
3
0
1
5
1
4
7
0
7
1
1
1
4
1
6
8
1
0
0
6
2
1
3
1
4
1
3
5
9
7
1
3
3
2
0
5
5
1
0
1
2
7
8
4
3
4
8
0
8
9
0
5
5
7
1
1
4
3
4
0
1
5
0
1
1
1
3
1
1
6
10
2
8
0
4
4
5
7
3
8
0
8
8
6
4
1
5
1
5
0
4
7
0
5
13
6
0
3
2
12
1
6
6
3
9
4
4
1
1
3
6
5
3
7
3
1
0
2
5
7
1
7
4
13
10
1
9
11
3
3
12
7
3
10
1
5
3
2
11
3
6
2
7
16
3
1
0
9
7
8
4
2
2
2
3
2
14
9
0
0
5
4
2
6
13
1
4
5
6
6
6
2
1
4
8
4
11
6
6
1
12
2
4
4
8
2
4
0
0
5
0
4
10
4
4
10
4
10
11
1
2
0
7
14
6
7
8
4
1
10
5
1
5
7
5
3
13
3
6
0
3
5
8
1
5
12
5
6
1
6
10
17
7
4
9
17
5
5
1
7
0
4
0
1
1
11
2
8
2
10
14
3
4
1
6
3
4
4
8
1
14
15
5
4
2
12
4
0
2
7
5
16
8
7
4
12
7
6
7
2
4
5
2
5
14
4
3
6
1
9
7
5
9
10
2
3
4
5
1
10
5
1
4
14
11
11
5
1
12
2
4
5
4
6
14
7
9
14
14
10
1
8
2
9
0
5
21
0
16
5
9
6
17
21
4
9
8
16
17
15
4
15
2
8
3
3
7
3
1
4
14
2
5
7
9
8
18
17
18
0
23
2
6
9
2
17
6
9
2
11
7
9
11
10
14
10
5
4
12
9
9
9
8
1
7
13
7
19
5
4
13
8
9
8
7
16
1
20
4
12
12
0
9
7
16
5
4
14
12
7
6
2
13
9
13
1
6
8
4
20
8
11
7
6
12
7
9
9
2
13
12
19
10
10
4
14
1
7
12
1
3
14
24
7
6
16
6
12
3
8
12
0
25
1
18
15
13
15
7
6
1
21
2
4
16
8
1
7
19
2
5
7
1
5
2
4
8
17
2
3
0
5
13
12
14
8
2
8
9
1
12
9
7
5
9
2
3
21
10
7
22
17
7
2
18
1
5
9
4
5
16
10
24
1
24
2
11
3
3
0
18
11
12
1
3
7
16
1
8
8
7
16
1
12
4
8
4
15
17
9
12
13
9
15
9
12
8
6
4
15
1
15
15
3
1
24
2
14
5
11
15
3
5
7
18
26
2
1
1
0
5
2
11
5
13
5
21
1
9
7
1
1
1
4
1
3
27
3
10
16
12
3
10
23
9
7
4
0
0
17
9
1
8
4
25
7
8
14
2
23
8
2
3
10
4
8
18
0
21
15
6
8
2
3
15
9
0
22
20
13
5
6
6
22
9
7
19
2
7
1
0
6
21
33
2
5
14
7
7
8
19
0
7
8
7
1
10
3
6
3
7
32
7
19
24
3
10
10
27
14
13
28
5
22
12
3
16
13
4
2
2
6
16
3
13
3
19
26
8
5
4
9
13
4
0
30
1
22
11
11
3
18
11
11
11
4
14
6
1
7
17
4
7
8
34
10
10
18
20
24
10
7
12
35
16
7
7
12
10
12
7
9
23
11
6
1
17
10
18
10
0
21
6
14
21
10
13
7
5
4
23
11
8
31
2
14
6
18
5
26
10
18
24
5
44
2
19
15
10
27
2
31
12
9
1
1
8
15
31
5
5
9
22
30
31
11
4
1
17
17
14
4
12
21
9
2
28
3
4
35
3
17
3
13
11
17
29
1
34
9
9
10
6
5
6
3
22
6
27
28
11
2
13
2
34
8
38
10
32
4
17
9
1
29
7
7
24
1
12
8
1
12
12
20
2
9
21
15
18
17
32
8
18
40
19
3
5
21
19
8
2
39
32
28
19
30
28
17
3
1
25
14
13
16
14
11
19
9
2
17
2
14
2
9
4
27
8
14
2
4
6
20
2
3
9
5
28
7
15
15
14
16
6
27
10
0
7
10
1
3
36
1
40
0
19
3
6
17
43
3
17
37
19
5
16
21
27
9
11
25
2
21
15
6
3
24
4
43
3
13
5
39
6
24
10
11
10
31
7
7
22
9
4
0
10
2
2
46
4
10
19
6
12
24
34
4
3
21
18
5
6
45
22
4
18
57
28
21
8
8
40
10
30
0
12
17
5
23
4
23
2
14
10
1
29
0
4
4
29
35
22
20
18
6
19
2
12
12
3
19
14
8
5
15
12
5
7
10
27
15
55
6
24
26
57
7
8
26
18
19
8
5
17
13
15
4
3
3
22
55
1
14
5
36
26
12
40
11
15
11
3
11
33
16
17
12
10
66
5
10
32
16
60
3
15
24
6
41
36
18
7
33
21
19
23
5
16
4
6
25
14
1
13
7
40
8
17
7
3
11
24
10
19
9
5
10
19
21
34
12
18
28
30
50
19
4
16
4
16
18
22
5
5
20
39
18
11
7
25
26
6
5
7
43
6
1
30
13
11
31
9
22
3
12
17
21
20
30
10
32
2
18
8
24
10
26
3
42
5
11
14
8
6
21
29
61
33
7
12
20
21
1
34
8
2
3
16
20
26
21
29
14
25
43
21
28
13
5
23
25
13
24
4
24
47
19
6
7
0
8
5
24
20
49
3
16
16
2
14
42
9
19
22
29
12
28
65
17
35
14
53
5
16
5
13
5
18
4
38
5
47
4
8
22
5
29
7
29
37
1
6
14
9
9
14
34
31
62
7
34
12
30
5
10
21
28
4
38
7
8
1
16
0
7
2
62
26
32
11
19
2
6
16
58
19
17
39
17
12
21
25
0
10
47
43
2
12
48
45
9
36
26
22
8
5
20
13
21
6
21
8
11
40
2
18
7
12
29
33
4
19
7
8
25
41
37
5
16
21
18
14
19
54
31
31
4
6
42
35
1
11
5
8
34
21
13
16
29
7
6
11
14
15
20
20
18
27
9
46
36
3
18
26
31
17
25
12
27
11
58
49
1
42
16
12
19
4
18
17
17
21
35
4
31
31
54
21
18
49
23
4
27
39
13
13
4
6
31
42
34
22
7
5
22
18
2
16
22
9
46
6
14
26
23
41
1
41
4
24
28
5
14
10
32
39
30
4
12
13
60
14
44
18
9
25
30
12
20
23
7
53
6
7
0
33
25
9
27
12
24
15
44
66
8
43
17
26
5
26
33
36
9
8
29
42
49
29
13
8
6
38
71
35
13
38
14
22
3
4
27
25
40
50
57
22
55
23
17
37
29
54
38
58
49
13
3
32
30
31
3
18
29
23
31
9
34
6
13
46
39
63
32
23
0
23
13
23
17
44
4
12
7
3
30
29
18
27
44
4
14
10
25
24
29
2
25
2
3
18
20
26
4
17
25
13
4
9
2
10
1
40
18
23
12
48
0
58
35
22
19
6
5
11
55
23
9
1
17
20
0
34
5
11
6
31
21
13
52
46
4
6
18
26
18
14
8
19
19
15
4
40
0
34
13
26
1
25
47
6
16
25
3
47
14
1
17
49
16
8
58
36
21
38
19
29
46
50
1
11
28
13
21
18
2
29
27
3
72
0
45
4
19
26
19
47
16
17
39
22
5
23
45
16
61
10
51
23
3
19
12
41
36
14
37
15
29
19
40
16
37
39
26
6
22
12
4
16
15
47
4
27
11
53
52
41
30
5
29
57
4
42
12
1
31
30
5
67
28
43
39
19
4
37
26
26
24
18
32
1
17
36
16
42
36
26
40
12
15
40
60
47
16
49
8
7
22
48
41
5
44
58
22
31
48
32
22
33
39
25
0
19
10
22
9
3
49
13
44
23
4
31
12
20
41
22
47
20
28
4
4
57
17
3
38
46
16
41
6
14
0
37
32
39
10
62
39
9
45
34
11
49
19
69
33
68
16
34
17
63
14
31
12
6
27
32
36
26
16
49
18
54
20
30
3
52
31
24
66
22
9
19
28
31
19
48
17
40
21
30
24
54
28
3
20
10
12
10
17
26
24
6
17
16
7
34
13
11
41
17
37
31
4
45
24
16
22
29
46
1
53
0
60
41
29
20
35
34
34
45
33
75
33
58
23
46
15
62
60
50
12
46
8
68
60
11
16
51
20
6
11
23
39
15
35
20
2
14
33
2
4
12
15
14
14
24
38
16
29
28
0
36
0
45
16
32
10
45
34
54
31
1
29
32
50
32
50
56
12
24
3
12
30
46
38
19
4
21
18
50
19
10
60
12
6
7
10
6
24
34
16
25
64
3
22
41
25
3
42
2
76
64
41
12
9
18
38
44
3
31
4
22
16
3
26
24
13
47
2
4
11
16
36
6
1
4
27
23
15
26
17
16
33
27
4
50
3
52
7
47
21
19
14
28
35
17
50
1
5
48
44
28
53
34
30
8
13
24
23
36
49
16
67
19
52
6
15
37
56
22
3
9
9
0
19
54
35
10
43
20
9
53
5
26
32
23
61
47
26
27
33
35
2
40
26
4
27
18
6
14
1
20
28
7
5
69
58
32
5
38
15
25
35
9
3
46
19
11
4
6
27
22
3
71
38
70
31
20
39
51
8
26
60
2
19
29
58
24
24
49
17
6
20
16
46
3
54
3
49
44
4
26
19
91
9
35
75
8
91
24
36
31
1
35
61
73
6
22
17
1
34
20
31
68
26
48
5
9
27
9
0
41
44
17
14
23
20
4
68
16
18
37
29
43
58
12
13
30
3
23
10
82
6
65
18
49
3
41
15
3
55
47
60
34
2
46
34
12
5
47
28
10
18
49
30
22
44
40
50
28
11
30
0
38
1
12
10
1
4
77
16
22
32
59
74
4
7
46
10
8
10
15
28
5
6
26
40
90
26
20
17
5
47
23
67
47
19
49
49
12
15
32
5
32
44
6
8
80
58
12
64
11
31
72
12
13
35
1
33
32
36
25
51
26
7
55
58
38
35
43
1
12
73
37
22
7
36
74
58
9
37
54
30
50
9
29
7
6
13
57
26
6
4
92
72
29
44
55
49
29
27
2
47
45
49
19
10
8
1
8
32
63
108
29
14
51
66
21
1
46
6
4
29
85
40
32
32
100
38
9
2
52
11
44
9
9
4
8
39
8
3
29
17
15
24
31
60
56
45
17
35
40
16
44
21
37
26
18
75
94
26
10
31
18
38
5
59
33
4
48
3
40
18
24
2
78
46
1
35
29
55
12
26
25
1
39
7
93
57
21
27
84
15
16
16
52
50
9
22
83
1
41
21
2
14
23
36
37
21
12
37
8
37
14
4
6
28
45
27
25
72
3
46
23
64
3
10
36
27
1
23
78
14
37
33
41
12
19
27
11
31
50
4
75
73
17
37
4
27
42
21
50
61
40
19
39
15
51
58
85
28
7
1
26
51
56
22
32
60
13
25
46
14
56
89
16
51
19
51
6
19
24
5
53
54
35
21
34
27
51
3
47
18
57
45
4
35
54
7
16
43
12
19
48
8
69
37
44
83
53
5
42
16
42
4
7
6
20
6
7
16
18
15
35
15
78
29
18
44
30
47
29
32
40
45
10
28
59
66
11
15
20
28
34
21
62
4
31
12
26
9
83
28
26
31
63
36
10
5
26
60
53
34
17
1
57
43
2
15
14
68
28
22
7
30
9
12
31
21
48
44
28
8
15
0
12
37
5
78
25
80
5
58
21
16
20
10
4
51
86
10
72
40
6
78
16
85
19
24
56
43
28
3
5
35
4
60
25
2
52
10
75
15
27
30
68
52
23
14
29
18
39
9
29
11
61
21
31
38
104
26
70
30
15
84
80
16
28
66
89
74
14
5
76
16
63
25
4
53
4
42
26
16
98
86
3
37
61
60
26
91
46
14
101
6
9
48
81
53
3
59
81
43
50
77
63
68
31
91
32
23
65
9
42
31
72
62
62
18
1
56
13
9
30
18
10
5
56
68
79
84
6
54
90
8
12
72
36
72
60
22
37
53
47
59
11
30
9
8
2
8
112
34
55
29
3
66
3
4
18
11
17
97
28
43
23
60
26
21
35
3
17
37
10
64
29
45
66
4
47
14
22
59
63
35
70
52
57
25
31
26
35
67
13
31
35
3
56
4
33
7
6
26
10
6
17
17
63
2
48
13
38
17
34
58
57
36
73
34
9
20
43
13
5
23
71
57
43
66
90
0
18
10
13
1
39
72
9
30
12
32
14
48
77
2
53
13
35
2
12
46
16
70
38
28
39
51
55
30
27
2
6
60
65
17
26
5
45
15
76
14
28
45
23
43
28
11
29
67
32
100
13
68
26
24
6
99
3
27
18
55
62
21
11
29
35
75
98
88
18
23
24
54
34
17
37
17
71
30
70
29
85
4
44
62
36
64
35
23
15
25
22
32
1
17
20
70
10
3
50
35
76
45
26
19
21
43
13
1
41
11
46
15
95
47
47
48
6
12
53
7
3
31
112
62
47
70
17
21
56
7
64
71
80
58
20
16
1
17
3
2
12
41
24
46
5
25
68
15
70
44
4
5
10
69
31
14
54
22
34
24
83
10
61
58
3
81
3
13
75
51
97
150
59
88
32
47
21
58
15
1
59
3
21
55
72
93
30
11
53
32
60
10
67
14
45
27
122
37
4
82
8
16
28
24
78
37
90
27
26
6
64
13
9
54
32
105
16
39
60
94
70
37
6
21
44
20
86
12
15
63
4
15
7
37
16
73
38
11
39
1
30
39
19
56
20
31
5
58
45
46
84
38
1
21
57
35
70
28
9
92
1
22
96
45
41
50
6
71
51
74
73
102
21
45
60
55
49
6
16
6
42
6
8
28
27
14
54
36
25
61
23
39
57
77
53
35
11
35
38
9
7
6
3
62
50
80
36
84
84
3
100
28
28
17
28
106
35
49
35
30
27
111
79
66
2
47
66
11
13
30
52
20
50
71
28
71
48
23
3
52
78
73
45
3
6
22
74
75
36
49
3
3
53
84
7
20
41
66
13
72
14
45
37
71
102
111
28
2
7
7
70
24
8
51
10
32
31
27
80
38
14
73
11
16
20
77
22
46
56
93
18
90
56
19
7
16
79
75
79
23
10
49
5
19
7
13
7
2
84
63
98
52
38
9
67
118
30
38
11
68
111
25
55
94
70
24
81
16
31
11
62
62
36
97
57
98
20
63
27
2
12
30
9
25
52
59
29
11
120
75
11
72
7
87
114
6
50
24
26
14
41
39
128
19
35
28
53
42
30
105
68
57
36
11
58
31
18
19
118
85
118
126
44
35
41
4
40
19
29
47
8
17
75
6
4
54
76
45
49
12
130
28
42
37
38
78
17
26
3
9
82
31
10
5
118
4
9
42
53
1
56
64
48
80
54
26
98
47
74
36
30
59
12
32
20
13
6
72
20
61
21
51
2
3
40
6
59
14
6
110
38
28
42
77
43
10
34
6
15
4
105
66
74
69
6
2
7
15
75
19
40
30
26
3
37
44
97
68
80
121
10
63
42
111
12
60
47
8
5
59
5
56
6
27
51
39
4
103
19
58
38
0
48
25
45
22
59
7
19
60
15
47
64
90
25
45
22
17
23
92
36
29
22
92
114
4
6
31
27
30
8
42
122
66
73
20
24
18
99
61
16
39
67
30
36
144
69
9
10
13
1
64
16
119
30
32
52
34
46
73
95
4
49
39
22
24
87
17
6
5
11
50
23
80
61
11
64
97
8
7
59
28
4
62
40
66
10
83
101
31
38
8
17
48
5
88
60
69
31
109
32
87
111
57
19
46
65
95
26
48
31
29
29
48
86
88
14
24
25
80
105
15
28
116
78
111
39
40
96
1
79
102
82
85
44
92
36
47
89
16
65
34
6
55
133
24
34
1
109
45
76
48
20
36
30
108
24
37
41
34
7
21
81
18
78
34
26
40
51
81
100
35
52
97
38
66
13
4
49
35
11
49
40
99
8
32
18
58
83
103
59
49
4
68
102
58
10
52
94
38
63
4
50
9
87
39
80
127
15
40
59
56
93
54
11
20
46
49
138
40
157
74
10
127
8
27
25
5
7
15
44
87
30
22
33
50
8
86
31
13
38
0
40
3
34
24
82
46
110
43
34
61
19
4
34
31
86
44
39
11
83
52
51
55
16
10
33
53
16
1
8
17
2
21
40
50
49
58
9
59
33
33
78
80
23
24
48
29
5
26
63
11
69
7
64
6
43
28
37
41
8
42
121
38
37
43
24
61
55
7
92
39
125
66
34
35
91
19
11
64
38
19
70
129
35
42
29
9
50
42
14
42
68
33
117
32
59
34
27
8
106
45
64
9
16
103
19
3
36
102
92
19
72
53
89
81
64
127
31
44
21
91
116
58
17
75
30
77
46
106
91
121
7
51
14
95
23
64
82
92
39
40
84
53
72
12
32
22
10
76
86
111
149
93
65
64
20
16
21
65
37
115
17
18
27
45
10
22
55
7
12
40
140
102
9
4
105
49
56
52
72
93
31
12
2
36
98
10
7
88
29
72
11
19
98
4
2
14
59
54
72
19
4
98
17
50
22
21
8
4
21
16
40
21
26
15
56
1
58
87
80
83
62
48
16
6
63
17
22
118
16
77
12
28
69
5
44
13
26
53
11
12
18
3
25
47
43
9
13
74
77
76
92
9
96
21
23
8
46
54
49
39
86
68
1
52
22
18
73
16
119
48
159
46
18
103
32
21
28
93
76
81
132
103
26
47
4
14
94
65
123
16
19
97
53
82
39
39
153
59
29
54
63
42
16
44
42
47
66
46
19
29
76
20
47
14
6
37
16
18
112
42
30
34
81
31
71
20
59
13
67
7
66
34
52
23
94
5
98
89
18
9
73
115
78
63
17
49
35
37
7
64
5
129
34
48
49
82
86
34
7
72
134
57
47
8
76
11
23
38
103
13
12
75
98
143
55
65
133
59
3
51
111
38
48
1
5
89
15
5
24
19
65
85
55
55
65
131
2
96
14
82
81
26
65
11
9
12
8
77
117
121
25
21
56
40
69
76
69
55
49
69
75
6
50
73
28
5
26
34
17
10
4
15
53
96
54
32
116
83
33
101
53
129
115
51
112
27
105
32
45
65
96
80
49
34
7
102
9
8
65
48
18
39
21
13
74
84
112
10
39
79
58
98
94
74
3
118
17
50
32
151
81
13
153
69
21
31
9
10
25
50
49
0
11
1
79
40
126
105
21
44
4
11
35
8
105
48
109
115
55
14
58
81
59
28
70
23
143
63
57
112
29
78
37
121
12
26
25
59
62
117
14
26
96
74
138
22
8
35
10
93
95
76
40
60
86
35
35
96
64
1
13
70
12
3
106
10
19
11
55
114
18
33
10
51
1
25
73
36
76
39
2
80
59
31
41
62
87
27
76
35
42
89
22
54
111
110
84
31
39
7
37
128
19
66
57
2
18
69
114
32
92
62
62
11
20
26
41
60
120
1
30
103
28
74
24
26
67
36
16
35
16
95
84
7
84
89
11
117
76
82
18
17
9
171
21
4
102
109
12
24
150
15
5
51
82
71
110
4
88
93
1
20
85
48
100
70
32
28
91
36
49
18
31
1
35
18
1
28
87
13
21
21
51
27
40
54
25
116
60
50
27
14
54
96
14
43
23
46
181
1
20
51
81
43
10
29
169
55
81
76
52
4
31
66
69
109
4
33
13
83
79
55
10
16
187
39
71
18
20
100
44
99
23
48
90
23
17
27
74
49
80
68
48
103
30
30
92
41
6
142
33
82
162
82
41
8
92
17
8
108
50
115
36
19
137
53
112
11
23
41
40
27
44
4
16
5
50
82
27
84
40
3
63
7
28
84
6
55
25
41
17
17
67
123
68
7
2
1
15
15
141
27
5
103
32
84
48
24
53
22
57
26
59
5
12
3
23
57
25
47
30
24
106
43
156
92
16
15
63
38
72
145
136
15
110
14
89
14
2
27
118
101
25
3
139
44
46
13
28
51
43
4
34
15
2
52
5
47
43
68
58
3
71
60
76
44
43
6
88
5
29
0
44
61
4
60
95
34
36
77
94
18
48
114
116
73
35
1
40
17
23
18
20
79
51
67
62
22
100
9
22
36
52
23
82
95
46
78
176
12
98
104
120
48
64
24
133
20
5
43
3
31
0
21
19
58
40
11
78
90
65
18
21
123
72
50
67
60
21
155
24
111
144
49
37
80
1
57
27
41
12
103
47
30
55
101
62
5
29
63
4
41
53
12
102
84
83
122
68
26
123
17
21
83
6
51
76
60
6
93
122
76
25
24
44
15
12
12
52
2
88
91
93
132
50
37
80
84
63
66
5
68
47
18
124
4
19
20
71
42
61
80
16
99
144
6
7
7
61
115
108
72
122
8
84
132
89
90
38
23
31
10
19
47
10
12
69
5
150
125
74
6
80
10
34
10
100
37
24
42
20
92
73
32
45
86
11
161
39
142
60
52
58
3
128
36
28
28
8
17
65
23
14
58
71
42
1
69
61
84
39
143
104
28
67
136
133
71
32
16
22
109
71
47
38
100
15
14
118
52
116
26
14
74
32
0
12
84
171
89
10
49
23
4
43
61
47
83
57
66
90
138
40
39
4
80
86
133
116
136
68
109
39
12
10
45
3
55
134
10
12
73
31
56
180
97
21
36
11
77
16
8
34
10
43
189
20
60
114
74
110
112
46
115
29
22
61
2
25
27
71
94
11
46
48
34
134
139
104
1
7
43
40
12
19
52
63
8
71
6
30
6
9
70
22
23
85
37
98
130
79
4
3
16
20
4
111
81
101
28
22
93
74
106
71
4
90
16
144
49
10
53
31
28
77
5
90
20
1
86
22
54
39
115
37
53
4
74
27
136
29
9
111
50
14
14
56
6
72
6
152
37
69
11
13
115
81
85
87
27
1
21
63
25
5
0
15
10
127
48
82
97
1
58
57
98
1
3
12
83
85
4
134
71
17
36
46
17
95
92
8
89
23
20
23
80
13
22
24
135
8
78
25
47
85
52
55
7
0
31
3
85
69
89
23
58
129
18
144
67
14
56
17
1
97
7
65
50
61
63
88
103
13
104
92
38
57
86
42
97
113
14
39
50
17
14
9
31
4
6
76
23
23
127
99
77
15
159
86
29
94
34
137
124
21
9
42
45
88
43
20
75
151
65
71
62
54
68
64
42
8
53
33
65
35
21
44
76
49
22
109
56
128
13
112
19
95
47
63
26
67
69
15
48
29
70
99
41
61
101
52
113
8
31
105
10
66
120
110
41
55
49
13
76
34
108
171
18
61
57
71
34
85
68
67
68
59
153
31
64
131
91
56
1
8
15
37
90
5
51
23
83
44
12
74
99
87
36
67
97
67
22
76
36
3
35
55
84
3
26
59
78
68
27
81
169
33
51
120
53
56
20
138
2
55
72
134
51
38
76
141
5
197
156
57
60
91
75
88
164
28
7
25
65
47
131
44
14
16
1
111
81
28
15
31
35
21
80
141
52
44
14
16
17
11
98
140
8
29
1
137
32
67
58
65
4
73
42
193
118
15
65
99
4
48
90
65
38
133
83
17
2
78
72
78
25
39
17
64
148
178
56
28
16
45
46
0
40
160
24
14
119
6
17
32
9
33
9
13
5
13
55
60
34
103
58
119
16
68
42
207
1
19
148
79
44
110
51
56
69
82
77
144
42
72
22
150
14
31
51
87
61
88
65
21
93
19
16
16
26
26
86
225
18
6
40
105
57
24
13
56
59
43
68
86
13
73
27
9
33
105
24
140
153
46
15
89
87
36
139
54
51
142
182
94
28
68
60
18
22
45
39
51
35
67
101
122
59
80
93
139
58
9
64
111
45
64
149
78
152
5
52
19
154
51
104
23
178
77
64
61
20
204
33
87
12
66
113
108
23
86
84
52
141
35
113
84
16
3
61
71
77
105
65
4
28
183
129
25
29
114
140
53
10
117
3
18
107
52
40
193
89
86
52
7
93
107
24
78
30
20
13
96
11
28
50
7
167
4
134
114
100
131
115
50
79
8
25
107
15
94
126
44
70
15
134
1
117
117
67
62
86
139
146
45
50
62
19
162
11
118
55
27
49
185
19
91
89
86
54
44
36
17
78
183
70
118
66
130
55
36
140
39
32
91
218
127
82
13
28
112
106
59
72
26
58
72
67
120
70
25
201
21
62
109
78
111
5
5
113
43
57
91
29
61
10
56
104
47
50
165
57
83
5
34
42
58
49
14
122
38
40
80
143
144
18
35
91
77
157
82
69
72
165
27
8
55
70
2
97
29
59
63
34
44
44
80
4
19
49
30
143
98
108
17
55
22
58
102
78
13
16
99
24
119
94
33
56
0
85
82
88
48
85
2
144
5
142
13
21
5
32
86
68
136
80
98
25
76
3
35
22
72
175
143
36
171
110
199
23
93
32
62
206
89
148
27
19
104
48
86
8
4
60
8
52
38
9
77
11
1
98
17
169
81
91
47
158
6
97
41
13
29
12
154
69
85
86
105
34
102
188
140
69
112
9
6
93
13
13
112
120
119
16
76
17
105
16
21
67
15
32
106
10
52
33
1
3
117
53
34
92
164
104
45
24
39
17
58
39
42
53
19
5
41
7
20
35
137
48
65
56
79
46
149
125
217
9
106
68
70
10
68
111
74
22
77
34
41
51
9
100
8
166
53
35
109
82
30
11
30
46
118
60
37
191
64
30
53
105
41
25
12
45
37
67
6
27
40
79
88
60
141
162
33
37
37
50
9
25
37
8
46
76
24
11
227
70
24
34
148
31
42
103
137
95
73
162
114
62
61
21
54
60
44
22
62
1
65
188
28
73
58
101
85
19
18
44
65
6
84
12
91
31
40
37
59
4
41
145
57
73
135
133
66
57
120
87
193
68
148
57
99
177
29
41
15
33
25
10
104
4
122
6
3
107
58
59
125
0
0
34
68
37
63
36
115
79
108
21
129
14
31
7
101
32
9
20
44
62
64
12
17
33
71
114
13
71
82
65
112
15
42
143
53
30
19
33
44
110
75
112
4
133
104
46
41
80
80
88
97
108
4
66
17
58
108
95
56
15
12
120
64
175
146
112
66
40
226
78
31
69
61
67
60
10
142
142
116
11
119
29
50
57
100
162
72
32
77
84
57
65
45
88
26
160
93
55
93
30
123
43
96
22
52
5
91
168
145
31
72
46
38
73
117
71
20
56
32
117
49
29
17
16
56
101
75
27
40
101
42
84
62
249
83
27
31
54
75
43
76
24
27
14
28
1
95
132
78
76
20
16
173
61
12
26
43
132
87
21
23
6
76
26
13
124
31
120
138
77
27
4
49
46
104
38
20
29
126
116
61
14
21
68
5
71
10
176
177
101
163
40
51
50
30
36
18
25
44
34
173
69
74
72
34
56
14
109
92
11
146
37
2
110
136
89
34
67
59
16
85
33
41
66
18
24
43
131
1
4
4
76
11
78
14
65
103
113
38
65
24
125
11
167
242
4
173
4
56
120
61
16
41
76
7
110
89
157
87
21
34
92
9
97
57
64
123
26
120
76
151
92
23
20
35
31
90
31
25
27
85
37
23
92
14
131
17
63
140
108
107
74
35
30
13
12
69
129
69
185
53
205
67
33
125
90
144
9
120
40
200
5
27
20
129
100
152
92
159
87
112
83
3
130
47
25
122
59
97
96
87
81
9
21
111
58
50
105
141
37
9
32
16
115
49
156
85
30
32
26
30
59
44
29
58
103
73
89
39
92
51
183
47
64
25
14
111
50
58
120
75
137
11
83
121
132
107
8
32
112
14
63
29
53
39
69
65
20
37
2
41
54
133
56
10
151
108
97
82
57
34
64
64
112
87
194
17
158
22
79
26
64
125
20
127
110
58
17
9
69
20
110
29
139
60
35
24
71
52
64
110
40
57
55
130
132
34
74
23
3
57
53
49
176
15
31
48
42
48
100
43
118
24
98
19
14
27
43
56
73
4
102
24
98
38
40
66
27
12
57
58
85
142
152
63
32
36
183
93
130
115
19
9
68
8
27
8
54
137
5
29
139
47
76
3
29
26
60
67
116
57
123
75
81
59
15
159
82
26
89
45
49
117
42
159
36
7
199
52
105
36
204
19
80
68
21
33
212
67
109
12
166
80
82
158
27
45
110
68
106
58
158
173
119
57
74
4
22
38
34
33
19
69
182
27
106
143
16
38
38
5
14
115
29
3
135
69
5
74
66
2
77
82
164
58
71
81
13
68
36
18
12
44
25
66
79
139
121
146
37
148
106
48
52
16
31
84
14
137
87
20
41
16
10
76
114
176
52
62
8
92
50
66
171
50
0
79
97
109
34
25
145
94
138
82
74
81
55
44
110
26
105
111
227
76
15
180
110
47
16
28
87
123
4
208
108
14
190
103
107
5
128
133
31
68
104
39
270
44
76
138
124
21
166
80
9
124
44
34
15
0
60
56
180
111
232
32
15
12
26
162
15
137
3
120
150
17
188
22
110
16
37
77
39
56
58
225
56
54
32
160
7
37
88
136
82
159
79
72
177
76
246
15
163
1
41
31
38
23
42
45
4
112
39
6
91
142
35
30
84
71
67
125
79
78
107
109
91
11
93
32
170
103
26
215
82
130
88
19
67
105
27
161
76
152
10
180
53
9
15
177
104
152
116
13
46
181
32
199
120
63
149
30
41
33
186
13
18
37
244
57
123
27
71
122
44
42
1
46
62
80
89
173
22
67
23
9
29
108
192
179
107
41
133
142
92
52
152
67
79
16
74
205
107
53
46
92
12
30
51
22
145
204
54
60
43
47
227
148
167
51
100
74
66
1
3
3
98
7
83
53
188
150
71
33
160
151
14
156
125
99
102
51
16
66
9
30
109
97
2
51
127
16
23
116
66
85
61
111
11
15
4
32
74
180
149
7
163
212
135
51
11
6
46
11
60
8
121
163
79
80
20
52
129
47
30
13
180
33
43
23
93
40
110
44
69
71
197
17
83
179
45
89
15
96
147
87
62
66
100
47
73
118
22
24
89
80
18
98
32
83
86
66
99
152
97
162
88
141
26
19
71
29
38
82
71
32
175
209
34
56
78
24
141
124
111
125
52
98
180
81
27
184
198
47
56
29
156
27
32
110
22
42
23
28
14
48
113
73
165
120
139
26
131
204
196
60
69
115
187
85
41
130
20
49
21
14
129
58
14
129
43
18
90
109
179
74
0
57
191
112
119
167
73
29
183
63
66
29
77
10
61
33
66
93
191
7
8
37
33
114
27
115
121
85
27
7
49
42
71
138
18
47
108
49
43
103
21
45
26
40
21
17
83
123
48
39
63
8
134
156
19
9
6
10
126
74
84
41
3
42
23
54
189
153
133
135
115
168
10
75
1
246
44
23
99
65
129
1
47
57
84
170
73
99
52
4
85
60
87
11
256
138
80
137
11
37
195
83
41
106
43
42
36
13
72
125
149
12
39
53
9
80
65
127
11
40
229
8
21
139
136
148
34
98
57
10
75
24
274
217
56
168
16
108
15
33
11
125
18
96
62
28
4
138
66
13
36
47
88
72
2
115
35
120
135
133
100
122
180
26
113
39
12
51
29
95
80
59
78
116
72
38
67
14
21
32
8
110
34
80
39
95
102
68
49
189
10
14
113
75
52
77
17
9
22
7
15
210
171
8
61
220
125
220
23
39
80
99
61
52
92
48
133
182
198
101
137
142
55
109
185
29
8
105
132
60
83
210
49
29
140
164
29
119
176
214
72
180
199
34
62
98
87
134
169
79
2
127
53
140
92
34
53
63
15
89
222
90
84
29
90
38
76
95
88
119
22
5
60
75
56
108
42
127
3
17
46
101
26
3
15
16
219
194
135
25
121
18
72
111
48
141
48
100
60
90
64
128
39
28
95
35
42
248
85
3
25
110
96
113
65
16
28
79
48
59
66
63
71
69
19
98
21
67
85
55
110
98
13
7
40
4
22
166
31
135
95
54
3
10
155
183
81
81
111
234
57
103
37
86
106
75
120
69
30
33
1
16
59
14
150
46
167
64
12
21
23
39
32
65
90
70
145
5
37
64
18
29
132
8
45
65
54
100
0
149
39
110
57
49
184
114
37
148
22
124
268
0
213
149
59
47
117
61
129
99
180
32
135
102
86
181
124
121
173
75
35
12
28
59
199
21
9
71
122
75
18
149
53
108
44
16
7
33
41
148
53
58
126
28
92
23
25
28
3
5
53
16
116
59
13
193
37
168
48
74
17
110
65
78
189
3
16
100
100
82
144
87
60
37
38
39
96
171
132
46
56
35
119
128
136
42
223
148
11
57
179
51
156
159
35
151
20
59
86
23
107
49
83
52
49
138
32
65
119
85
187
110
104
27
27
32
60
59
56
186
98
55
162
1
53
121
171
133
12
42
88
19
157
63
5
60
184
116
4
150
32
139
141
9
141
60
78
57
82
128
63
168
5
75
39
231
20
2
15
71
189
19
224
53
97
30
16
46
43
8
15
188
155
42
20
42
22
1
79
47
38
187
81
109
80
108
111
62
43
109
72
73
138
132
182
17
99
1
118
37
100
64
74
0
81
101
14
189
96
25
7
42
139
15
46
5
55
119
158
29
57
81
10
124
53
51
55
139
36
49
43
11
152
239
27
51
174
36
32
83
26
1
28
16
110
196
18
26
1
48
66
11
114
116
81
188
165
44
141
39
1
33
196
27
128
49
156
28
154
106
173
118
3
127
1
23
277
70
24
50
230
60
86
66
161
115
87
123
104
34
22
149
25
98
228
74
138
123
71
108
150
109
267
31
189
103
159
172
166
34
92
175
13
60
42
17
26
57
47
133
53
53
19
47
110
84
13
100
36
175
38
274
126
64
114
116
32
114
33
13
160
35
55
8
143
194
166
188
25
34
87
73
9
204
149
76
3
27
13
49
93
169
7
170
51
50
44
42
138
32
96
32
86
88
18
23
94
84
44
21
44
7
12
192
171
19
144
10
19
126
52
29
94
137
35
57
76
137
18
75
134
58
162
99
95
101
65
26
46
79
128
90
252
41
156
23
123
118
12
49
167
23
10
20
196
4
147
12
8
5
106
108
22
54
186
28
184
134
10
154
24
139
28
8
92
150
63
56
76
70
29
77
132
13
85
57
57
94
47
62
232
2
33
50
27
122
107
35
124
33
24
50
227
71
123
67
87
189
223
172
149
131
18
150
15
96
163
244
18
65
138
61
27
2
17
95
8
151
102
9
134
125
37
35
136
70
31
4
148
91
30
168
72
39
52
101
20
105
170
17
130
4
74
56
22
50
178
4
211
51
133
65
29
11
116
60
72
159
165
78
93
93
175
47
122
40
103
178
132
72
17
93
53
73
44
163
12
135
34
53
43
44
117
157
60
118
146
218
61
121
224
5
89
247
117
90
47
11
31
70
119
75
45
203
1
42
147
90
126
34
84
88
137
157
31
189
2
94
108
156
220
13
105
96
19
230
77
34
77
69
42
67
21
259
109
87
211
14
119
5
137
175
176
83
110
32
39
130
32
46
108
49
112
12
36
50
34
101
107
188
20
161
157
101
54
28
29
65
137
164
163
142
145
57
95
79
15
45
41
21
67
68
52
14
35
44
69
76
114
30
42
226
98
54
163
53
123
42
25
160
102
122
105
14
38
167
54
5
74
26
25
139
39
135
24
60
10
145
2
67
176
127
49
4
56
80
73
97
97
73
18
7
158
28
41
69
14
137
28
52
121
80
37
85
133
48
32
87
53
37
63
161
96
22
138
47
33
72
131
99
113
152
123
219
64
25
16
63
82
125
7
308
47
150
34
168
33
183
63
157
145
178
38
43
195
173
67
17
80
172
33
23
19
194
47
186
32
101
88
12
115
125
159
87
19
205
28
26
107
81
60
123
42
127
13
12
8
246
46
114
25
9
78
22
69
138
82
213
62
88
55
17
139
5
143
13
43
121
170
70
25
55
125
110
113
3
17
107
18
47
140
8
10
49
40
163
7
18
22
45
54
116
100
27
25
152
129
17
8
3
28
66
11
113
273
13
36
99
115
19
181
141
189
234
71
239
48
65
16
176
108
159
84
150
109
70
157
129
177
57
74
154
219
20
134
140
228
85
18
144
62
148
153
67
27
86
50
7
63
78
3
72
304
0
55
22
51
129
56
117
4
48
110
153
146
151
26
26
116
12
36
38
134
110
39
14
15
140
310
19
159
49
146
87
26
112
15
261
16
37
37
122
54
137
222
89
103
9
87
242
16
92
20
83
78
13
239
19
153
267
6
28
97
27
148
57
15
115
108
126
34
32
116
130
96
45
94
208
52
56
78
121
53
43
172
65
74
162
20
198
86
151
192
1
131
12
154
7
9
46
70
26
32
109
84
174
16
18
66
10
71
223
72
39
97
78
76
275
47
34
187
16
92
200
28
177
136
74
151
209
147
39
259
52
54
167
216
94
228
248
49
84
77
63
102
107
105
11
81
91
316
85
41
133
27
98
63
114
109
28
86
22
130
63
181
75
179
67
149
61
149
116
203
100
45
77
45
185
62
35
82
61
22
169
15
166
176
8
45
215
55
128
59
109
8
21
192
21
114
13
43
209
226
42
127
181
47
141
87
182
57
73
87
23
108
75
57
203
69
164
54
32
57
27
56
21
67
5
64
2
210
240
129
144
97
149
41
143
236
76
32
45
107
124
181
18
107
46
106
55
145
11
48
71
76
38
5
109
104
15
88
181
100
132
42
106
95
221
150
40
60
246
16
30
14
48
95
195
89
218
195
9
126
73
110
5
98
22
147
23
1
253
97
11
35
90
40
192
233
189
18
31
68
7
74
299
24
146
68
153
4
80
185
100
30
42
105
33
6
84
22
72
105
218
99
22
80
113
113
152
202
80
67
5
39
63
27
152
35
96
106
40
112
61
12
40
322
139
194
202
92
72
53
75
40
157
135
19
24
280
4
38
80
14
78
45
174
47
186
6
183
65
118
153
116
53
136
255
56
98
56
29
237
11
4
72
125
90
31
49
74
213
8
219
109
155
174
3
46
124
83
97
157
44
33
249
82
4
131
18
132
70
170
97
56
81
15
102
94
182
90
157
138
106
39
12
192
160
64
231
129
32
169
8
13
89
87
96
144
108
49
195
7
208
99
10
187
69
25
2
144
196
68
57
49
28
148
175
11
255
151
49
24
122
190
68
26
98
62
83
18
174
6
232
25
34
67
235
185
44
69
16
9
183
145
68
19
145
147
75
88
58
34
136
62
110
21
24
101
78
246
281
67
37
137
56
170
16
113
161
60
140
204
234
96
160
217
168
98
173
151
112
38
128
118
27
83
31
127
3
79
80
87
149
16
165
109
21
280
174
20
75
34
225
35
188
270
6
120
80
180
8
179
52
112
31
84
79
12
41
136
20
124
103
148
117
126
24
190
42
108
238
171
84
52
6
106
130
286
86
235
186
32
233
35
23
18
6
124
181
98
91
95
124
81
4
234
72
16
19
101
139
115
156
18
39
106
103
262
78
66
138
102
74
45
44
103
196
164
78
157
77
93
161
81
51
38
61
206
14
50
197
158
160
223
10
140
72
142
13
94
18
270
164
13
137
28
146
31
282
136
103
60
142
233
243
86
143
55
149
109
62
23
42
221
151
135
102
78
28
44
70
85
227
11
338
83
143
41
48
92
249
188
59
155
135
115
104
11
116
12
89
292
49
2
114
37
41
39
65
221
120
26
204
138
10
78
180
4
85
107
239
71
189
19
82
142
38
63
7
18
147
17
218
37
190
13
177
53
68
52
67
163
143
134
95
70
238
134
65
183
86
100
22
64
1
112
97
66
112
11
116
8
31
87
49
125
278
36
89
191
28
37
33
234
11
178
5
4
30
114
3
146
76
122
57
131
178
39
4
93
216
152
12
262
155
6
41
28
138
66
49
76
56
12
61
103
239
83
124
150
169
59
46
168
26
141
218
68
95
41
83
19
202
150
109
56
176
46
125
136
29
357
277
156
5
38
77
224
88
111
66
81
18
92
38
120
27
39
8
139
69
73
85
186
216
152
217
65
67
17
107
193
179
191
61
153
132
46
186
40
60
10
128
32
82
287
36
56
70
48
84
55
91
23
123
13
33
30
43
187
104
86
30
52
295
11
93
168
17
25
32
16
164
215
13
19
315
69
163
204
19
339
111
36
11
65
40
83
4
117
165
71
6
43
165
133
48
11
168
110
115
44
120
48
241
23
118
143
145
245
117
39
28
97
90
58
25
144
10
11
125
104
202
38
36
186
98
41
17
184
43
12
144
5
166
22
204
22
80
197
190
9
43
88
37
147
150
145
28
190
168
94
28
114
164
29
21
287
45
42
99
76
267
90
17
111
1
51
208
18
102
23
254
67
59
118
22
140
140
186
306
91
1
124
26
199
17
25
204
144
165
55
113
36
81
57
29
103
155
187
82
266
45
131
54
140
16
188
25
186
298
20
194
262
187
77
29
11
200
94
43
42
13
127
130
37
56
33
68
68
38
170
204
197
28
140
200
77
109
135
11
112
55
87
49
182
206
95
98
5
73
125
13
198
138
109
101
127
100
48
140
108
174
152
349
27
29
88
151
57
25
84
173
60
5
86
112
17
15
40
27
21
81
54
208
164
156
231
102
23
252
57
120
111
50
75
149
64
17
211
243
33
297
70
57
46
145
98
33
170
108
20
136
12
238
37
125
115
229
28
51
58
218
172
48
76
45
16
143
86
61
30
114
29
23
79
30
211
169
10
37
35
37
80
19
94
87
61
313
124
129
19
50
117
204
331
82
127
63
98
29
212
6
68
16
11
8
180
11
219
40
7
284
141
54
183
43
70
187
62
94
93
64
52
173
36
6
5
120
146
142
13
16
147
77
133
158
156
170
54
105
176
89
13
22
276
112
18
157
60
44
28
52
12
7
5
14
208
37
6
138
138
16
93
226
208
117
51
7
142
235
39
206
20
11
121
157
66
75
155
152
62
81
115
38
137
95
118
127
121
35
225
23
131
89
15
34
1
76
22
118
70
127
91
54
52
171
161
171
11
370
113
12
172
119
56
201
50
209
102
70
86
138
84
44
11
42
180
168
29
28
117
239
87
20
59
177
224
275
86
43
108
30
39
18
4
107
101
48
158
104
40
55
311
199
177
50
228
65
70
8
36
28
66
80
244
132
60
105
86
20
161
184
3
45
59
121
68
79
0
206
112
116
271
47
47
185
60
130
272
19
97
52
15
58
43
23
12
69
52
38
120
73
219
58
272
176
60
274
116
19
219
41
187
42
4
79
16
247
78
5
26
73
205
190
327
216
55
82
138
57
81
9
59
37
70
118
27
32
63
96
155
144
153
176
21
72
168
12
31
249
38
3
83
36
32
151
199
34
10
83
173
157
125
49
1
21
25
197
104
67
122
78
313
43
4
174
37
203
63
87
12
31
89
168
1
39
144
108
129
157
40
161
63
37
236
265
34
120
167
63
49
353
186
98
243
191
90
126
246
101
35
216
275
243
79
11
39
133
9
66
146
71
195
65
135
162
69
141
13
187
82
264
149
122
32
5
73
26
46
33
198
22
1
124
22
2
175
146
265
62
3
155
57
63
121
134
126
27
79
49
40
58
168
6
294
29
43
51
30
3
101
40
41
30
294
113
154
161
205
80
8
71
48
24
12
85
45
66
1
214
61
138
97
139
178
172
75
142
74
210
209
61
74
213
152
13
93
60
82
80
53
29
151
40
141
184
59
126
48
148
88
302
23
156
113
30
126
29
10
124
52
133
209
59
0
90
30
61
78
171
13
106
147
126
111
44
151
32
67
106
44
87
99
137
78
114
105
104
1
43
238
174
53
119
67
23
34
35
85
158
131
46
119
233
28
118
202
45
110
99
31
58
63
22
6
11
141
174
68
26
76
134
217
208
105
28
13
82
150
132
83
91
37
190
220
50
4
272
60
135
103
305
33
64
53
31
198
31
112
108
27
63
49
253
61
4
60
201
172
93
89
19
68
27
84
158
125
5
163
213
158
156
27
24
296
66
140
215
154
78
339
159
53
92
123
185
32
90
50
120
257
77
236
152
16
78
95
46
80
228
224
149
51
5
187
164
10
100
63
13
20
33
40
31
42
11
14
125
91
89
127
15
47
178
34
105
69
71
196
96
133
194
140
105
74
183
241
135
196
16
110
150
63
342
103
68
18
22
142
103
100
289
62
187
140
124
164
36
49
230
35
174
26
180
164
28
36
55
98
34
56
144
3
125
99
121
12
14
168
38
218
177
11
212
67
175
170
101
128
134
23
101
254
164
214
50
59
329
255
3
60
79
65
71
240
35
10
187
18
133
133
9
181
107
148
39
22
168
35
82
63
63
92
103
2
83
125
90
2
175
179
30
325
24
14
3
30
125
233
40
23
278
18
57
167
103
18
38
58
182
299
167
149
40
163
183
114
125
204
118
36
147
70
62
343
27
68
176
2
51
48
301
312
204
263
186
158
314
51
229
196
104
96
264
254
91
35
128
45
170
25
386
247
262
107
121
143
97
96
20
223
73
31
280
64
163
51
198
35
331
51
69
91
46
16
225
100
81
245
138
301
7
145
297
142
118
74
6
65
100
177
281
229
30
176
187
258
262
173
51
179
121
118
187
59
227
244
12
133
19
85
60
12
7
68
304
28
151
5
190
253
115
49
178
64
68
242
18
142
58
285
31
132
138
83
276
101
209
240
199
24
182
93
65
291
41
57
326
83
286
5
159
112
127
111
108
101
245
103
34
48
91
21
33
7
201
21
31
23
116
91
9
13
137
55
210
36
77
71
110
233
200
31
160
45
75
116
100
103
203
220
47
60
5
72
199
20
242
217
0
154
121
36
63
29
255
237
14
112
81
172
32
61
96
178
44
48
218
333
149
189
261
259
54
58
59
75
154
9
143
68
185
71
339
106
230
59
202
25
104
198
12
23
13
353
7
11
58
3
208
55
41
134
126
278
175
260
89
76
133
223
130
44
121
196
268
75
80
154
72
83
2
32
93
53
75
224
32
87
61
73
242
62
209
39
32
290
37
58
226
187
84
104
146
178
80
128
202
374
339
221
72
133
208
223
239
256
66
98
68
11
57
42
263
93
1
50
15
85
27
177
151
155
105
105
236
32
135
141
224
284
184
22
15
121
83
23
117
82
96
126
91
37
314
216
58
178
77
368
60
106
84
47
211
12
55
289
209
151
160
186
54
58
294
139
88
197
15
38
144
125
192
120
232
57
206
190
58
216
47
76
11
142
32
40
25
107
191
184
231
162
168
264
180
80
90
373
81
46
173
206
130
119
23
111
143
117
39
125
52
2
90
48
64
19
12
70
25
275
137
18
60
22
141
103
114
33
36
312
203
234
157
165
327
233
374
165
64
116
65
42
68
43
36
132
88
219
37
39
12
202
40
324
307
20
22
69
60
136
8
165
26
81
151
230
164
47
190
139
139
170
119
195
2
291
13
210
72
139
78
91
75
1
28
150
179
232
32
91
30
211
280
104
23
34
207
73
271
129
81
74
128
133
108
200
310
157
377
38
143
128
75
191
12
50
248
66
27
277
366
27
127
87
130
114
94
149
52
189
151
55
20
188
80
64
250
236
111
55
208
293
100
200
208
160
104
369
75
3
163
34
75
132
176
170
315
20
314
10
141
136
98
11
40
281
76
174
28
12
58
82
59
202
275
94
217
98
101
107
38
9
99
42
128
27
79
11
93
22
152
164
117
201
10
152
61
221
127
41
286
125
61
202
33
171
59
308
299
60
73
370
144
209
347
42
93
30
22
80
305
203
4
28
18
118
117
8
143
276
333
301
1
31
249
65
98
36
17
171
74
174
118
51
178
153
84
81
9
50
81
286
345
23
19
81
254
77
198
23
211
5
248
70
113
130
65
32
138
136
200
26
178
51
65
11
149
137
51
195
108
132
225
65
146
30
94
245
111
327
13
257
3
217
55
61
132
274
171
5
49
147
73
41
116
222
167
19
359
305
102
60
4
325
150
72
54
196
167
155
236
95
43
139
155
171
128
193
75
176
108
5
18
120
49
51
308
29
169
25
66
1
85
104
264
56
116
141
32
170
63
22
34
194
16
8
146
93
8
29
213
18
456
81
67
225
179
139
191
3
40
48
116
124
209
173
211
73
170
67
176
236
115
164
51
119
298
67
94
291
40
13
33
62
68
192
4
105
74
30
213
122
48
91
280
159
117
228
86
82
316
67
92
70
9
38
87
33
23
90
264
17
210
8
215
137
122
6
53
104
110
302
47
270
324
427
35
2
148
263
166
15
107
24
292
31
74
185
102
146
112
50
97
2
18
143
81
81
66
60
127
110
106
240
123
271
165
106
367
196
95
285
79
46
149
83
66
98
85
77
24
88
295
137
112
218
67
334
207
317
163
215
257
155
63
68
87
143
370
4
67
189
201
227
68
20
71
76
64
40
225
2
220
290
120
30
46
169
270
159
22
106
38
7
44
317
169
16
395
34
376
154
68
5
254
117
14
96
221
92
70
113
29
213
52
134
38
286
138
221
53
85
135
143
103
147
155
17
183
47
34
26
267
209
197
19
3
43
105
38
29
106
90
40
84
57
159
275
195
163
124
21
299
164
260
215
157
19
160
30
355
120
40
54
115
110
21
179
46
251
382
56
73
100
183
107
106
25
62
73
199
278
19
335
86
114
202
8
117
30
233
172
98
247
62
78
85
108
313
158
183
108
93
151
235
137
11
136
54
104
66
201
195
53
90
219
182
149
112
205
37
37
240
179
186
225
15
40
224
76
88
142
128
61
101
130
88
232
2
27
103
25
54
311
37
75
14
353
28
130
79
163
256
150
216
349
231
14
45
91
30
172
222
151
21
137
65
10
72
26
55
18
8
140
115
200
316
215
59
194
244
121
97
174
6
57
325
67
348
88
108
68
73
24
98
38
68
24
52
26
172
204
38
51
6
386
197
16
275
52
38
46
210
66
256
253
45
38
177
48
51
92
27
11
9
265
152
226
105
37
266
285
384
5
289
38
104
79
166
213
149
289
20
262
15
37
36
72
180
42
206
64
73
134
67
265
105
14
193
12
69
111
309
11
51
102
123
35
212
145
205
159
227
47
63
166
34
109
88
123
23
305
275
140
29
149
53
169
184
71
128
55
30
82
121
6
157
62
123
67
197
100
390
28
61
71
416
140
37
106
18
38
106
59
92
89
14
97
62
14
154
101
60
49
62
158
299
39
281
77
147
92
112
230
252
69
206
47
248
2
42
271
337
204
70
186
148
81
62
193
29
76
315
265
108
188
186
35
292
284
390
253
170
14
155
75
60
48
168
42
36
91
149
192
176
212
81
152
304
99
46
34
46
122
246
221
0
203
3
188
38
58
39
72
21
96
270
2
280
110
15
1
136
110
55
17
243
143
62
78
25
189
159
13
284
64
1
49
257
29
313
304
35
233
136
127
112
112
187
217
91
144
88
212
249
158
40
60
26
102
104
31
249
238
200
295
132
44
16
75
86
235
30
166
55
16
27
60
211
12
113
176
2
322
14
132
144
203
186
135
111
302
4
216
105
293
50
28
238
59
210
35
179
230
2
42
69
69
258
24
145
217
75
300
51
39
75
11
379
157
49
435
266
235
260
166
161
82
80
122
241
166
59
120
23
101
242
83
145
213
93
119
25
203
62
45
45
249
14
10
188
137
86
257
33
63
9
387
203
153
134
334
21
235
374
48
130
173
59
156
377
125
84
59
104
16
291
200
70
121
5
50
36
8
235
101
18
85
197
211
77
3
88
54
60
140
51
132
181
160
112
236
302
241
93
205
41
20
114
248
14
27
60
277
170
87
179
17
219
323
78
75
41
52
111
25
10
116
273
238
12
192
176
35
313
158
107
50
68
144
33
186
63
221
121
71
280
225
157
371
1
123
268
301
255
108
241
162
324
304
377
59
75
52
138
198
154
77
134
309
94
362
48
150
217
79
161
47
306
128
215
398
330
54
204
262
300
6
67
142
29
191
47
48
36
280
72
23
56
32
81
328
116
210
16
311
196
26
47
4
21
82
16
37
1
139
48
39
86
263
97
29
190
51
423
18
134
128
29
44
19
103
152
44
96
75
187
129
53
62
190
204
106
109
86
43
12
8
98
35
54
0
191
289
186
147
66
168
152
53
351
12
77
287
56
62
44
13
115
59
50
209
164
37
142
132
249
26
140
170
294
67
80
70
23
186
27
262
241
15
63
63
238
250
408
8
296
228
228
16
62
65
52
82
258
40
138
214
35
313
206
96
259
34
34
175
167
366
26
171
124
267
75
20
51
187
4
244
34
39
47
29
29
139
184
154
246
208
175
261
313
138
65
143
151
108
223
25
194
271
371
253
36
167
275
227
120
66
331
42
195
210
164
71
93
262
132
91
155
117
87
213
74
107
146
63
136
256
144
200
64
92
315
130
152
220
114
60
230
72
151
314
279
321
100
26
9
29
285
206
280
139
22
92
48
8
41
16
118
334
76
28
73
293
12
339
55
161
79
116
12
44
116
240
233
158
6
92
74
89
44
212
1
83
121
91
331
200
229
27
199
33
158
28
179
170
197
184
250
226
153
50
50
221
78
55
175
113
58
218
86
18
79
99
162
59
205
95
210
23
34
13
79
28
195
253
152
12
7
57
202
155
11
80
194
48
147
251
274
78
78
105
58
19
278
57
143
55
184
9
84
298
172
445
98
37
91
273
117
88
205
129
355
21
82
19
23
138
217
232
157
451
239
131
160
8
231
30
65
130
224
35
223
153
48
419
80
118
202
299
306
5
72
94
191
121
81
340
252
4
82
97
70
43
32
272
237
197
12
350
77
19
220
157
181
243
242
342
99
321
14
303
127
230
77
13
53
185
159
116
121
492
187
125
142
24
57
63
129
25
169
195
98
345
17
46
103
165
205
256
155
20
175
117
13
34
278
109
25
53
143
93
19
357
289
117
179
68
301
92
63
342
14
107
210
79
62
247
55
87
100
73
25
60
176
89
138
101
13
324
190
182
30
38
16
196
116
13
202
32
263
267
123
79
186
235
165
275
49
135
72
135
320
206
219
59
16
127
4
10
489
109
112
82
389
73
87
30
173
15
202
207
101
88
44
40
112
39
391
144
343
68
36
40
322
218
107
14
109
71
372
47
145
86
8
32
41
348
95
24
102
291
156
105
366
204
47
35
164
47
228
209
261
143
18
164
294
155
251
29
142
66
338
91
214
97
29
118
190
19
0
223
41
3
202
83
496
61
50
170
25
104
100
89
241
154
29
23
246
32
167
212
16
309
11
57
88
349
224
175
119
186
2
93
83
117
20
65
457
393
207
28
4
197
138
52
35
228
56
139
26
198
61
49
12
120
74
122
59
390
117
14
286
288
63
95
145
28
184
14
197
132
133
336
25
50
207
128
61
85
191
108
77
109
178
29
283
57
251
145
63
176
53
156
71
26
240
429
300
16
85
120
141
213
48
264
72
91
129
195
311
89
187
139
152
243
52
110
125
276
124
3
5
232
23
186
51
201
7
298
5
55
91
138
242
131
15
13
135
75
118
50
175
63
26
178
48
268
201
370
214
107
64
69
17
14
253
77
28
102
248
320
94
108
235
195
137
1
313
27
140
121
17
88
280
63
176
275
68
186
118
166
151
78
53
314
2
284
5
214
106
121
177
67
133
48
11
311
123
257
22
186
250
282
17
80
201
115
82
302
31
5
5
40
58
50
24
252
36
21
281
119
64
66
71
103
0
39
51
13
54
173
101
292
386
214
162
176
162
250
66
21
158
26
234
327
86
391
22
251
187
26
171
45
50
138
47
24
171
42
1
86
26
126
196
167
133
98
192
106
188
58
149
264
45
238
22
112
109
58
94
175
181
126
26
154
272
22
239
518
260
233
73
339
221
64
147
119
180
58
193
54
114
12
61
5
12
136
8
265
212
178
83
369
110
322
241
39
170
219
48
300
183
321
54
78
131
73
321
96
145
161
127
49
165
273
12
229
18
31
172
190
80
72
93
99
102
384
86
103
189
187
295
327
42
355
351
59
216
210
313
4
150
29
63
55
20
146
264
167
274
47
109
190
18
39
411
257
191
38
121
246
272
136
96
219
148
308
67
201
303
31
193
167
189
45
316
251
116
79
117
78
52
162
127
472
190
327
255
69
425
183
92
29
38
72
143
8
31
257
198
406
273
264
35
15
106
441
67
268
70
104
289
25
182
90
22
157
199
120
260
21
191
110
29
111
185
103
54
126
147
38
30
271
213
206
279
159
71
99
143
131
149
41
7
40
42
97
37
47
40
166
163
241
58
266
330
207
157
300
220
84
47
300
73
140
38
9
44
56
175
40
175
24
16
32
29
40
322
184
255
40
203
51
207
96
27
90
287
64
10
113
72
89
54
23
14
112
277
83
53
202
91
177
77
241
115
58
127
227
363
72
93
218
118
96
323
218
121
97
128
356
53
59
5
43
177
156
56
109
318
182
164
24
3
267
378
58
150
229
6
174
324
455
30
65
400
122
268
105
21
360
94
174
103
181
110
177
352
183
24
284
153
351
117
369
94
57
258
271
64
195
148
119
71
178
76
276
395
19
36
4
28
20
48
170
190
165
192
280
191
107
137
354
139
286
180
105
313
84
60
52
148
160
5
207
131
138
135
68
66
77
97
249
318
28
49
93
85
144
377
76
50
120
174
183
101
143
161
35
56
57
192
103
123
92
73
354
99
184
86
36
329
56
130
107
217
145
49
75
4
64
239
111
17
284
27
6
189
270
105
164
237
163
8
180
33
180
37
30
170
255
172
147
11
128
72
66
98
81
142
268
14
8
27
75
43
11
126
82
493
154
324
291
36
327
317
88
341
297
50
392
26
242
277
19
278
155
208
321
113
148
135
60
79
138
198
266
58
207
24
127
64
179
50
96
67
63
89
77
16
294
96
89
78
51
207
56
7
232
496
229
339
154
39
271
92
139
62
209
40
51
200
39
54
17
71
40
350
449
140
34
165
11
344
119
188
338
16
35
269
79
37
204
244
39
8
88
40
41
123
3
57
301
124
294
78
129
159
228
136
11
155
32
128
115
224
215
72
264
117
191
211
515
190
229
50
330
230
173
181
280
25
124
85
52
157
119
102
267
206
28
106
301
307
280
144
28
250
141
65
295
17
48
42
41
132
76
24
112
166
125
466
26
378
115
168
248
312
149
412
143
262
117
187
218
72
13
64
45
260
19
126
1
149
334
38
119
14
374
1
247
58
109
34
144
12
185
189
112
339
126
282
64
106
439
266
81
47
252
268
154
102
205
108
80
51
222
231
255
15
96
81
117
23
113
87
12
45
161
38
16
235
443
61
175
392
115
137
74
67
171
346
23
96
321
149
295
179
122
22
130
36
162
128
352
123
289
258
154
131
297
161
3
20
75
100
31
65
81
7
3
95
33
149
232
131
2
272
24
85
327
85
196
189
230
32
39
105
203
181
111
363
2
45
11
206
112
389
48
140
134
356
36
249
52
55
5
157
52
225
57
6
381
80
251
185
141
1
126
324
61
80
210
21
46
3
73
187
16
11
125
59
54
195
9
74
4
155
73
61
19
221
391
196
38
87
46
96
94
290
35
205
94
209
73
13
332
237
80
27
226
21
53
55
63
300
84
180
192
506
178
37
124
115
354
11
289
7
83
80
249
74
146
36
201
110
16
215
348
77
117
256
382
260
268
196
178
139
112
108
26
355
227
50
167
61
190
119
35
383
87
16
201
95
207
77
71
85
343
106
165
352
111
36
112
192
333
212
104
56
115
208
247
193
327
4
170
64
207
20
133
125
255
39
341
45
72
3
121
18
39
81
34
78
19
47
133
253
60
190
46
30
85
218
194
52
106
179
58
134
71
338
354
28
272
98
264
255
107
201
356
160
140
126
235
162
235
166
3
70
44
287
73
127
228
112
47
170
140
291
89
92
15
425
148
79
167
350
41
67
13
406
80
75
15
135
28
26
277
140
31
111
59
76
20
213
132
76
43
114
287
199
290
35
25
126
127
57
287
21
131
310
28
58
76
197
102
277
253
362
107
92
40
125
418
230
126
93
113
66
12
83
141
286
103
245
176
65
113
109
172
295
68
120
40
138
314
150
41
150
53
108
213
58
111
96
250
33
144
255
364
99
42
42
293
416
154
117
442
118
28
370
200
92
146
54
79
259
65
14
338
248
52
142
119
69
125
75
268
264
302
184
354
33
107
207
181
265
27
90
259
30
95
274
137
105
299
9
47
113
0
229
318
66
160
77
183
188
289
35
70
83
103
92
199
372
74
100
255
11
86
76
110
149
55
147
30
12
68
87
109
99
114
235
65
286
223
196
60
62
167
126
146
118
211
353
320
377
11
149
93
86
61
321
235
347
258
19
144
253
49
200
159
202
152
161
40
331
69
326
196
176
29
126
132
64
298
196
302
80
152
29
188
50
202
147
346
407
93
24
107
126
137
155
283
229
196
82
209
9
166
151
224
108
150
9
240
204
152
80
331
16
49
1
237
212
4
99
56
198
11
339
10
374
307
292
120
246
2
169
389
113
216
38
314
99
295
258
315
270
156
67
114
158
124
18
160
38
62
12
129
249
131
110
56
134
9
174
279
48
173
253
68
108
106
422
17
235
306
291
132
77
60
214
223
434
3
124
201
100
7
111
178
12
54
33
192
29
217
4
448
233
4
174
133
18
81
454
90
312
460
31
105
124
238
176
3
26
218
270
147
213
161
161
146
92
432
73
130
330
404
12
33
163
207
125
223
76
136
253
28
242
27
98
46
36
210
98
4
138
113
80
441
261
339
113
54
277
332
188
222
209
293
171
34
278
66
11
25
214
145
234
444
456
55
225
257
349
153
53
335
328
172
480
65
240
105
139
80
48
158
357
145
341
73
249
26
233
46
74
398
144
41
51
171
155
345
265
11
81
39
451
37
245
291
133
49
100
182
155
203
32
27
135
73
103
236
8
171
257
114
13
56
128
176
92
92
287
363
166
116
117
178
184
319
124
68
106
48
0
257
385
37
224
155
334
94
7
80
61
385
210
179
77
76
9
76
181
321
278
158
98
37
50
409
186
51
272
282
176
316
272
10
154
90
86
31
54
11
34
131
214
53
163
56
360
33
150
393
302
226
51
284
33
40
261
216
169
270
34
227
45
22
7
293
244
31
27
353
172
235
197
137
77
157
190
245
112
133
241
113
234
47
276
275
130
82
233
135
355
240
357
6
38
98
108
321
236
290
154
373
11
236
237
6
68
48
17
4
156
255
27
22
44
30
16
37
146
134
54
281
134
66
238
113
38
61
34
202
218
94
131
241
78
261
196
154
351
196
205
11
452
240
164
188
15
52
5
7
48
20
15
82
62
277
35
85
151
119
104
62
181
170
51
162
202
51
97
183
37
263
363
31
63
19
69
11
0
239
256
33
239
164
333
216
308
46
15
124
112
368
60
135
304
288
58
64
48
251
118
10
358
219
8
28
169
76
22
85
119
134
254
62
178
275
359
89
497
125
150
166
310
344
154
30
64
88
80
142
346
36
201
22
13
234
69
138
129
80
267
132
3
50
301
50
239
90
361
78
57
79
175
135
120
240
361
181
210
84
153
27
473
110
210
91
336
43
38
124
223
27
57
386
1
199
255
34
14
222
201
204
39
156
52
74
181
114
281
20
219
213
351
163
223
244
107
71
53
238
353
129
346
104
138
381
268
169
25
79
288
166
65
366
4
119
56
155
33
84
43
278
66
434
253
292
41
154
102
111
220
299
142
226
205
126
12
259
212
238
372
215
251
65
119
45
301
352
418
62
425
107
98
164
129
236
137
284
175
23
4
57
82
54
60
174
19
116
81
11
255
105
136
187
173
96
429
91
363
289
151
58
312
25
355
92
131
195
112
54
103
2
415
214
332
95
107
187
316
334
75
330
41
193
3
379
236
51
428
326
187
7
2
191
81
70
500
211
119
17
105
270
21
64
288
145
352
39
178
101
79
207
68
103
146
24
17
154
215
125
78
368
92
100
173
178
70
66
219
320
98
80
350
112
358
183
46
174
212
222
266
47
151
77
391
227
140
72
200
327
89
232
13
191
279
193
176
316
149
179
181
111
178
75
68
156
151
324
155
109
127
109
236
565
251
106
127
145
86
448
74
291
8
113
33
141
36
29
154
178
26
176
85
118
276
205
3
149
177
183
20
162
436
308
163
297
36
84
244
99
36
295
112
195
315
14
138
346
136
213
286
15
385
97
33
42
63
252
245
319
339
185
428
111
195
118
189
59
72
292
121
197
115
82
77
156
183
189
4
148
254
80
67
98
168
343
47
6
351
295
284
95
31
148
379
112
115
211
13
133
21
19
107
217
75
116
396
59
70
104
288
237
119
5
123
83
317
497
46
45
234
71
332
300
231
89
309
66
264
186
59
2
11
97
296
312
142
37
12
122
121
85
204
71
207
96
82
332
314
251
497
53
200
164
79
144
358
224
129
57
304
139
183
217
210
390
386
61
159
428
51
139
43
125
377
67
80
113
45
145
124
57
36
110
224
73
24
32
23
41
264
118
201
356
86
272
272
175
48
77
138
13
9
31
217
247
23
229
80
368
140
32
106
121
87
5
246
49
29
18
374
378
89
42
267
294
161
220
117
78
121
259
208
282
409
160
126
110
42
345
7
199
225
263
107
190
77
124
419
173
28
196
306
72
242
192
141
28
80
336
394
96
146
127
18
150
254
134
199
29
44
268
155
4
165
136
50
242
20
369
141
40
128
12
353
93
152
233
271
196
219
22
205
515
274
27
343
143
220
255
39
19
73
574
5
94
190
82
90
168
65
83
106
486
84
103
4
66
146
46
33
176
257
39
269
32
58
338
313
10
323
54
276
275
122
389
93
97
4
101
66
179
289
62
332
217
331
114
151
305
138
8
241
139
147
157
39
124
115
112
75
291
445
49
39
196
93
163
390
181
267
12
24
251
3
305
335
205
139
77
243
263
46
71
159
3
218
147
247
348
78
129
213
94
166
194
48
78
42
24
129
197
232
84
175
211
62
229
93
102
117
4
255
23
516
40
162
226
81
89
85
334
178
27
291
9
173
17
123
461
35
84
42
408
50
314
287
486
193
279
33
14
32
71
391
256
78
235
131
336
84
9
73
29
91
50
23
68
224
105
172
89
326
116
352
53
58
40
94
225
57
42
201
198
121
268
201
161
373
84
13
278
297
133
61
113
124
219
98
321
311
305
91
4
184
76
196
181
64
10
53
52
311
150
310
365
249
51
147
194
272
39
321
66
42
285
303
317
183
26
31
267
472
81
271
71
16
57
25
423
360
153
71
155
71
201
312
46
246
64
234
188
147
91
123
18
241
258
322
99
80
123
106
297
79
193
161
35
52
91
19
212
2
70
142
173
243
122
26
83
223
29
112
299
424
214
122
15
80
30
227
29
46
589
368
27
58
400
126
124
370
36
203
416
19
39
315
91
71
161
113
32
152
1
234
30
42
24
136
166
54
43
26
370
73
171
326
186
313
6
109
182
120
173
25
431
122
182
42
103
46
202
385
280
101
101
159
8
159
78
7
54
150
495
1
382
87
167
261
42
380
492
241
38
189
242
150
174
86
325
111
121
14
140
154
507
418
94
46
320
202
35
121
167
283
55
373
111
16
163
110
281
263
219
61
384
287
158
223
289
115
128
124
251
199
43
296
255
258
263
76
377
89
403
11
338
78
271
407
134
163
139
89
137
378
57
290
118
68
8
187
14
184
65
94
36
118
48
54
7
29
98
312
127
432
72
104
308
70
488
58
292
318
80
43
264
6
432
72
83
161
232
327
291
477
102
253
258
112
20
61
184
149
95
300
277
104
266
6
61
83
577
259
303
2
20
231
203
114
212
129
13
314
125
44
278
22
11
88
226
371
152
115
2
135
72
173
38
378
305
46
118
412
68
131
154
76
16
205
6
114
71
123
108
351
114
26
276
17
238
166
218
301
113
26
39
315
1
86
102
187
49
150
126
226
205
333
130
46
430
96
416
390
289
33
120
305
305
61
183
13
191
35
28
39
229
263
318
9
109
378
38
171
372
34
118
258
28
155
338
21
17
199
207
278
8
249
300
45
166
1
131
453
474
31
195
281
152
156
197
192
274
32
21
346
46
24
98
41
16
255
146
24
411
155
61
124
312
250
33
149
52
263
123
289
226
392
25
339
250
250
116
156
508
35
349
163
241
196
64
310
160
341
187
485
68
46
34
135
247
163
169
47
166
226
222
307
311
270
145
396
261
152
385
173
243
270
28
115
79
56
133
347
16
75
121
64
84
77
66
199
362
148
277
136
372
141
28
143
16
228
248
55
274
157
385
156
376
147
240
12
260
59
20
227
67
23
46
56
268
104
143
92
159
46
328
194
268
190
173
155
196
145
331
69
30
304
98
117
177
85
56
275
384
139
330
378
192
128
49
67
334
172
387
127
34
79
26
7
256
292
136
73
311
235
194
209
64
149
234
95
68
272
226
330
60
287
102
285
248
179
190
138
179
109
21
264
290
205
21
149
62
50
191
190
1
359
40
216
403
137
2
93
336
84
173
114
178
8
68
140
285
125
337
12
67
82
156
286
383
46
227
261
257
192
117
365
53
107
94
300
86
33
127
84
205
315
36
118
73
48
279
186
139
63
161
71
462
36
163
57
10
59
190
50
13
89
103
132
86
327
110
258
167
112
237
346
89
39
250
3
304
182
319
135
22
110
167
5
142
281
101
9
171
117
253
187
89
334
164
174
20
149
300
102
396
116
27
39
288
91
78
22
404
393
199
143
82
247
618
263
22
50
148
184
225
404
109
26
252
342
98
147
69
68
236
21
246
301
139
134
50
441
202
212
183
268
64
259
93
195
12
169
98
188
206
129
8
173
46
63
379
103
124
185
264
135
42
405
48
449
320
200
28
30
468
364
116
83
31
46
7
8
24
353
178
157
340
239
140
57
33
285
47
46
618
38
204
25
68
100
114
120
38
50
45
170
475
110
290
385
39
87
175
7
114
65
32
142
210
2
169
420
194
115
110
148
320
218
223
251
69
202
466
14
239
106
363
385
141
401
85
255
269
249
39
127
190
76
393
251
90
433
360
282
97
8
236
26
85
19
134
124
71
21
14
136
264
158
153
44
104
187
514
197
81
274
284
173
127
107
32
41
185
214
142
163
10
219
195
171
252
18
253
70
467
110
191
158
163
277
246
437
220
203
220
83
6
33
185
323
228
326
223
224
229
66
226
53
111
27
36
214
150
24
56
310
14
127
191
224
18
238
132
267
116
245
200
158
153
178
377
203
326
312
179
104
23
215
86
20
15
4
407
12
137
326
53
29
182
21
278
187
118
53
102
117
469
126
43
137
257
37
116
490
404
300
415
188
131
333
77
115
271
128
406
429
10
172
368
330
377
142
138
242
461
0
212
222
58
58
123
83
209
321
47
49
38
391
505
8
79
210
282
117
332
124
35
155
181
18
297
78
99
53
56
30
195
34
208
12
180
223
199
98
83
24
93
129
45
247
68
333
219
230
116
535
31
285
20
25
339
261
354
184
6
96
22
129
300
194
69
141
240
7
5
198
81
84
227
121
15
24
97
58
20
98
88
255
371
34
17
42
326
44
315
342
69
109
41
59
33
93
410
525
306
167
32
49
352
41
171
282
134
94
174
53
111
211
60
241
570
253
170
100
241
363
215
303
273
340
74
49
233
116
200
457
89
55
31
80
323
199
287
110
42
207
176
273
390
77
144
200
451
108
241
7
31
372
59
174
296
137
99
378
7
158
41
173
161
302
340
83
79
115
38
190
331
172
267
200
136
526
143
40
251
162
78
154
370
325
68
68
326
347
171
290
15
96
8
250
44
365
190
41
246
187
210
286
204
339
18
170
402
134
25
105
210
152
213
573
126
135
282
108
345
132
328
384
198
179
119
151
34
295
266
141
321
283
0
162
182
0
94
111
17
49
116
97
72
57
257
6
76
195
17
207
260
43
31
190
208
403
617
362
172
150
287
385
24
482
128
295
64
29
153
544
269
211
116
424
125
328
82
4
101
157
456
26
156
343
2
162
250
73
132
32
143
263
18
126
13
270
288
27
281
110
244
25
126
369
308
62
220
51
34
102
41
175
165
113
142
60
172
444
22
22
28
73
94
338
449
197
240
179
467
417
37
338
312
251
198
500
128
273
8
124
253
344
197
326
129
64
10
123
77
30
443
463
133
207
269
258
153
32
7
130
246
63
355
60
169
254
37
177
144
193
57
284
17
345
228
46
16
78
91
337
296
292
337
161
12
19
68
87
75
238
219
77
171
367
284
168
264
214
207
388
153
397
249
158
48
144
107
6
182
92
315
291
552
225
89
80
47
411
67
108
137
195
237
188
482
33
247
21
182
78
83
299
144
169
57
4
227
23
48
370
137
156
123
130
274
96
156
280
418
218
329
361
193
270
140
77
142
42
266
356
52
40
213
285
446
540
289
301
226
10
167
74
107
418
273
67
208
196
84
57
260
59
294
101
338
230
302
52
213
88
291
176
138
125
375
316
29
79
19
86
284
378
147
214
282
144
284
28
337
170
179
66
402
280
21
87
56
77
148
243
77
379
130
217
170
94
137
164
90
141
276
168
253
56
33
352
141
155
37
182
29
123
147
250
229
300
416
305
66
193
130
38
203
16
116
329
7
238
427
377
108
10
29
283
132
6
193
193
55
142
263
37
10
235
45
66
105
191
175
101
207
72
49
156
8
147
406
286
310
408
232
330
192
11
131
36
324
34
147
106
263
58
87
406
27
63
90
17
133
40
289
547
352
219
59
309
188
36
364
116
228
32
88
302
4
19
13
233
90
53
168
239
220
169
149
195
307
30
64
160
480
101
223
455
132
38
263
282
66
61
130
19
496
249
357
229
38
30
106
125
72
350
118
177
148
234
200
369
136
132
88
279
321
20
126
195
230
229
133
233
21
48
97
97
5
534
307
20
214
10
6
33
349
31
283
255
111
222
298
148
69
66
69
4
292
222
27
96
86
324
267
243
277
68
323
231
37
103
377
352
5
267
178
45
278
66
225
135
347
4
157
20
150
191
321
228
80
35
1
75
377
86
41
89
308
268
130
166
164
186
200
263
238
227
226
98
310
52
306
138
280
321
37
76
101
193
2
179
53
316
271
30
220
358
198
131
522
117
133
380
112
128
192
66
96
166
285
100
54
386
344
72
120
190
208
88
380
326
79
424
132
54
497
229
396
94
463
9
16
327
199
293
538
414
33
196
270
68
109
247
318
189
124
267
230
255
27
118
67
284
70
311
125
94
433
127
124
101
173
55
390
28
2
260
328
128
249
371
552
342
90
329
24
170
79
35
80
378
45
369
218
55
383
209
337
264
299
279
245
348
76
330
30
54
292
10
212
474
167
81
212
151
223
75
267
90
51
177
142
94
366
95
58
191
80
79
61
240
648
151
162
232
94
499
79
62
338
293
218
364
202
237
249
97
330
17
143
70
365
33
420
323
360
29
372
78
187
39
107
111
18
540
477
554
236
143
198
245
136
72
355
330
141
86
211
323
43
158
111
197
94
188
52
183
217
127
197
13
94
42
25
29
153
103
111
30
66
53
168
197
203
232
30
90
325
391
452
46
211
107
254
61
173
433
340
204
169
65
23
208
236
13
7
290
125
90
176
29
140
191
12
99
19
83
170
12
26
118
259
137
32
244
107
1
44
14
311
46
8
62
90
196
371
294
118
47
15
34
442
234
145
193
81
55
323
48
45
59
211
4
164
228
41
43
36
152
316
430
136
203
270
157
192
90
73
277
17
62
209
144
235
75
243
56
46
176
315
147
238
221
309
146
68
182
276
249
15
100
274
381
119
73
120
288
99
255
120
86
229
154
19
25
130
49
21
457
101
69
23
32
98
60
9
250
315
514
193
232
119
332
40
440
62
365
304
413
28
187
142
122
36
172
320
173
119
321
250
186
123
381
188
333
19
82
20
27
63
16
89
226
443
362
105
158
81
265
260
136
207
41
54
85
311
255
208
233
302
159
93
532
113
70
34
379
450
333
79
99
38
81
40
346
259
64
113
346
244
184
129
17
139
69
161
109
39
219
20
102
73
505
27
631
151
87
165
131
247
300
218
38
361
48
187
37
46
11
31
146
119
62
14
446
113
677
180
25
127
518
16
514
129
115
91
73
102
280
152
171
445
568
35
515
127
30
186
87
275
122
116
190
53
466
238
155
318
93
527
138
198
86
192
152
356
484
467
88
194
96
547
99
176
304
137
58
301
56
28
62
66
42
259
444
303
268
27
3
25
159
345
214
128
390
71
304
168
496
19
34
12
199
544
395
271
246
216
483
227
1
22
109
237
124
176
200
57
267
185
102
47
61
14
64
283
134
156
203
255
74
75
87
264
428
182
352
124
21
38
45
214
210
154
73
423
215
68
18
219
150
103
181
350
376
76
52
214
37
169
337
417
7
41
97
478
35
43
290
106
263
71
169
272
269
240
16
149
33
22
207
47
209
103
238
46
147
66
115
27
65
214
132
238
20
114
64
126
223
280
102
150
53
340
197
75
286
167
52
56
264
153
47
49
289
280
411
307
76
120
268
66
131
36
242
536
109
118
168
122
95
174
156
2
117
312
77
173
280
121
134
61
52
525
69
385
161
36
90
105
374
467
96
386
173
130
425
73
163
122
82
224
190
415
365
115
283
292
427
106
192
209
183
37
184
23
6
151
240
21
464
467
201
578
524
288
246
75
143
113
207
371
12
432
94
176
30
341
347
146
416
9
421
87
6
537
690
233
312
154
112
178
26
160
70
27
110
291
162
82
156
613
197
29
121
168
512
384
39
78
356
53
328
52
175
34
170
100
193
149
92
254
6
85
269
53
441
112
45
24
128
81
198
74
109
323
335
37
98
480
254
135
15
77
368
57
185
70
104
172
512
58
68
24
71
230
73
61
186
29
131
154
225
85
147
6
162
44
17
86
95
162
379
49
178
238
403
227
243
101
521
104
73
30
15
19
103
221
167
285
127
92
12
299
68
49
72
45
472
130
282
9
160
65
190
120
311
14
3
50
42
436
339
429
51
260
86
4
389
272
99
2
335
44
337
13
45
124
398
321
28
337
5
114
42
320
49
22
461
15
183
106
44
410
140
49
72
2
8
119
57
96
367
374
32
232
319
398
400
302
223
250
500
243
210
230
192
306
23
326
185
120
118
194
87
274
166
84
39
17
475
28
272
401
45
177
288
117
178
55
103
290
251
118
169
88
147
291
396
384
76
169
88
154
42
517
127
95
325
164
337
367
43
156
146
268
24
217
169
241
121
237
123
125
102
16
100
89
92
219
76
424
116
364
531
57
336
115
92
51
90
254
265
394
118
62
278
21
16
638
660
185
23
155
153
159
45
96
19
236
65
129
410
139
335
261
370
185
48
591
239
226
13
152
16
279
228
157
209
208
68
13
207
608
140
111
52
157
304
205
46
192
175
70
392
266
189
307
360
262
177
198
525
41
55
375
153
191
247
159
406
397
123
441
110
278
436
275
275
178
72
158
241
44
368
132
134
197
149
292
187
155
296
132
287
100
89
69
363
346
455
372
134
248
191
63
189
85
137
110
162
474
101
208
263
125
53
93
631
523
169
236
17
444
300
8
204
422
136
98
344
398
67
123
134
123
34
72
66
58
350
270
133
147
82
99
373
165
217
373
478
340
10
9
179
145
442
384
44
135
110
98
127
279
29
167
154
37
251
48
229
375
99
54
104
0
160
149
118
139
97
157
141
192
2
375
323
452
105
82
94
276
406
6
84
63
104
31
146
329
92
187
7
165
293
459
42
135
318
118
23
114
31
266
199
238
38
420
256
35
74
96
136
184
150
23
136
45
474
384
242
576
165
4
72
195
200
63
171
376
60
521
120
314
132
530
106
126
92
358
398
95
40
201
410
187
499
209
120
125
390
451
206
424
127
58
299
135
180
59
404
251
117
428
456
385
293
238
102
359
205
153
381
90
183
188
94
75
337
306
449
43
221
205
196
396
132
579
333
88
151
27
297
54
81
455
137
126
188
144
364
171
29
115
80
80
183
228
205
374
45
15
351
46
184
173
185
68
266
533
102
70
583
78
150
68
55
100
455
105
95
232
45
80
394
293
59
308
242
69
124
7
176
289
437
644
176
73
65
244
18
368
63
51
92
535
359
383
24
246
270
64
48
85
415
80
52
110
268
95
75
348
370
79
240
143
41
126
306
34
19
15
419
246
27
196
200
160
246
60
99
44
237
33
24
19
213
57
408
585
7
63
465
6
37
552
186
515
42
14
438
224
164
2
500
646
513
121
295
477
308
100
56
98
348
215
51
190
265
174
362
152
430
43
113
595
117
281
98
112
331
315
274
382
195
88
121
532
24
66
184
141
416
122
566
19
184
254
135
8
60
125
85
150
145
173
615
385
70
291
91
74
407
465
105
314
76
211
306
119
30
129
213
206
18
159
174
229
68
1
85
68
425
97
59
273
142
143
56
63
89
63
85
189
133
236
50
358
56
169
15
136
123
408
674
289
20
129
120
79
308
71
41
157
159
364
209
108
132
100
117
187
303
27
129
12
75
22
70
129
71
93
58
266
390
87
119
454
364
95
61
369
370
50
121
262
60
374
33
214
179
20
54
138
209
132
56
85
246
76
267
187
61
77
84
250
423
224
342
69
10
348
111
214
418
298
311
114
147
31
289
13
201
132
158
212
35
76
354
97
343
58
175
167
402
107
314
30
152
263
222
421
193
317
149
148
65
155
22
224
13
316
512
283
148
285
434
310
61
257
197
56
173
189
19
208
219
32
141
27
124
350
183
63
390
210
37
63
270
107
331
109
182
5
105
423
38
6
625
282
146
69
132
171
312
253
35
88
260
53
6
605
75
414
305
167
330
238
125
190
267
98
61
302
25
403
119
239
406
243
86
192
301
174
65
63
296
152
140
7
211
74
10
487
11
12
61
360
477
193
242
369
23
67
156
301
401
348
276
20
297
96
7
14
59
239
610
256
76
313
352
16
237
57
178
563
435
431
149
259
65
107
446
373
685
131
197
350
109
364
105
66
159
52
142
307
204
121
48
255
41
52
191
294
611
231
75
185
319
123
239
98
214
164
539
59
257
404
259
165
23
17
252
9
236
96
235
8
155
149
116
108
444
166
49
502
14
133
10
80
33
172
276
481
23
377
70
67
12
277
252
372
200
42
268
11
35
102
62
108
479
58
157
40
220
297
255
185
175
139
5
133
492
254
54
81
367
82
23
5
224
280
394
303
252
116
72
208
187
153
145
203
517
31
162
29
122
119
433
69
8
473
31
502
144
242
39
102
132
140
225
158
46
188
46
325
202
369
315
326
69
109
298
212
244
73
85
19
24
278
505
6
486
3
66
194
295
31
168
285
276
258
302
403
109
279
201
35
56
262
370
113
70
36
432
240
100
295
365
304
481
332
247
204
444
227
184
150
30
218
40
146
284
32
93
11
112
139
511
190
73
87
132
304
272
145
92
90
157
551
79
187
5
84
48
289
135
603
121
110
71
281
153
74
238
149
334
154
470
49
218
65
76
57
37
192
168
404
127
188
90
522
103
31
445
135
112
300
47
13
379
520
581
63
70
125
144
62
64
39
71
79
462
253
222
666
355
44
56
436
26
407
83
266
100
70
376
21
47
143
295
192
124
221
294
61
298
70
114
1
103
64
68
160
21
36
120
53
32
248
9
418
400
253
42
134
462
200
302
302
128
113
121
13
188
144
18
32
268
73
297
174
156
184
115
162
120
115
12
490
63
274
522
343
44
86
287
226
147
186
114
134
104
81
6
621
189
287
151
156
275
327
188
15
155
252
345
99
404
414
85
141
122
331
138
114
67
39
211
307
322
257
309
28
52
150
59
34
192
301
73
15
53
424
40
207
160
4
110
150
214
182
162
374
101
161
461
206
213
95
9
321
8
272
282
77
119
260
256
524
184
34
21
241
384
282
133
66
156
491
208
73
417
159
315
170
140
203
53
283
434
256
197
287
261
65
224
35
646
146
173
43
272
35
209
70
120
166
115
20
690
193
204
542
121
287
67
39
337
196
56
26
247
278
382
691
67
424
395
8
41
741
303
156
194
291
103
158
186
157
14
13
487
98
137
3
409
512
310
100
52
287
34
43
371
380
161
159
213
26
500
270
56
111
82
82
127
54
161
167
278
7
519
23
230
572
298
42
40
324
60
431
15
325
98
255
112
248
183
73
201
210
145
87
1
63
208
372
154
69
295
128
64
365
62
21
117
67
402
112
66
41
80
49
207
257
306
606
144
209
57
512
238
517
126
142
134
78
60
123
104
163
94
231
350
520
200
222
90
315
144
19
44
129
122
83
623
270
111
208
76
419
382
253
194
401
199
368
505
51
394
206
57
74
70
300
62
64
215
542
133
114
352
501
497
96
70
401
139
349
457
43
255
247
388
499
214
283
268
287
227
334
82
285
112
367
127
490
106
592
100
70
293
372
139
325
202
3
18
615
233
0
265
97
185
63
195
382
78
41
178
328
654
14
167
72
15
355
30
108
207
178
348
278
197
259
89
88
243
149
104
88
452
485
304
84
11
154
73
207
195
223
339
197
402
320
129
191
255
22
499
90
411
405
44
43
125
13
77
191
274
366
441
130
70
300
249
239
13
231
231
31
396
226
494
315
174
388
502
78
582
184
10
105
300
71
271
338
75
210
547
213
436
157
294
182
5
240
370
210
123
495
175
153
24
189
408
209
450
251
417
124
173
67
269
190
23
219
76
190
55
99
15
57
182
275
468
60
100
86
148
297
179
408
43
476
413
115
31
267
20
400
87
116
239
337
243
147
170
254
250
219
89
221
3
293
39
267
71
1
459
372
106
161
70
171
109
69
113
422
540
192
334
404
10
635
251
292
604
505
181
203
438
182
35
94
615
140
206
24
394
230
245
312
106
225
105
134
206
37
17
217
174
33
213
586
108
224
137
185
99
83
235
124
517
51
199
496
77
291
387
44
456
143
107
304
137
364
145
208
89
111
7
82
446
221
144
235
81
154
163
47
270
258
150
379
248
145
30
472
198
350
172
122
156
307
210
228
90
51
279
411
70
220
406
404
68
120
99
352
66
327
121
180
96
347
313
361
223
66
95
101
190
114
186
122
179
17
174
148
240
42
50
85
542
392
411
249
74
119
82
503
97
59
208
57
79
38
76
187
263
39
485
23
516
25
264
372
183
54
72
22
61
208
399
25
66
192
182
542
201
398
276
529
35
116
95
166
128
465
187
105
425
198
33
184
89
488
364
309
10
80
426
402
419
205
447
75
27
36
73
355
505
19
170
206
484
26
62
331
252
244
216
225
175
271
10
470
110
203
98
69
213
226
153
17
66
277
379
430
12
140
172
70
88
490
190
114
504
76
50
358
625
421
89
76
54
123
56
282
304
93
218
12
12
125
31
251
19
352
90
162
401
412
282
11
160
222
242
499
578
261
62
105
122
21
163
569
388
248
147
17
244
217
521
84
634
309
5
10
626
230
216
184
189
28
84
238
126
266
611
82
77
437
40
42
122
26
1
55
24
321
22
30
69
159
208
565
359
61
187
304
76
204
63
126
80
206
296
313
107
37
106
158
29
135
619
172
634
191
52
702
169
270
278
194
135
168
240
46
293
546
8
78
174
26
135
238
239
159
169
682
109
138
65
14
298
481
169
6
201
332
110
283
144
134
22
92
15
33
202
346
23
304
34
202
402
549
456
247
240
185
114
235
23
35
238
380
121
267
226
478
250
250
173
106
95
19
376
374
549
9
453
75
72
201
314
395
296
109
289
612
277
213
161
225
330
278
138
189
101
147
189
80
155
444
245
20
432
53
214
311
325
100
289
339
259
213
133
287
517
56
16
325
131
516
582
42
272
51
133
8
84
219
35
81
74
112
133
59
216
271
120
169
320
275
118
227
91
1
143
226
326
63
78
261
418
137
368
620
195
218
137
471
26
31
134
96
22
32
176
93
533
49
203
77
129
225
343
255
123
30
231
388
177
21
151
168
341
49
151
204
277
226
350
117
29
335
218
218
399
520
113
74
330
40
40
305
719
496
194
11
153
521
292
136
180
15
257
344
194
225
235
132
49
398
193
2
45
164
505
48
546
261
226
172
6
343
99
228
665
45
162
108
72
132
370
36
393
326
87
209
39
244
56
154
217
687
184
46
589
460
76
630
193
84
270
34
472
632
369
444
434
339
129
563
103
310
30
250
470
188
95
261
56
225
207
65
65
425
413
25
111
179
98
191
27
26
274
24
153
156
68
369
166
22
94
357
53
117
381
114
44
29
357
337
80
266
16
142
157
233
68
241
172
220
174
58
497
513
507
79
396
473
198
120
20
291
99
202
386
262
57
86
204
315
255
91
68
274
58
213
93
29
248
237
1
363
104
451
417
436
344
391
369
130
293
217
160
453
545
78
603
73
129
47
379
2
215
268
1
18
142
319
461
103
381
120
109
102
242
312
369
19
241
366
327
207
161
26
388
341
129
22
33
124
216
464
92
161
180
44
98
91
116
564
685
87
100
212
136
404
422
138
160
347
197
80
347
57
95
158
429
10
100
52
408
800
295
288
54
187
51
142
445
188
86
70
307
31
55
234
65
79
239
162
39
640
103
315
117
276
32
160
129
175
412
8
412
224
170
16
554
419
291
390
106
25
200
38
221
86
110
166
102
362
143
126
436
533
25
216
417
130
461
98
488
441
32
83
371
151
73
209
81
275
501
317
259
71
208
95
411
236
305
238
125
595
224
381
349
236
384
395
333
126
291
275
209
167
260
223
203
562
112
58
117
14
166
211
89
12
479
647
105
187
226
340
4
17
580
87
429
392
426
571
200
147
1
717
8
92
501
194
266
36
54
272
41
424
78
146
168
121
267
372
114
166
528
28
73
85
538
493
120
397
134
321
284
78
252
129
43
57
226
22
286
9
26
2
194
98
21
142
68
262
233
174
268
257
250
23
371
267
113
50
169
167
383
158
214
87
126
53
39
181
210
40
133
88
133
127
366
250
31
54
227
426
234
344
123
95
272
97
39
223
66
396
14
97
266
68
111
47
150
557
364
76
343
194
77
553
614
11
200
83
179
286
245
356
548
335
76
73
183
462
383
18
575
32
437
63
70
305
513
138
20
64
60
260
225
321
115
252
420
93
104
615
244
150
249
21
130
29
136
198
458
18
391
167
407
424
20
188
285
58
148
149
102
15
149
230
227
389
592
164
255
379
176
243
142
418
407
328
106
601
151
16
124
15
8
172
515
291
348
255
214
477
92
81
90
362
64
126
75
159
366
322
53
64
137
106
37
116
56
10
154
111
160
118
228
323
51
187
294
87
108
141
42
332
562
58
26
75
496
39
298
287
408
189
28
208
714
604
175
230
238
248
186
224
279
173
89
432
136
247
630
74
110
133
208
128
386
496
76
193
124
35
17
466
275
437
308
74
348
255
322
43
464
265
100
313
75
107
152
107
96
174
229
178
438
135
19
46
114
361
199
583
158
137
224
66
116
535
92
247
622
413
130
30
98
361
34
328
295
100
707
238
96
17
83
48
90
440
75
507
99
361
282
492
8
636
135
238
103
367
219
505
462
476
375
443
234
43
8
6
96
254
48
411
56
429
108
77
292
296
578
41
134
199
18
145
127
191
15
101
374
49
458
239
187
596
126
6
161
400
279
714
77
329
178
198
192
129
14
191
192
6
25
92
434
5
71
397
141
46
118
220
176
221
281
579
216
299
404
92
431
260
163
494
191
82
318
490
46
437
5
97
156
398
287
331
111
220
196
28
141
408
40
370
401
484
128
48
104
215
70
63
213
266
336
284
459
251
55
478
37
144
137
601
67
401
54
57
35
338
53
557
544
154
165
48
355
28
412
330
11
128
18
475
604
46
461
95
295
132
4
205
8
178
125
65
204
228
645
196
575
295
264
175
76
494
565
464
41
301
547
91
518
118
40
23
63
296
392
56
90
352
414
397
84
258
148
98
166
15
264
324
352
163
447
31
12
282
58
160
131
451
273
60
295
260
206
98
272
503
264
75
540
151
53
69
270
308
105
171
596
93
35
145
108
43
207
105
250
380
141
427
330
404
683
32
102
17
370
2
148
344
380
0
55
700
242
256
101
296
48
289
249
94
255
228
76
49
233
652
69
16
223
50
77
17
253
112
291
153
12
520
100
5
89
64
132
35
36
124
166
17
62
475
591
27
602
135
269
139
167
197
439
369
97
220
62
60
250
32
195
79
247
17
200
62
224
329
348
79
23
260
480
95
392
382
358
229
101
486
142
146
243
85
429
26
337
353
284
244
316
72
425
213
696
18
188
173
471
436
94
174
27
134
4
414
479
408
92
361
160
40
382
458
79
239
142
140
380
438
362
26
221
120
281
35
186
238
34
15
50
76
525
403
118
167
206
385
148
326
337
83
436
220
196
102
101
194
233
201
400
299
63
256
27
89
384
581
608
110
8
122
71
182
10
249
265
519
57
160
27
23
82
138
211
213
461
103
15
556
140
21
641
151
379
153
54
65
310
73
520
73
339
203
398
91
338
278
222
40
331
165
332
199
544
163
161
87
136
31
54
347
245
32
6
198
195
385
115
75
164
92
114
49
84
150
22
416
114
154
41
318
14
53
212
52
179
70
201
195
316
339
10
95
546
159
141
45
259
147
424
257
43
123
359
98
155
349
69
93
267
393
167
158
101
152
137
253
132
78
35
275
146
8
36
210
201
132
36
214
24
55
287
219
245
388
545
49
518
272
133
110
279
258
306
244
143
415
282
88
190
339
86
231
235
195
24
366
465
407
174
460
455
227
421
114
129
560
554
409
10
205
160
387
69
310
282
289
205
64
123
172
147
207
202
143
24
85
248
170
201
56
39
73
286
413
317
181
36
158
144
367
245
749
51
106
101
656
4
135
410
197
146
395
92
280
124
144
305
568
325
185
458
122
317
123
208
554
336
5
156
345
25
55
484
56
116
34
184
7
22
415
203
378
450
201
79
98
121
64
186
472
239
415
22
113
75
188
231
359
123
57
95
239
86
809
191
277
107
210
161
261
343
36
44
396
91
133
194
343
214
349
67
358
116
329
162
35
46
495
178
62
339
130
318
244
74
252
195
73
60
264
131
111
26
78
278
106
533
61
267
451
176
140
67
219
88
49
47
182
471
25
73
31
551
44
207
268
66
109
102
809
309
23
58
241
19
215
420
572
393
227
182
92
59
443
563
164
68
150
147
78
270
302
8
151
152
110
73
483
445
656
237
39
174
19
408
176
230
79
77
69
103
299
265
228
498
244
111
153
324
64
420
176
111
169
186
522
97
138
18
21
67
244
359
482
592
145
178
152
81
230
428
35
169
124
581
146
363
497
554
276
120
60
550
511
165
130
131
409
45
143
60
521
424
75
111
46
192
192
258
294
160
713
144
486
109
243
133
482
81
252
425
100
20
379
75
166
176
402
125
50
242
289
475
280
14
565
132
182
225
49
30
26
439
163
412
582
59
34
346
257
237
90
433
319
42
42
335
17
269
256
69
83
8
108
360
138
197
548
412
219
39
272
3
392
54
448
437
34
197
827
113
409
541
269
351
134
104
403
150
450
186
243
202
598
386
169
132
404
98
119
232
239
234
509
210
423
57
245
138
52
805
411
237
485
386
272
133
178
212
70
577
64
131
379
483
196
142
84
65
306
212
39
357
98
302
247
202
106
156
113
5
80
223
328
124
33
58
15
292
280
120
257
586
24
147
183
559
61
23
111
223
14
430
95
268
106
449
291
172
376
364
431
250
407
234
348
316
236
366
318
126
95
77
163
92
12
4
404
88
59
233
452
273
22
140
156
307
90
118
212
19
34
57
90
491
291
290
472
392
168
108
360
157
184
137
50
431
61
158
168
28
266
22
44
245
11
424
153
44
113
95
274
99
592
210
135
140
168
304
34
235
410
128
120
402
101
119
163
76
263
78
173
25
287
351
222
257
71
83
224
608
513
339
13
193
270
278
169
880
491
342
156
79
465
98
253
134
231
505
108
63
23
251
367
42
293
30
71
71
163
280
72
632
113
248
158
225
117
209
255
104
125
125
485
381
217
308
274
70
263
317
476
298
81
169
145
180
297
114
578
199
191
249
515
25
437
272
200
158
564
548
486
172
133
412
97
216
179
161
170
386
214
111
17
0
281
62
51
54
237
257
27
6
216
623
78
269
514
135
178
350
138
373
37
249
454
8
22
202
25
105
527
377
30
136
272
125
32
115
265
482
552
396
328
113
203
59
321
55
250
21
17
1
424
610
9
143
7
258
128
194
300
93
511
56
270
473
316
286
159
23
335
476
101
414
73
470
198
36
411
5
221
41
423
76
230
187
247
517
111
212
344
24
352
371
97
241
352
239
175
202
256
184
60
358
262
195
208
279
12
5
510
10
163
274
251
52
22
169
509
64
24
293
293
21
245
333
228
193
156
281
279
449
157
332
38
10
333
163
9
301
322
463
205
28
103
193
361
434
340
467
109
161
30
217
89
209
18
312
600
81
379
121
65
374
217
196
184
213
124
277
129
165
304
105
491
7
396
197
200
47
164
447
110
420
409
184
211
172
341
198
130
11
91
211
297
231
342
96
296
594
186
343
129
26
794
266
7
82
134
289
207
457
260
310
303
395
112
30
269
41
316
220
3
203
19
29
28
600
432
67
101
14
215
247
259
44
110
8
91
526
547
241
136
287
126
297
476
118
385
1
66
165
309
74
202
490
44
112
354
66
67
39
381
159
432
174
236
221
228
428
243
163
498
59
294
251
449
227
265
254
68
89
92
334
394
133
214
305
243
228
68
19
258
318
289
296
61
577
488
334
13
61
309
95
289
227
456
130
11
411
170
217
194
402
301
66
228
459
14
294
484
16
128
169
182
206
56
231
155
195
111
39
573
453
30
330
463
156
178
391
142
379
260
186
273
87
393
302
134
737
65
406
225
248
268
243
44
111
314
132
357
384
0
462
58
228
41
232
348
54
318
231
696
131
310
19
406
113
118
275
659
442
280
432
219
51
468
614
132
376
158
135
9
296
35
285
398
449
130
461
250
72
197
428
507
464
355
130
256
27
399
203
227
34
23
114
14
235
114
323
44
189
317
40
667
180
383
44
66
267
365
201
66
436
345
265
446
197
23
330
320
137
42
24
105
8
27
525
25
182
19
232
148
313
362
18
28
158
183
539
218
484
280
34
13
313
325
244
84
232
83
162
1030
77
272
207
79
59
228
144
13
329
60
56
352
333
455
261
709
138
553
395
77
23
58
329
144
79
50
135
535
238
31
33
99
505
430
412
43
570
270
545
195
51
76
64
73
326
73
3
180
76
515
437
33
362
44
163
170
84
79
83
7
18
164
139
102
330
173
217
361
42
199
379
180
146
81
270
110
115
220
253
324
63
296
140
162
172
56
49
419
140
127
172
43
342
407
481
670
275
54
206
594
69
315
15
374
308
261
478
238
297
92
254
157
12
234
642
217
1
104
128
165
12
11
344
403
219
55
98
812
33
351
343
69
300
574
252
74
164
408
171
264
63
22
93
216
333
98
106
332
84
603
40
278
11
188
492
297
24
378
32
421
287
364
71
370
269
263
173
247
116
319
78
258
21
244
177
172
485
44
95
184
295
515
268
361
337
141
9
409
301
181
142
104
330
37
154
118
43
679
295
474
142
160
155
139
173
92
438
26
327
255
111
156
95
201
86
172
327
187
77
29
50
70
97
341
93
242
230
361
287
317
759
64
430
141
39
357
24
481
85
254
441
635
28
94
44
17
35
14
259
43
51
221
675
252
202
443
357
609
38
6
515
79
455
409
227
299
135
68
465
378
314
598
366
129
437
223
21
98
593
40
6
201
161
17
18
9
149
607
241
367
506
471
49
39
416
212
307
121
95
454
18
296
431
209
53
386
337
301
191
47
486
81
427
312
71
290
32
299
122
90
210
445
116
472
248
113
576
591
123
426
209
452
293
206
351
68
101
263
18
246
88
50
472
521
16
184
122
504
35
252
109
93
536
204
449
551
286
111
105
218
94
378
42
90
401
534
339
161
659
249
106
347
382
48
132
149
152
637
2
37
570
131
153
256
61
323
316
174
245
71
30
98
336
413
391
60
111
164
95
113
55
57
93
27
88
121
1
405
340
67
35
484
431
54
109
572
59
220
87
351
129
424
553
215
77
112
23
36
163
126
266
27
21
59
266
474
279
395
218
119
494
223
80
27
155
143
664
274
350
229
423
222
241
78
538
74
132
114
7
149
42
16
152
20
84
226
482
141
194
49
265
151
60
291
375
137
605
371
13
241
46
206
400
36
119
67
7
74
212
32
629
202
551
389
129
310
40
295
387
358
271
270
60
84
171
17
148
325
113
439
325
454
218
42
207
693
521
235
137
664
104
50
250
19
241
186
156
337
375
54
39
122
126
83
564
24
24
346
82
306
159
22
169
82
73
96
543
254
404
286
259
20
102
235
42
116
51
201
257
4
394
14
225
193
379
537
16
422
16
166
537
177
474
543
208
175
225
72
137
317
435
259
112
153
141
450
178
165
363
559
538
676
96
457
101
114
51
261
268
318
369
246
10
153
112
167
200
563
482
94
145
266
286
436
180
220
224
402
75
142
484
35
465
150
31
230
126
348
223
522
92
132
80
418
67
40
7
93
463
435
347
109
343
39
20
80
345
65
427
526
254
438
143
195
401
345
15
154
264
142
503
94
297
17
104
33
308
68
399
158
464
233
179
415
691
117
106
97
462
29
126
180
324
141
230
184
38
302
305
315
164
54
628
147
415
83
169
177
293
63
650
252
648
20
199
687
366
77
88
478
6
554
110
271
34
475
42
310
60
120
176
121
315
394
133
297
226
163
121
510
163
217
577
261
29
48
499
161
209
311
269
474
65
72
110
140
52
383
206
423
258
449
193
171
226
487
347
534
47
281
409
69
424
248
125
446
662
15
583
230
123
253
12
191
108
375
491
57
16
471
316
117
403
468
79
38
366
224
564
84
207
376
760
90
307
504
41
245
112
260
296
282
87
329
183
79
448
186
260
58
36
58
116
76
146
289
58
116
49
308
177
374
111
26
96
130
688
208
204
77
87
245
398
404
39
134
56
108
54
137
91
255
232
30
20
30
381
278
286
144
634
389
727
261
52
691
544
226
219
80
568
114
568
29
600
90
104
16
173
196
314
231
141
76
131
391
584
64
158
97
106
39
277
454
30
104
697
459
221
437
175
243
929
503
409
387
116
111
57
83
81
1
88
328
13
177
374
73
18
18
437
172
139
5
650
178
37
463
325
70
10
61
187
441
176
117
269
55
102
143
208
149
97
16
203
94
282
508
246
179
393
190
297
24
127
73
280
67
43
542
150
249
237
128
71
508
502
145
814
48
568
124
90
133
398
167
116
374
64
597
197
265
180
364
130
368
5
374
340
194
23
208
256
472
44
81
270
112
492
367
404
32
584
252
365
233
285
165
261
203
103
131
196
1
193
306
203
252
304
26
319
219
4
568
237
138
620
51
36
12
582
662
59
318
119
643
177
96
93
627
189
142
53
294
435
79
100
96
316
310
524
194
130
67
30
475
61
234
667
94
351
315
452
50
151
231
78
420
220
43
762
268
140
162
620
445
573
167
105
247
170
338
593
764
144
257
331
174
366
308
568
254
236
241
150
27
202
549
212
344
95
37
215
207
396
109
322
28
201
39
38
148
268
100
112
310
325
51
228
70
338
422
258
311
398
217
310
362
282
5
250
142
325
174
53
759
460
296
480
28
191
220
140
156
429
58
10
217
412
31
36
465
403
423
87
96
29
162
215
312
494
186
416
118
136
476
31
317
488
152
217
272
52
181
296
547
173
128
405
85
3
100
14
412
208
82
396
113
429
184
183
14
348
229
342
74
528
210
498
391
14
67
11
556
130
475
81
88
92
335
114
66
412
149
89
712
260
100
173
205
183
634
151
501
718
410
376
538
72
489
116
285
209
628
110
832
336
584
55
217
401
35
263
51
141
208
399
0
109
36
513
4
328
472
398
105
346
86
67
517
411
551
859
86
86
146
6
232
258
389
124
134
11
204
470
279
486
782
447
231
10
73
277
60
15
51
894
265
547
114
770
439
197
300
62
689
94
541
365
431
113
481
435
219
297
454
169
179
208
525
294
222
173
208
190
607
84
430
389
205
164
11
0
62
497
298
395
1
285
122
58
194
183
311
337
641
136
441
416
147
13
381
483
73
323
69
153
225
713
527
30
6
127
276
190
99
547
359
70
539
81
66
152
390
398
320
205
301
24
479
258
391
376
213
340
51
124
739
147
124
400
56
321
99
251
64
34
266
728
168
217
124
54
113
187
241
159
45
19
62
69
390
303
589
295
183
270
157
89
244
266
19
367
106
477
156
382
241
111
160
358
295
118
57
375
93
435
230
161
489
72
263
132
398
13
10
511
485
821
77
519
16
69
422
240
690
156
319
117
131
31
394
519
131
160
13
160
140
14
181
216
531
133
50
61
109
49
371
58
27
175
738
580
51
527
97
31
389
165
440
571
51
280
98
560
128
619
224
429
318
163
381
624
320
294
51
376
321
163
89
284
48
99
96
3
163
171
82
221
695
48
125
157
192
250
96
888
256
504
46
73
135
86
723
4
40
41
73
193
239
14
539
42
201
234
25
294
387
59
616
109
143
271
171
464
130
366
214
387
128
442
213
310
429
39
288
99
431
353
423
554
295
256
118
250
214
308
407
65
287
308
242
540
75
203
482
494
277
457
145
161
102
34
61
102
385
205
299
516
8
145
125
84
168
150
101
380
113
511
260
231
289
465
388
256
98
518
282
44
405
412
233
158
164
49
28
388
1022
553
420
52
134
38
170
151
796
683
206
51
76
758
17
162
44
282
42
187
383
436
176
257
552
128
51
642
185
387
463
24
162
379
158
112
8
98
41
197
12
55
42
17
116
186
16
103
60
767
319
287
35
172
317
163
236
36
227
171
5
129
265
464
10
694
53
359
28
70
103
157
50
211
154
288
97
320
556
422
122
252
506
158
582
132
359
536
558
1
414
501
245
19
36
31
37
165
140
41
678
95
651
511
204
320
118
65
18
29
359
262
289
222
297
105
143
102
556
134
135
132
52
419
257
506
32
163
29
145
112
258
853
889
28
84
138
41
86
405
148
124
322
182
219
336
176
435
442
11
58
298
236
164
501
251
240
164
280
470
733
244
12
215
417
104
205
321
246
404
513
282
639
242
795
354
87
274
431
273
26
130
30
599
34
290
277
328
104
468
434
310
87
418
22
36
332
519
448
457
391
101
189
263
561
84
70
3
284
768
559
530
318
77
42
581
226
259
232
11
319
474
521
410
9
175
500
202
209
127
37
719
356
172
310
17
88
252
449
365
104
192
138
90
40
129
462
285
38
537
103
346
533
218
203
268
637
308
429
505
696
56
90
77
161
98
192
33
51
235
188
155
75
46
258
148
1035
176
22
119
19
255
163
284
125
166
144
114
43
308
26
397
354
583
234
23
693
207
395
350
697
224
414
299
181
192
173
283
146
89
20
162
5
398
73
269
208
302
50
522
450
12
458
294
133
620
511
617
123
209
93
253
364
843
337
462
735
168
52
394
322
274
199
88
543
170
351
228
32
412
62
306
372
432
402
133
364
557
191
106
446
104
151
160
182
14
13
60
18
118
226
202
296
609
132
62
22
216
116
86
14
90
4
254
582
212
174
63
166
390
365
464
435
82
246
213
180
104
473
351
175
56
149
440
67
574
194
769
342
490
611
161
149
41
323
335
221
282
577
202
52
303
97
127
206
419
303
53
115
101
144
440
407
276
80
367
21
402
346
7
87
186
16
189
158
179
51
24
698
3
101
412
225
490
425
109
201
621
432
339
115
252
568
535
22
57
253
228
21
432
280
373
152
191
56
95
139
497
76
193
92
370
110
665
362
798
64
398
432
23
226
823
392
233
5
137
130
452
504
481
758
243
508
308
145
469
113
262
282
282
43
39
246
172
192
199
472
139
215
241
126
454
179
181
84
53
242
648
416
347
31
243
74
267
370
430
389
668
352
136
194
403
284
17
271
18
52
254
176
183
465
35
176
352
61
34
101
187
42
183
270
459
304
205
169
145
152
283
137
400
124
625
39
849
390
208
955
406
357
679
365
345
51
70
175
132
87
290
288
132
800
118
136
95
443
182
94
120
211
161
284
9
494
22
34
291
281
914
99
73
106
374
28
1
136
439
6
327
398
187
121
246
81
345
202
171
5
310
98
292
628
448
391
714
510
206
340
119
361
699
35
104
467
585
646
258
655
110
259
465
299
35
211
165
1
191
21
212
225
689
10
629
159
179
458
542
285
52
344
232
266
599
577
340
23
137
79
214
140
628
329
215
108
632
225
201
539
265
17
78
340
48
356
185
127
188
141
442
417
231
442
544
427
56
127
216
241
538
221
578
491
89
154
38
535
448
144
304
125
40
129
255
62
150
400
142
220
35
212
247
173
421
131
267
362
357
230
189
432
474
422
163
131
548
274
126
69
531
199
56
372
215
21
10
521
435
36
54
214
259
57
377
480
246
159
99
204
294
6
436
570
83
90
174
316
372
210
145
180
47
257
86
308
559
432
21
562
139
315
277
305
108
323
376
56
64
807
774
300
487
231
20
597
80
306
339
227
81
5
137
131
29
285
349
174
386
339
263
140
59
317
233
437
214
251
326
116
130
344
212
473
175
69
20
42
226
441
185
65
57
268
330
383
222
139
408
213
312
247
286
191
331
519
307
198
462
3
221
277
33
9
163
549
238
23
188
40
746
268
49
250
162
86
209
384
277
69
319
388
365
278
547
149
497
73
99
245
288
322
452
712
340
136
473
450
20
146
119
599
234
77
192
266
106
441
448
247
189
13
95
153
74
554
470
391
178
81
209
295
30
604
376
110
208
303
331
271
599
418
326
327
188
237
347
386
84
399
543
40
73
541
303
352
73
454
238
89
297
449
293
37
442
187
333
185
212
155
612
474
116
50
228
749
122
518
563
612
48
149
309
65
251
144
416
586
60
83
76
12
159
317
196
597
130
125
43
141
429
513
39
72
308
79
769
87
446
160
380
87
116
139
558
164
386
187
149
101
571
56
85
36
77
481
106
209
883
165
123
463
30
537
801
247
424
398
73
195
274
165
94
131
250
491
258
101
193
52
423
350
372
36
133
644
84
695
750
609
522
272
457
85
204
625
78
113
132
408
41
100
156
104
455
431
150
4
253
239
49
306
137
72
441
287
562
39
159
130
583
41
57
118
26
632
296
106
179
194
600
399
39
