0
0
0
0
0
0
0
0
0
0
0
0
0
1
0
0
0
0
0
0
0
0
0
0
0
0
0
1
0
0
0
0
0
0
0
0
0
0
0
0
0
0
1
1
0
0
0
0
0
0
0
0
0
0
1
0
0
0
0
0
0
0
0
1
0
0
0
1
0
0
0
0
0
0
0
1
0
0
0
0
0
1
0
0
1
0
0
0
0
0
1
0
0
0
0
0
0
0
0
0
0
0
0
1
0
0
0
0
0
0
0
0
1
1
0
0
0
0
0
0
0
2
1
1
1
0
0
1
0
0
0
0
0
0
1
0
2
2
0
0
1
0
1
0
0
1
1
0
1
1
3
0
0
1
0
0
0
0
0
2
3
1
2
0
1
2
2
0
3
2
1
1
3
2
3
0
1
3
2
0
5
3
2
0
0
0
1
3
1
4
1
3
3
3
7
0
1
6
3
0
2
2
1
1
5
7
5
4
3
5
1
1
2
3
3
4
0
6
1
1
7
3
0
1
5
1
4
2
0
4
0
6
3
8
6
3
2
5
4
1
5
4
2
2
2
6
6
7
4
2
4
1
2
4
7
1
7
10
7
1
1
7
6
8
8
6
1
7
2
0
1
1
1
5
0
1
9
4
2
2
4
2
0
7
1
3
6
8
2
0
6
6
9
1
8
3
8
2
2
0
0
7
0
7
0
0
8
5
4
9
0
4
8
2
8
0
1
6
0
3
0
1
5
0
3
2
4
7
0
2
11
1
6
7
5
7
7
9
2
10
7
3
8
4
2
0
1
3
0
0
2
1
7
3
7
5
6
5
0
8
2
2
6
11
5
6
4
10
3
4
0
9
12
0
2
6
11
0
5
1
11
0
7
6
3
10
3
7
1
3
1
0
0
2
6
11
0
6
0
7
13
13
8
4
4
11
6
2
3
1
13
5
3
2
4
6
6
0
1
13
5
1
14
0
15
8
15
7
2
6
6
2
0
9
4
2
9
9
5
8
4
9
4
0
0
8
7
14
1
10
0
0
2
8
10
7
5
9
1
8
2
1
5
2
0
4
1
10
11
3
4
2
11
0
1
4
3
3
2
4
2
3
7
7
2
0
10
5
5
3
4
11
5
3
7
1
2
8
2
8
5
2
15
2
8
14
7
16
7
9
5
3
2
7
9
14
6
0
14
14
3
9
14
17
19
0
8
9
1
1
10
6
12
9
7
9
4
0
8
5
8
19
18
12
1
4
9
6
10
12
11
12
9
5
11
19
7
2
13
9
0
10
5
21
4
1
12
1
6
18
11
6
10
1
9
8
19
1
10
14
8
6
4
16
11
1
5
13
8
1
14
7
1
14
7
15
6
1
8
10
14
5
3
1
1
0
15
11
8
7
7
0
12
12
13
10
1
0
19
2
2
8
12
1
14
2
7
13
0
2
6
13
4
12
14
2
18
14
24
12
0
9
16
14
19
3
4
22
14
21
26
15
27
8
3
24
20
12
9
2
3
0
22
5
0
8
1
2
4
3
10
14
0
7
6
25
0
0
13
21
19
14
6
23
10
19
0
1
24
1
24
8
20
7
8
3
25
20
17
26
3
30
0
17
12
3
26
19
16
19
0
2
17
0
3
28
13
30
0
9
1
19
31
6
6
2
15
7
6
5
1
1
29
10
24
31
18
12
8
4
16
17
28
3
14
16
24
1
7
11
1
21
9
14
23
16
13
28
3
10
7
10
27
23
1
4
6
25
6
13
8
0
25
19
1
0
15
5
23
27
6
27
17
4
9
3
23
12
9
1
24
0
14
3
2
2
1
31
27
10
5
13
14
27
0
7
2
5
6
15
2
5
14
26
13
16
29
7
16
11
10
6
4
13
29
6
14
2
22
10
22
1
11
7
19
1
0
1
12
12
12
15
26
19
7
8
12
31
29
23
20
6
7
11
32
12
34
14
4
34
27
2
20
32
12
22
5
4
4
10
9
2
0
20
25
23
29
0
27
7
26
8
27
33
0
17
18
19
13
26
16
5
23
12
14
31
5
8
8
1
27
25
24
14
11
11
25
21
18
29
5
15
12
29
8
0
2
20
2
14
33
14
7
6
22
16
5
10
2
38
23
10
4
1
16
13
5
22
18
22
15
0
21
10
3
6
22
39
23
18
2
0
18
8
24
23
11
2
34
20
19
4
2
30
3
29
18
3
5
6
26
5
12
15
17
7
30
31
2
35
3
8
34
21
26
1
16
25
34
2
27
17
23
12
9
27
13
16
6
16
27
23
18
21
17
27
6
4
16
27
23
12
1
23
12
30
21
3
3
24
23
15
20
22
14
19
7
11
6
16
0
2
17
5
20
3
10
12
28
33
16
16
9
25
2
8
31
4
24
40
17
12
1
8
2
23
13
6
12
5
35
17
15
5
26
1
6
34
27
4
6
13
2
8
24
16
8
16
10
13
13
24
2
15
1
12
19
21
44
14
39
17
18
6
15
12
4
25
20
18
36
23
6
41
13
10
22
10
16
29
4
10
15
36
34
13
14
8
4
5
9
9
11
16
7
3
0
13
1
3
29
41
6
10
13
8
23
16
6
6
1
10
30
11
12
28
28
22
13
1
10
13
28
4
17
24
1
2
8
29
18
13
1
12
12
2
41
11
12
0
6
1
1
11
42
42
5
17
27
27
5
0
3
26
25
0
1
41
25
45
7
41
15
31
9
17
11
1
25
8
39
6
42
22
23
35
43
2
5
1
45
0
7
7
1
13
4
9
38
2
32
14
43
12
1
24
3
1
3
1
6
7
14
24
13
1
36
36
23
6
8
5
17
34
32
7
14
5
24
0
5
11
22
0
0
16
5
17
13
21
50
26
10
33
5
48
14
28
19
28
20
25
7
24
16
24
37
1
25
20
1
14
17
48
25
48
11
19
10
44
1
10
11
46
24
6
26
18
6
13
18
6
30
44
22
1
46
25
6
19
3
1
24
31
25
50
16
1
8
9
37
30
11
24
35
35
1
7
24
16
27
8
5
48
26
22
30
14
7
45
9
12
12
1
12
17
32
10
54
45
7
38
1
18
3
24
4
16
24
32
8
20
17
53
12
22
49
5
28
12
45
0
6
43
0
35
12
24
50
42
43
6
1
5
17
45
28
41
41
13
25
44
20
7
45
15
53
9
34
30
14
19
0
46
17
50
45
29
1
53
3
50
13
35
21
2
1
19
8
26
16
50
33
17
26
22
17
1
5
25
17
0
0
20
52
28
47
13
56
1
10
3
28
23
27
28
1
10
8
2
25
48
10
26
8
14
1
12
23
40
17
16
46
9
10
35
0
49
26
45
8
8
35
3
18
45
64
29
16
31
3
24
15
5
33
0
1
18
5
22
14
27
13
6
24
15
24
31
1
6
60
5
21
21
1
10
25
10
12
4
23
48
4
28
5
45
10
10
30
10
7
0
32
30
2
8
13
8
7
20
9
34
0
33
10
30
15
1
45
23
46
8
1
42
1
37
65
48
2
4
11
53
14
5
4
1
15
40
2
22
38
45
3
6
13
17
35
8
2
1
33
7
17
37
32
41
37
44
12
18
17
45
30
16
28
3
38
35
57
4
17
0
30
22
6
15
34
13
11
46
54
6
5
23
34
13
44
32
1
8
40
17
42
28
19
0
32
1
11
42
3
16
14
52
57
39
15
18
14
21
1
11
2
9
20
13
49
39
20
57
62
46
10
26
27
65
28
16
34
0
73
32
41
23
43
42
37
1
7
72
54
15
28
43
12
61
21
1
27
27
17
27
7
24
6
0
1
27
32
25
2
54
39
13
8
25
0
5
36
5
16
7
8
43
37
24
62
29
35
11
0
59
9
4
19
2
59
79
48
26
7
76
17
3
51
20
31
34
20
9
24
35
23
61
11
1
3
14
22
32
0
14
2
27
12
12
52
9
45
47
51
20
28
50
44
19
32
62
47
3
23
30
11
78
62
2
3
24
13
13
68
29
27
42
31
40
75
25
54
5
42
15
44
34
30
20
27
37
9
24
18
1
5
19
36
48
38
26
48
27
38
66
1
80
16
3
41
78
11
34
11
58
53
2
70
26
3
53
36
0
7
1
29
12
1
20
54
9
30
47
3
5
4
17
35
25
45
4
14
14
8
23
79
62
26
2
27
7
9
35
42
9
10
24
14
11
26
3
6
44
22
73
66
17
30
27
6
34
42
33
63
8
44
33
41
10
10
38
5
12
75
33
31
24
65
29
2
2
9
43
1
5
5
1
65
9
67
23
5
35
50
3
25
10
15
36
0
3
18
1
15
35
3
32
9
23
25
72
27
11
36
30
6
8
63
6
13
44
3
17
71
18
50
29
1
25
4
5
43
27
29
31
37
0
55
50
40
12
10
19
21
30
13
8
23
40
22
11
50
6
9
13
23
8
35
54
86
38
52
28
22
5
78
40
74
10
68
6
13
41
54
76
16
29
70
29
21
1
50
40
71
39
79
2
82
14
3
26
34
3
45
36
11
73
30
9
48
3
1
7
13
23
4
58
9
44
9
5
22
42
54
44
0
2
62
17
1
2
24
15
81
88
1
13
31
50
11
58
16
11
15
82
10
35
15
29
32
35
47
4
11
28
60
67
3
7
0
45
5
8
46
0
58
43
35
5
20
33
71
33
25
71
49
87
23
48
1
68
10
74
9
25
24
14
47
74
22
12
11
13
20
71
36
27
25
20
29
82
35
48
36
14
47
36
6
36
50
12
41
10
17
16
14
26
20
2
101
39
98
60
28
97
26
36
51
3
14
30
28
21
51
2
61
8
38
48
47
45
5
26
3
2
41
51
4
10
24
40
20
41
28
14
8
26
36
44
37
36
11
0
7
9
84
49
15
33
54
47
17
41
5
2
36
24
3
3
16
4
41
78
52
4
89
57
18
36
16
37
17
79
46
1
50
44
84
1
3
76
46
1
20
56
56
57
20
0
27
27
63
87
30
34
71
51
33
7
63
25
65
7
32
58
51
22
99
107
8
23
9
26
2
91
41
41
30
9
8
102
70
59
78
76
26
16
24
25
9
43
6
12
39
51
9
16
59
109
100
35
14
16
35
11
5
14
55
27
83
12
19
47
6
79
3
24
0
2
45
52
50
39
70
41
7
58
59
54
1
8
29
1
29
1
47
18
4
4
63
69
6
7
32
54
7
9
18
3
47
14
4
32
59
52
25
46
9
66
43
88
10
24
22
32
6
73
2
35
24
49
105
68
72
16
9
60
63
22
44
89
55
92
78
71
55
1
57
44
64
20
1
90
36
60
34
6
111
75
93
58
19
3
89
3
24
66
80
61
35
2
32
29
66
3
9
63
5
14
4
53
21
33
13
100
37
50
27
2
81
63
32
57
88
66
59
12
26
69
8
3
114
1
4
20
22
50
4
9
63
10
18
29
41
4
73
43
39
41
2
41
1
5
15
47
30
59
108
115
26
2
34
48
51
28
28
29
0
21
82
14
103
76
82
17
18
47
23
36
92
41
7
66
40
45
115
67
38
26
30
20
45
3
13
46
30
92
70
20
48
54
9
72
27
55
83
25
7
78
3
25
114
13
26
2
26
7
106
37
40
23
14
81
22
49
55
55
18
13
69
11
75
5
29
62
34
60
71
62
30
54
11
24
14
44
89
19
22
58
113
9
5
20
42
29
17
106
82
69
3
21
96
37
9
5
21
38
1
3
106
95
56
45
93
33
46
2
91
7
32
65
8
75
47
94
51
90
49
38
87
81
29
39
18
25
2
62
8
12
45
35
1
1
62
35
60
48
16
82
28
28
30
32
5
3
29
23
75
12
38
72
12
9
17
28
47
110
43
1
44
111
2
73
117
28
71
4
13
93
5
47
98
24
54
5
8
9
37
73
0
42
2
1
64
23
43
23
18
36
62
75
32
113
15
81
2
57
72
47
80
14
33
70
19
75
11
8
78
40
19
12
2
100
0
5
26
8
43
74
20
3
51
30
42
9
85
57
1
96
36
50
5
37
8
74
98
2
12
72
40
18
27
39
10
50
35
1
16
14
124
6
21
30
7
25
1
45
44
41
13
12
10
2
76
16
31
57
30
67
115
10
20
1
39
65
81
63
14
11
106
63
87
100
53
38
36
18
1
54
20
67
128
18
4
93
48
21
7
58
95
5
36
4
20
40
34
32
30
48
13
30
51
18
55
99
21
75
69
57
14
5
113
1
88
16
14
50
45
96
5
28
13
38
58
68
101
5
0
19
59
65
22
98
37
66
5
25
46
46
28
30
85
1
16
21
9
93
116
56
8
35
1
55
70
12
24
80
56
46
29
15
91
112
3
13
22
30
14
57
48
96
7
8
87
26
1
110
101
72
27
11
44
40
30
136
51
114
9
57
127
5
11
4
41
6
59
56
141
26
6
6
80
12
78
111
107
18
79
14
47
59
10
28
0
56
25
13
96
74
16
26
44
33
39
84
56
1
62
84
37
43
101
13
112
116
11
61
2
29
37
98
28
72
47
40
38
14
83
117
18
39
96
21
32
36
13
74
5
66
4
70
45
1
34
57
62
21
67
90
28
5
2
1
40
108
64
15
27
26
10
23
53
14
46
75
55
5
36
16
15
70
65
58
23
14
34
100
105
12
13
16
6
1
3
83
16
29
1
22
9
44
70
100
22
3
6
37
48
10
26
27
25
77
34
11
6
33
83
86
53
76
41
53
33
8
36
43
108
46
0
75
73
54
45
66
9
29
121
46
12
106
37
75
7
20
151
30
96
24
25
43
66
73
1
17
68
86
23
11
16
29
51
0
2
82
11
60
32
0
90
65
10
21
7
77
16
45
110
18
31
112
55
108
33
20
70
46
65
137
56
36
103
143
70
37
12
40
136
10
53
16
25
112
32
26
74
98
39
18
58
18
6
71
78
139
23
127
35
117
53
137
39
4
128
62
1
116
25
35
84
14
14
54
117
150
45
44
24
95
68
137
87
9
13
91
27
139
7
25
82
42
99
118
135
105
40
116
33
7
7
8
102
61
17
15
59
55
7
122
20
15
7
12
50
42
25
18
48
45
28
30
0
54
24
19
92
140
121
77
1
74
21
138
116
37
74
61
15
27
14
15
5
16
48
22
48
24
96
77
48
52
66
44
98
38
35
69
21
33
28
13
65
62
27
0
82
122
94
34
0
125
14
85
83
69
0
49
71
3
37
19
83
10
50
12
1
42
116
79
82
92
78
126
7
4
1
8
112
35
63
94
32
152
34
40
76
28
23
26
3
5
55
12
57
75
124
3
56
159
14
26
2
105
94
56
121
42
43
42
98
33
2
48
145
117
72
9
54
51
126
123
162
148
139
8
29
93
104
87
84
60
90
20
39
83
28
20
108
42
112
30
76
36
21
75
62
47
62
13
6
6
83
12
29
78
31
33
102
31
3
92
158
69
96
36
0
27
47
19
73
121
44
73
125
39
144
15
41
70
38
70
134
4
91
24
5
133
4
99
91
44
6
76
8
124
2
44
5
16
119
142
58
116
19
23
8
111
18
66
141
94
63
133
93
2
7
107
16
21
127
34
145
2
90
1
139
62
81
48
148
79
19
41
16
131
93
28
16
77
143
104
70
51
17
85
63
53
56
53
12
17
21
8
57
13
3
0
52
22
87
20
58
103
111
60
96
157
83
37
72
22
173
75
102
72
21
40
50
67
150
14
47
95
91
49
14
78
48
109
29
21
58
12
110
53
89
16
129
21
89
64
75
91
84
48
33
1
6
48
37
103
63
157
92
14
26
117
30
6
23
16
108
6
1
60
2
22
43
87
42
17
26
109
145
143
39
3
115
84
58
15
121
21
86
57
126
81
88
104
0
78
19
64
112
89
53
82
33
17
23
131
103
160
9
6
1
8
45
170
43
2
120
55
2
31
1
151
108
27
17
43
19
6
181
61
38
112
38
25
116
29
44
141
23
60
1
64
10
49
4
81
57
33
25
53
23
26
46
26
147
61
5
81
9
39
45
3
36
63
59
136
81
53
2
23
2
118
54
7
85
111
59
118
0
13
151
157
42
39
33
23
7
16
5
86
80
91
9
24
31
6
48
97
12
136
166
28
1
31
23
169
110
37
28
5
105
25
77
102
40
79
33
56
5
51
132
74
140
33
90
65
18
98
133
114
179
136
30
105
126
57
47
116
5
55
55
40
110
99
9
6
58
105
19
119
53
13
25
10
61
106
55
29
1
34
144
37
80
42
1
95
24
2
0
0
26
82
120
44
42
26
107
28
10
2
32
1
51
41
144
30
10
8
13
48
4
55
87
15
53
22
50
76
69
21
42
39
51
16
33
127
38
7
15
6
71
45
10
5
121
53
29
139
9
77
5
57
26
48
8
6
34
19
104
42
53
123
3
100
76
100
121
26
34
97
0
50
71
81
78
35
5
36
8
2
37
56
16
133
52
72
178
3
34
42
55
35
116
31
15
21
10
184
15
168
51
160
19
98
51
10
41
61
177
6
32
90
103
138
95
34
21
81
114
85
1
22
97
37
96
71
150
63
119
53
56
12
41
22
6
91
69
72
56
92
53
16
13
8
80
55
27
175
115
3
122
55
46
57
23
0
15
91
100
3
86
40
132
131
80
65
53
9
74
53
39
7
101
65
76
140
48
43
1
70
20
5
16
0
67
69
87
66
29
45
28
52
79
10
168
32
4
129
124
79
7
84
101
24
91
23
94
24
154
89
76
1
100
49
9
31
7
47
18
36
89
58
103
0
71
11
35
8
25
7
15
44
6
168
102
108
138
14
101
98
21
95
138
19
55
6
6
78
7
129
11
42
51
25
28
31
21
138
61
171
23
57
102
21
0
151
10
67
129
182
13
87
41
164
109
14
41
34
36
69
4
147
2
40
145
45
26
125
43
30
42
158
7
63
73
1
36
109
45
68
134
31
88
5
29
57
46
30
69
16
51
124
12
71
135
104
63
5
57
92
18
13
85
10
117
0
118
68
79
29
42
95
62
52
179
30
98
12
54
3
93
121
22
127
135
165
131
78
7
27
135
38
58
7
60
24
176
121
1
25
27
149
203
14
6
140
12
174
6
109
105
123
19
23
22
141
17
38
12
24
42
46
81
37
70
157
13
87
66
127
20
69
9
1
53
1
62
60
57
68
66
196
116
91
9
107
40
72
74
34
41
80
15
50
134
89
17
83
10
63
63
134
5
14
204
28
135
63
31
30
144
39
27
63
6
25
133
48
8
61
156
10
64
24
15
129
5
46
98
107
71
2
99
95
4
40
10
95
50
162
9
46
25
92
75
15
36
100
182
22
43
101
176
35
148
63
4
33
4
135
53
1
9
11
120
89
189
11
3
156
32
58
49
43
8
145
13
44
57
94
174
153
98
109
8
29
23
5
41
114
66
1
95
18
59
26
157
203
16
58
150
92
130
177
16
83
101
59
24
39
59
15
55
25
48
68
7
50
53
81
43
14
42
8
73
4
94
51
177
88
25
8
48
107
31
30
44
89
4
74
129
78
176
11
72
50
42
1
15
55
38
54
109
42
38
88
21
7
19
80
57
81
3
175
105
67
102
160
32
115
113
98
4
190
66
61
10
45
32
180
25
20
68
20
26
57
6
57
14
86
9
137
25
99
58
162
190
111
41
87
119
38
82
67
33
15
95
25
46
0
98
4
29
16
76
154
44
25
10
64
68
143
18
171
30
29
87
84
46
60
53
85
9
39
112
9
203
66
83
21
50
126
54
6
66
91
139
3
56
142
13
96
15
26
38
151
2
2
38
84
104
66
161
90
71
131
22
50
19
201
210
107
8
11
49
2
107
202
14
6
54
99
0
141
57
18
132
11
134
122
35
2
7
30
115
38
101
52
14
116
145
5
77
51
62
61
149
19
40
26
7
149
158
190
91
115
139
38
24
106
186
38
118
133
143
127
188
37
63
174
1
18
67
135
48
39
42
5
35
10
8
5
35
6
69
135
13
0
27
64
99
55
54
97
68
68
104
52
29
93
35
45
30
125
36
45
16
30
9
166
34
33
59
129
75
62
23
117
72
41
10
102
27
85
76
46
23
118
196
67
50
54
66
35
181
39
79
13
73
4
99
27
132
22
60
7
55
156
52
27
19
193
5
72
72
19
50
3
32
59
42
78
95
18
67
58
196
124
154
167
18
57
43
69
23
70
59
139
197
91
32
208
77
10
170
42
55
32
130
9
34
16
164
109
126
50
17
72
190
110
8
44
101
12
148
23
102
127
116
95
58
203
41
79
122
201
65
50
131
5
58
22
87
21
5
145
40
22
36
71
125
68
156
18
83
19
79
103
72
77
24
70
171
69
5
5
20
126
203
65
10
6
39
31
55
204
137
9
160
52
112
68
101
74
94
25
133
45
75
58
59
68
11
56
71
77
209
30
33
9
190
53
39
127
170
36
136
225
12
4
14
98
11
17
85
122
79
70
17
22
127
11
36
8
182
60
73
108
65
165
181
41
6
33
28
206
52
34
131
49
103
49
158
52
144
49
202
69
168
119
34
90
22
54
120
7
164
68
126
190
125
54
113
28
28
12
19
73
117
141
43
90
19
62
44
6
123
120
32
106
114
171
164
16
97
19
97
62
5
6
147
166
21
36
49
3
26
74
39
85
5
21
148
226
53
3
43
88
3
106
85
220
111
12
44
68
25
1
134
120
149
11
193
116
34
10
88
214
33
229
14
235
65
91
234
122
169
9
111
21
66
141
36
70
140
189
78
5
139
120
113
34
30
186
70
44
2
1
88
91
13
65
71
12
193
77
0
77
112
89
122
169
183
179
129
32
8
98
111
20
95
56
9
167
83
5
90
20
201
192
79
120
3
98
44
80
215
21
32
21
53
48
50
120
196
62
13
134
148
37
226
92
11
186
115
86
13
75
28
10
57
60
19
43
93
40
176
234
37
86
6
115
13
137
178
20
92
215
128
101
62
107
8
142
77
114
53
5
211
158
216
7
15
1
102
42
215
8
75
121
28
3
65
169
206
32
174
35
74
42
142
108
99
13
64
21
5
198
129
18
199
26
66
4
95
44
174
113
28
28
22
193
115
194
19
129
10
1
126
67
37
23
195
29
25
70
63
52
23
44
30
49
6
5
203
16
22
74
146
22
17
79
69
64
186
62
162
118
78
67
19
244
9
15
65
42
64
48
139
14
38
190
35
65
85
17
252
86
83
8
72
34
202
137
73
107
127
214
31
86
63
30
17
166
122
105
24
91
101
81
124
129
90
41
118
147
17
3
41
190
117
205
102
181
7
2
24
22
53
27
56
152
73
40
179
129
132
63
152
40
50
96
126
114
39
26
200
7
21
116
87
75
196
200
0
127
57
39
115
144
147
26
28
38
229
38
63
1
118
219
201
24
83
31
143
177
212
213
44
38
187
23
11
1
57
101
16
11
126
55
233
19
236
0
21
41
68
164
75
75
3
236
176
0
73
24
2
83
71
250
10
138
17
50
110
173
69
220
148
84
20
159
6
39
28
105
153
162
60
30
22
200
178
75
12
1
125
125
206
64
181
202
0
38
68
5
1
249
65
132
80
67
172
22
55
7
1
18
154
132
106
28
191
201
143
6
60
28
9
243
13
107
197
7
143
97
184
98
53
228
44
207
257
139
43
71
3
2
89
76
100
187
62
135
99
110
235
52
45
110
17
171
23
43
23
22
218
53
140
77
87
41
8
11
55
1
37
19
1
27
110
145
3
5
120
6
15
76
21
199
164
57
1
135
246
17
3
168
192
65
4
79
21
0
228
202
11
90
18
171
20
14
123
12
104
29
182
63
17
58
30
98
137
126
29
125
20
93
118
24
249
43
2
10
66
15
80
34
160
34
26
96
105
45
26
2
13
90
215
75
125
235
66
41
87
16
182
121
49
146
35
242
156
173
168
121
97
129
23
30
104
122
39
5
3
41
58
29
13
125
115
26
80
2
72
29
93
45
142
51
129
127
15
183
91
92
51
12
10
44
233
23
14
131
100
89
46
13
55
11
127
146
13
146
51
109
97
15
19
205
49
17
65
1
8
43
92
96
13
23
189
125
8
42
176
180
88
210
121
39
9
94
232
2
147
129
142
111
120
37
56
126
119
62
53
117
190
15
135
98
63
113
37
143
38
47
137
54
170
103
130
95
65
18
93
209
46
36
146
200
227
57
35
146
147
110
151
25
267
83
227
96
9
18
94
58
25
13
12
41
36
93
256
123
11
65
69
163
39
222
115
12
24
0
45
13
12
68
164
154
32
213
221
226
8
102
27
42
12
119
51
196
61
146
1
71
97
14
100
39
183
6
59
155
4
162
130
131
7
144
15
172
167
229
15
42
7
109
76
111
248
50
226
19
150
3
226
262
57
26
120
74
1
215
27
113
162
109
75
14
26
19
149
59
95
1
17
169
146
60
20
118
186
52
73
99
244
140
90
53
209
129
90
127
3
43
47
119
171
210
83
134
82
12
13
117
150
77
199
8
250
112
175
37
38
186
173
29
193
4
4
4
237
42
62
119
29
7
119
10
230
204
10
78
186
152
49
114
51
20
101
208
98
148
37
168
124
159
184
154
110
2
24
89
222
5
64
122
19
85
82
107
159
101
86
47
10
187
45
87
11
11
270
45
182
232
173
69
80
63
64
139
152
264
61
189
208
158
223
7
16
11
33
199
56
108
114
118
31
23
68
170
82
10
63
37
2
92
66
134
211
109
29
113
100
219
226
135
242
31
2
257
126
34
68
30
44
9
177
191
69
47
40
85
88
131
170
56
238
37
138
40
25
32
206
172
114
154
50
3
36
52
24
77
60
15
62
157
89
38
80
181
26
3
95
17
31
27
100
258
168
87
32
79
34
12
98
53
17
10
133
220
97
21
163
10
205
59
35
16
175
156
28
37
113
20
89
39
129
106
251
67
24
137
167
80
6
52
59
180
70
99
26
73
268
156
35
116
165
85
222
42
152
39
15
67
55
37
7
160
38
33
130
6
36
120
9
74
63
97
76
206
149
74
103
111
89
58
120
122
17
189
164
76
190
21
41
139
214
0
106
3
24
257
130
27
107
161
54
56
214
98
46
26
1
121
26
93
1
232
218
146
231
22
40
109
19
13
76
68
230
122
18
68
25
16
53
48
20
293
194
1
111
167
271
251
39
24
112
68
16
52
121
210
261
75
266
144
2
137
47
234
71
78
164
102
89
16
183
174
118
22
301
16
149
254
129
136
24
10
77
155
78
105
157
29
55
147
10
165
225
124
93
47
40
62
3
40
146
67
44
17
10
76
18
19
223
150
7
168
105
41
298
50
17
13
133
114
39
83
36
107
59
230
39
224
127
40
255
261
24
92
128
22
112
17
132
8
142
33
84
33
40
137
82
10
59
121
207
148
186
144
41
222
87
23
46
158
228
151
62
207
241
17
149
154
234
75
25
180
15
90
266
294
101
96
244
142
281
282
60
140
47
125
125
9
103
14
113
41
135
209
234
7
249
59
75
20
249
149
83
286
55
100
30
126
213
68
174
7
21
66
8
280
297
136
3
284
40
113
3
241
120
3
94
172
119
13
32
35
95
16
56
32
183
66
86
137
11
124
82
20
12
25
69
85
19
13
100
113
80
95
70
281
6
142
51
88
259
75
37
10
198
298
216
213
66
142
187
84
280
180
36
16
103
9
3
241
157
42
5
97
50
114
108
89
2
61
137
154
156
14
59
232
46
290
78
18
144
34
50
1
189
3
28
295
80
55
183
157
288
170
104
35
134
3
22
48
18
3
59
13
121
165
249
95
143
77
5
57
10
123
57
124
1
222
82
23
49
187
79
237
90
177
86
86
5
44
42
201
165
113
162
5
185
38
212
26
84
22
203
45
198
43
140
55
198
90
203
3
224
226
227
13
33
79
269
94
2
246
288
226
51
7
168
42
3
148
39
148
20
27
46
6
58
167
35
74
141
4
133
115
168
42
190
52
37
246
138
111
267
107
33
10
10
235
31
0
19
6
123
119
74
27
13
119
31
60
98
137
106
8
128
1
5
12
1
39
12
109
52
72
1
178
153
139
1
290
35
223
33
84
40
94
136
160
134
271
128
174
208
157
137
1
19
47
220
74
233
237
84
27
38
210
115
116
53
132
191
6
63
294
0
14
185
244
41
49
164
137
25
15
127
77
27
198
279
125
101
115
85
15
104
159
33
193
225
20
246
44
9
7
15
205
108
76
42
93
80
133
31
30
16
233
49
121
151
101
41
33
130
145
42
106
234
24
254
246
47
67
230
82
131
31
24
97
36
238
43
106
92
82
42
50
44
100
77
189
2
48
17
9
157
28
47
167
111
9
167
36
139
192
255
10
42
168
96
25
44
19
39
95
17
55
11
155
101
112
47
65
11
325
128
25
135
191
266
121
63
32
68
112
194
89
274
32
216
36
233
78
58
186
221
54
71
58
30
13
160
51
27
89
90
81
35
125
12
15
71
2
11
288
156
79
107
8
327
279
130
9
285
152
173
133
201
5
57
41
263
10
194
2
203
307
85
138
71
100
104
153
263
28
22
66
284
287
136
120
208
95
13
12
83
79
99
152
104
17
162
12
10
300
62
276
49
143
266
119
78
11
15
51
215
53
32
3
83
118
35
135
8
42
189
51
57
46
125
79
23
45
88
68
171
53
26
225
32
20
243
111
6
164
113
28
136
10
241
64
60
63
85
193
164
38
56
69
143
18
159
93
244
68
261
184
4
225
254
60
24
12
79
125
14
62
264
141
172
128
59
191
131
171
182
289
30
35
44
83
123
68
112
170
334
80
99
213
38
189
102
59
331
13
143
40
96
205
195
324
0
207
122
6
242
118
76
100
132
87
20
134
59
131
61
183
189
104
83
128
98
311
193
87
36
70
129
131
47
227
143
130
123
2
88
306
0
180
70
179
2
281
168
117
19
225
54
100
184
16
272
118
287
25
184
26
135
185
62
68
145
216
156
71
21
56
128
198
130
83
27
77
4
91
7
36
210
73
5
200
36
130
56
120
50
8
47
102
53
23
111
195
133
18
27
217
154
32
216
29
110
10
60
96
4
137
46
136
81
58
29
34
54
160
169
99
166
220
120
225
10
226
29
45
74
23
256
300
289
53
62
64
49
136
119
134
13
152
129
225
95
141
158
73
269
57
111
44
20
111
124
32
34
75
227
162
59
160
244
18
47
47
305
321
95
54
58
42
8
41
95
143
58
165
285
94
66
10
149
258
9
104
169
4
77
146
288
67
331
117
76
49
223
283
85
215
93
17
141
24
153
330
215
93
192
235
93
78
95
1
173
186
128
12
67
80
17
233
17
10
149
40
43
279
224
57
201
103
148
225
251
153
243
162
54
223
29
25
48
66
92
118
74
65
39
6
48
20
47
133
117
24
201
18
201
61
343
152
3
135
50
58
79
81
89
180
57
9
217
105
31
25
83
95
153
77
200
131
44
15
187
25
191
14
261
151
61
33
164
170
11
98
308
39
271
38
18
45
133
181
131
294
190
48
111
188
290
284
166
61
226
144
101
12
125
121
193
306
182
44
50
29
27
87
8
192
124
173
28
141
52
84
234
93
85
65
146
159
71
157
88
35
191
85
193
239
44
107
92
70
235
59
144
329
140
104
173
108
226
59
135
99
67
179
44
148
16
81
162
56
60
7
172
106
210
74
13
276
225
85
35
68
237
138
114
213
62
292
26
104
45
183
101
80
122
58
254
185
147
26
137
212
54
76
117
199
343
117
32
68
32
32
65
42
3
12
51
29
78
72
204
3
277
315
66
160
245
42
7
250
132
221
214
26
22
67
233
182
5
332
9
5
369
149
46
209
115
331
14
65
156
143
5
38
92
197
17
114
18
74
81
236
69
52
69
6
115
72
167
23
153
92
136
24
27
141
149
74
88
246
101
203
126
93
14
270
163
247
43
81
29
141
9
311
4
97
128
48
209
115
147
187
209
3
35
196
4
98
129
83
85
197
89
77
32
5
7
253
122
311
257
28
118
175
307
324
52
125
168
112
197
39
252
78
276
91
21
183
166
79
210
120
182
64
23
182
42
36
208
87
192
8
29
15
161
4
18
35
4
184
43
112
293
87
137
21
48
237
18
248
137
166
95
184
95
88
14
266
167
107
19
288
9
147
175
209
16
182
13
73
251
183
45
164
226
305
28
50
76
101
125
7
35
116
350
16
94
180
69
328
76
59
212
17
159
132
168
65
77
123
72
80
66
165
189
220
8
166
139
34
230
90
144
10
77
9
217
220
235
238
61
300
51
170
328
235
77
34
158
234
191
308
23
272
232
148
106
14
8
93
26
114
31
12
343
190
32
106
174
86
8
12
193
201
80
309
7
40
313
239
330
183
297
265
28
108
284
67
80
23
79
17
43
135
37
30
81
152
148
149
265
170
111
49
56
101
271
260
123
181
68
304
88
115
3
47
244
292
333
123
26
6
135
54
163
187
145
27
122
60
55
3
343
121
9
215
4
23
148
33
9
137
59
276
275
37
45
130
301
314
182
11
81
221
147
45
134
211
130
191
121
191
126
71
29
44
156
33
175
122
10
285
206
148
138
216
214
195
49
233
94
82
72
8
6
252
135
162
121
159
25
31
142
343
325
270
299
228
92
83
43
0
274
170
114
286
108
140
104
194
200
15
147
129
54
256
347
33
41
13
26
3
23
121
3
10
25
67
2
68
185
341
307
83
298
125
31
98
153
87
34
132
39
209
242
31
268
175
32
9
356
183
118
291
336
36
82
183
54
19
243
76
11
163
112
48
5
80
224
186
247
91
163
27
79
182
148
322
14
116
28
206
185
123
150
6
59
279
16
165
131
254
117
82
153
195
32
179
147
61
152
48
174
116
171
154
7
199
12
160
357
48
41
13
173
178
98
230
267
28
66
53
190
88
6
309
81
239
103
99
285
16
159
226
294
81
286
207
158
332
129
47
58
119
187
333
257
164
56
129
247
78
150
47
42
86
68
15
51
132
38
52
104
229
98
102
162
47
160
69
305
19
132
146
9
155
129
68
156
18
79
342
144
4
29
66
245
126
66
17
20
20
1
326
110
263
221
62
272
24
13
106
169
85
313
154
150
159
81
107
62
68
268
313
185
324
105
123
62
147
237
67
351
323
76
94
226
185
267
103
57
102
65
125
54
119
14
275
299
12
293
68
208
174
80
359
1
0
110
166
193
22
157
100
56
27
195
265
220
50
20
76
56
37
14
88
39
39
169
3
142
199
103
53
330
1
74
116
37
113
115
280
97
65
9
17
319
12
39
141
243
110
277
17
40
59
123
203
169
38
102
95
297
309
191
49
118
78
195
44
149
56
40
336
139
37
264
82
185
357
81
272
75
224
50
341
267
79
24
12
82
46
311
22
286
75
93
177
7
195
54
110
344
88
297
282
130
242
25
88
49
5
150
151
152
53
252
155
90
38
81
182
139
27
50
95
340
96
212
120
273
188
254
191
111
185
58
269
120
54
11
18
76
55
54
133
247
329
348
135
148
82
310
93
279
314
137
47
135
25
327
61
229
112
146
3
145
201
13
68
252
59
96
89
113
127
15
109
113
121
37
212
292
9
20
66
142
61
318
375
152
23
363
104
28
174
159
30
78
54
41
137
64
137
9
109
180
222
267
130
105
118
223
32
53
58
280
63
116
136
219
15
44
34
70
155
387
155
35
17
63
171
355
4
204
53
172
76
289
52
19
217
303
261
18
17
114
169
91
46
43
172
18
304
240
0
17
77
163
4
196
302
123
8
280
71
77
65
41
178
67
40
185
112
53
131
5
76
47
61
165
107
189
273
190
14
154
39
205
62
124
259
48
281
76
21
144
342
145
48
82
60
39
318
79
148
24
384
11
77
296
11
230
210
112
136
131
66
34
354
279
138
24
38
20
216
143
84
32
76
8
27
39
120
38
184
371
19
129
56
371
26
190
66
136
77
35
187
10
166
8
146
54
127
69
404
180
12
4
7
220
105
199
187
304
38
77
140
202
52
59
191
260
52
17
102
52
147
16
121
1
199
86
73
240
369
128
20
71
289
402
19
304
68
8
58
5
169
246
200
162
137
103
198
51
130
116
20
19
141
197
190
235
202
78
71
98
66
7
120
82
313
169
94
361
206
33
215
277
4
191
325
359
10
82
169
324
157
44
356
9
32
136
294
241
175
112
305
75
108
10
63
261
46
218
80
299
52
17
342
155
269
99
277
17
72
327
12
189
105
207
10
195
36
175
56
339
235
18
197
29
44
331
58
161
183
217
61
350
220
56
138
103
219
23
9
123
37
96
168
312
166
244
10
21
140
66
56
103
220
18
277
95
55
36
67
200
370
132
93
92
192
15
68
104
272
21
130
227
107
115
97
244
38
321
289
54
103
57
128
368
100
25
121
281
266
9
15
54
57
338
177
22
387
53
39
14
136
16
36
26
4
9
15
195
386
182
316
189
36
369
96
119
217
76
345
22
334
189
96
25
136
49
131
80
39
134
185
112
135
292
326
3
86
56
210
4
62
126
42
243
107
95
160
288
257
120
387
245
21
32
28
99
155
226
190
11
154
314
140
57
56
40
91
18
32
262
14
383
288
410
245
14
13
30
91
148
23
171
24
310
57
215
81
86
128
113
139
20
200
22
351
64
287
148
198
328
60
235
264
111
27
105
178
24
75
87
288
212
100
64
139
7
214
309
101
20
9
16
216
369
284
54
166
119
165
47
241
207
64
153
69
103
26
163
122
53
94
88
416
70
79
42
130
85
246
126
41
95
79
89
65
114
251
159
100
295
384
145
20
94
139
72
141
3
89
68
148
225
101
106
182
32
10
202
189
155
73
206
73
64
159
95
79
145
316
174
158
220
126
117
75
54
121
350
33
129
303
73
17
26
345
48
27
127
21
31
25
266
6
303
142
63
116
274
174
15
112
27
10
5
359
348
52
11
42
247
201
146
30
46
239
323
104
335
219
3
36
376
44
162
32
33
197
68
235
4
369
243
186
131
139
11
235
96
145
237
48
4
56
222
255
60
27
75
20
268
28
7
336
3
343
407
11
96
248
235
248
207
140
146
93
301
303
284
24
14
307
14
210
67
323
152
351
107
263
85
413
195
177
31
36
57
345
170
166
322
80
318
61
7
228
34
222
18
62
67
191
361
150
198
389
28
331
166
13
340
200
6
65
228
228
249
229
42
318
84
350
27
8
104
79
163
22
66
177
118
109
233
46
403
21
50
330
244
170
362
95
98
214
133
228
161
145
86
30
145
44
39
32
36
380
87
306
91
269
19
386
101
100
72
358
88
153
14
78
344
245
33
86
241
203
125
86
169
166
322
127
21
285
185
34
406
13
104
166
308
205
255
27
114
159
140
179
168
53
89
123
330
280
27
235
20
84
264
20
53
79
208
153
4
13
0
204
408
11
41
184
61
228
349
21
223
36
76
287
120
263
120
20
113
122
263
36
390
3
278
224
122
25
116
177
70
32
47
171
160
0
84
53
204
35
61
20
10
165
235
42
41
67
104
141
225
140
88
125
229
10
130
307
369
226
102
113
36
192
10
322
3
399
36
104
225
146
182
189
7
41
82
215
367
57
109
78
151
36
308
99
251
198
239
148
269
132
79
133
138
71
408
132
106
170
360
25
129
277
57
280
208
282
159
57
173
124
125
33
166
104
80
152
240
94
39
133
22
244
222
226
9
70
131
21
220
80
13
284
342
8
113
199
124
156
216
28
58
92
172
399
272
252
143
165
68
142
156
154
3
336
123
72
369
246
29
236
125
168
155
10
23
71
7
373
160
146
68
219
23
32
69
266
21
38
171
380
284
222
16
182
156
119
141
46
156
121
254
195
77
106
381
65
28
231
89
120
294
152
240
201
72
120
114
163
9
44
158
185
11
33
62
267
87
144
27
242
6
18
297
205
42
330
186
24
109
195
153
93
15
100
21
142
116
42
17
355
88
175
425
80
394
79
36
54
41
91
44
92
206
235
137
6
201
26
132
140
47
160
133
20
67
68
19
234
72
87
28
7
158
37
54
50
181
236
243
140
173
205
97
336
41
114
105
366
64
442
360
23
65
101
141
23
204
31
9
361
83
120
386
49
327
156
385
268
42
202
33
4
16
86
140
236
33
132
307
156
171
326
31
170
158
164
47
109
47
18
18
28
362
26
154
57
73
49
77
156
150
58
12
161
104
25
98
303
97
83
275
171
146
303
283
295
53
143
436
156
263
410
99
211
182
70
349
14
302
391
453
207
9
119
23
17
54
0
37
162
189
126
225
91
74
64
127
20
75
70
217
155
163
295
387
332
172
130
175
53
210
73
306
203
20
30
228
3
238
57
151
182
149
133
220
45
310
141
195
15
24
173
134
29
302
258
25
63
19
150
211
52
211
297
248
53
117
82
7
267
6
12
376
415
78
354
290
23
153
340
315
54
73
27
310
10
47
67
109
96
100
32
25
156
43
32
133
305
362
404
211
157
210
99
231
267
127
171
158
270
110
218
452
179
173
20
171
264
331
216
35
280
139
164
111
23
122
132
354
147
161
388
312
334
108
146
201
42
228
70
8
7
372
424
7
100
330
304
46
199
262
86
63
52
155
243
2
141
145
59
63
373
329
214
266
134
82
8
171
266
222
88
7
164
51
442
161
265
68
2
29
57
272
173
60
112
17
44
28
255
224
215
58
145
27
350
168
221
436
87
37
12
182
160
189
246
107
342
219
133
329
134
132
440
110
9
126
37
123
98
63
58
249
8
80
61
79
129
139
212
168
152
76
93
88
137
217
88
12
131
431
17
39
62
98
276
16
60
372
197
182
126
93
58
152
144
202
64
115
99
82
163
206
225
48
119
224
116
78
162
51
76
135
18
36
78
429
100
16
351
52
375
297
326
39
50
77
42
94
7
150
239
348
440
411
368
24
68
227
433
233
64
177
21
414
24
256
47
156
227
230
100
439
34
252
244
37
330
42
73
171
169
150
55
316
295
140
256
30
11
380
147
197
43
46
11
204
119
156
147
10
46
377
118
321
69
218
285
69
280
88
115
21
234
212
2
58
10
26
259
178
381
65
363
12
77
23
272
295
75
393
56
321
154
150
364
330
15
303
122
257
277
4
201
184
444
141
135
316
47
161
107
151
39
355
144
77
83
208
344
254
291
196
36
84
227
54
427
167
170
82
15
224
131
125
5
23
45
361
373
91
143
7
8
11
40
22
181
40
354
104
287
3
20
90
359
114
46
6
113
268
133
151
88
68
107
297
302
86
143
131
95
63
80
191
3
256
33
391
12
234
421
15
1
120
133
388
14
19
106
156
118
237
217
316
270
90
48
68
13
21
18
105
98
456
73
181
134
218
64
50
9
120
398
123
43
185
213
100
141
16
80
148
145
250
391
383
183
72
262
250
418
14
452
22
40
34
69
28
198
255
242
2
61
261
292
198
48
445
95
361
4
203
210
67
182
123
75
251
362
103
295
218
133
141
229
146
45
9
182
207
179
53
337
81
27
129
110
265
358
73
183
194
64
72
22
15
198
289
183
329
21
481
216
190
166
187
147
104
420
21
248
75
325
25
115
38
189
24
66
261
10
214
32
234
56
20
98
151
192
133
131
96
324
213
387
319
210
104
58
232
302
15
251
23
243
34
278
34
119
56
230
102
71
328
3
251
134
382
209
29
7
207
406
151
17
269
42
267
49
408
218
377
47
252
63
136
82
169
300
188
256
262
149
67
224
60
48
342
93
220
34
156
84
118
45
436
160
55
103
7
150
154
173
163
86
69
0
104
334
56
228
344
412
293
30
77
156
199
197
126
21
283
42
206
174
66
50
240
169
299
412
19
194
252
25
45
65
34
79
24
63
14
288
179
143
66
9
331
451
116
233
27
35
265
278
89
289
80
97
205
125
66
161
75
61
392
91
92
112
26
56
111
140
212
148
60
22
120
46
69
263
43
227
122
289
70
235
237
100
72
101
67
5
162
155
194
220
317
112
238
357
263
192
387
153
443
47
475
50
68
259
14
205
29
28
12
10
146
313
190
57
180
267
125
128
81
192
265
102
91
283
214
396
167
18
51
12
194
134
352
12
190
72
46
452
15
197
30
100
48
209
220
303
326
138
169
32
148
268
136
165
83
230
69
26
81
26
193
91
453
215
26
363
112
67
149
48
84
382
196
193
297
453
87
242
58
302
424
22
186
256
148
53
48
198
122
74
3
462
9
202
195
31
329
29
56
289
141
206
126
373
43
90
310
63
233
91
332
190
95
18
111
479
180
71
13
43
280
231
425
21
227
198
55
348
325
148
402
42
220
203
410
84
30
161
350
13
135
126
344
152
252
219
133
22
281
139
128
109
137
139
7
12
9
22
21
11
156
119
376
199
12
166
394
154
137
186
107
136
6
408
380
210
0
154
156
50
203
97
76
324
276
279
81
393
59
126
143
97
98
302
146
7
119
34
331
114
124
482
31
336
73
8
23
376
2
29
15
225
18
42
38
49
68
299
34
35
246
420
351
286
404
223
146
413
437
322
266
63
127
68
293
168
216
150
396
281
296
203
161
48
415
269
362
289
246
58
13
10
393
107
3
201
276
305
262
368
100
410
48
314
72
126
203
298
217
145
91
454
323
79
210
223
47
250
194
264
63
114
15
101
67
256
148
95
106
70
114
275
119
96
237
30
85
365
103
47
9
249
271
16
242
288
181
185
26
108
199
83
21
360
67
64
298
131
86
61
381
336
79
35
188
150
181
64
68
11
294
93
94
142
109
50
205
55
17
365
147
50
137
52
166
66
147
15
37
340
193
52
16
40
291
13
207
148
256
155
28
420
136
77
303
54
430
415
39
27
487
41
130
256
248
183
197
343
114
127
233
29
269
332
283
270
87
232
216
141
307
353
84
351
298
248
329
4
95
486
91
57
272
258
84
224
103
90
409
95
249
233
128
6
226
71
119
448
344
496
118
182
24
123
192
79
129
87
179
66
154
269
35
240
97
27
232
34
44
236
137
158
343
124
437
262
399
141
61
216
9
391
246
372
49
410
162
87
198
121
93
172
58
241
239
232
403
324
293
235
299
11
95
88
502
92
139
266
456
2
4
47
46
45
175
276
490
65
43
3
274
27
360
115
79
142
2
8
412
11
168
289
363
265
339
215
124
95
167
25
65
167
235
298
240
170
179
105
82
187
191
23
91
401
140
213
30
56
293
252
361
25
275
258
174
62
197
67
19
97
343
200
41
110
324
86
26
135
182
56
209
1
71
262
20
144
34
168
467
136
121
204
119
295
37
366
145
55
299
32
455
20
279
157
368
43
200
239
25
61
95
488
244
52
249
445
10
32
8
194
116
209
146
4
151
481
427
339
137
99
286
328
186
7
72
2
292
298
279
112
231
56
141
350
191
47
204
258
88
147
394
23
57
16
50
86
298
297
160
15
55
147
268
24
170
262
202
54
42
182
56
63
247
95
292
349
43
273
153
53
52
225
92
151
508
50
119
239
26
250
285
243
32
42
18
163
308
36
464
361
99
383
154
279
226
296
415
40
271
425
240
162
167
131
474
25
15
187
165
167
78
46
20
70
96
460
103
187
297
118
236
127
113
138
454
330
224
89
320
27
98
3
402
81
66
32
277
146
271
118
378
83
274
22
396
50
7
274
164
192
50
4
98
198
167
114
7
47
255
44
43
91
184
118
309
223
8
305
193
262
176
34
281
70
65
96
211
387
334
123
323
106
155
148
114
148
110
267
75
2
222
122
143
22
5
55
246
225
25
74
324
175
266
84
62
2
262
26
136
48
316
262
200
91
281
2
100
33
136
281
201
121
261
314
57
201
167
99
100
187
4
173
223
311
478
114
303
100
274
371
201
191
0
72
125
176
217
459
42
223
7
207
99
471
339
303
2
100
257
44
18
48
147
21
262
159
77
176
412
265
49
438
4
78
117
6
34
97
357
206
296
256
377
37
403
374
169
24
181
276
103
80
498
236
219
340
11
378
215
195
256
133
69
25
135
72
32
89
107
294
251
122
247
17
236
76
88
152
46
157
121
0
93
281
237
225
114
86
17
183
74
186
72
311
333
203
204
506
248
9
97
40
285
415
527
278
2
110
13
105
172
260
156
266
12
14
52
23
222
12
429
58
380
9
120
20
82
85
231
76
389
58
110
242
33
87
114
349
94
251
478
204
214
190
59
154
110
89
85
84
29
188
28
139
125
49
32
307
122
129
230
371
457
167
126
391
397
14
100
39
307
68
191
60
459
485
47
35
271
116
204
102
121
171
332
142
49
512
200
140
208
418
152
79
394
12
2
203
46
15
168
414
70
97
102
246
46
105
81
92
226
495
149
420
271
23
130
426
209
74
72
415
302
162
489
137
29
25
151
145
53
323
24
236
110
263
429
110
312
55
1
483
90
68
433
7
237
142
342
23
37
270
130
304
117
231
198
242
227
292
208
24
15
198
3
73
39
81
197
371
64
199
36
97
20
263
75
264
295
296
135
207
482
149
30
70
156
482
481
188
93
100
463
207
78
3
154
80
340
7
187
16
71
158
140
25
1
118
7
377
125
61
240
107
79
40
184
99
28
280
260
391
200
356
225
319
234
444
206
82
7
78
500
11
20
23
66
151
128
5
177
113
133
159
28
86
44
146
19
265
55
164
202
133
234
425
56
231
271
145
137
24
31
239
180
18
69
323
297
298
94
150
276
4
265
436
438
16
186
288
300
24
139
88
74
288
27
46
371
94
484
70
200
41
208
292
217
251
38
57
114
152
444
97
408
47
336
53
162
389
15
196
427
68
8
58
53
376
463
31
51
335
52
466
475
354
191
122
9
473
237
25
31
432
199
87
136
394
72
55
130
288
440
374
56
216
235
25
105
81
543
317
36
53
37
236
124
13
53
68
393
380
203
375
58
29
163
191
99
324
162
153
541
253
360
65
247
263
454
146
121
28
93
520
74
226
88
211
25
104
22
37
106
222
2
327
9
122
121
243
171
275
287
413
308
435
310
321
122
189
302
37
16
17
351
94
84
66
450
49
432
222
415
100
282
411
115
12
245
191
32
66
103
167
362
0
223
156
310
265
447
493
283
255
202
371
306
9
77
195
10
93
13
56
213
190
139
139
105
339
84
149
292
25
180
230
38
23
420
14
312
486
81
39
200
221
200
126
120
250
90
384
225
50
47
240
330
170
271
119
45
399
210
218
98
105
39
25
205
231
310
124
447
169
264
66
92
109
421
41
154
139
287
61
77
320
39
209
200
413
104
43
286
346
225
301
12
317
61
15
60
10
312
57
243
293
46
91
65
260
138
31
322
27
357
71
8
78
413
364
81
281
243
52
88
345
119
91
66
395
180
106
139
213
57
166
38
48
186
342
263
74
273
485
286
113
414
305
89
16
395
176
257
117
406
444
71
43
144
201
276
221
373
326
156
143
360
215
88
392
84
125
56
171
218
154
82
8
161
228
86
70
20
183
271
258
79
199
59
84
101
102
294
34
316
195
284
206
348
22
167
101
493
36
165
67
302
421
34
388
136
440
55
53
127
168
47
93
91
173
105
40
262
134
491
278
272
169
510
30
193
253
73
92
153
65
336
101
424
389
350
15
145
176
245
251
279
126
42
44
250
225
248
238
368
242
77
223
256
244
176
24
226
209
325
158
524
139
36
128
242
332
32
434
115
362
479
121
203
260
432
326
83
113
307
135
448
471
65
77
52
319
224
295
40
93
43
207
122
77
210
240
170
194
204
19
79
254
67
84
189
28
180
347
255
205
106
370
21
15
376
437
84
333
295
92
2
382
70
369
340
194
72
223
223
112
468
220
13
140
137
320
14
487
109
219
66
240
302
81
112
48
153
161
223
126
313
345
8
220
330
231
301
282
349
42
48
358
346
476
523
109
202
30
82
40
14
280
46
43
150
98
11
132
227
35
237
322
221
239
91
302
40
223
234
21
48
80
123
31
457
1
12
389
21
197
136
404
20
223
563
106
220
16
91
23
21
123
91
285
430
8
65
360
421
169
556
29
28
276
444
94
85
26
126
22
30
188
123
68
24
102
94
139
459
458
472
153
194
106
42
79
179
264
285
195
40
75
247
437
18
47
175
199
75
110
345
182
65
56
187
71
372
130
45
56
120
28
145
141
72
116
139
34
52
66
467
71
225
98
11
358
156
69
273
92
46
273
102
401
144
333
44
143
258
510
170
89
395
498
68
305
176
140
475
140
21
192
46
85
12
381
264
327
279
181
203
16
28
108
242
77
127
12
319
40
212
326
151
96
189
137
83
35
404
322
80
235
114
525
84
224
83
245
82
5
203
7
107
9
89
402
276
138
138
98
129
119
108
327
244
126
189
103
160
360
28
36
148
352
163
217
157
134
61
191
374
69
306
17
257
193
348
110
432
326
283
83
247
534
413
456
3
209
275
2
100
3
123
32
3
142
179
182
300
322
28
443
493
424
521
573
372
298
141
212
250
201
220
61
444
83
452
11
147
104
183
30
326
142
336
131
150
26
47
57
131
391
426
211
367
291
79
201
146
549
55
203
232
27
127
350
162
84
77
246
109
9
207
2
333
11
255
169
99
50
59
265
43
327
148
65
493
234
372
28
114
424
220
140
6
310
448
285
384
53
441
63
33
50
40
202
228
8
23
99
94
308
305
81
210
296
161
47
202
3
61
459
4
300
39
25
555
38
0
253
415
177
65
52
267
299
431
192
565
1
537
269
111
244
439
543
68
360
222
201
89
185
36
383
332
74
371
45
263
270
11
79
266
2
335
5
324
199
163
310
388
373
22
236
25
113
421
105
464
485
169
215
10
222
180
146
123
443
56
63
55
72
351
394
204
68
49
36
196
497
443
13
269
160
228
363
162
421
14
400
160
355
78
37
27
194
3
117
128
109
214
41
25
45
222
163
196
51
13
400
113
413
143
184
171
161
132
296
112
236
63
113
225
2
97
18
21
604
59
70
15
113
12
135
411
95
32
242
162
138
48
107
90
168
146
420
250
240
114
107
329
223
281
56
149
573
169
314
105
54
10
161
508
408
264
521
301
21
284
430
302
283
374
145
16
365
22
137
95
214
213
95
14
263
193
388
129
416
28
390
286
6
250
119
271
94
461
28
276
189
418
341
430
50
10
329
64
235
31
65
299
48
49
76
482
96
336
211
65
5
239
278
168
91
78
356
35
65
4
211
327
3
182
133
522
120
237
155
343
248
84
189
5
231
152
34
195
433
443
240
208
136
25
225
300
26
74
45
121
384
311
267
235
134
64
8
222
93
108
39
291
77
116
95
376
32
100
38
22
88
370
16
73
469
339
556
124
467
332
62
58
64
111
14
282
274
80
58
417
358
335
54
27
558
11
179
162
499
401
37
106
30
10
171
137
320
91
10
230
256
28
51
293
137
442
329
13
15
15
55
85
70
231
299
86
399
26
284
415
29
109
174
226
128
407
175
181
178
41
113
25
62
165
369
5
6
43
188
100
26
240
21
3
330
16
441
347
373
25
103
142
440
119
38
326
406
128
16
191
265
192
10
22
205
85
102
111
17
120
1
233
466
248
420
554
201
189
71
96
145
64
52
143
188
3
465
159
11
54
343
220
107
4
89
189
449
101
1
556
443
198
311
248
279
186
53
146
33
197
180
375
151
165
321
21
210
44
90
219
430
406
15
18
72
379
214
347
594
354
550
286
302
143
227
50
135
157
84
282
29
204
106
43
185
261
62
424
201
253
184
7
34
144
596
145
92
81
356
296
362
21
190
126
67
601
139
199
162
196
227
104
308
303
110
167
390
427
184
63
179
127
327
22
456
264
144
59
99
557
140
14
62
388
289
15
25
23
28
114
44
339
496
506
154
73
282
121
152
276
432
265
154
236
377
237
388
143
40
230
32
377
352
50
4
21
15
510
247
184
29
577
133
485
133
101
273
171
571
239
474
588
344
452
388
265
95
304
6
26
196
30
295
103
19
112
381
367
446
218
404
330
26
23
250
155
338
268
382
223
313
59
104
7
305
177
304
35
13
8
482
77
148
500
510
336
105
109
305
406
138
204
25
73
339
568
49
230
122
235
150
217
143
145
138
308
146
144
138
74
12
105
70
488
394
451
62
130
226
6
168
61
396
412
271
148
145
542
35
538
248
190
393
75
8
92
112
130
238
492
271
320
6
412
539
160
51
221
11
36
18
175
35
277
198
221
177
87
56
54
36
279
265
339
384
302
8
149
172
218
182
31
297
63
158
86
10
25
206
118
98
430
123
264
55
152
37
123
536
80
35
40
361
1
203
74
403
14
505
273
21
162
293
1
453
2
446
156
447
154
408
117
258
133
423
276
86
108
100
8
101
61
141
415
199
550
143
270
567
41
428
431
562
78
224
210
66
66
95
405
471
55
56
102
375
20
3
68
155
229
352
443
475
271
425
252
109
261
48
544
41
439
80
167
10
30
34
256
51
56
477
54
58
430
49
5
225
361
165
358
220
51
84
277
162
165
468
331
68
344
116
199
247
21
142
306
37
17
263
18
95
120
353
169
48
454
600
430
254
52
18
142
9
82
8
7
515
80
397
422
11
274
440
188
288
331
84
157
148
26
154
312
37
42
278
127
530
337
527
193
276
315
244
10
407
68
21
174
246
129
16
297
164
535
104
122
297
33
0
261
87
107
306
177
200
29
27
242
506
137
534
290
63
370
88
25
368
354
442
134
50
479
343
427
130
585
170
336
99
14
230
380
61
314
371
19
61
341
207
615
259
70
245
300
37
393
83
385
165
76
150
189
19
267
337
121
161
243
21
316
268
9
389
132
110
117
54
543
134
131
278
206
88
180
481
112
13
75
250
22
426
127
96
255
75
124
55
186
353
21
360
100
16
206
198
221
95
331
273
79
326
33
68
26
633
498
18
320
142
511
112
187
277
197
101
161
94
169
517
302
9
392
8
177
410
516
304
86
287
61
494
129
355
82
151
465
367
497
28
19
28
59
32
416
75
20
44
8
2
328
543
23
94
552
43
260
20
18
11
24
81
58
185
100
119
127
279
239
229
207
244
85
16
154
255
296
228
104
298
34
148
344
161
2
124
499
227
20
104
251
11
504
101
78
545
52
311
19
5
110
189
457
625
154
388
86
24
4
198
115
255
82
1
353
176
384
37
484
30
2
381
106
179
534
3
323
430
134
433
55
490
369
74
236
16
18
19
56
432
634
15
501
396
325
229
323
283
69
313
144
437
6
208
57
80
138
281
28
8
353
162
139
94
93
18
267
96
568
103
178
141
245
109
5
456
144
160
74
293
10
101
241
33
106
470
32
4
345
12
176
400
29
293
175
179
291
335
32
472
38
517
218
262
431
224
340
16
422
88
30
152
166
40
167
549
482
367
32
184
7
123
282
257
102
585
105
77
33
102
83
66
76
347
88
311
106
121
90
83
373
55
97
272
138
152
63
243
617
88
255
269
225
391
464
250
62
247
493
509
290
170
428
172
229
8
83
518
580
619
21
150
521
151
517
587
138
4
145
322
264
512
100
341
332
263
189
18
279
451
31
395
334
278
215
126
146
444
280
254
555
391
631
339
235
248
313
189
265
249
78
27
584
170
333
275
435
170
674
399
401
56
9
116
126
187
74
390
80
39
483
134
273
99
293
264
131
214
79
57
220
314
534
163
440
56
52
189
430
596
238
78
50
11
54
16
408
37
572
144
325
29
468
67
177
132
608
106
324
114
71
232
215
479
60
135
382
99
211
569
637
9
116
6
91
500
24
317
64
248
186
230
24
208
80
106
634
50
516
260
8
503
217
478
6
293
41
305
355
78
436
260
538
11
643
404
277
75
430
129
329
473
441
500
310
625
365
68
360
490
174
622
406
343
591
177
205
254
125
53
378
52
513
0
140
448
157
126
510
31
321
0
579
38
453
118
290
84
85
43
404
220
290
239
95
87
72
14
165
273
31
160
106
260
391
246
144
122
519
318
92
174
383
61
401
178
57
119
62
37
85
287
265
571
32
146
4
287
13
260
174
129
358
22
254
4
144
112
208
98
69
209
94
232
148
180
24
195
170
128
142
338
74
221
243
58
490
288
348
417
108
182
182
74
410
212
196
311
274
426
251
53
293
50
89
202
125
33
207
309
467
10
34
120
50
386
214
582
8
32
117
238
16
153
105
41
317
543
218
131
51
547
107
656
234
127
595
52
579
64
2
371
360
450
7
448
340
146
510
77
365
11
16
104
348
44
298
345
282
74
34
34
36
109
405
605
137
153
343
474
181
123
24
484
233
155
40
227
226
229
502
321
10
73
377
104
625
11
40
119
324
87
203
422
349
72
209
356
473
635
143
68
383
89
203
592
323
76
356
20
490
73
9
320
19
82
260
61
6
426
30
98
175
307
628
208
138
11
131
110
14
200
9
270
538
17
375
539
141
30
157
449
222
465
39
427
543
390
316
448
176
281
295
32
9
272
358
514
115
292
77
18
444
121
124
128
373
35
353
25
243
268
282
213
74
502
257
142
396
40
234
363
213
401
4
162
155
191
125
216
362
450
510
523
53
478
288
194
66
104
70
78
87
285
61
592
268
123
245
31
338
252
152
45
519
377
99
208
682
45
254
80
264
428
385
492
57
132
406
446
35
18
411
224
448
161
302
470
255
142
503
161
491
140
33
155
255
399
246
17
415
63
30
566
238
4
324
40
16
43
396
207
454
22
48
150
246
611
74
592
10
418
636
80
361
346
451
94
569
119
274
469
450
123
406
61
118
201
130
471
609
172
668
214
81
20
285
335
423
641
43
78
88
291
204
362
133
89
70
58
628
11
122
10
580
234
208
471
301
18
50
337
106
221
93
149
70
67
320
31
63
573
452
46
157
121
516
187
136
628
181
304
299
250
241
101
153
132
92
344
137
206
237
201
191
385
499
178
379
365
362
297
111
67
43
400
630
90
254
42
209
199
50
443
362
551
116
180
198
26
214
408
94
324
367
662
239
9
173
449
407
106
252
64
132
572
26
193
545
104
13
286
1
168
110
494
144
115
105
96
236
322
59
67
536
137
109
117
399
172
219
61
41
140
31
292
175
105
266
211
282
64
93
162
1
153
102
70
427
99
9
211
9
290
387
31
186
159
61
367
71
432
166
143
117
11
494
365
491
498
329
56
288
399
469
146
419
37
158
63
372
191
354
214
170
545
612
81
40
148
331
214
632
81
30
684
141
49
168
137
263
230
411
284
461
122
350
413
20
483
137
112
286
242
45
267
383
110
226
128
675
513
162
38
311
94
552
226
573
157
222
415
113
60
501
108
119
58
65
499
311
204
180
682
595
335
235
5
14
230
182
52
302
424
352
230
82
223
492
211
258
513
516
170
135
110
394
116
132
526
56
200
347
2
122
210
50
184
214
59
118
278
37
135
30
358
337
70
101
538
90
129
376
20
635
610
86
84
78
100
318
3
505
153
283
161
42
518
81
150
290
504
84
255
212
60
489
172
574
466
432
122
46
26
84
14
436
27
458
436
552
52
618
271
205
171
336
63
186
221
135
224
37
147
69
21
36
272
416
140
480
7
107
122
74
84
3
329
26
18
83
548
185
428
29
39
12
80
312
209
233
262
105
77
240
95
15
10
224
656
31
435
202
111
346
136
4
460
379
133
199
48
10
18
350
240
277
379
316
71
95
93
395
669
472
259
425
144
111
492
73
198
33
217
151
217
59
125
19
38
383
165
427
468
560
209
21
82
340
39
440
29
14
2
201
223
12
558
513
95
371
12
98
77
264
270
256
405
316
28
244
616
51
547
147
208
16
311
149
7
38
117
181
86
51
236
251
116
110
451
412
94
161
55
623
178
40
319
585
152
121
345
343
230
548
549
381
3
277
427
116
211
272
78
136
345
55
126
88
112
28
7
253
344
25
92
74
70
257
447
174
124
8
30
358
432
355
138
43
315
384
221
455
156
151
162
189
85
217
7
55
428
77
261
162
32
126
0
18
40
532
68
279
97
44
636
465
108
47
539
340
186
292
17
319
51
148
536
9
32
50
161
318
115
375
231
194
16
67
479
100
341
109
557
260
99
173
95
197
277
604
277
133
28
24
340
339
323
139
502
121
80
9
571
244
186
442
106
32
139
111
27
327
473
11
175
143
531
17
239
6
21
148
30
553
118
385
110
119
12
149
34
171
523
23
416
5
58
185
388
226
496
634
68
600
330
404
219
532
254
313
179
12
159
96
636
59
30
320
106
605
566
622
561
356
217
90
25
225
49
32
334
325
288
25
15
512
145
303
41
45
424
288
409
309
240
386
611
149
104
165
24
521
217
221
118
424
564
184
285
475
246
4
160
5
153
673
187
195
113
165
506
99
61
350
378
578
38
370
171
79
309
59
12
431
200
694
254
1
76
37
23
37
39
176
385
245
242
198
190
304
276
467
224
675
140
144
29
139
140
15
531
649
160
405
113
335
475
93
439
36
55
225
382
110
168
321
65
448
149
356
172
102
220
226
39
194
1
68
222
445
4
123
0
622
670
86
141
636
498
531
123
19
19
651
550
128
195
663
495
338
139
21
297
182
172
355
102
448
418
326
74
390
211
399
347
63
77
217
77
25
83
84
71
437
229
172
267
305
464
30
182
37
19
424
4
427
485
169
488
383
136
4
445
167
50
214
181
603
521
272
128
69
20
580
321
206
424
276
437
603
569
37
416
273
373
207
40
349
533
50
474
49
274
398
49
68
382
322
99
383
573
11
718
289
281
436
329
186
28
145
3
61
1
183
514
272
419
187
112
67
105
131
23
82
4
15
144
198
237
661
17
16
11
233
181
432
37
41
251
209
544
61
726
433
447
196
58
206
297
497
75
201
235
284
37
390
85
446
404
636
417
235
55
193
50
244
175
16
297
286
17
319
24
242
462
234
109
331
84
14
310
283
21
18
198
492
102
189
430
408
7
309
357
73
46
17
362
119
331
154
226
374
18
2
44
329
14
176
125
312
524
40
483
572
566
7
16
507
447
140
382
183
341
428
586
720
9
388
589
251
37
159
124
482
263
534
594
489
3
1
146
126
441
371
302
384
55
73
620
706
352
85
67
207
41
164
259
13
9
257
104
40
191
607
42
551
143
280
14
316
313
341
69
497
147
438
193
565
6
145
320
193
0
176
50
89
194
354
72
200
571
34
26
355
431
101
25
148
325
216
0
341
394
102
423
229
174
645
154
16
2
678
26
47
147
695
42
148
226
650
519
52
251
468
394
205
328
8
551
501
394
71
177
82
228
99
434
33
39
631
375
201
444
47
427
335
487
440
524
723
472
473
86
55
179
196
59
339
602
265
355
115
223
544
462
189
261
28
237
478
149
102
371
338
406
284
323
65
141
30
186
316
455
1
146
113
486
279
408
8
309
382
142
200
447
148
491
224
81
8
437
42
300
476
106
177
12
318
430
165
133
431
409
516
246
226
120
24
401
581
71
96
14
154
277
122
173
696
387
359
175
52
219
188
285
487
348
452
23
538
197
2
98
282
384
78
95
401
117
37
106
291
168
108
442
222
725
38
60
465
370
9
301
647
36
33
471
294
354
191
50
200
466
382
333
461
316
284
464
360
30
601
413
336
5
93
205
303
38
145
425
110
192
127
344
45
95
110
429
21
668
98
601
91
340
337
65
476
138
92
428
322
253
245
72
609
439
385
395
15
59
281
413
122
226
12
243
219
111
329
206
5
47
59
132
495
25
525
118
278
109
51
15
468
20
296
399
103
100
399
717
504
664
314
638
169
10
17
74
374
594
144
65
539
677
57
76
111
326
391
297
405
30
30
640
19
541
214
56
332
73
70
275
298
374
575
162
24
380
33
333
673
11
53
69
482
573
421
253
252
264
710
12
498
522
81
18
265
114
464
232
224
266
68
592
269
52
52
488
357
122
102
214
18
69
271
298
119
53
84
508
95
122
47
1
632
110
664
101
302
91
5
225
50
687
215
110
500
395
149
504
135
559
209
399
478
47
112
73
61
435
336
237
9
42
59
641
266
177
27
162
471
221
134
257
123
274
150
693
359
371
53
9
29
416
0
161
73
88
142
394
140
153
602
281
170
300
186
246
107
68
225
599
393
674
665
56
542
63
409
269
743
10
394
545
77
76
250
315
4
52
436
198
0
277
18
652
589
390
406
642
266
52
257
199
322
2
260
708
332
81
96
416
120
697
55
71
691
109
302
159
76
42
536
167
438
365
276
136
704
381
38
248
209
435
264
287
77
112
176
665
92
40
122
344
22
18
345
586
16
21
105
139
166
246
501
126
77
36
123
326
571
643
216
62
410
169
73
259
45
144
11
80
26
22
35
18
11
144
301
352
70
69
373
485
437
115
361
214
614
309
140
197
416
83
505
235
30
48
135
169
44
225
379
177
36
561
45
111
694
36
114
212
500
5
262
140
79
559
504
258
547
43
171
332
146
188
57
95
305
108
359
100
420
323
293
296
10
692
303
245
284
139
8
264
151
282
43
219
210
142
542
187
94
347
27
85
224
474
222
700
20
671
155
190
13
53
476
359
62
40
7
322
149
135
43
291
115
571
108
18
54
184
221
249
215
364
485
94
120
753
11
42
156
22
430
355
17
191
93
475
57
70
303
63
452
450
697
144
291
97
27
136
394
294
456
188
488
105
112
131
570
77
5
591
105
48
184
442
261
483
133
394
136
210
13
24
76
8
108
31
232
192
6
757
12
587
354
90
77
180
248
551
160
623
75
25
76
72
206
135
635
216
149
146
402
661
3
58
116
328
88
21
19
77
565
84
143
195
450
70
325
12
23
226
273
44
488
95
427
262
189
331
48
101
394
44
602
389
597
737
621
14
238
368
316
62
386
386
245
228
447
190
469
124
213
581
109
20
315
159
652
340
120
92
282
37
729
54
41
188
394
102
3
13
389
435
238
308
104
738
71
36
72
154
371
367
121
96
28
364
75
1
143
254
11
366
321
18
207
123
107
518
110
793
444
81
81
257
58
106
186
519
60
181
368
205
22
13
520
545
270
15
61
368
34
142
41
379
42
239
245
108
271
696
357
67
420
55
304
337
25
100
137
67
161
358
683
35
20
362
391
324
24
593
288
227
435
479
535
485
6
150
104
621
139
468
350
125
130
95
403
125
434
80
296
586
381
18
91
234
48
259
92
18
406
725
393
674
425
11
44
82
408
79
3
173
5
176
621
535
213
114
114
102
347
122
666
295
391
56
482
298
535
139
174
247
445
423
298
36
24
214
0
189
676
594
80
405
29
17
228
146
451
139
121
639
514
538
284
83
506
39
38
288
321
565
713
331
21
101
151
275
330
684
193
14
529
257
45
270
321
2
12
85
95
564
10
423
189
258
149
536
216
143
167
711
477
122
164
204
375
371
668
472
628
88
58
397
752
5
284
388
155
63
389
233
141
98
59
104
706
452
291
26
501
212
32
185
137
402
221
11
249
114
157
160
294
62
397
761
85
549
462
227
672
72
432
492
164
34
48
612
410
323
253
352
39
499
64
122
54
213
35
509
17
307
95
699
182
107
433
98
590
599
223
351
116
432
43
242
204
282
21
96
274
4
273
471
142
744
6
260
32
441
700
313
91
115
608
208
262
523
416
562
282
111
76
8
349
629
84
143
14
24
328
17
225
512
168
304
208
111
654
74
119
204
433
8
452
157
190
162
343
22
236
326
441
143
69
207
184
32
597
22
44
571
61
362
178
389
118
24
138
266
89
82
235
186
268
302
382
126
556
233
201
324
330
229
2
139
466
196
86
474
753
123
178
48
482
341
231
25
300
91
216
472
96
357
503
109
53
571
304
459
656
298
320
164
336
27
451
262
150
311
725
266
107
168
120
282
55
310
497
289
40
246
238
184
259
57
252
312
125
439
687
37
419
66
255
344
59
222
11
39
377
98
522
31
437
494
181
36
195
519
90
106
39
100
267
376
144
389
34
302
454
28
155
304
189
7
237
322
28
15
2
193
344
78
295
393
561
373
30
253
92
550
170
27
45
50
26
236
474
125
431
223
713
546
266
360
4
206
48
102
192
470
200
624
41
196
519
26
27
439
37
61
73
402
544
80
499
19
186
129
512
163
293
31
183
584
258
97
63
18
114
119
547
356
565
328
544
300
341
440
35
111
155
299
13
22
570
30
3
262
343
710
34
180
505
235
218
127
31
271
204
102
45
428
280
311
39
293
125
460
589
300
347
182
22
34
73
187
155
643
529
337
176
357
271
721
449
721
231
5
198
21
693
37
207
372
427
455
317
308
447
121
142
267
9
123
59
208
498
509
78
36
510
440
547
268
487
499
265
421
123
2
163
161
551
355
324
257
187
490
22
47
508
22
209
109
607
522
18
395
226
91
408
173
137
508
44
360
183
127
596
346
31
19
213
339
74
27
663
198
104
393
367
124
142
576
771
440
174
34
114
320
44
814
290
96
281
88
369
176
451
389
65
197
29
190
560
51
702
431
338
680
425
485
281
313
742
42
34
365
706
54
617
88
57
72
641
237
487
362
92
10
93
36
525
124
589
773
107
472
147
772
107
265
259
189
298
189
258
231
398
205
606
465
121
175
461
576
559
360
243
50
277
483
82
21
261
520
548
547
211
155
136
21
282
11
10
320
158
106
23
233
183
424
256
41
418
71
53
161
64
605
114
342
273
576
146
70
642
118
58
84
9
761
80
203
257
324
128
53
665
10
691
105
210
237
49
371
347
475
257
96
303
111
212
337
314
116
178
495
21
639
361
3
186
2
481
247
17
36
223
215
30
44
6
387
579
407
196
139
14
109
81
18
346
562
757
25
241
105
10
52
104
624
440
536
283
158
349
1
261
66
413
346
399
65
168
587
456
163
55
180
49
533
0
375
174
163
661
64
146
39
282
25
144
333
173
470
74
450
611
221
90
534
219
758
332
504
462
33
582
30
127
451
146
71
97
289
558
357
546
518
98
149
394
588
282
84
6
29
111
687
109
45
698
47
153
186
206
259
405
452
33
634
193
498
600
380
22
40
683
561
107
313
178
525
19
117
383
128
25
401
76
49
48
337
134
191
418
91
35
234
198
37
369
567
685
601
92
425
276
761
145
65
459
35
204
76
395
153
584
425
529
71
40
258
89
489
211
681
4
389
406
83
340
683
324
212
242
57
799
127
368
67
5
597
181
145
298
267
57
69
72
301
173
142
374
546
155
5
355
205
97
42
331
171
70
325
308
9
96
379
102
115
294
123
219
127
527
35
286
521
50
278
186
416
545
317
357
156
154
220
65
647
613
43
420
21
627
190
462
111
645
405
254
123
375
55
53
338
182
200
100
125
288
634
208
177
396
28
73
63
132
252
184
324
358
410
640
92
344
430
27
300
178
388
396
3
21
5
150
118
531
104
470
23
597
83
802
108
96
16
301
98
78
183
29
220
164
122
9
687
306
206
32
256
354
32
278
188
316
133
29
176
222
50
92
228
151
249
140
36
528
117
112
530
66
4
99
20
97
345
768
538
44
726
404
67
354
11
368
524
340
576
232
493
321
123
236
250
73
260
255
430
290
499
452
33
325
16
88
545
14
70
273
54
91
6
215
446
107
241
86
457
352
77
219
369
160
22
357
180
50
179
58
46
174
573
216
14
172
428
51
8
131
142
74
58
788
724
228
25
117
398
460
283
470
187
456
98
32
47
578
174
13
63
63
647
192
567
175
56
291
647
148
42
338
7
341
234
316
244
195
379
99
563
20
345
203
170
554
538
193
344
191
212
35
310
155
249
123
50
309
71
647
117
299
286
444
320
237
515
237
325
130
368
151
20
314
66
137
409
196
13
535
83
150
224
738
353
572
593
247
414
51
767
49
426
467
8
194
768
417
297
145
44
137
266
95
350
374
67
116
70
321
554
395
14
409
443
11
188
416
76
310
228
230
116
258
335
277
143
591
24
37
423
15
3
276
698
397
137
440
423
260
204
586
513
345
24
473
102
441
102
533
221
378
33
11
42
303
481
169
36
129
30
77
215
65
13
377
449
549
794
351
230
484
430
407
188
205
518
127
325
517
643
443
434
413
179
155
36
467
87
581
32
450
92
526
287
285
174
310
536
307
522
82
87
551
98
29
53
410
370
114
252
105
94
202
113
51
284
108
269
95
17
381
149
665
12
142
250
111
339
101
392
329
26
534
333
604
209
736
330
528
508
341
265
376
403
148
84
647
48
122
209
175
801
434
2
24
9
123
249
23
28
85
670
407
747
186
197
349
76
631
4
289
395
647
35
639
186
528
208
336
212
6
219
63
310
304
132
248
186
673
289
272
29
425
327
412
397
527
382
522
204
34
66
22
88
176
391
451
176
473
191
635
747
182
182
192
83
493
313
61
109
54
392
113
175
43
449
117
206
411
36
217
339
105
322
371
435
164
205
190
484
468
146
238
236
247
40
657
16
477
339
582
146
143
340
184
85
238
234
36
94
353
176
364
57
80
286
577
380
302
248
29
119
4
4
638
3
682
208
660
148
282
311
168
393
75
651
108
314
25
263
218
658
255
363
174
58
115
735
429
824
727
3
540
86
58
429
69
23
259
303
69
866
61
239
796
205
446
30
555
196
47
153
411
781
457
59
630
105
178
624
24
158
166
753
174
87
172
325
126
352
65
175
62
610
76
482
750
39
478
34
367
597
624
435
306
2
33
358
632
369
19
313
41
174
381
446
438
212
12
166
166
19
59
320
129
176
80
618
443
45
607
140
7
82
451
154
285
18
640
368
324
341
22
263
29
165
307
257
263
25
674
117
23
61
593
117
168
601
848
238
53
222
368
217
96
648
663
42
821
396
520
25
409
462
671
402
197
59
36
624
53
115
139
104
99
462
56
91
337
759
185
673
113
209
504
281
89
269
324
205
829
415
758
730
337
26
137
169
242
18
188
11
235
349
52
247
246
649
154
364
496
341
286
39
68
11
309
86
31
91
575
555
495
586
696
491
267
206
137
167
374
262
180
382
627
79
16
688
74
472
289
53
405
129
273
649
181
148
69
77
224
562
467
257
603
658
483
13
117
54
103
378
212
459
104
168
389
115
767
71
377
307
591
237
513
190
31
564
444
421
85
383
389
203
21
413
404
150
334
568
192
411
96
6
413
690
327
141
331
523
248
201
413
126
15
11
431
15
443
63
403
147
2
352
116
144
182
336
217
92
795
508
129
79
198
124
125
135
298
0
67
230
166
303
101
3
307
143
47
574
689
627
209
160
34
318
146
169
541
42
325
571
562
346
116
380
448
228
82
649
48
412
817
19
175
219
721
71
272
89
598
84
2
15
333
312
608
841
623
17
284
499
400
231
621
97
192
40
92
749
577
152
620
118
367
6
99
484
436
526
234
353
1
333
593
650
849
40
536
145
441
129
162
200
41
102
47
655
117
624
124
378
170
786
340
189
533
256
89
13
141
463
269
755
147
570
124
186
500
275
492
674
502
440
98
33
8
20
588
168
118
315
528
727
4
359
36
29
249
523
691
79
219
549
621
57
384
550
595
234
153
76
679
328
76
410
5
616
126
94
605
580
42
399
112
127
318
460
713
8
141
131
22
181
1
517
579
386
702
466
6
205
265
348
341
223
204
376
554
84
409
256
214
18
793
161
515
58
328
409
146
184
481
57
467
243
89
443
123
54
26
169
115
66
332
294
391
198
323
220
107
210
577
425
147
670
514
162
66
842
219
578
343
249
669
216
62
283
173
283
78
620
227
566
46
505
29
91
126
802
285
121
264
203
80
159
20
184
185
143
31
584
427
705
280
283
204
486
50
381
334
31
242
179
163
24
205
28
0
177
45
139
182
236
18
55
188
122
10
396
90
454
46
729
413
41
542
121
350
412
531
55
353
28
108
433
21
165
44
347
357
190
364
761
369
26
674
211
88
422
61
490
216
200
209
253
353
389
168
717
139
194
32
74
251
0
744
121
352
291
441
77
285
642
153
176
128
73
186
501
7
629
312
229
335
502
347
76
118
712
23
131
445
32
94
489
192
176
60
14
206
577
377
156
396
266
410
10
400
756
272
332
294
432
470
126
143
346
364
382
289
41
328
113
413
261
358
795
71
183
275
431
339
259
7
274
495
384
319
273
53
24
355
231
716
132
241
11
191
891
75
572
718
350
569
104
549
497
301
429
405
216
90
256
691
13
584
46
240
642
3
278
286
37
80
330
685
378
390
543
114
346
260
679
356
103
140
15
292
379
126
20
144
114
0
336
102
256
129
205
135
217
210
190
119
110
205
448
9
425
104
531
598
32
458
596
59
218
821
292
191
188
39
289
370
522
96
44
583
42
288
55
501
343
547
566
689
19
177
76
222
380
248
271
236
601
43
88
456
51
68
175
599
84
105
10
118
77
52
315
293
500
363
585
32
87
14
44
405
266
389
92
404
20
386
286
282
460
758
74
507
745
853
86
831
40
63
370
380
271
551
38
667
617
554
223
95
13
55
137
13
712
125
28
22
39
868
410
707
476
149
42
20
155
274
176
514
104
128
304
456
308
120
473
450
651
14
193
632
32
432
39
367
38
576
260
34
638
6
376
565
380
235
226
7
655
136
601
385
231
39
293
251
104
253
46
576
470
76
709
478
749
77
28
142
159
253
264
360
323
310
440
226
321
587
370
137
141
152
170
26
221
641
170
205
523
273
329
37
94
90
7
590
503
557
76
136
626
17
148
74
385
149
332
83
245
112
37
40
516
38
14
426
6
630
433
15
630
114
531
86
453
348
92
672
400
606
679
147
545
442
573
412
140
389
244
181
545
435
77
551
258
298
207
693
63
190
103
19
405
234
153
401
575
668
407
472
471
348
608
209
220
422
416
243
426
668
790
579
789
13
28
623
18
549
252
89
361
609
143
547
263
293
42
171
172
499
51
168
225
8
122
108
99
244
597
606
353
43
178
164
45
209
71
203
36
82
504
400
430
10
75
136
358
337
716
268
303
92
250
51
102
29
273
629
18
326
106
220
129
194
482
812
37
65
22
349
452
608
262
48
116
183
255
67
457
277
414
98
335
283
561
72
39
30
65
590
8
485
84
307
245
188
252
81
376
86
648
564
673
325
16
58
232
418
184
37
37
561
256
29
37
523
635
29
635
154
731
301
337
511
294
232
567
115
165
172
232
445
255
260
624
824
243
376
19
79
605
290
236
15
319
197
279
243
156
734
373
195
90
159
309
381
778
304
106
196
467
191
196
203
260
145
8
74
419
307
322
516
27
328
6
405
873
259
611
105
15
166
340
136
100
527
100
543
59
340
637
314
235
59
175
133
702
321
217
805
216
379
2
464
122
412
539
416
892
375
192
115
258
397
322
212
905
232
31
208
183
171
366
634
748
810
641
682
216
634
24
171
480
50
340
115
278
21
798
432
160
112
387
115
673
605
229
292
20
310
113
406
193
673
690
640
289
133
251
13
285
356
101
397
227
253
99
427
690
109
333
490
656
297
656
105
395
53
28
86
163
167
261
155
720
351
126
389
576
316
416
68
280
661
493
787
88
847
140
275
855
124
594
207
162
117
80
11
5
883
390
109
141
765
125
89
11
447
147
73
166
704
286
465
47
204
710
425
260
434
188
322
266
691
349
144
189
195
449
708
378
6
274
66
275
549
226
309
101
35
311
168
445
108
59
13
327
66
438
146
626
278
110
225
295
350
73
377
640
393
70
335
525
315
373
123
600
372
199
629
720
69
186
440
864
44
437
57
442
472
116
225
228
94
112
37
446
280
531
824
113
18
6
546
90
448
627
449
549
97
782
43
389
3
770
549
55
180
95
89
421
71
317
300
39
424
794
75
812
740
141
224
14
41
69
139
80
7
292
195
744
273
100
205
638
289
152
309
304
20
174
45
670
297
178
221
54
629
443
309
494
341
664
141
605
207
423
9
153
291
166
387
375
409
110
546
98
583
68
183
697
22
505
162
32
393
460
112
19
754
570
436
81
711
649
299
324
139
322
747
346
18
495
39
478
569
239
215
202
699
111
520
118
186
285
488
383
593
294
463
33
6
366
333
21
865
159
96
233
648
188
705
184
279
180
57
593
211
591
172
856
17
173
36
577
31
14
404
838
576
256
493
550
218
214
53
251
445
680
342
477
224
857
900
109
721
82
235
368
7
126
272
187
86
182
55
67
198
238
373
12
80
129
678
29
595
149
434
718
569
184
152
792
553
246
208
251
19
13
216
207
41
406
155
54
289
479
14
20
164
20
337
82
846
134
247
721
508
82
182
30
154
375
70
212
359
95
669
326
748
242
458
695
274
18
203
304
548
398
26
156
99
130
49
107
788
67
351
846
102
275
65
64
78
421
905
508
336
255
836
119
509
18
13
179
460
118
226
53
48
47
11
699
164
807
136
135
309
497
51
310
210
38
60
812
97
23
52
159
370
144
263
254
225
228
80
85
263
408
481
466
767
83
91
86
13
313
184
38
616
84
436
23
510
83
101
716
5
227
474
144
80
113
341
310
530
805
757
355
631
321
253
64
160
378
311
53
130
386
127
179
43
100
84
431
359
78
160
707
267
785
464
689
229
221
668
259
332
518
597
364
199
653
8
107
498
451
663
343
880
389
441
452
551
119
670
171
356
6
529
362
117
179
244
178
101
327
382
146
139
65
450
234
427
191
32
220
421
442
64
102
709
16
287
553
127
11
132
775
268
180
424
804
186
154
877
118
612
173
167
328
319
323
29
45
57
373
72
44
637
219
677
53
50
1
427
94
174
314
81
262
447
231
223
10
93
604
243
44
610
616
812
481
458
251
109
760
534
392
643
458
81
125
303
7
496
20
123
33
297
568
620
28
261
213
55
349
242
899
754
93
11
425
4
180
416
3
347
784
328
117
327
5
650
296
117
598
270
853
66
36
79
166
739
925
287
637
409
15
77
116
283
41
379
458
126
307
30
358
159
222
43
92
305
658
458
398
158
729
421
56
525
627
291
85
390
345
537
107
58
487
217
83
243
412
425
812
411
353
62
91
1
31
331
500
355
640
236
557
186
395
40
222
122
153
821
186
329
468
466
43
120
163
461
442
3
387
242
527
407
24
456
426
389
533
899
258
164
9
243
1
6
59
21
138
297
442
22
224
159
717
293
14
58
737
32
541
252
168
804
742
239
277
547
90
360
51
76
724
25
14
207
54
91
229
583
584
115
602
27
367
179
25
527
728
214
174
297
232
133
261
88
160
632
448
656
35
285
165
890
490
166
328
240
402
234
617
27
505
52
23
277
207
560
83
52
530
620
237
201
374
99
852
648
151
533
318
426
761
67
55
86
332
168
50
59
277
613
763
839
170
140
746
654
11
101
838
41
519
37
12
591
355
12
37
322
150
319
14
531
425
314
386
158
564
604
166
167
883
638
213
192
275
677
185
446
183
263
410
310
100
2
510
111
165
49
45
11
633
177
381
103
70
43
493
198
353
336
90
77
213
135
918
702
230
153
21
246
538
162
419
346
825
683
418
294
577
530
23
220
187
511
584
367
147
677
342
14
108
181
116
19
601
120
39
61
897
240
208
463
36
506
415
721
69
100
873
174
333
668
267
100
437
49
87
744
430
480
541
102
519
339
137
359
92
28
654
379
93
442
21
219
62
315
381
937
629
18
342
378
22
150
80
518
271
80
17
97
440
253
159
219
234
89
69
792
650
298
333
518
220
297
485
417
630
362
553
6
498
564
196
631
48
648
569
70
53
972
715
460
246
680
666
866
29
55
60
123
28
765
247
174
412
473
32
229
106
755
749
590
327
105
693
299
274
98
268
903
212
724
111
69
1
23
172
273
264
11
495
285
583
446
164
587
237
4
934
667
91
281
421
428
154
420
64
287
80
32
35
669
231
450
23
538
604
103
89
323
811
703
270
544
191
629
186
365
182
14
487
289
224
879
824
701
59
45
232
721
98
37
313
124
709
7
322
96
570
29
929
70
426
288
176
540
71
177
13
313
298
791
14
5
836
631
391
49
421
276
354
484
275
337
183
55
107
12
738
429
745
30
438
389
9
621
367
115
214
155
269
790
180
311
33
37
300
2
852
540
11
372
455
23
485
466
327
702
263
266
338
530
294
63
162
65
22
594
121
455
137
105
227
596
396
700
41
101
63
677
576
651
450
84
262
113
30
164
620
535
110
526
6
99
368
82
199
162
28
37
551
4
412
44
813
113
156
20
104
74
544
389
127
35
613
6
112
45
146
387
34
67
269
372
77
722
207
651
251
323
35
501
517
584
218
484
186
54
563
131
433
34
35
162
156
522
295
115
59
13
576
22
844
505
135
716
770
164
322
256
387
108
516
28
236
237
160
63
95
127
313
867
649
142
360
746
199
232
51
153
526
17
29
841
628
625
196
190
753
30
179
154
66
104
112
27
53
52
194
315
261
56
667
143
94
90
127
353
34
128
70
63
44
328
284
333
45
536
256
2
488
172
58
662
426
14
140
34
479
98
661
249
106
581
397
336
314
453
69
79
352
5
281
29
486
442
554
637
586
235
46
3
97
77
11
330
6
375
64
309
149
137
123
565
27
595
490
659
441
82
35
111
881
72
225
388
463
31
215
82
180
310
121
887
282
942
508
132
8
469
149
28
133
452
329
790
24
22
1
141
245
697
728
268
227
67
357
514
167
340
869
292
38
393
345
213
97
299
830
409
323
189
12
265
644
821
307
836
198
34
229
935
36
292
62
462
274
33
23
81
649
75
483
162
881
44
23
58
883
156
905
55
164
151
1
624
193
304
372
300
912
329
921
437
155
434
223
212
200
450
249
491
477
0
719
235
377
76
585
199
47
33
88
223
79
154
144
132
7
105
444
533
850
0
540
950
649
115
188
88
725
4
21
208
455
511
175
394
977
43
27
87
104
114
789
222
269
112
425
401
352
127
92
38
446
139
66
1
32
166
598
42
413
262
545
216
389
186
10
271
622
137
802
444
185
118
746
774
74
305
74
97
33
676
273
260
140
329
220
944
855
678
690
313
628
307
135
101
35
112
144
102
233
383
689
452
843
698
580
507
302
66
162
654
116
27
381
285
150
405
855
60
428
4
351
573
300
418
11
329
86
138
651
260
392
550
621
707
138
79
372
87
171
562
265
78
488
173
644
44
399
600
382
62
28
50
366
192
148
49
144
148
753
936
193
116
275
779
619
141
41
551
132
275
203
136
782
763
115
766
873
569
622
619
604
384
529
38
670
202
190
25
197
726
15
8
647
981
385
938
655
21
144
299
188
778
292
552
830
834
6
422
19
126
120
165
463
634
308
643
595
545
117
194
468
101
126
585
80
12
404
291
184
28
38
83
465
733
7
446
585
522
139
470
800
113
342
818
134
613
149
880
341
29
186
555
144
251
573
16
272
601
617
755
230
250
975
144
270
56
907
964
632
401
401
947
404
119
293
359
698
425
109
209
56
200
685
750
468
434
84
135
471
114
361
82
146
210
764
291
496
284
26
617
603
34
244
325
402
109
51
94
106
483
426
600
337
489
470
560
200
116
327
336
142
70
36
287
81
132
395
122
4
654
557
139
43
126
24
322
382
14
81
302
90
428
515
135
4
236
472
352
305
435
155
229
763
151
145
32
97
91
468
908
21
60
267
513
854
888
100
53
35
830
127
441
315
173
410
444
608
65
907
343
14
152
157
526
413
227
612
316
177
157
19
68
274
825
422
428
373
810
246
31
533
141
804
219
352
42
349
12
48
435
15
470
102
230
231
80
152
193
607
103
12
416
796
168
7
98
409
0
458
165
49
35
785
251
965
1
66
7
352
20
618
219
435
39
107
48
127
61
245
435
318
662
85
340
179
398
708
133
928
58
72
235
31
40
681
571
458
488
240
605
203
649
745
313
564
538
17
279
117
484
347
135
614
264
483
556
30
730
275
534
824
156
712
674
780
440
143
893
202
264
864
79
433
270
128
0
40
634
9
630
253
687
526
529
0
250
847
214
92
59
101
724
856
147
278
208
211
8
280
211
394
227
221
702
620
8
69
402
733
814
287
79
643
311
843
179
623
39
197
247
176
188
33
375
623
352
812
161
288
76
18
909
882
89
192
637
375
737
67
133
10
473
356
384
127
216
415
727
28
125
99
7
319
164
690
131
463
615
765
86
624
300
190
502
2
362
105
133
656
124
1
373
258
399
616
28
316
140
289
23
79
34
443
433
843
580
163
520
537
760
0
279
85
29
897
29
241
176
584
168
242
373
943
269
193
33
184
94
182
264
58
304
412
211
3
433
133
874
37
708
991
296
296
583
97
254
387
637
408
235
414
840
419
347
71
416
567
266
91
67
801
175
2
46
390
54
128
452
278
357
34
652
367
386
276
176
342
277
309
244
169
550
158
296
129
149
27
410
499
792
330
322
120
8
138
71
261
618
15
499
60
261
63
189
64
346
548
170
185
425
57
175
273
505
838
167
524
32
215
53
421
156
921
329
106
247
817
464
100
63
793
586
704
369
441
847
709
216
129
280
815
870
855
856
414
601
498
572
880
537
509
90
176
38
74
491
867
63
222
254
385
97
665
195
279
163
503
315
300
549
1005
280
313
706
313
189
258
377
764
347
689
503
182
221
91
364
193
465
966
49
7
325
540
8
327
34
247
235
44
781
362
322
243
652
725
161
674
318
619
192
78
59
615
188
436
27
26
6
338
634
279
596
953
280
31
36
332
717
455
197
181
210
67
971
142
526
374
108
586
41
530
164
579
527
44
211
756
500
85
528
178
357
13
48
577
196
246
93
51
607
171
134
702
278
42
0
88
254
844
42
162
806
284
412
644
973
433
486
667
295
788
447
902
517
999
565
495
254
463
369
87
769
247
302
45
260
521
603
299
167
112
71
195
786
365
379
29
61
174
81
453
771
271
539
610
165
243
196
17
101
352
129
401
4
954
376
305
311
94
292
112
47
172
125
253
143
23
411
230
812
87
64
368
226
15
687
607
285
102
548
32
335
286
1
12
101
251
843
261
819
138
235
432
108
95
422
664
896
202
62
229
655
691
178
152
319
428
30
666
268
309
507
941
700
169
41
170
334
620
941
67
228
927
40
17
202
323
1
817
866
254
962
467
391
318
232
430
297
44
1
71
423
723
400
64
602
363
206
336
687
179
52
158
695
156
212
891
263
187
232
357
614
79
222
705
492
870
440
191
436
140
494
358
529
402
726
94
789
70
109
348
602
572
294
229
61
499
125
523
556
173
342
292
438
671
942
144
702
164
151
164
761
771
478
148
53
728
324
941
12
164
227
926
25
593
37
56
352
309
228
421
847
835
227
222
546
194
772
214
357
370
274
267
701
333
504
873
40
83
730
231
132
229
530
978
517
124
575
63
721
14
620
214
301
94
271
334
131
466
597
119
32
236
603
409
529
445
365
575
92
600
64
27
135
716
140
61
270
12
177
27
37
83
212
345
40
663
836
997
845
663
464
541
143
51
151
196
332
839
65
417
159
838
58
760
113
140
970
221
741
41
184
519
65
353
313
517
245
530
678
391
572
507
77
139
764
584
124
154
129
78
148
96
397
197
996
864
129
390
692
240
67
84
303
633
84
32
13
187
100
41
490
35
788
41
2
703
753
292
89
182
521
300
346
989
222
180
191
141
67
136
674
188
234
5
376
36
430
257
380
226
488
166
521
28
286
146
351
180
463
91
428
509
22
33
308
175
73
841
79
529
91
642
209
266
836
87
82
218
42
319
241
392
173
97
862
226
331
215
435
355
14
60
116
11
795
4
21
65
779
405
447
411
921
300
495
56
949
108
375
44
276
444
338
383
27
786
70
914
651
416
977
655
942
149
75
242
299
189
414
159
310
698
42
485
113
328
1012
330
456
2
151
294
306
312
702
47
615
171
78
60
407
64
286
140
135
295
315
104
484
12
25
636
842
80
203
459
260
101
133
275
601
54
505
78
448
598
366
509
67
405
232
420
786
508
151
160
38
9
428
428
739
87
284
640
178
55
380
160
448
147
28
303
75
159
133
340
305
60
482
174
795
104
116
135
371
364
509
777
72
210
412
390
644
732
32
432
852
143
320
369
690
995
737
167
803
54
44
49
259
252
128
581
290
182
242
950
81
103
226
125
197
418
847
246
270
38
315
275
181
900
256
481
248
117
608
438
177
716
204
338
394
853
543
112
42
794
8
485
53
174
355
390
152
377
655
853
751
151
768
417
944
378
370
116
37
150
808
218
355
939
284
499
157
41
174
73
512
257
44
401
433
7
194
9
625
917
60
146
420
11
477
631
112
148
134
88
511
612
586
13
516
170
151
396
307
361
181
250
251
231
42
32
105
381
411
254
79
122
197
29
525
463
38
112
682
728
320
484
213
177
235
169
182
389
325
83
978
194
19
316
525
400
41
193
160
89
184
64
164
471
70
462
555
187
180
436
142
62
93
165
257
3
222
285
268
429
758
62
1023
305
66
133
111
68
767
967
502
924
381
303
572
374
364
293
85
173
138
13
176
236
301
88
195
173
49
46
22
328
146
923
83
204
540
1009
162
489
781
241
176
178
373
180
174
734
108
508
60
360
31
642
265
58
487
819
688
417
215
290
109
442
162
651
201
311
39
42
157
41
180
202
665
759
759
395
600
76
107
237
607
781
78
194
243
26
33
524
205
119
287
939
219
343
433
49
231
617
148
621
36
88
85
35
328
329
627
396
541
497
173
414
306
159
529
1
48
190
318
655
478
238
25
234
15
114
271
85
49
365
17
307
67
307
425
944
227
549
88
171
466
33
164
755
352
415
12
139
361
448
35
296
909
100
162
189
46
179
209
444
79
38
73
153
368
192
402
643
194
74
819
174
135
208
1066
19
370
344
105
257
601
131
185
653
88
76
125
488
156
7
413
152
596
334
76
771
297
261
130
32
617
107
945
343
212
223
7
307
76
128
644
529
3
868
57
173
127
408
443
564
48
454
92
30
128
107
1038
818
261
32
138
381
40
77
122
1003
326
320
110
206
778
197
580
623
789
784
464
661
588
261
286
16
205
58
39
126
42
396
345
284
32
417
226
64
263
269
391
501
462
132
471
370
10
1021
282
394
747
14
544
896
247
664
201
609
58
53
315
26
910
433
362
634
578
9
487
978
113
391
879
86
637
187
908
672
102
106
257
882
18
416
318
562
3
89
289
66
493
186
98
628
64
137
14
733
415
688
369
215
536
44
361
697
530
466
223
647
533
911
107
666
69
843
656
624
675
824
791
167
478
444
490
117
48
291
286
435
11
73
851
84
442
61
764
1008
601
697
144
585
612
14
212
67
14
545
165
447
126
412
260
129
331
226
327
156
203
1027
441
49
45
82
169
249
349
306
397
86
326
82
344
704
472
16
243
57
590
506
816
593
510
283
678
958
30
162
456
10
367
36
173
229
386
207
677
151
590
256
46
694
416
248
215
189
91
625
10
510
649
10
581
204
483
152
922
676
672
473
664
404
90
286
710
359
509
1047
160
568
805
81
205
362
768
987
456
54
18
278
104
663
385
840
326
944
145
596
37
89
817
50
163
43
752
46
4
158
640
558
569
77
542
859
197
912
99
68
95
44
274
77
568
430
840
25
461
300
130
135
472
851
91
321
304
86
312
128
131
238
73
604
219
254
579
342
49
70
126
542
614
15
895
212
467
91
333
21
102
515
101
413
709
692
172
54
160
504
101
560
114
1002
419
1026
528
211
293
599
388
544
664
152
88
432
442
68
21
667
200
746
77
250
324
292
65
1032
102
256
535
724
107
755
78
302
30
15
96
384
213
233
755
69
46
215
91
460
238
791
241
430
158
495
706
169
310
228
405
535
58
58
644
209
139
77
226
458
687
376
410
611
7
698
611
360
515
361
150
731
457
218
37
155
383
158
667
53
376
492
932
249
87
709
567
536
744
426
22
464
645
208
243
210
415
742
372
651
26
218
753
723
331
617
54
343
673
309
564
306
581
509
303
348
13
186
420
19
512
158
770
915
281
452
303
539
689
47
172
89
875
417
263
5
731
18
211
73
78
608
416
1034
26
548
153
20
140
586
876
158
25
487
114
324
116
155
818
2
247
449
134
169
892
647
10
131
354
740
130
226
943
300
8
465
690
770
586
824
997
93
605
139
163
265
181
768
74
309
608
88
431
7
480
15
620
477
32
532
39
332
855
222
85
23
855
547
628
356
582
236
183
106
497
414
269
609
208
163
184
94
22
173
541
93
5
742
17
757
741
338
556
745
7
41
123
95
669
595
266
599
845
427
21
776
370
174
107
55
767
238
104
241
295
331
74
529
420
472
108
47
11
818
54
36
9
799
222
664
99
163
109
953
477
1065
4
414
457
471
49
93
76
581
411
47
196
115
193
707
146
795
0
624
128
126
94
301
906
18
135
487
464
362
276
193
149
425
992
112
580
129
583
119
126
425
511
357
404
104
621
766
603
140
258
560
476
366
73
660
354
936
217
30
281
18
196
558
177
159
65
264
18
848
180
196
49
106
149
514
53
589
354
782
748
501
168
43
777
187
223
516
597
689
1006
327
441
371
382
480
40
168
227
483
226
345
596
34
700
581
301
148
129
232
12
65
169
29
204
803
235
141
323
347
684
401
136
84
190
721
1085
453
44
520
191
48
434
904
322
373
200
591
56
264
392
28
177
287
291
192
224
549
514
814
402
226
133
161
312
170
269
259
827
728
103
24
9
256
408
75
854
134
616
191
679
79
123
872
75
804
139
75
244
415
4
868
729
48
475
428
1030
104
44
259
423
373
240
200
86
561
143
23
550
881
642
271
355
473
359
236
119
149
266
72
338
398
35
148
508
947
287
186
12
848
451
805
235
778
607
34
17
143
116
281
281
204
11
278
954
235
893
227
50
524
256
26
211
111
632
377
59
244
131
777
204
3
771
304
25
28
322
156
965
643
771
382
585
1036
2
466
11
160
27
129
491
890
170
361
148
602
532
85
288
20
473
230
17
705
96
797
521
379
394
871
131
272
146
872
576
350
361
71
168
334
78
601
329
84
315
613
383
197
107
702
514
79
114
886
449
83
945
734
223
382
503
493
15
155
316
573
297
271
295
443
99
493
283
30
752
30
15
204
464
446
507
351
253
196
283
35
635
633
366
914
13
768
125
476
20
238
802
549
845
740
276
474
313
990
505
417
117
759
227
1030
40
90
485
638
709
763
349
333
717
986
293
530
51
759
643
347
797
328
313
714
66
57
360
134
522
834
169
115
271
90
4
155
105
117
352
2
134
244
875
239
372
579
393
989
648
799
442
220
312
155
98
645
319
696
15
913
443
108
234
611
403
905
309
715
59
160
253
675
4
195
40
499
20
697
114
59
23
24
669
197
26
550
344
321
542
38
529
988
196
203
84
374
80
91
483
508
563
372
277
242
97
60
107
256
15
67
1071
37
181
459
922
37
337
79
345
940
594
1056
203
86
938
1024
1005
376
285
155
861
91
535
136
243
135
17
302
52
216
318
25
468
411
251
838
120
188
67
58
99
1
557
33
658
59
3
331
409
514
369
37
406
514
389
903
733
186
99
644
5
763
663
561
371
584
759
61
344
399
222
619
182
730
1114
283
251
145
168
260
146
325
74
466
47
120
358
618
642
123
350
76
6
895
113
657
191
373
109
538
333
336
22
672
233
123
477
295
334
493
176
325
24
259
65
306
47
186
21
613
427
318
882
30
317
103
164
500
126
416
277
235
192
786
78
111
61
470
102
141
61
719
527
771
497
42
88
110
270
619
932
959
78
0
29
13
225
419
434
81
911
242
847
29
293
488
578
444
257
22
20
114
406
494
959
39
208
212
318
145
386
627
141
455
214
343
50
203
522
191
115
1113
186
51
467
705
509
706
499
1016
265
371
507
167
370
248
245
285
262
335
79
801
322
120
65
1059
174
377
425
384
326
832
40
107
1035
717
236
182
101
40
170
906
30
763
15
353
454
714
790
160
10
255
181
428
185
249
1055
185
679
792
902
382
295
176
31
423
765
435
937
26
66
124
10
909
347
294
17
124
21
898
850
171
34
525
458
26
38
438
169
320
7
549
53
1032
205
15
693
235
879
267
153
60
8
353
82
214
704
723
257
334
138
405
76
94
86
16
265
271
16
313
765
257
770
777
23
835
681
172
13
39
293
20
230
724
115
371
142
174
701
433
97
573
764
196
45
296
367
156
441
670
691
53
258
504
539
674
540
388
621
540
217
440
522
594
170
493
9
109
683
39
851
624
823
213
1110
263
365
243
223
381
40
862
36
270
210
98
177
321
96
172
562
228
31
40
131
1001
333
393
52
224
1098
713
227
91
44
786
289
401
613
672
461
553
12
65
582
124
492
808
197
466
109
348
61
445
480
420
122
510
1057
624
515
171
27
102
378
230
41
1032
280
276
335
222
492
777
806
310
786
901
627
423
167
751
380
803
565
705
282
582
172
649
918
32
310
631
252
110
1139
863
26
376
233
23
1036
69
233
623
32
125
127
196
507
1096
286
923
71
80
465
46
230
488
97
397
20
291
1028
163
124
59
164
415
628
343
173
465
55
469
596
117
72
970
772
834
502
374
975
532
216
109
347
617
264
617
193
25
839
90
94
939
190
789
496
774
7
45
1
279
664
217
176
303
830
142
342
58
4
695
371
90
1009
388
804
968
284
1158
690
153
690
167
14
1047
781
327
12
103
359
150
688
299
626
657
276
728
47
744
186
90
509
973
68
205
20
529
385
451
247
386
212
388
91
15
995
916
660
44
608
257
175
365
948
1015
199
816
268
547
289
885
461
1142
94
152
146
784
36
0
116
701
899
79
203
801
270
606
6
42
578
91
358
479
303
219
39
382
159
109
330
552
368
931
231
302
632
759
74
304
353
16
41
565
919
210
89
103
159
27
626
17
465
221
264
328
449
235
655
545
168
532
388
103
195
543
663
791
715
139
16
66
209
897
179
354
371
170
55
523
606
16
1082
46
1
339
794
604
319
418
243
241
964
877
785
132
364
289
142
861
595
384
918
119
235
417
51
247
191
978
59
6
736
645
218
477
92
452
286
325
164
9
482
933
198
41
524
734
927
102
177
727
811
96
464
599
385
222
91
367
292
177
644
120
585
33
186
375
131
187
50
918
426
171
71
314
152
193
78
249
52
46
116
361
101
211
1015
283
973
70
324
252
529
134
30
32
99
547
919
393
62
993
735
139
35
383
353
442
191
152
687
85
866
583
893
744
751
31
12
1132
161
117
390
464
159
598
507
947
85
56
558
340
361
48
723
335
152
521
349
275
20
495
15
771
176
528
318
89
458
17
375
21
133
257
439
321
179
12
13
379
292
101
516
37
551
202
20
426
592
212
80
407
267
1009
602
621
209
888
30
770
652
304
138
592
746
446
66
31
64
469
365
73
922
62
39
460
1058
479
393
93
209
325
490
623
449
45
269
59
53
972
381
779
52
1104
256
185
62
98
943
219
293
560
49
425
480
797
328
2
564
1093
1104
214
422
40
296
245
8
165
425
234
969
407
472
423
11
296
172
437
291
1093
48
571
958
215
101
868
833
289
147
139
35
488
903
112
477
381
1134
311
122
395
303
933
290
463
275
161
96
178
46
428
560
172
459
1078
627
543
224
495
801
416
493
397
846
118
115
1058
798
24
844
22
211
249
137
77
220
28
241
652
131
450
392
397
802
154
654
24
1063
15
19
575
577
542
612
885
355
220
517
716
841
139
217
106
238
500
725
977
112
840
27
257
360
842
899
186
135
442
143
64
50
97
610
415
382
43
85
840
394
330
781
25
733
108
909
1148
226
809
270
523
89
10
246
64
288
429
63
603
33
348
210
130
78
1000
6
1105
241
262
16
487
433
390
106
560
237
120
1039
129
557
260
375
48
733
620
547
539
168
426
256
927
26
125
405
195
338
507
360
595
668
49
36
69
253
857
1081
455
720
36
249
748
113
49
527
30
31
658
552
13
750
27
340
83
869
232
580
327
850
609
120
59
357
10
2
70
177
273
197
533
59
566
796
7
375
637
263
36
96
1068
131
483
693
123
98
199
83
321
483
459
508
705
449
502
48
84
85
472
225
341
161
60
575
144
265
412
186
152
685
982
144
193
104
1047
730
330
900
94
49
428
112
136
508
777
113
462
756
364
40
341
446
21
258
599
115
262
240
428
223
331
613
348
698
1158
439
157
1
467
126
742
375
54
775
305
202
796
154
38
1070
876
797
445
575
384
57
507
558
569
25
475
420
707
759
790
137
720
266
15
709
610
640
454
218
292
69
19
495
709
114
33
429
436
849
580
312
611
958
153
408
223
342
43
360
45
522
839
156
578
395
231
431
655
165
182
419
842
97
596
174
649
581
467
602
950
231
374
231
593
253
1061
419
247
862
605
466
1150
697
272
1038
955
945
502
534
350
73
302
780
90
14
16
354
117
147
14
455
591
795
1055
547
170
186
258
419
155
72
52
989
64
66
1159
6
84
441
870
134
46
997
325
8
738
388
606
398
97
13
444
856
12
228
82
6
531
1102
706
476
1022
798
196
426
1080
86
286
304
317
16
92
15
906
120
66
231
1127
552
287
227
1132
8
542
7
484
332
1
69
541
74
38
976
945
432
786
36
77
4
700
706
71
645
457
18
20
261
772
294
607
6
565
631
63
116
481
284
286
421
111
1180
301
32
286
30
93
238
133
474
184
252
89
363
36
644
117
159
513
41
509
131
27
40
35
800
480
50
145
119
1052
227
28
687
201
271
339
241
225
211
51
124
655
571
480
1101
7
72
798
287
301
392
232
90
626
10
612
531
2
57
634
1162
83
1084
576
167
162
904
15
6
34
369
1104
3
190
168
279
450
809
504
177
211
231
606
28
84
36
237
935
66
926
215
102
21
138
327
16
521
567
451
46
664
888
368
209
484
779
755
184
354
265
294
518
799
298
351
159
258
606
431
190
151
163
250
548
847
242
366
1112
608
70
143
207
69
334
228
692
4
1169
126
796
88
51
28
879
175
113
3
136
1147
238
554
78
681
361
120
131
576
135
44
644
379
121
27
832
982
112
83
582
396
496
47
62
525
219
241
1052
410
691
33
847
77
520
47
972
49
5
538
22
33
589
333
634
432
592
36
63
95
113
507
360
875
1068
5
153
230
1096
139
1000
602
602
575
476
550
85
368
826
229
231
213
503
77
132
28
366
321
548
1158
395
140
88
496
964
879
223
59
245
313
376
473
35
516
16
50
27
155
1109
18
297
320
703
2
8
339
256
362
638
669
83
18
165
51
813
194
317
39
246
228
387
277
840
337
51
649
462
584
12
620
354
803
998
123
170
938
1027
849
284
22
444
127
1004
95
937
46
603
756
1049
883
393
7
105
288
651
776
306
293
459
164
111
748
120
67
1017
95
240
367
214
954
789
26
250
538
81
373
83
206
469
45
285
212
205
1095
148
304
143
147
297
790
181
398
1067
180
236
240
572
3
28
615
59
599
307
505
81
99
92
370
485
388
46
24
1047
259
933
266
856
899
256
82
950
506
465
387
364
643
151
258
1209
545
19
1028
605
599
387
92
493
70
140
648
470
37
57
60
559
503
58
201
454
155
759
168
21
847
174
170
15
236
338
307
378
857
128
73
935
172
640
439
1066
87
254
16
37
1
85
1040
42
401
736
863
444
430
96
278
122
545
273
879
137
55
929
339
555
215
480
181
383
343
65
515
321
228
469
28
175
524
549
416
479
1200
469
96
64
106
469
441
184
89
724
53
71
246
813
1056
419
234
1082
5
950
460
442
40
255
48
1089
962
739
16
337
91
405
971
106
130
634
502
1235
504
99
92
831
1104
142
588
800
265
639
50
98
398
645
111
1151
500
341
92
58
1086
729
699
446
375
246
944
64
460
122
611
640
920
280
68
69
150
30
739
680
70
729
729
537
313
415
104
107
805
851
518
853
70
29
36
97
102
396
447
29
257
206
657
236
1156
357
743
62
426
372
666
728
980
584
159
890
557
240
289
299
1028
927
403
626
749
586
73
768
547
240
262
785
318
28
52
693
