5694024
9727720
-1
409156204
588892529
1009297146
63530614
180878122
7516737
14820208
214265766
316507537
108676047
553526470
60881253
94771102
2667223
317122318
1129026518
173139790
84338938
892464771
66911273
26626201
55743938
312666345
231604372
225379
110367991
-1
24135453
165395321
14580620
88913351
93836444
437022
241065587
926194250
-1
-1
10947848
87290068
176436539
68653228
2921141
43048184
269125011
320032861
537425234
9729441
-1
2503183
69315901
37403197
-1
470880493
46966623
131902518
56015385
4945387
207170087
15546360
39507080
561363
26319321
314885701
142309728
200317900
9247928
5855493
125374160
316545566
-1
-1
175794841
157101844
7858439
44895861
4681765
36949184
106989402
-1
54051132
181323218
-1
17549478
1005548182
13404937
65842683
-1
6838823
60447
23034750
118638495
326021784
109921279
90237491
-1
184136
2997441
